ARM GAS  C:\Users\Lory\AppData\Local\Temp\ccJ9Doy4.s 			page 1


   1              		.syntax unified
   2              		.cpu cortex-m3
   3              		.fpu softvfp
   4              		.eabi_attribute 20, 1
   5              		.eabi_attribute 21, 1
   6              		.eabi_attribute 23, 3
   7              		.eabi_attribute 24, 1
   8              		.eabi_attribute 25, 1
   9              		.eabi_attribute 26, 1
  10              		.eabi_attribute 30, 1
  11              		.eabi_attribute 34, 1
  12              		.eabi_attribute 18, 4
  13              		.thumb
  14              		.syntax unified
  15              		.file	"main.c"
  16              		.text
  17              	.Ltext0:
  18              		.cfi_sections	.debug_frame
  19              		.section	.text.main,"ax",%progbits
  20              		.align	2
  21              		.global	main
  22              		.thumb
  23              		.thumb_func
  24              		.type	main, %function
  25              	main:
  26              	.LFB64:
  27              		.file 1 "main.c"
   1:main.c        **** /**
   2:main.c        **** * \brief Main source file for the I2C-Master project.
   3:main.c        **** *
   4:main.c        **** * In this project we set up a I2C master device with
   5:main.c        **** * to understand the I2C protocol and communicate with a
   6:main.c        **** * a I2C Slave device (LIS3DH Accelerometer).
   7:main.c        **** *
   8:main.c        **** * \author Gabriele Belotti
   9:main.c        **** * \date , 2020
  10:main.c        **** */
  11:main.c        **** 
  12:main.c        **** // Include required header files
  13:main.c        **** #include "I2C_Interface.h"
  14:main.c        **** #include "project.h"
  15:main.c        **** #include "stdio.h"
  16:main.c        **** 
  17:main.c        **** /**
  18:main.c        **** *   \brief 7-bit I2C address of the slave device.
  19:main.c        **** */
  20:main.c        **** #define LIS3DH_DEVICE_ADDRESS 0x18
  21:main.c        **** 
  22:main.c        **** /**
  23:main.c        **** *   \brief Address of the WHO AM I register
  24:main.c        **** */
  25:main.c        **** #define LIS3DH_WHO_AM_I_REG_ADDR 0x0F
  26:main.c        **** 
  27:main.c        **** /**
  28:main.c        **** *   \brief Address of the Status register
  29:main.c        **** */
  30:main.c        **** #define LIS3DH_STATUS_REG 0x27
ARM GAS  C:\Users\Lory\AppData\Local\Temp\ccJ9Doy4.s 			page 2


  31:main.c        **** 
  32:main.c        **** /**
  33:main.c        **** *   \brief Address of the Control register 1
  34:main.c        **** */
  35:main.c        **** #define LIS3DH_CTRL_REG1 0x20
  36:main.c        **** 
  37:main.c        **** /**
  38:main.c        **** *   \brief Hex value to set normal mode to the accelerator
  39:main.c        **** */
  40:main.c        **** #define LIS3DH_NORMAL_MODE_CTRL_REG1 0x47
  41:main.c        **** 
  42:main.c        **** /**
  43:main.c        **** *   \brief  Address of the Temperature Sensor Configuration register
  44:main.c        **** */
  45:main.c        **** #define LIS3DH_TEMP_CFG_REG 0x1F
  46:main.c        **** 
  47:main.c        **** #define LIS3DH_TEMP_CFG_REG_ACTIVE 0xC0
  48:main.c        **** 
  49:main.c        **** /**
  50:main.c        **** *   \brief Address of the Control register 4
  51:main.c        **** */
  52:main.c        **** #define LIS3DH_CTRL_REG4 0x23
  53:main.c        **** 
  54:main.c        **** #define LIS3DH_CTRL_REG4_BDU_ACTIVE 0x80
  55:main.c        **** 
  56:main.c        **** /**
  57:main.c        **** *   \brief Address of the ADC output LSB register
  58:main.c        **** */
  59:main.c        **** #define LIS3DH_OUT_ADC_3L 0x0C
  60:main.c        **** 
  61:main.c        **** /**
  62:main.c        **** *   \brief Address of the ADC output MSB register
  63:main.c        **** */
  64:main.c        **** #define LIS3DH_OUT_ADC_3H 0x0D
  65:main.c        **** 
  66:main.c        **** /**
  67:main.c        ****  *  \brief Number of ADC registers to store conversions
  68:main.c        **** */
  69:main.c        **** #define LIS3DH_OUT_ADC_COUNT 0x02
  70:main.c        **** 
  71:main.c        **** int main(void)
  72:main.c        **** {
  28              		.loc 1 72 0
  29              		.cfi_startproc
  30              		@ args = 0, pretend = 0, frame = 72
  31              		@ frame_needed = 0, uses_anonymous_args = 0
  32 0000 10B5     		push	{r4, lr}
  33              		.cfi_def_cfa_offset 8
  34              		.cfi_offset 4, -8
  35              		.cfi_offset 14, -4
  36 0002 92B0     		sub	sp, sp, #72
  37              		.cfi_def_cfa_offset 80
  73:main.c        ****     CyGlobalIntEnable; /* Enable globaùl interrupts. */
  38              		.loc 1 73 0
  39              		.syntax unified
  40              	@ 73 "main.c" 1
  41 0004 62B6     		CPSIE   i
ARM GAS  C:\Users\Lory\AppData\Local\Temp\ccJ9Doy4.s 			page 3


  42              	@ 0 "" 2
  74:main.c        **** 
  75:main.c        ****     /* Place your initialization/startup code here (e.g. MyInst_Start()) */
  76:main.c        ****     I2C_Peripheral_Start();
  43              		.loc 1 76 0
  44              		.thumb
  45              		.syntax unified
  46 0006 FFF7FEFF 		bl	I2C_Peripheral_Start
  47              	.LVL0:
  77:main.c        ****     UART_Debug_Start();
  48              		.loc 1 77 0
  49 000a FFF7FEFF 		bl	UART_Debug_Start
  50              	.LVL1:
  78:main.c        ****     
  79:main.c        ****     CyDelay(5); //"The boot procedure is complete about 5 milliseconds after device power-up."
  51              		.loc 1 79 0
  52 000e 0520     		movs	r0, #5
  53 0010 FFF7FEFF 		bl	CyDelay
  54              	.LVL2:
  55              	.LBB2:
  80:main.c        ****     
  81:main.c        ****     // String to print out messages on the UART
  82:main.c        ****     char message[50];
  83:main.c        **** 
  84:main.c        ****     // Check which devices are present on the I2C bus
  85:main.c        ****     for (int i = 0 ; i < 128; i++)
  56              		.loc 1 85 0
  57 0014 0024     		movs	r4, #0
  58 0016 0CE0     		b	.L2
  59              	.LVL3:
  60              	.L4:
  86:main.c        ****     {
  87:main.c        ****         if (I2C_Peripheral_IsDeviceConnected(i))
  61              		.loc 1 87 0
  62 0018 E0B2     		uxtb	r0, r4
  63 001a FFF7FEFF 		bl	I2C_Peripheral_IsDeviceConnected
  64              	.LVL4:
  65 001e 38B1     		cbz	r0, .L3
  88:main.c        ****         {
  89:main.c        ****             // print out the address is hex format
  90:main.c        ****             sprintf(message, "Device 0x%02X is connected\r\n", i);
  66              		.loc 1 90 0
  67 0020 2246     		mov	r2, r4
  68 0022 7B49     		ldr	r1, .L26
  69 0024 05A8     		add	r0, sp, #20
  70 0026 FFF7FEFF 		bl	sprintf
  71              	.LVL5:
  91:main.c        ****             UART_Debug_PutString(message); 
  72              		.loc 1 91 0
  73 002a 05A8     		add	r0, sp, #20
  74 002c FFF7FEFF 		bl	UART_Debug_PutString
  75              	.LVL6:
  76              	.L3:
  85:main.c        ****     {
  77              		.loc 1 85 0 discriminator 2
  78 0030 0134     		adds	r4, r4, #1
  79              	.LVL7:
ARM GAS  C:\Users\Lory\AppData\Local\Temp\ccJ9Doy4.s 			page 4


  80              	.L2:
  85:main.c        ****     {
  81              		.loc 1 85 0 is_stmt 0 discriminator 1
  82 0032 7F2C     		cmp	r4, #127
  83 0034 F0DD     		ble	.L4
  84              	.LBE2:
  92:main.c        ****         }
  93:main.c        ****         
  94:main.c        ****     }
  95:main.c        ****     
  96:main.c        ****     /******************************************/
  97:main.c        ****     /*            I2C Reading                 */
  98:main.c        ****     /******************************************/
  99:main.c        ****     
 100:main.c        ****     /* Read WHO AM I REGISTER register */
 101:main.c        ****     uint8_t who_am_i_reg;
 102:main.c        ****     ErrorCode error = I2C_Peripheral_ReadRegister(LIS3DH_DEVICE_ADDRESS,
  85              		.loc 1 102 0 is_stmt 1
  86 0036 0DF11302 		add	r2, sp, #19
  87 003a 0F21     		movs	r1, #15
  88 003c 1820     		movs	r0, #24
  89 003e FFF7FEFF 		bl	I2C_Peripheral_ReadRegister
  90              	.LVL8:
 103:main.c        ****                                                   LIS3DH_WHO_AM_I_REG_ADDR, 
 104:main.c        ****                                                   &who_am_i_reg);
 105:main.c        ****     if (error == NO_ERROR)
  91              		.loc 1 105 0
  92 0042 48B9     		cbnz	r0, .L5
 106:main.c        ****     {
 107:main.c        ****         sprintf(message, "WHO AM I REG: 0x%02X [Expected: 0x33]\r\n", who_am_i_reg);
  93              		.loc 1 107 0
  94 0044 9DF81320 		ldrb	r2, [sp, #19]	@ zero_extendqisi2
  95 0048 7249     		ldr	r1, .L26+4
  96 004a 05A8     		add	r0, sp, #20
  97              	.LVL9:
  98 004c FFF7FEFF 		bl	sprintf
  99              	.LVL10:
 108:main.c        ****         UART_Debug_PutString(message); 
 100              		.loc 1 108 0
 101 0050 05A8     		add	r0, sp, #20
 102 0052 FFF7FEFF 		bl	UART_Debug_PutString
 103              	.LVL11:
 104 0056 02E0     		b	.L6
 105              	.LVL12:
 106              	.L5:
 109:main.c        ****     }
 110:main.c        ****     else
 111:main.c        ****     {
 112:main.c        ****         UART_Debug_PutString("Error occurred during I2C comm\r\n");   
 107              		.loc 1 112 0
 108 0058 6F48     		ldr	r0, .L26+8
 109              	.LVL13:
 110 005a FFF7FEFF 		bl	UART_Debug_PutString
 111              	.LVL14:
 112              	.L6:
 113:main.c        ****     }
 114:main.c        ****     
ARM GAS  C:\Users\Lory\AppData\Local\Temp\ccJ9Doy4.s 			page 5


 115:main.c        ****     /*      I2C Reading Status Register       */
 116:main.c        ****     
 117:main.c        ****     uint8_t status_register; 
 118:main.c        ****     error = I2C_Peripheral_ReadRegister(LIS3DH_DEVICE_ADDRESS,
 113              		.loc 1 118 0
 114 005e 0DF11202 		add	r2, sp, #18
 115 0062 2721     		movs	r1, #39
 116 0064 1820     		movs	r0, #24
 117 0066 FFF7FEFF 		bl	I2C_Peripheral_ReadRegister
 118              	.LVL15:
 119:main.c        ****                                         LIS3DH_STATUS_REG,
 120:main.c        ****                                         &status_register);
 121:main.c        ****     
 122:main.c        ****     if (error == NO_ERROR)
 119              		.loc 1 122 0
 120 006a 48B9     		cbnz	r0, .L7
 123:main.c        ****     {
 124:main.c        ****         sprintf(message, "STATUS REGISTER: 0x%02X\r\n", status_register);
 121              		.loc 1 124 0
 122 006c 9DF81220 		ldrb	r2, [sp, #18]	@ zero_extendqisi2
 123 0070 6A49     		ldr	r1, .L26+12
 124 0072 05A8     		add	r0, sp, #20
 125              	.LVL16:
 126 0074 FFF7FEFF 		bl	sprintf
 127              	.LVL17:
 125:main.c        ****         UART_Debug_PutString(message); 
 128              		.loc 1 125 0
 129 0078 05A8     		add	r0, sp, #20
 130 007a FFF7FEFF 		bl	UART_Debug_PutString
 131              	.LVL18:
 132 007e 02E0     		b	.L8
 133              	.LVL19:
 134              	.L7:
 126:main.c        ****     }
 127:main.c        ****     else
 128:main.c        ****     {
 129:main.c        ****         UART_Debug_PutString("Error occurred during I2C comm to read status register\r\n");   
 135              		.loc 1 129 0
 136 0080 6748     		ldr	r0, .L26+16
 137              	.LVL20:
 138 0082 FFF7FEFF 		bl	UART_Debug_PutString
 139              	.LVL21:
 140              	.L8:
 130:main.c        ****     }
 131:main.c        ****     
 132:main.c        ****     /******************************************/
 133:main.c        ****     /*        Read Control Register 1         */
 134:main.c        ****     /******************************************/
 135:main.c        ****     uint8_t ctrl_reg1; 
 136:main.c        ****     error = I2C_Peripheral_ReadRegister(LIS3DH_DEVICE_ADDRESS,
 141              		.loc 1 136 0
 142 0086 0DF11102 		add	r2, sp, #17
 143 008a 2021     		movs	r1, #32
 144 008c 1820     		movs	r0, #24
 145 008e FFF7FEFF 		bl	I2C_Peripheral_ReadRegister
 146              	.LVL22:
 137:main.c        ****                                         LIS3DH_CTRL_REG1,
ARM GAS  C:\Users\Lory\AppData\Local\Temp\ccJ9Doy4.s 			page 6


 138:main.c        ****                                         &ctrl_reg1);
 139:main.c        ****     
 140:main.c        ****     if (error == NO_ERROR)
 147              		.loc 1 140 0
 148 0092 48B9     		cbnz	r0, .L9
 141:main.c        ****     {
 142:main.c        ****         sprintf(message, "CONTROL REGISTER 1: 0x%02X\r\n", ctrl_reg1);
 149              		.loc 1 142 0
 150 0094 9DF81120 		ldrb	r2, [sp, #17]	@ zero_extendqisi2
 151 0098 6249     		ldr	r1, .L26+20
 152 009a 05A8     		add	r0, sp, #20
 153              	.LVL23:
 154 009c FFF7FEFF 		bl	sprintf
 155              	.LVL24:
 143:main.c        ****         UART_Debug_PutString(message); 
 156              		.loc 1 143 0
 157 00a0 05A8     		add	r0, sp, #20
 158 00a2 FFF7FEFF 		bl	UART_Debug_PutString
 159              	.LVL25:
 160 00a6 02E0     		b	.L10
 161              	.LVL26:
 162              	.L9:
 144:main.c        ****     }
 145:main.c        ****     else
 146:main.c        ****     {
 147:main.c        ****         UART_Debug_PutString("Error occurred during I2C comm to read control register 1\r\n");   
 163              		.loc 1 147 0
 164 00a8 5F48     		ldr	r0, .L26+24
 165              	.LVL27:
 166 00aa FFF7FEFF 		bl	UART_Debug_PutString
 167              	.LVL28:
 168              	.L10:
 148:main.c        ****     }
 149:main.c        ****     
 150:main.c        ****     /******************************************/
 151:main.c        ****     /*            I2C Writing                 */
 152:main.c        ****     /******************************************/
 153:main.c        ****     
 154:main.c        ****         
 155:main.c        ****     UART_Debug_PutString("\r\nWriting new values..\r\n");
 169              		.loc 1 155 0
 170 00ae 5F48     		ldr	r0, .L26+28
 171 00b0 FFF7FEFF 		bl	UART_Debug_PutString
 172              	.LVL29:
 156:main.c        ****     
 157:main.c        ****     if (ctrl_reg1 != LIS3DH_NORMAL_MODE_CTRL_REG1)
 173              		.loc 1 157 0
 174 00b4 9DF81130 		ldrb	r3, [sp, #17]	@ zero_extendqisi2
 175 00b8 472B     		cmp	r3, #71
 176 00ba 14D0     		beq	.L11
 158:main.c        ****     {
 159:main.c        ****         ctrl_reg1 = LIS3DH_NORMAL_MODE_CTRL_REG1;
 177              		.loc 1 159 0
 178 00bc 4722     		movs	r2, #71
 179 00be 8DF81120 		strb	r2, [sp, #17]
 160:main.c        ****     
 161:main.c        ****         error = I2C_Peripheral_WriteRegister(LIS3DH_DEVICE_ADDRESS,
ARM GAS  C:\Users\Lory\AppData\Local\Temp\ccJ9Doy4.s 			page 7


 180              		.loc 1 161 0
 181 00c2 2021     		movs	r1, #32
 182 00c4 1820     		movs	r0, #24
 183 00c6 FFF7FEFF 		bl	I2C_Peripheral_WriteRegister
 184              	.LVL30:
 162:main.c        ****                                              LIS3DH_CTRL_REG1,
 163:main.c        ****                                              ctrl_reg1);
 164:main.c        ****     
 165:main.c        ****         if (error == NO_ERROR)
 185              		.loc 1 165 0
 186 00ca 48B9     		cbnz	r0, .L12
 166:main.c        ****         {
 167:main.c        ****             sprintf(message, "CONTROL REGISTER 1 successfully written as: 0x%02X\r\n", ctrl_reg1);
 187              		.loc 1 167 0
 188 00cc 9DF81120 		ldrb	r2, [sp, #17]	@ zero_extendqisi2
 189 00d0 5749     		ldr	r1, .L26+32
 190 00d2 05A8     		add	r0, sp, #20
 191              	.LVL31:
 192 00d4 FFF7FEFF 		bl	sprintf
 193              	.LVL32:
 168:main.c        ****             UART_Debug_PutString(message); 
 194              		.loc 1 168 0
 195 00d8 05A8     		add	r0, sp, #20
 196 00da FFF7FEFF 		bl	UART_Debug_PutString
 197              	.LVL33:
 198 00de 02E0     		b	.L11
 199              	.LVL34:
 200              	.L12:
 169:main.c        ****         }
 170:main.c        ****         else
 171:main.c        ****         {
 172:main.c        ****             UART_Debug_PutString("Error occurred during I2C comm to set control register 1\r\n");  
 201              		.loc 1 172 0
 202 00e0 5448     		ldr	r0, .L26+36
 203              	.LVL35:
 204 00e2 FFF7FEFF 		bl	UART_Debug_PutString
 205              	.LVL36:
 206              	.L11:
 173:main.c        ****         }
 174:main.c        ****     }
 175:main.c        ****     
 176:main.c        ****     /******************************************/
 177:main.c        ****     /*     Read Control Register 1 again      */
 178:main.c        ****     /******************************************/
 179:main.c        **** 
 180:main.c        ****     error = I2C_Peripheral_ReadRegister(LIS3DH_DEVICE_ADDRESS,
 207              		.loc 1 180 0
 208 00e6 0DF11102 		add	r2, sp, #17
 209 00ea 2021     		movs	r1, #32
 210 00ec 1820     		movs	r0, #24
 211 00ee FFF7FEFF 		bl	I2C_Peripheral_ReadRegister
 212              	.LVL37:
 181:main.c        ****                                         LIS3DH_CTRL_REG1,
 182:main.c        ****                                         &ctrl_reg1);
 183:main.c        ****     
 184:main.c        ****     if (error == NO_ERROR)
 213              		.loc 1 184 0
ARM GAS  C:\Users\Lory\AppData\Local\Temp\ccJ9Doy4.s 			page 8


 214 00f2 48B9     		cbnz	r0, .L13
 185:main.c        ****     {
 186:main.c        ****         sprintf(message, "CONTROL REGISTER 1 after overwrite operation: 0x%02X\r\n", ctrl_reg1);
 215              		.loc 1 186 0
 216 00f4 9DF81120 		ldrb	r2, [sp, #17]	@ zero_extendqisi2
 217 00f8 4F49     		ldr	r1, .L26+40
 218 00fa 05A8     		add	r0, sp, #20
 219              	.LVL38:
 220 00fc FFF7FEFF 		bl	sprintf
 221              	.LVL39:
 187:main.c        ****         UART_Debug_PutString(message); 
 222              		.loc 1 187 0
 223 0100 05A8     		add	r0, sp, #20
 224 0102 FFF7FEFF 		bl	UART_Debug_PutString
 225              	.LVL40:
 226 0106 02E0     		b	.L14
 227              	.LVL41:
 228              	.L13:
 188:main.c        ****     }
 189:main.c        ****     else
 190:main.c        ****     {
 191:main.c        ****         UART_Debug_PutString("Error occurred during I2C comm to read control register 1\r\n");   
 229              		.loc 1 191 0
 230 0108 4748     		ldr	r0, .L26+24
 231              	.LVL42:
 232 010a FFF7FEFF 		bl	UART_Debug_PutString
 233              	.LVL43:
 234              	.L14:
 192:main.c        ****     }
 193:main.c        ****     
 194:main.c        ****      /******************************************/
 195:main.c        ****      /* I2C Reading Temperature sensor CFG reg */
 196:main.c        ****      /******************************************/
 197:main.c        **** 
 198:main.c        ****     uint8_t tmp_cfg_reg;
 199:main.c        **** 
 200:main.c        ****     error = I2C_Peripheral_ReadRegister(LIS3DH_DEVICE_ADDRESS,
 235              		.loc 1 200 0
 236 010e 04AA     		add	r2, sp, #16
 237 0110 1F21     		movs	r1, #31
 238 0112 1820     		movs	r0, #24
 239 0114 FFF7FEFF 		bl	I2C_Peripheral_ReadRegister
 240              	.LVL44:
 201:main.c        ****                                         LIS3DH_TEMP_CFG_REG,
 202:main.c        ****                                         &tmp_cfg_reg);
 203:main.c        ****     
 204:main.c        ****     if (error == NO_ERROR)
 241              		.loc 1 204 0
 242 0118 48B9     		cbnz	r0, .L15
 205:main.c        ****     {
 206:main.c        ****         sprintf(message, "TEMPERATURE CONFIG REGISTER: 0x%02X\r\n", tmp_cfg_reg);
 243              		.loc 1 206 0
 244 011a 9DF81020 		ldrb	r2, [sp, #16]	@ zero_extendqisi2
 245 011e 4749     		ldr	r1, .L26+44
 246 0120 05A8     		add	r0, sp, #20
 247              	.LVL45:
 248 0122 FFF7FEFF 		bl	sprintf
ARM GAS  C:\Users\Lory\AppData\Local\Temp\ccJ9Doy4.s 			page 9


 249              	.LVL46:
 207:main.c        ****         UART_Debug_PutString(message); 
 250              		.loc 1 207 0
 251 0126 05A8     		add	r0, sp, #20
 252 0128 FFF7FEFF 		bl	UART_Debug_PutString
 253              	.LVL47:
 254 012c 02E0     		b	.L16
 255              	.LVL48:
 256              	.L15:
 208:main.c        ****     }
 209:main.c        ****     else
 210:main.c        ****     {
 211:main.c        ****         UART_Debug_PutString("Error occurred during I2C comm to read temperature config register\r\
 257              		.loc 1 211 0
 258 012e 4448     		ldr	r0, .L26+48
 259              	.LVL49:
 260 0130 FFF7FEFF 		bl	UART_Debug_PutString
 261              	.LVL50:
 262              	.L16:
 212:main.c        ****     }
 213:main.c        ****     
 214:main.c        ****     
 215:main.c        ****     tmp_cfg_reg = LIS3DH_TEMP_CFG_REG_ACTIVE; // must be changed to the appropriate value
 263              		.loc 1 215 0
 264 0134 C022     		movs	r2, #192
 265 0136 12AC     		add	r4, sp, #72
 266              	.LVL51:
 267 0138 04F8382D 		strb	r2, [r4, #-56]!
 216:main.c        ****     
 217:main.c        ****     error = I2C_Peripheral_WriteRegister(LIS3DH_DEVICE_ADDRESS,
 268              		.loc 1 217 0
 269 013c 1F21     		movs	r1, #31
 270 013e 1820     		movs	r0, #24
 271 0140 FFF7FEFF 		bl	I2C_Peripheral_WriteRegister
 272              	.LVL52:
 218:main.c        ****                                          LIS3DH_TEMP_CFG_REG,
 219:main.c        ****                                          tmp_cfg_reg);
 220:main.c        ****     
 221:main.c        ****     error = I2C_Peripheral_ReadRegister(LIS3DH_DEVICE_ADDRESS,
 273              		.loc 1 221 0
 274 0144 2246     		mov	r2, r4
 275 0146 1F21     		movs	r1, #31
 276 0148 1820     		movs	r0, #24
 277 014a FFF7FEFF 		bl	I2C_Peripheral_ReadRegister
 278              	.LVL53:
 222:main.c        ****                                         LIS3DH_TEMP_CFG_REG,
 223:main.c        ****                                         &tmp_cfg_reg);
 224:main.c        ****     
 225:main.c        ****     
 226:main.c        ****     if (error == NO_ERROR)
 279              		.loc 1 226 0
 280 014e 48B9     		cbnz	r0, .L17
 227:main.c        ****     {
 228:main.c        ****         sprintf(message, "TEMPERATURE CONFIG REGISTER after being updated: 0x%02X\r\n", tmp_cfg_reg
 281              		.loc 1 228 0
 282 0150 9DF81020 		ldrb	r2, [sp, #16]	@ zero_extendqisi2
 283 0154 3B49     		ldr	r1, .L26+52
ARM GAS  C:\Users\Lory\AppData\Local\Temp\ccJ9Doy4.s 			page 10


 284 0156 05A8     		add	r0, sp, #20
 285              	.LVL54:
 286 0158 FFF7FEFF 		bl	sprintf
 287              	.LVL55:
 229:main.c        ****         UART_Debug_PutString(message); 
 288              		.loc 1 229 0
 289 015c 05A8     		add	r0, sp, #20
 290 015e FFF7FEFF 		bl	UART_Debug_PutString
 291              	.LVL56:
 292 0162 02E0     		b	.L18
 293              	.LVL57:
 294              	.L17:
 230:main.c        ****     }
 231:main.c        ****     else
 232:main.c        ****     {
 233:main.c        ****         UART_Debug_PutString("Error occurred during I2C comm to read temperature config register\r\
 295              		.loc 1 233 0
 296 0164 3648     		ldr	r0, .L26+48
 297              	.LVL58:
 298 0166 FFF7FEFF 		bl	UART_Debug_PutString
 299              	.LVL59:
 300              	.L18:
 234:main.c        ****     }
 235:main.c        ****     
 236:main.c        ****     uint8_t ctrl_reg4;
 237:main.c        **** 
 238:main.c        ****     error = I2C_Peripheral_ReadRegister(LIS3DH_DEVICE_ADDRESS,
 301              		.loc 1 238 0
 302 016a 0DF10F02 		add	r2, sp, #15
 303 016e 2321     		movs	r1, #35
 304 0170 1820     		movs	r0, #24
 305 0172 FFF7FEFF 		bl	I2C_Peripheral_ReadRegister
 306              	.LVL60:
 239:main.c        ****                                         LIS3DH_CTRL_REG4,
 240:main.c        ****                                         &ctrl_reg4);
 241:main.c        ****     
 242:main.c        ****     if (error == NO_ERROR)
 307              		.loc 1 242 0
 308 0176 48B9     		cbnz	r0, .L19
 243:main.c        ****     {
 244:main.c        ****         sprintf(message, "CONTROL REGISTER 4: 0x%02X\r\n", ctrl_reg4);
 309              		.loc 1 244 0
 310 0178 9DF80F20 		ldrb	r2, [sp, #15]	@ zero_extendqisi2
 311 017c 3249     		ldr	r1, .L26+56
 312 017e 05A8     		add	r0, sp, #20
 313              	.LVL61:
 314 0180 FFF7FEFF 		bl	sprintf
 315              	.LVL62:
 245:main.c        ****         UART_Debug_PutString(message); 
 316              		.loc 1 245 0
 317 0184 05A8     		add	r0, sp, #20
 318 0186 FFF7FEFF 		bl	UART_Debug_PutString
 319              	.LVL63:
 320 018a 02E0     		b	.L20
 321              	.LVL64:
 322              	.L19:
 246:main.c        ****     }
ARM GAS  C:\Users\Lory\AppData\Local\Temp\ccJ9Doy4.s 			page 11


 247:main.c        ****     else
 248:main.c        ****     {
 249:main.c        ****         UART_Debug_PutString("Error occurred during I2C comm to read control register4\r\n");   
 323              		.loc 1 249 0
 324 018c 2F48     		ldr	r0, .L26+60
 325              	.LVL65:
 326 018e FFF7FEFF 		bl	UART_Debug_PutString
 327              	.LVL66:
 328              	.L20:
 250:main.c        ****     }
 251:main.c        ****     
 252:main.c        ****     
 253:main.c        ****     ctrl_reg4 = LIS3DH_CTRL_REG4_BDU_ACTIVE; // must be changed to the appropriate value
 329              		.loc 1 253 0
 330 0192 8022     		movs	r2, #128
 331 0194 12AC     		add	r4, sp, #72
 332 0196 04F8392D 		strb	r2, [r4, #-57]!
 254:main.c        ****     
 255:main.c        ****     error = I2C_Peripheral_WriteRegister(LIS3DH_DEVICE_ADDRESS,
 333              		.loc 1 255 0
 334 019a 2321     		movs	r1, #35
 335 019c 1820     		movs	r0, #24
 336 019e FFF7FEFF 		bl	I2C_Peripheral_WriteRegister
 337              	.LVL67:
 256:main.c        ****                                          LIS3DH_CTRL_REG4,
 257:main.c        ****                                          ctrl_reg4);
 258:main.c        ****     
 259:main.c        ****     error = I2C_Peripheral_ReadRegister(LIS3DH_DEVICE_ADDRESS,
 338              		.loc 1 259 0
 339 01a2 2246     		mov	r2, r4
 340 01a4 2321     		movs	r1, #35
 341 01a6 1820     		movs	r0, #24
 342 01a8 FFF7FEFF 		bl	I2C_Peripheral_ReadRegister
 343              	.LVL68:
 260:main.c        ****                                         LIS3DH_CTRL_REG4,
 261:main.c        ****                                         &ctrl_reg4);
 262:main.c        ****     
 263:main.c        ****     
 264:main.c        ****     if (error == NO_ERROR)
 344              		.loc 1 264 0
 345 01ac 48B9     		cbnz	r0, .L21
 265:main.c        ****     {
 266:main.c        ****         sprintf(message, "CONTROL REGISTER 4 after being updated: 0x%02X\r\n", ctrl_reg4);
 346              		.loc 1 266 0
 347 01ae 9DF80F20 		ldrb	r2, [sp, #15]	@ zero_extendqisi2
 348 01b2 2749     		ldr	r1, .L26+64
 349 01b4 05A8     		add	r0, sp, #20
 350              	.LVL69:
 351 01b6 FFF7FEFF 		bl	sprintf
 352              	.LVL70:
 267:main.c        ****         UART_Debug_PutString(message); 
 353              		.loc 1 267 0
 354 01ba 05A8     		add	r0, sp, #20
 355 01bc FFF7FEFF 		bl	UART_Debug_PutString
 356              	.LVL71:
 357 01c0 02E0     		b	.L22
 358              	.LVL72:
ARM GAS  C:\Users\Lory\AppData\Local\Temp\ccJ9Doy4.s 			page 12


 359              	.L21:
 268:main.c        ****     }
 269:main.c        ****     else
 270:main.c        ****     {
 271:main.c        ****         UART_Debug_PutString("Error occurred during I2C comm to read control register4\r\n");   
 360              		.loc 1 271 0
 361 01c2 2248     		ldr	r0, .L26+60
 362              	.LVL73:
 363 01c4 FFF7FEFF 		bl	UART_Debug_PutString
 364              	.LVL74:
 365              	.L22:
 272:main.c        ****     }
 273:main.c        ****     
 274:main.c        ****     int16_t OutTemp;
 275:main.c        ****     uint8_t header = 0xA0;
 276:main.c        ****     uint8_t footer = 0xC0;
 277:main.c        ****     uint8_t OutArray[4]; 
 278:main.c        ****     uint8_t TemperatureData[2];
 279:main.c        ****     
 280:main.c        ****     OutArray[0] = header;
 366              		.loc 1 280 0
 367 01c8 A023     		movs	r3, #160
 368 01ca 8DF80830 		strb	r3, [sp, #8]
 281:main.c        ****     OutArray[3] = footer;
 369              		.loc 1 281 0
 370 01ce C023     		movs	r3, #192
 371 01d0 8DF80B30 		strb	r3, [sp, #11]
 372              	.L23:
 282:main.c        ****     
 283:main.c        ****     for(;;)
 284:main.c        ****     {
 285:main.c        ****         CyDelay(100);
 373              		.loc 1 285 0
 374 01d4 6420     		movs	r0, #100
 375 01d6 FFF7FEFF 		bl	CyDelay
 376              	.LVL75:
 286:main.c        ****         error = I2C_Peripheral_ReadRegisterMulti(LIS3DH_DEVICE_ADDRESS,
 377              		.loc 1 286 0
 378 01da 01AB     		add	r3, sp, #4
 379 01dc 0222     		movs	r2, #2
 380 01de 0C21     		movs	r1, #12
 381 01e0 1820     		movs	r0, #24
 382 01e2 FFF7FEFF 		bl	I2C_Peripheral_ReadRegisterMulti
 383              	.LVL76:
 287:main.c        ****                                                   LIS3DH_OUT_ADC_3L,
 288:main.c        ****                                                   LIS3DH_OUT_ADC_COUNT,
 289:main.c        ****                                                   &TemperatureData[0]);
 290:main.c        ****         if(error == NO_ERROR)
 384              		.loc 1 290 0
 385 01e6 0028     		cmp	r0, #0
 386 01e8 F4D1     		bne	.L23
 291:main.c        ****         {
 292:main.c        ****             OutTemp = (int16)((TemperatureData[0] | (TemperatureData[1]<<8)))>>6;
 387              		.loc 1 292 0
 388 01ea 9DF80430 		ldrb	r3, [sp, #4]	@ zero_extendqisi2
 389 01ee 9DF80520 		ldrb	r2, [sp, #5]	@ zero_extendqisi2
 390 01f2 43EA0223 		orr	r3, r3, r2, lsl #8
ARM GAS  C:\Users\Lory\AppData\Local\Temp\ccJ9Doy4.s 			page 13


 391 01f6 43F38913 		sbfx	r3, r3, #6, #10
 392              	.LVL77:
 293:main.c        ****             OutArray[1] = (uint8_t)(OutTemp & 0xFF);
 393              		.loc 1 293 0
 394 01fa 8DF80930 		strb	r3, [sp, #9]
 294:main.c        ****             OutArray[2] = (uint8_t)(OutTemp >> 8);
 395              		.loc 1 294 0
 396 01fe C3F30723 		ubfx	r3, r3, #8, #8
 397              	.LVL78:
 398 0202 8DF80A30 		strb	r3, [sp, #10]
 295:main.c        ****             UART_Debug_PutArray(OutArray, 4);
 399              		.loc 1 295 0
 400 0206 0421     		movs	r1, #4
 401 0208 02A8     		add	r0, sp, #8
 402              	.LVL79:
 403 020a FFF7FEFF 		bl	UART_Debug_PutArray
 404              	.LVL80:
 405 020e E1E7     		b	.L23
 406              	.L27:
 407              		.align	2
 408              	.L26:
 409 0210 00000000 		.word	.LC0
 410 0214 20000000 		.word	.LC1
 411 0218 48000000 		.word	.LC2
 412 021c 6C000000 		.word	.LC3
 413 0220 88000000 		.word	.LC4
 414 0224 C4000000 		.word	.LC5
 415 0228 E4000000 		.word	.LC6
 416 022c 20010000 		.word	.LC7
 417 0230 3C010000 		.word	.LC8
 418 0234 74010000 		.word	.LC9
 419 0238 B0010000 		.word	.LC10
 420 023c E8010000 		.word	.LC11
 421 0240 10020000 		.word	.LC12
 422 0244 58020000 		.word	.LC13
 423 0248 94020000 		.word	.LC14
 424 024c B4020000 		.word	.LC15
 425 0250 F0020000 		.word	.LC16
 426              		.cfi_endproc
 427              	.LFE64:
 428              		.size	main, .-main
 429              		.section	.rodata.str1.4,"aMS",%progbits,1
 430              		.align	2
 431              	.LC0:
 432 0000 44657669 		.ascii	"Device 0x%02X is connected\015\012\000"
 432      63652030 
 432      78253032 
 432      58206973 
 432      20636F6E 
 433 001d 000000   		.space	3
 434              	.LC1:
 435 0020 57484F20 		.ascii	"WHO AM I REG: 0x%02X [Expected: 0x33]\015\012\000"
 435      414D2049 
 435      20524547 
 435      3A203078 
 435      25303258 
 436              	.LC2:
ARM GAS  C:\Users\Lory\AppData\Local\Temp\ccJ9Doy4.s 			page 14


 437 0048 4572726F 		.ascii	"Error occurred during I2C comm\015\012\000"
 437      72206F63 
 437      63757272 
 437      65642064 
 437      7572696E 
 438 0069 000000   		.space	3
 439              	.LC3:
 440 006c 53544154 		.ascii	"STATUS REGISTER: 0x%02X\015\012\000"
 440      55532052 
 440      45474953 
 440      5445523A 
 440      20307825 
 441 0086 0000     		.space	2
 442              	.LC4:
 443 0088 4572726F 		.ascii	"Error occurred during I2C comm to read status regis"
 443      72206F63 
 443      63757272 
 443      65642064 
 443      7572696E 
 444 00bb 7465720D 		.ascii	"ter\015\012\000"
 444      0A00
 445 00c1 000000   		.space	3
 446              	.LC5:
 447 00c4 434F4E54 		.ascii	"CONTROL REGISTER 1: 0x%02X\015\012\000"
 447      524F4C20 
 447      52454749 
 447      53544552 
 447      20313A20 
 448 00e1 000000   		.space	3
 449              	.LC6:
 450 00e4 4572726F 		.ascii	"Error occurred during I2C comm to read control regi"
 450      72206F63 
 450      63757272 
 450      65642064 
 450      7572696E 
 451 0117 73746572 		.ascii	"ster 1\015\012\000"
 451      20310D0A 
 451      00
 452              	.LC7:
 453 0120 0D0A5772 		.ascii	"\015\012Writing new values..\015\012\000"
 453      6974696E 
 453      67206E65 
 453      77207661 
 453      6C756573 
 454 0139 000000   		.space	3
 455              	.LC8:
 456 013c 434F4E54 		.ascii	"CONTROL REGISTER 1 successfully written as: 0x%02X\015"
 456      524F4C20 
 456      52454749 
 456      53544552 
 456      20312073 
 457 016f 0A00     		.ascii	"\012\000"
 458 0171 000000   		.space	3
 459              	.LC9:
 460 0174 4572726F 		.ascii	"Error occurred during I2C comm to set control regis"
 460      72206F63 
 460      63757272 
ARM GAS  C:\Users\Lory\AppData\Local\Temp\ccJ9Doy4.s 			page 15


 460      65642064 
 460      7572696E 
 461 01a7 74657220 		.ascii	"ter 1\015\012\000"
 461      310D0A00 
 462 01af 00       		.space	1
 463              	.LC10:
 464 01b0 434F4E54 		.ascii	"CONTROL REGISTER 1 after overwrite operation: 0x%02"
 464      524F4C20 
 464      52454749 
 464      53544552 
 464      20312061 
 465 01e3 580D0A00 		.ascii	"X\015\012\000"
 466 01e7 00       		.space	1
 467              	.LC11:
 468 01e8 54454D50 		.ascii	"TEMPERATURE CONFIG REGISTER: 0x%02X\015\012\000"
 468      45524154 
 468      55524520 
 468      434F4E46 
 468      49472052 
 469 020e 0000     		.space	2
 470              	.LC12:
 471 0210 4572726F 		.ascii	"Error occurred during I2C comm to read temperature "
 471      72206F63 
 471      63757272 
 471      65642064 
 471      7572696E 
 472 0243 636F6E66 		.ascii	"config register\015\012\000"
 472      69672072 
 472      65676973 
 472      7465720D 
 472      0A00
 473 0255 000000   		.space	3
 474              	.LC13:
 475 0258 54454D50 		.ascii	"TEMPERATURE CONFIG REGISTER after being updated: 0x"
 475      45524154 
 475      55524520 
 475      434F4E46 
 475      49472052 
 476 028b 25303258 		.ascii	"%02X\015\012\000"
 476      0D0A00
 477 0292 0000     		.space	2
 478              	.LC14:
 479 0294 434F4E54 		.ascii	"CONTROL REGISTER 4: 0x%02X\015\012\000"
 479      524F4C20 
 479      52454749 
 479      53544552 
 479      20343A20 
 480 02b1 000000   		.space	3
 481              	.LC15:
 482 02b4 4572726F 		.ascii	"Error occurred during I2C comm to read control regi"
 482      72206F63 
 482      63757272 
 482      65642064 
 482      7572696E 
 483 02e7 73746572 		.ascii	"ster4\015\012\000"
 483      340D0A00 
 484 02ef 00       		.space	1
ARM GAS  C:\Users\Lory\AppData\Local\Temp\ccJ9Doy4.s 			page 16


 485              	.LC16:
 486 02f0 434F4E54 		.ascii	"CONTROL REGISTER 4 after being updated: 0x%02X\015\012"
 486      524F4C20 
 486      52454749 
 486      53544552 
 486      20342061 
 487 0320 00       		.ascii	"\000"
 488              		.text
 489              	.Letext0:
 490              		.file 2 "c:\\program files (x86)\\cypress\\psoc creator\\4.3\\psoc creator\\import\\gnu\\arm\\5.4.
 491              		.file 3 "c:\\program files (x86)\\cypress\\psoc creator\\4.3\\psoc creator\\import\\gnu\\arm\\5.4.
 492              		.file 4 "Generated_Source\\PSoC5/cytypes.h"
 493              		.file 5 "ErrorCodes.h"
 494              		.file 6 "I2C_Interface.h"
 495              		.file 7 "c:\\program files (x86)\\cypress\\psoc creator\\4.3\\psoc creator\\import\\gnu\\arm\\5.4.
 496              		.file 8 "Generated_Source\\PSoC5/UART_Debug.h"
 497              		.file 9 "Generated_Source\\PSoC5/CyLib.h"
 498              		.file 10 "Generated_Source\\PSoC5/core_cm3.h"
 499              		.section	.debug_info,"",%progbits
 500              	.Ldebug_info0:
 501 0000 3B070000 		.4byte	0x73b
 502 0004 0400     		.2byte	0x4
 503 0006 00000000 		.4byte	.Ldebug_abbrev0
 504 000a 04       		.byte	0x4
 505 000b 01       		.uleb128 0x1
 506 000c AD000000 		.4byte	.LASF46
 507 0010 0C       		.byte	0xc
 508 0011 70020000 		.4byte	.LASF47
 509 0015 98020000 		.4byte	.LASF48
 510 0019 00000000 		.4byte	.Ldebug_ranges0+0
 511 001d 00000000 		.4byte	0
 512 0021 00000000 		.4byte	.Ldebug_line0
 513 0025 02       		.uleb128 0x2
 514 0026 01       		.byte	0x1
 515 0027 06       		.byte	0x6
 516 0028 5B030000 		.4byte	.LASF0
 517 002c 03       		.uleb128 0x3
 518 002d 0F000000 		.4byte	.LASF2
 519 0031 02       		.byte	0x2
 520 0032 1D       		.byte	0x1d
 521 0033 37000000 		.4byte	0x37
 522 0037 02       		.uleb128 0x2
 523 0038 01       		.byte	0x1
 524 0039 08       		.byte	0x8
 525 003a 9F000000 		.4byte	.LASF1
 526 003e 03       		.uleb128 0x3
 527 003f B7010000 		.4byte	.LASF3
 528 0043 02       		.byte	0x2
 529 0044 29       		.byte	0x29
 530 0045 49000000 		.4byte	0x49
 531 0049 02       		.uleb128 0x2
 532 004a 02       		.byte	0x2
 533 004b 05       		.byte	0x5
 534 004c 36030000 		.4byte	.LASF4
 535 0050 02       		.uleb128 0x2
 536 0051 02       		.byte	0x2
 537 0052 07       		.byte	0x7
ARM GAS  C:\Users\Lory\AppData\Local\Temp\ccJ9Doy4.s 			page 17


 538 0053 53010000 		.4byte	.LASF5
 539 0057 03       		.uleb128 0x3
 540 0058 4F000000 		.4byte	.LASF6
 541 005c 02       		.byte	0x2
 542 005d 3F       		.byte	0x3f
 543 005e 62000000 		.4byte	0x62
 544 0062 02       		.uleb128 0x2
 545 0063 04       		.byte	0x4
 546 0064 05       		.byte	0x5
 547 0065 59000000 		.4byte	.LASF7
 548 0069 02       		.uleb128 0x2
 549 006a 04       		.byte	0x4
 550 006b 07       		.byte	0x7
 551 006c 41010000 		.4byte	.LASF8
 552 0070 02       		.uleb128 0x2
 553 0071 08       		.byte	0x8
 554 0072 05       		.byte	0x5
 555 0073 51020000 		.4byte	.LASF9
 556 0077 02       		.uleb128 0x2
 557 0078 08       		.byte	0x8
 558 0079 07       		.byte	0x7
 559 007a E2010000 		.4byte	.LASF10
 560 007e 04       		.uleb128 0x4
 561 007f 04       		.byte	0x4
 562 0080 05       		.byte	0x5
 563 0081 696E7400 		.ascii	"int\000"
 564 0085 02       		.uleb128 0x2
 565 0086 04       		.byte	0x4
 566 0087 07       		.byte	0x7
 567 0088 D5010000 		.4byte	.LASF11
 568 008c 03       		.uleb128 0x3
 569 008d F9010000 		.4byte	.LASF12
 570 0091 03       		.byte	0x3
 571 0092 18       		.byte	0x18
 572 0093 2C000000 		.4byte	0x2c
 573 0097 03       		.uleb128 0x3
 574 0098 09020000 		.4byte	.LASF13
 575 009c 03       		.byte	0x3
 576 009d 20       		.byte	0x20
 577 009e 3E000000 		.4byte	0x3e
 578 00a2 03       		.uleb128 0x3
 579 00a3 3A020000 		.4byte	.LASF14
 580 00a7 03       		.byte	0x3
 581 00a8 2C       		.byte	0x2c
 582 00a9 57000000 		.4byte	0x57
 583 00ad 05       		.uleb128 0x5
 584 00ae 3B010000 		.4byte	.LASF15
 585 00b2 04       		.byte	0x4
 586 00b3 E801     		.2byte	0x1e8
 587 00b5 49000000 		.4byte	0x49
 588 00b9 02       		.uleb128 0x2
 589 00ba 04       		.byte	0x4
 590 00bb 04       		.byte	0x4
 591 00bc 90000000 		.4byte	.LASF16
 592 00c0 02       		.uleb128 0x2
 593 00c1 08       		.byte	0x8
 594 00c2 04       		.byte	0x4
ARM GAS  C:\Users\Lory\AppData\Local\Temp\ccJ9Doy4.s 			page 18


 595 00c3 6D010000 		.4byte	.LASF17
 596 00c7 02       		.uleb128 0x2
 597 00c8 01       		.byte	0x1
 598 00c9 08       		.byte	0x8
 599 00ca 77020000 		.4byte	.LASF18
 600 00ce 06       		.uleb128 0x6
 601 00cf 01       		.byte	0x1
 602 00d0 37000000 		.4byte	0x37
 603 00d4 05       		.byte	0x5
 604 00d5 15       		.byte	0x15
 605 00d6 E7000000 		.4byte	0xe7
 606 00da 07       		.uleb128 0x7
 607 00db 40030000 		.4byte	.LASF19
 608 00df 00       		.byte	0
 609 00e0 07       		.uleb128 0x7
 610 00e1 49030000 		.4byte	.LASF20
 611 00e5 01       		.byte	0x1
 612 00e6 00       		.byte	0
 613 00e7 03       		.uleb128 0x3
 614 00e8 76000000 		.4byte	.LASF21
 615 00ec 05       		.byte	0x5
 616 00ed 18       		.byte	0x18
 617 00ee CE000000 		.4byte	0xce
 618 00f2 02       		.uleb128 0x2
 619 00f3 08       		.byte	0x8
 620 00f4 04       		.byte	0x4
 621 00f5 4F030000 		.4byte	.LASF22
 622 00f9 02       		.uleb128 0x2
 623 00fa 04       		.byte	0x4
 624 00fb 07       		.byte	0x7
 625 00fc 42020000 		.4byte	.LASF23
 626 0100 08       		.uleb128 0x8
 627 0101 B2010000 		.4byte	.LASF49
 628 0105 01       		.byte	0x1
 629 0106 47       		.byte	0x47
 630 0107 7E000000 		.4byte	0x7e
 631 010b 00000000 		.4byte	.LFB64
 632 010f 54020000 		.4byte	.LFE64-.LFB64
 633 0113 01       		.uleb128 0x1
 634 0114 9C       		.byte	0x9c
 635 0115 8F060000 		.4byte	0x68f
 636 0119 09       		.uleb128 0x9
 637 011a 00000000 		.4byte	.LASF24
 638 011e 01       		.byte	0x1
 639 011f 52       		.byte	0x52
 640 0120 8F060000 		.4byte	0x68f
 641 0124 02       		.uleb128 0x2
 642 0125 91       		.byte	0x91
 643 0126 44       		.sleb128 -60
 644 0127 09       		.uleb128 0x9
 645 0128 67030000 		.4byte	.LASF25
 646 012c 01       		.byte	0x1
 647 012d 65       		.byte	0x65
 648 012e 8C000000 		.4byte	0x8c
 649 0132 02       		.uleb128 0x2
 650 0133 91       		.byte	0x91
 651 0134 43       		.sleb128 -61
ARM GAS  C:\Users\Lory\AppData\Local\Temp\ccJ9Doy4.s 			page 19


 652 0135 0A       		.uleb128 0xa
 653 0136 4B020000 		.4byte	.LASF26
 654 013a 01       		.byte	0x1
 655 013b 66       		.byte	0x66
 656 013c E7000000 		.4byte	0xe7
 657 0140 00000000 		.4byte	.LLST0
 658 0144 09       		.uleb128 0x9
 659 0145 2A020000 		.4byte	.LASF27
 660 0149 01       		.byte	0x1
 661 014a 75       		.byte	0x75
 662 014b 8C000000 		.4byte	0x8c
 663 014f 02       		.uleb128 0x2
 664 0150 91       		.byte	0x91
 665 0151 42       		.sleb128 -62
 666 0152 09       		.uleb128 0x9
 667 0153 C1010000 		.4byte	.LASF28
 668 0157 01       		.byte	0x1
 669 0158 87       		.byte	0x87
 670 0159 8C000000 		.4byte	0x8c
 671 015d 02       		.uleb128 0x2
 672 015e 91       		.byte	0x91
 673 015f 41       		.sleb128 -63
 674 0160 09       		.uleb128 0x9
 675 0161 1E020000 		.4byte	.LASF29
 676 0165 01       		.byte	0x1
 677 0166 C6       		.byte	0xc6
 678 0167 8C000000 		.4byte	0x8c
 679 016b 02       		.uleb128 0x2
 680 016c 91       		.byte	0x91
 681 016d 40       		.sleb128 -64
 682 016e 09       		.uleb128 0x9
 683 016f CB010000 		.4byte	.LASF30
 684 0173 01       		.byte	0x1
 685 0174 EC       		.byte	0xec
 686 0175 8C000000 		.4byte	0x8c
 687 0179 03       		.uleb128 0x3
 688 017a 91       		.byte	0x91
 689 017b BF7F     		.sleb128 -65
 690 017d 0B       		.uleb128 0xb
 691 017e 01020000 		.4byte	.LASF31
 692 0182 01       		.byte	0x1
 693 0183 1201     		.2byte	0x112
 694 0185 97000000 		.4byte	0x97
 695 0189 D9000000 		.4byte	.LLST1
 696 018d 0C       		.uleb128 0xc
 697 018e 08000000 		.4byte	.LASF32
 698 0192 01       		.byte	0x1
 699 0193 1301     		.2byte	0x113
 700 0195 8C000000 		.4byte	0x8c
 701 0199 A07F     		.sleb128 -96
 702 019b 0C       		.uleb128 0xc
 703 019c 66010000 		.4byte	.LASF33
 704 01a0 01       		.byte	0x1
 705 01a1 1401     		.2byte	0x114
 706 01a3 8C000000 		.4byte	0x8c
 707 01a7 40       		.sleb128 -64
 708 01a8 0D       		.uleb128 0xd
ARM GAS  C:\Users\Lory\AppData\Local\Temp\ccJ9Doy4.s 			page 20


 709 01a9 96000000 		.4byte	.LASF34
 710 01ad 01       		.byte	0x1
 711 01ae 1501     		.2byte	0x115
 712 01b0 9F060000 		.4byte	0x69f
 713 01b4 03       		.uleb128 0x3
 714 01b5 91       		.byte	0x91
 715 01b6 B87F     		.sleb128 -72
 716 01b8 0D       		.uleb128 0xd
 717 01b9 80000000 		.4byte	.LASF35
 718 01bd 01       		.byte	0x1
 719 01be 1601     		.2byte	0x116
 720 01c0 AF060000 		.4byte	0x6af
 721 01c4 03       		.uleb128 0x3
 722 01c5 91       		.byte	0x91
 723 01c6 B47F     		.sleb128 -76
 724 01c8 0E       		.uleb128 0xe
 725 01c9 14000000 		.4byte	.LBB2
 726 01cd 22000000 		.4byte	.LBE2-.LBB2
 727 01d1 2A020000 		.4byte	0x22a
 728 01d5 0F       		.uleb128 0xf
 729 01d6 6900     		.ascii	"i\000"
 730 01d8 01       		.byte	0x1
 731 01d9 55       		.byte	0x55
 732 01da 7E000000 		.4byte	0x7e
 733 01de 0A010000 		.4byte	.LLST2
 734 01e2 10       		.uleb128 0x10
 735 01e3 1E000000 		.4byte	.LVL4
 736 01e7 D0060000 		.4byte	0x6d0
 737 01eb F6010000 		.4byte	0x1f6
 738 01ef 11       		.uleb128 0x11
 739 01f0 01       		.uleb128 0x1
 740 01f1 50       		.byte	0x50
 741 01f2 02       		.uleb128 0x2
 742 01f3 74       		.byte	0x74
 743 01f4 00       		.sleb128 0
 744 01f5 00       		.byte	0
 745 01f6 10       		.uleb128 0x10
 746 01f7 2A000000 		.4byte	.LVL5
 747 01fb DB060000 		.4byte	0x6db
 748 01ff 19020000 		.4byte	0x219
 749 0203 11       		.uleb128 0x11
 750 0204 01       		.uleb128 0x1
 751 0205 50       		.byte	0x50
 752 0206 02       		.uleb128 0x2
 753 0207 91       		.byte	0x91
 754 0208 44       		.sleb128 -60
 755 0209 11       		.uleb128 0x11
 756 020a 01       		.uleb128 0x1
 757 020b 51       		.byte	0x51
 758 020c 05       		.uleb128 0x5
 759 020d 03       		.byte	0x3
 760 020e 00000000 		.4byte	.LC0
 761 0212 11       		.uleb128 0x11
 762 0213 01       		.uleb128 0x1
 763 0214 52       		.byte	0x52
 764 0215 02       		.uleb128 0x2
 765 0216 74       		.byte	0x74
ARM GAS  C:\Users\Lory\AppData\Local\Temp\ccJ9Doy4.s 			page 21


 766 0217 00       		.sleb128 0
 767 0218 00       		.byte	0
 768 0219 12       		.uleb128 0x12
 769 021a 30000000 		.4byte	.LVL6
 770 021e E6060000 		.4byte	0x6e6
 771 0222 11       		.uleb128 0x11
 772 0223 01       		.uleb128 0x1
 773 0224 50       		.byte	0x50
 774 0225 02       		.uleb128 0x2
 775 0226 91       		.byte	0x91
 776 0227 44       		.sleb128 -60
 777 0228 00       		.byte	0
 778 0229 00       		.byte	0
 779 022a 13       		.uleb128 0x13
 780 022b 0A000000 		.4byte	.LVL0
 781 022f F1060000 		.4byte	0x6f1
 782 0233 13       		.uleb128 0x13
 783 0234 0E000000 		.4byte	.LVL1
 784 0238 FC060000 		.4byte	0x6fc
 785 023c 10       		.uleb128 0x10
 786 023d 14000000 		.4byte	.LVL2
 787 0241 07070000 		.4byte	0x707
 788 0245 4F020000 		.4byte	0x24f
 789 0249 11       		.uleb128 0x11
 790 024a 01       		.uleb128 0x1
 791 024b 50       		.byte	0x50
 792 024c 01       		.uleb128 0x1
 793 024d 35       		.byte	0x35
 794 024e 00       		.byte	0
 795 024f 10       		.uleb128 0x10
 796 0250 42000000 		.4byte	.LVL8
 797 0254 12070000 		.4byte	0x712
 798 0258 6D020000 		.4byte	0x26d
 799 025c 11       		.uleb128 0x11
 800 025d 01       		.uleb128 0x1
 801 025e 50       		.byte	0x50
 802 025f 01       		.uleb128 0x1
 803 0260 48       		.byte	0x48
 804 0261 11       		.uleb128 0x11
 805 0262 01       		.uleb128 0x1
 806 0263 51       		.byte	0x51
 807 0264 01       		.uleb128 0x1
 808 0265 3F       		.byte	0x3f
 809 0266 11       		.uleb128 0x11
 810 0267 01       		.uleb128 0x1
 811 0268 52       		.byte	0x52
 812 0269 02       		.uleb128 0x2
 813 026a 91       		.byte	0x91
 814 026b 43       		.sleb128 -61
 815 026c 00       		.byte	0
 816 026d 10       		.uleb128 0x10
 817 026e 50000000 		.4byte	.LVL10
 818 0272 DB060000 		.4byte	0x6db
 819 0276 8A020000 		.4byte	0x28a
 820 027a 11       		.uleb128 0x11
 821 027b 01       		.uleb128 0x1
 822 027c 50       		.byte	0x50
ARM GAS  C:\Users\Lory\AppData\Local\Temp\ccJ9Doy4.s 			page 22


 823 027d 02       		.uleb128 0x2
 824 027e 91       		.byte	0x91
 825 027f 44       		.sleb128 -60
 826 0280 11       		.uleb128 0x11
 827 0281 01       		.uleb128 0x1
 828 0282 51       		.byte	0x51
 829 0283 05       		.uleb128 0x5
 830 0284 03       		.byte	0x3
 831 0285 20000000 		.4byte	.LC1
 832 0289 00       		.byte	0
 833 028a 10       		.uleb128 0x10
 834 028b 56000000 		.4byte	.LVL11
 835 028f E6060000 		.4byte	0x6e6
 836 0293 9E020000 		.4byte	0x29e
 837 0297 11       		.uleb128 0x11
 838 0298 01       		.uleb128 0x1
 839 0299 50       		.byte	0x50
 840 029a 02       		.uleb128 0x2
 841 029b 91       		.byte	0x91
 842 029c 44       		.sleb128 -60
 843 029d 00       		.byte	0
 844 029e 10       		.uleb128 0x10
 845 029f 5E000000 		.4byte	.LVL14
 846 02a3 E6060000 		.4byte	0x6e6
 847 02a7 B5020000 		.4byte	0x2b5
 848 02ab 11       		.uleb128 0x11
 849 02ac 01       		.uleb128 0x1
 850 02ad 50       		.byte	0x50
 851 02ae 05       		.uleb128 0x5
 852 02af 03       		.byte	0x3
 853 02b0 48000000 		.4byte	.LC2
 854 02b4 00       		.byte	0
 855 02b5 10       		.uleb128 0x10
 856 02b6 6A000000 		.4byte	.LVL15
 857 02ba 12070000 		.4byte	0x712
 858 02be D4020000 		.4byte	0x2d4
 859 02c2 11       		.uleb128 0x11
 860 02c3 01       		.uleb128 0x1
 861 02c4 50       		.byte	0x50
 862 02c5 01       		.uleb128 0x1
 863 02c6 48       		.byte	0x48
 864 02c7 11       		.uleb128 0x11
 865 02c8 01       		.uleb128 0x1
 866 02c9 51       		.byte	0x51
 867 02ca 02       		.uleb128 0x2
 868 02cb 08       		.byte	0x8
 869 02cc 27       		.byte	0x27
 870 02cd 11       		.uleb128 0x11
 871 02ce 01       		.uleb128 0x1
 872 02cf 52       		.byte	0x52
 873 02d0 02       		.uleb128 0x2
 874 02d1 91       		.byte	0x91
 875 02d2 42       		.sleb128 -62
 876 02d3 00       		.byte	0
 877 02d4 10       		.uleb128 0x10
 878 02d5 78000000 		.4byte	.LVL17
 879 02d9 DB060000 		.4byte	0x6db
ARM GAS  C:\Users\Lory\AppData\Local\Temp\ccJ9Doy4.s 			page 23


 880 02dd F1020000 		.4byte	0x2f1
 881 02e1 11       		.uleb128 0x11
 882 02e2 01       		.uleb128 0x1
 883 02e3 50       		.byte	0x50
 884 02e4 02       		.uleb128 0x2
 885 02e5 91       		.byte	0x91
 886 02e6 44       		.sleb128 -60
 887 02e7 11       		.uleb128 0x11
 888 02e8 01       		.uleb128 0x1
 889 02e9 51       		.byte	0x51
 890 02ea 05       		.uleb128 0x5
 891 02eb 03       		.byte	0x3
 892 02ec 6C000000 		.4byte	.LC3
 893 02f0 00       		.byte	0
 894 02f1 10       		.uleb128 0x10
 895 02f2 7E000000 		.4byte	.LVL18
 896 02f6 E6060000 		.4byte	0x6e6
 897 02fa 05030000 		.4byte	0x305
 898 02fe 11       		.uleb128 0x11
 899 02ff 01       		.uleb128 0x1
 900 0300 50       		.byte	0x50
 901 0301 02       		.uleb128 0x2
 902 0302 91       		.byte	0x91
 903 0303 44       		.sleb128 -60
 904 0304 00       		.byte	0
 905 0305 10       		.uleb128 0x10
 906 0306 86000000 		.4byte	.LVL21
 907 030a E6060000 		.4byte	0x6e6
 908 030e 1C030000 		.4byte	0x31c
 909 0312 11       		.uleb128 0x11
 910 0313 01       		.uleb128 0x1
 911 0314 50       		.byte	0x50
 912 0315 05       		.uleb128 0x5
 913 0316 03       		.byte	0x3
 914 0317 88000000 		.4byte	.LC4
 915 031b 00       		.byte	0
 916 031c 10       		.uleb128 0x10
 917 031d 92000000 		.4byte	.LVL22
 918 0321 12070000 		.4byte	0x712
 919 0325 3B030000 		.4byte	0x33b
 920 0329 11       		.uleb128 0x11
 921 032a 01       		.uleb128 0x1
 922 032b 50       		.byte	0x50
 923 032c 01       		.uleb128 0x1
 924 032d 48       		.byte	0x48
 925 032e 11       		.uleb128 0x11
 926 032f 01       		.uleb128 0x1
 927 0330 51       		.byte	0x51
 928 0331 02       		.uleb128 0x2
 929 0332 08       		.byte	0x8
 930 0333 20       		.byte	0x20
 931 0334 11       		.uleb128 0x11
 932 0335 01       		.uleb128 0x1
 933 0336 52       		.byte	0x52
 934 0337 02       		.uleb128 0x2
 935 0338 91       		.byte	0x91
 936 0339 41       		.sleb128 -63
ARM GAS  C:\Users\Lory\AppData\Local\Temp\ccJ9Doy4.s 			page 24


 937 033a 00       		.byte	0
 938 033b 10       		.uleb128 0x10
 939 033c A0000000 		.4byte	.LVL24
 940 0340 DB060000 		.4byte	0x6db
 941 0344 58030000 		.4byte	0x358
 942 0348 11       		.uleb128 0x11
 943 0349 01       		.uleb128 0x1
 944 034a 50       		.byte	0x50
 945 034b 02       		.uleb128 0x2
 946 034c 91       		.byte	0x91
 947 034d 44       		.sleb128 -60
 948 034e 11       		.uleb128 0x11
 949 034f 01       		.uleb128 0x1
 950 0350 51       		.byte	0x51
 951 0351 05       		.uleb128 0x5
 952 0352 03       		.byte	0x3
 953 0353 C4000000 		.4byte	.LC5
 954 0357 00       		.byte	0
 955 0358 10       		.uleb128 0x10
 956 0359 A6000000 		.4byte	.LVL25
 957 035d E6060000 		.4byte	0x6e6
 958 0361 6C030000 		.4byte	0x36c
 959 0365 11       		.uleb128 0x11
 960 0366 01       		.uleb128 0x1
 961 0367 50       		.byte	0x50
 962 0368 02       		.uleb128 0x2
 963 0369 91       		.byte	0x91
 964 036a 44       		.sleb128 -60
 965 036b 00       		.byte	0
 966 036c 10       		.uleb128 0x10
 967 036d AE000000 		.4byte	.LVL28
 968 0371 E6060000 		.4byte	0x6e6
 969 0375 83030000 		.4byte	0x383
 970 0379 11       		.uleb128 0x11
 971 037a 01       		.uleb128 0x1
 972 037b 50       		.byte	0x50
 973 037c 05       		.uleb128 0x5
 974 037d 03       		.byte	0x3
 975 037e E4000000 		.4byte	.LC6
 976 0382 00       		.byte	0
 977 0383 10       		.uleb128 0x10
 978 0384 B4000000 		.4byte	.LVL29
 979 0388 E6060000 		.4byte	0x6e6
 980 038c 9A030000 		.4byte	0x39a
 981 0390 11       		.uleb128 0x11
 982 0391 01       		.uleb128 0x1
 983 0392 50       		.byte	0x50
 984 0393 05       		.uleb128 0x5
 985 0394 03       		.byte	0x3
 986 0395 20010000 		.4byte	.LC7
 987 0399 00       		.byte	0
 988 039a 10       		.uleb128 0x10
 989 039b CA000000 		.4byte	.LVL30
 990 039f 1D070000 		.4byte	0x71d
 991 03a3 B9030000 		.4byte	0x3b9
 992 03a7 11       		.uleb128 0x11
 993 03a8 01       		.uleb128 0x1
ARM GAS  C:\Users\Lory\AppData\Local\Temp\ccJ9Doy4.s 			page 25


 994 03a9 50       		.byte	0x50
 995 03aa 01       		.uleb128 0x1
 996 03ab 48       		.byte	0x48
 997 03ac 11       		.uleb128 0x11
 998 03ad 01       		.uleb128 0x1
 999 03ae 51       		.byte	0x51
 1000 03af 02       		.uleb128 0x2
 1001 03b0 08       		.byte	0x8
 1002 03b1 20       		.byte	0x20
 1003 03b2 11       		.uleb128 0x11
 1004 03b3 01       		.uleb128 0x1
 1005 03b4 52       		.byte	0x52
 1006 03b5 02       		.uleb128 0x2
 1007 03b6 08       		.byte	0x8
 1008 03b7 47       		.byte	0x47
 1009 03b8 00       		.byte	0
 1010 03b9 10       		.uleb128 0x10
 1011 03ba D8000000 		.4byte	.LVL32
 1012 03be DB060000 		.4byte	0x6db
 1013 03c2 D6030000 		.4byte	0x3d6
 1014 03c6 11       		.uleb128 0x11
 1015 03c7 01       		.uleb128 0x1
 1016 03c8 50       		.byte	0x50
 1017 03c9 02       		.uleb128 0x2
 1018 03ca 91       		.byte	0x91
 1019 03cb 44       		.sleb128 -60
 1020 03cc 11       		.uleb128 0x11
 1021 03cd 01       		.uleb128 0x1
 1022 03ce 51       		.byte	0x51
 1023 03cf 05       		.uleb128 0x5
 1024 03d0 03       		.byte	0x3
 1025 03d1 3C010000 		.4byte	.LC8
 1026 03d5 00       		.byte	0
 1027 03d6 10       		.uleb128 0x10
 1028 03d7 DE000000 		.4byte	.LVL33
 1029 03db E6060000 		.4byte	0x6e6
 1030 03df EA030000 		.4byte	0x3ea
 1031 03e3 11       		.uleb128 0x11
 1032 03e4 01       		.uleb128 0x1
 1033 03e5 50       		.byte	0x50
 1034 03e6 02       		.uleb128 0x2
 1035 03e7 91       		.byte	0x91
 1036 03e8 44       		.sleb128 -60
 1037 03e9 00       		.byte	0
 1038 03ea 10       		.uleb128 0x10
 1039 03eb E6000000 		.4byte	.LVL36
 1040 03ef E6060000 		.4byte	0x6e6
 1041 03f3 01040000 		.4byte	0x401
 1042 03f7 11       		.uleb128 0x11
 1043 03f8 01       		.uleb128 0x1
 1044 03f9 50       		.byte	0x50
 1045 03fa 05       		.uleb128 0x5
 1046 03fb 03       		.byte	0x3
 1047 03fc 74010000 		.4byte	.LC9
 1048 0400 00       		.byte	0
 1049 0401 10       		.uleb128 0x10
 1050 0402 F2000000 		.4byte	.LVL37
ARM GAS  C:\Users\Lory\AppData\Local\Temp\ccJ9Doy4.s 			page 26


 1051 0406 12070000 		.4byte	0x712
 1052 040a 20040000 		.4byte	0x420
 1053 040e 11       		.uleb128 0x11
 1054 040f 01       		.uleb128 0x1
 1055 0410 50       		.byte	0x50
 1056 0411 01       		.uleb128 0x1
 1057 0412 48       		.byte	0x48
 1058 0413 11       		.uleb128 0x11
 1059 0414 01       		.uleb128 0x1
 1060 0415 51       		.byte	0x51
 1061 0416 02       		.uleb128 0x2
 1062 0417 08       		.byte	0x8
 1063 0418 20       		.byte	0x20
 1064 0419 11       		.uleb128 0x11
 1065 041a 01       		.uleb128 0x1
 1066 041b 52       		.byte	0x52
 1067 041c 02       		.uleb128 0x2
 1068 041d 91       		.byte	0x91
 1069 041e 41       		.sleb128 -63
 1070 041f 00       		.byte	0
 1071 0420 10       		.uleb128 0x10
 1072 0421 00010000 		.4byte	.LVL39
 1073 0425 DB060000 		.4byte	0x6db
 1074 0429 3D040000 		.4byte	0x43d
 1075 042d 11       		.uleb128 0x11
 1076 042e 01       		.uleb128 0x1
 1077 042f 50       		.byte	0x50
 1078 0430 02       		.uleb128 0x2
 1079 0431 91       		.byte	0x91
 1080 0432 44       		.sleb128 -60
 1081 0433 11       		.uleb128 0x11
 1082 0434 01       		.uleb128 0x1
 1083 0435 51       		.byte	0x51
 1084 0436 05       		.uleb128 0x5
 1085 0437 03       		.byte	0x3
 1086 0438 B0010000 		.4byte	.LC10
 1087 043c 00       		.byte	0
 1088 043d 10       		.uleb128 0x10
 1089 043e 06010000 		.4byte	.LVL40
 1090 0442 E6060000 		.4byte	0x6e6
 1091 0446 51040000 		.4byte	0x451
 1092 044a 11       		.uleb128 0x11
 1093 044b 01       		.uleb128 0x1
 1094 044c 50       		.byte	0x50
 1095 044d 02       		.uleb128 0x2
 1096 044e 91       		.byte	0x91
 1097 044f 44       		.sleb128 -60
 1098 0450 00       		.byte	0
 1099 0451 10       		.uleb128 0x10
 1100 0452 0E010000 		.4byte	.LVL43
 1101 0456 E6060000 		.4byte	0x6e6
 1102 045a 68040000 		.4byte	0x468
 1103 045e 11       		.uleb128 0x11
 1104 045f 01       		.uleb128 0x1
 1105 0460 50       		.byte	0x50
 1106 0461 05       		.uleb128 0x5
 1107 0462 03       		.byte	0x3
ARM GAS  C:\Users\Lory\AppData\Local\Temp\ccJ9Doy4.s 			page 27


 1108 0463 E4000000 		.4byte	.LC6
 1109 0467 00       		.byte	0
 1110 0468 10       		.uleb128 0x10
 1111 0469 18010000 		.4byte	.LVL44
 1112 046d 12070000 		.4byte	0x712
 1113 0471 86040000 		.4byte	0x486
 1114 0475 11       		.uleb128 0x11
 1115 0476 01       		.uleb128 0x1
 1116 0477 50       		.byte	0x50
 1117 0478 01       		.uleb128 0x1
 1118 0479 48       		.byte	0x48
 1119 047a 11       		.uleb128 0x11
 1120 047b 01       		.uleb128 0x1
 1121 047c 51       		.byte	0x51
 1122 047d 01       		.uleb128 0x1
 1123 047e 4F       		.byte	0x4f
 1124 047f 11       		.uleb128 0x11
 1125 0480 01       		.uleb128 0x1
 1126 0481 52       		.byte	0x52
 1127 0482 02       		.uleb128 0x2
 1128 0483 91       		.byte	0x91
 1129 0484 40       		.sleb128 -64
 1130 0485 00       		.byte	0
 1131 0486 10       		.uleb128 0x10
 1132 0487 26010000 		.4byte	.LVL46
 1133 048b DB060000 		.4byte	0x6db
 1134 048f A3040000 		.4byte	0x4a3
 1135 0493 11       		.uleb128 0x11
 1136 0494 01       		.uleb128 0x1
 1137 0495 50       		.byte	0x50
 1138 0496 02       		.uleb128 0x2
 1139 0497 91       		.byte	0x91
 1140 0498 44       		.sleb128 -60
 1141 0499 11       		.uleb128 0x11
 1142 049a 01       		.uleb128 0x1
 1143 049b 51       		.byte	0x51
 1144 049c 05       		.uleb128 0x5
 1145 049d 03       		.byte	0x3
 1146 049e E8010000 		.4byte	.LC11
 1147 04a2 00       		.byte	0
 1148 04a3 10       		.uleb128 0x10
 1149 04a4 2C010000 		.4byte	.LVL47
 1150 04a8 E6060000 		.4byte	0x6e6
 1151 04ac B7040000 		.4byte	0x4b7
 1152 04b0 11       		.uleb128 0x11
 1153 04b1 01       		.uleb128 0x1
 1154 04b2 50       		.byte	0x50
 1155 04b3 02       		.uleb128 0x2
 1156 04b4 91       		.byte	0x91
 1157 04b5 44       		.sleb128 -60
 1158 04b6 00       		.byte	0
 1159 04b7 10       		.uleb128 0x10
 1160 04b8 34010000 		.4byte	.LVL50
 1161 04bc E6060000 		.4byte	0x6e6
 1162 04c0 CE040000 		.4byte	0x4ce
 1163 04c4 11       		.uleb128 0x11
 1164 04c5 01       		.uleb128 0x1
ARM GAS  C:\Users\Lory\AppData\Local\Temp\ccJ9Doy4.s 			page 28


 1165 04c6 50       		.byte	0x50
 1166 04c7 05       		.uleb128 0x5
 1167 04c8 03       		.byte	0x3
 1168 04c9 10020000 		.4byte	.LC12
 1169 04cd 00       		.byte	0
 1170 04ce 10       		.uleb128 0x10
 1171 04cf 44010000 		.4byte	.LVL52
 1172 04d3 1D070000 		.4byte	0x71d
 1173 04d7 EC040000 		.4byte	0x4ec
 1174 04db 11       		.uleb128 0x11
 1175 04dc 01       		.uleb128 0x1
 1176 04dd 50       		.byte	0x50
 1177 04de 01       		.uleb128 0x1
 1178 04df 48       		.byte	0x48
 1179 04e0 11       		.uleb128 0x11
 1180 04e1 01       		.uleb128 0x1
 1181 04e2 51       		.byte	0x51
 1182 04e3 01       		.uleb128 0x1
 1183 04e4 4F       		.byte	0x4f
 1184 04e5 11       		.uleb128 0x11
 1185 04e6 01       		.uleb128 0x1
 1186 04e7 52       		.byte	0x52
 1187 04e8 02       		.uleb128 0x2
 1188 04e9 09       		.byte	0x9
 1189 04ea C0       		.byte	0xc0
 1190 04eb 00       		.byte	0
 1191 04ec 10       		.uleb128 0x10
 1192 04ed 4E010000 		.4byte	.LVL53
 1193 04f1 12070000 		.4byte	0x712
 1194 04f5 0A050000 		.4byte	0x50a
 1195 04f9 11       		.uleb128 0x11
 1196 04fa 01       		.uleb128 0x1
 1197 04fb 50       		.byte	0x50
 1198 04fc 01       		.uleb128 0x1
 1199 04fd 48       		.byte	0x48
 1200 04fe 11       		.uleb128 0x11
 1201 04ff 01       		.uleb128 0x1
 1202 0500 51       		.byte	0x51
 1203 0501 01       		.uleb128 0x1
 1204 0502 4F       		.byte	0x4f
 1205 0503 11       		.uleb128 0x11
 1206 0504 01       		.uleb128 0x1
 1207 0505 52       		.byte	0x52
 1208 0506 02       		.uleb128 0x2
 1209 0507 74       		.byte	0x74
 1210 0508 00       		.sleb128 0
 1211 0509 00       		.byte	0
 1212 050a 10       		.uleb128 0x10
 1213 050b 5C010000 		.4byte	.LVL55
 1214 050f DB060000 		.4byte	0x6db
 1215 0513 27050000 		.4byte	0x527
 1216 0517 11       		.uleb128 0x11
 1217 0518 01       		.uleb128 0x1
 1218 0519 50       		.byte	0x50
 1219 051a 02       		.uleb128 0x2
 1220 051b 91       		.byte	0x91
 1221 051c 44       		.sleb128 -60
ARM GAS  C:\Users\Lory\AppData\Local\Temp\ccJ9Doy4.s 			page 29


 1222 051d 11       		.uleb128 0x11
 1223 051e 01       		.uleb128 0x1
 1224 051f 51       		.byte	0x51
 1225 0520 05       		.uleb128 0x5
 1226 0521 03       		.byte	0x3
 1227 0522 58020000 		.4byte	.LC13
 1228 0526 00       		.byte	0
 1229 0527 10       		.uleb128 0x10
 1230 0528 62010000 		.4byte	.LVL56
 1231 052c E6060000 		.4byte	0x6e6
 1232 0530 3B050000 		.4byte	0x53b
 1233 0534 11       		.uleb128 0x11
 1234 0535 01       		.uleb128 0x1
 1235 0536 50       		.byte	0x50
 1236 0537 02       		.uleb128 0x2
 1237 0538 91       		.byte	0x91
 1238 0539 44       		.sleb128 -60
 1239 053a 00       		.byte	0
 1240 053b 10       		.uleb128 0x10
 1241 053c 6A010000 		.4byte	.LVL59
 1242 0540 E6060000 		.4byte	0x6e6
 1243 0544 52050000 		.4byte	0x552
 1244 0548 11       		.uleb128 0x11
 1245 0549 01       		.uleb128 0x1
 1246 054a 50       		.byte	0x50
 1247 054b 05       		.uleb128 0x5
 1248 054c 03       		.byte	0x3
 1249 054d 10020000 		.4byte	.LC12
 1250 0551 00       		.byte	0
 1251 0552 10       		.uleb128 0x10
 1252 0553 76010000 		.4byte	.LVL60
 1253 0557 12070000 		.4byte	0x712
 1254 055b 72050000 		.4byte	0x572
 1255 055f 11       		.uleb128 0x11
 1256 0560 01       		.uleb128 0x1
 1257 0561 50       		.byte	0x50
 1258 0562 01       		.uleb128 0x1
 1259 0563 48       		.byte	0x48
 1260 0564 11       		.uleb128 0x11
 1261 0565 01       		.uleb128 0x1
 1262 0566 51       		.byte	0x51
 1263 0567 02       		.uleb128 0x2
 1264 0568 08       		.byte	0x8
 1265 0569 23       		.byte	0x23
 1266 056a 11       		.uleb128 0x11
 1267 056b 01       		.uleb128 0x1
 1268 056c 52       		.byte	0x52
 1269 056d 03       		.uleb128 0x3
 1270 056e 91       		.byte	0x91
 1271 056f BF7F     		.sleb128 -65
 1272 0571 00       		.byte	0
 1273 0572 10       		.uleb128 0x10
 1274 0573 84010000 		.4byte	.LVL62
 1275 0577 DB060000 		.4byte	0x6db
 1276 057b 8F050000 		.4byte	0x58f
 1277 057f 11       		.uleb128 0x11
 1278 0580 01       		.uleb128 0x1
ARM GAS  C:\Users\Lory\AppData\Local\Temp\ccJ9Doy4.s 			page 30


 1279 0581 50       		.byte	0x50
 1280 0582 02       		.uleb128 0x2
 1281 0583 91       		.byte	0x91
 1282 0584 44       		.sleb128 -60
 1283 0585 11       		.uleb128 0x11
 1284 0586 01       		.uleb128 0x1
 1285 0587 51       		.byte	0x51
 1286 0588 05       		.uleb128 0x5
 1287 0589 03       		.byte	0x3
 1288 058a 94020000 		.4byte	.LC14
 1289 058e 00       		.byte	0
 1290 058f 10       		.uleb128 0x10
 1291 0590 8A010000 		.4byte	.LVL63
 1292 0594 E6060000 		.4byte	0x6e6
 1293 0598 A3050000 		.4byte	0x5a3
 1294 059c 11       		.uleb128 0x11
 1295 059d 01       		.uleb128 0x1
 1296 059e 50       		.byte	0x50
 1297 059f 02       		.uleb128 0x2
 1298 05a0 91       		.byte	0x91
 1299 05a1 44       		.sleb128 -60
 1300 05a2 00       		.byte	0
 1301 05a3 10       		.uleb128 0x10
 1302 05a4 92010000 		.4byte	.LVL66
 1303 05a8 E6060000 		.4byte	0x6e6
 1304 05ac BA050000 		.4byte	0x5ba
 1305 05b0 11       		.uleb128 0x11
 1306 05b1 01       		.uleb128 0x1
 1307 05b2 50       		.byte	0x50
 1308 05b3 05       		.uleb128 0x5
 1309 05b4 03       		.byte	0x3
 1310 05b5 B4020000 		.4byte	.LC15
 1311 05b9 00       		.byte	0
 1312 05ba 10       		.uleb128 0x10
 1313 05bb A2010000 		.4byte	.LVL67
 1314 05bf 1D070000 		.4byte	0x71d
 1315 05c3 D9050000 		.4byte	0x5d9
 1316 05c7 11       		.uleb128 0x11
 1317 05c8 01       		.uleb128 0x1
 1318 05c9 50       		.byte	0x50
 1319 05ca 01       		.uleb128 0x1
 1320 05cb 48       		.byte	0x48
 1321 05cc 11       		.uleb128 0x11
 1322 05cd 01       		.uleb128 0x1
 1323 05ce 51       		.byte	0x51
 1324 05cf 02       		.uleb128 0x2
 1325 05d0 08       		.byte	0x8
 1326 05d1 23       		.byte	0x23
 1327 05d2 11       		.uleb128 0x11
 1328 05d3 01       		.uleb128 0x1
 1329 05d4 52       		.byte	0x52
 1330 05d5 02       		.uleb128 0x2
 1331 05d6 09       		.byte	0x9
 1332 05d7 80       		.byte	0x80
 1333 05d8 00       		.byte	0
 1334 05d9 10       		.uleb128 0x10
 1335 05da AC010000 		.4byte	.LVL68
ARM GAS  C:\Users\Lory\AppData\Local\Temp\ccJ9Doy4.s 			page 31


 1336 05de 12070000 		.4byte	0x712
 1337 05e2 F8050000 		.4byte	0x5f8
 1338 05e6 11       		.uleb128 0x11
 1339 05e7 01       		.uleb128 0x1
 1340 05e8 50       		.byte	0x50
 1341 05e9 01       		.uleb128 0x1
 1342 05ea 48       		.byte	0x48
 1343 05eb 11       		.uleb128 0x11
 1344 05ec 01       		.uleb128 0x1
 1345 05ed 51       		.byte	0x51
 1346 05ee 02       		.uleb128 0x2
 1347 05ef 08       		.byte	0x8
 1348 05f0 23       		.byte	0x23
 1349 05f1 11       		.uleb128 0x11
 1350 05f2 01       		.uleb128 0x1
 1351 05f3 52       		.byte	0x52
 1352 05f4 02       		.uleb128 0x2
 1353 05f5 74       		.byte	0x74
 1354 05f6 00       		.sleb128 0
 1355 05f7 00       		.byte	0
 1356 05f8 10       		.uleb128 0x10
 1357 05f9 BA010000 		.4byte	.LVL70
 1358 05fd DB060000 		.4byte	0x6db
 1359 0601 15060000 		.4byte	0x615
 1360 0605 11       		.uleb128 0x11
 1361 0606 01       		.uleb128 0x1
 1362 0607 50       		.byte	0x50
 1363 0608 02       		.uleb128 0x2
 1364 0609 91       		.byte	0x91
 1365 060a 44       		.sleb128 -60
 1366 060b 11       		.uleb128 0x11
 1367 060c 01       		.uleb128 0x1
 1368 060d 51       		.byte	0x51
 1369 060e 05       		.uleb128 0x5
 1370 060f 03       		.byte	0x3
 1371 0610 F0020000 		.4byte	.LC16
 1372 0614 00       		.byte	0
 1373 0615 10       		.uleb128 0x10
 1374 0616 C0010000 		.4byte	.LVL71
 1375 061a E6060000 		.4byte	0x6e6
 1376 061e 29060000 		.4byte	0x629
 1377 0622 11       		.uleb128 0x11
 1378 0623 01       		.uleb128 0x1
 1379 0624 50       		.byte	0x50
 1380 0625 02       		.uleb128 0x2
 1381 0626 91       		.byte	0x91
 1382 0627 44       		.sleb128 -60
 1383 0628 00       		.byte	0
 1384 0629 10       		.uleb128 0x10
 1385 062a C8010000 		.4byte	.LVL74
 1386 062e E6060000 		.4byte	0x6e6
 1387 0632 40060000 		.4byte	0x640
 1388 0636 11       		.uleb128 0x11
 1389 0637 01       		.uleb128 0x1
 1390 0638 50       		.byte	0x50
 1391 0639 05       		.uleb128 0x5
 1392 063a 03       		.byte	0x3
ARM GAS  C:\Users\Lory\AppData\Local\Temp\ccJ9Doy4.s 			page 32


 1393 063b B4020000 		.4byte	.LC15
 1394 063f 00       		.byte	0
 1395 0640 10       		.uleb128 0x10
 1396 0641 DA010000 		.4byte	.LVL75
 1397 0645 07070000 		.4byte	0x707
 1398 0649 54060000 		.4byte	0x654
 1399 064d 11       		.uleb128 0x11
 1400 064e 01       		.uleb128 0x1
 1401 064f 50       		.byte	0x50
 1402 0650 02       		.uleb128 0x2
 1403 0651 08       		.byte	0x8
 1404 0652 64       		.byte	0x64
 1405 0653 00       		.byte	0
 1406 0654 10       		.uleb128 0x10
 1407 0655 E6010000 		.4byte	.LVL76
 1408 0659 28070000 		.4byte	0x728
 1409 065d 78060000 		.4byte	0x678
 1410 0661 11       		.uleb128 0x11
 1411 0662 01       		.uleb128 0x1
 1412 0663 50       		.byte	0x50
 1413 0664 01       		.uleb128 0x1
 1414 0665 48       		.byte	0x48
 1415 0666 11       		.uleb128 0x11
 1416 0667 01       		.uleb128 0x1
 1417 0668 51       		.byte	0x51
 1418 0669 01       		.uleb128 0x1
 1419 066a 3C       		.byte	0x3c
 1420 066b 11       		.uleb128 0x11
 1421 066c 01       		.uleb128 0x1
 1422 066d 52       		.byte	0x52
 1423 066e 01       		.uleb128 0x1
 1424 066f 32       		.byte	0x32
 1425 0670 11       		.uleb128 0x11
 1426 0671 01       		.uleb128 0x1
 1427 0672 53       		.byte	0x53
 1428 0673 03       		.uleb128 0x3
 1429 0674 91       		.byte	0x91
 1430 0675 B47F     		.sleb128 -76
 1431 0677 00       		.byte	0
 1432 0678 12       		.uleb128 0x12
 1433 0679 0E020000 		.4byte	.LVL80
 1434 067d 33070000 		.4byte	0x733
 1435 0681 11       		.uleb128 0x11
 1436 0682 01       		.uleb128 0x1
 1437 0683 50       		.byte	0x50
 1438 0684 03       		.uleb128 0x3
 1439 0685 91       		.byte	0x91
 1440 0686 B87F     		.sleb128 -72
 1441 0688 11       		.uleb128 0x11
 1442 0689 01       		.uleb128 0x1
 1443 068a 51       		.byte	0x51
 1444 068b 01       		.uleb128 0x1
 1445 068c 34       		.byte	0x34
 1446 068d 00       		.byte	0
 1447 068e 00       		.byte	0
 1448 068f 14       		.uleb128 0x14
 1449 0690 C7000000 		.4byte	0xc7
ARM GAS  C:\Users\Lory\AppData\Local\Temp\ccJ9Doy4.s 			page 33


 1450 0694 9F060000 		.4byte	0x69f
 1451 0698 15       		.uleb128 0x15
 1452 0699 F9000000 		.4byte	0xf9
 1453 069d 31       		.byte	0x31
 1454 069e 00       		.byte	0
 1455 069f 14       		.uleb128 0x14
 1456 06a0 8C000000 		.4byte	0x8c
 1457 06a4 AF060000 		.4byte	0x6af
 1458 06a8 15       		.uleb128 0x15
 1459 06a9 F9000000 		.4byte	0xf9
 1460 06ad 03       		.byte	0x3
 1461 06ae 00       		.byte	0
 1462 06af 14       		.uleb128 0x14
 1463 06b0 8C000000 		.4byte	0x8c
 1464 06b4 BF060000 		.4byte	0x6bf
 1465 06b8 15       		.uleb128 0x15
 1466 06b9 F9000000 		.4byte	0xf9
 1467 06bd 01       		.byte	0x1
 1468 06be 00       		.byte	0
 1469 06bf 16       		.uleb128 0x16
 1470 06c0 11020000 		.4byte	.LASF50
 1471 06c4 0A       		.byte	0xa
 1472 06c5 1207     		.2byte	0x712
 1473 06c7 CB060000 		.4byte	0x6cb
 1474 06cb 17       		.uleb128 0x17
 1475 06cc A2000000 		.4byte	0xa2
 1476 06d0 18       		.uleb128 0x18
 1477 06d1 2E000000 		.4byte	.LASF36
 1478 06d5 2E000000 		.4byte	.LASF36
 1479 06d9 06       		.byte	0x6
 1480 06da 5D       		.byte	0x5d
 1481 06db 18       		.uleb128 0x18
 1482 06dc 74030000 		.4byte	.LASF37
 1483 06e0 74030000 		.4byte	.LASF37
 1484 06e4 07       		.byte	0x7
 1485 06e5 E7       		.byte	0xe7
 1486 06e6 18       		.uleb128 0x18
 1487 06e7 19000000 		.4byte	.LASF38
 1488 06eb 19000000 		.4byte	.LASF38
 1489 06ef 08       		.byte	0x8
 1490 06f0 8B       		.byte	0x8b
 1491 06f1 18       		.uleb128 0x18
 1492 06f2 84030000 		.4byte	.LASF39
 1493 06f6 84030000 		.4byte	.LASF39
 1494 06fa 06       		.byte	0x6
 1495 06fb 17       		.byte	0x17
 1496 06fc 18       		.uleb128 0x18
 1497 06fd 5F020000 		.4byte	.LASF40
 1498 0701 5F020000 		.4byte	.LASF40
 1499 0705 08       		.byte	0x8
 1500 0706 54       		.byte	0x54
 1501 0707 18       		.uleb128 0x18
 1502 0708 7C030000 		.4byte	.LASF41
 1503 070c 7C030000 		.4byte	.LASF41
 1504 0710 09       		.byte	0x9
 1505 0711 76       		.byte	0x76
 1506 0712 18       		.uleb128 0x18
ARM GAS  C:\Users\Lory\AppData\Local\Temp\ccJ9Doy4.s 			page 34


 1507 0713 7C020000 		.4byte	.LASF42
 1508 0717 7C020000 		.4byte	.LASF42
 1509 071b 06       		.byte	0x6
 1510 071c 28       		.byte	0x28
 1511 071d 18       		.uleb128 0x18
 1512 071e 95010000 		.4byte	.LASF43
 1513 0722 95010000 		.4byte	.LASF43
 1514 0726 06       		.byte	0x6
 1515 0727 43       		.byte	0x43
 1516 0728 18       		.uleb128 0x18
 1517 0729 74010000 		.4byte	.LASF44
 1518 072d 74010000 		.4byte	.LASF44
 1519 0731 06       		.byte	0x6
 1520 0732 36       		.byte	0x36
 1521 0733 18       		.uleb128 0x18
 1522 0734 62000000 		.4byte	.LASF45
 1523 0738 62000000 		.4byte	.LASF45
 1524 073c 08       		.byte	0x8
 1525 073d 8C       		.byte	0x8c
 1526 073e 00       		.byte	0
 1527              		.section	.debug_abbrev,"",%progbits
 1528              	.Ldebug_abbrev0:
 1529 0000 01       		.uleb128 0x1
 1530 0001 11       		.uleb128 0x11
 1531 0002 01       		.byte	0x1
 1532 0003 25       		.uleb128 0x25
 1533 0004 0E       		.uleb128 0xe
 1534 0005 13       		.uleb128 0x13
 1535 0006 0B       		.uleb128 0xb
 1536 0007 03       		.uleb128 0x3
 1537 0008 0E       		.uleb128 0xe
 1538 0009 1B       		.uleb128 0x1b
 1539 000a 0E       		.uleb128 0xe
 1540 000b 55       		.uleb128 0x55
 1541 000c 17       		.uleb128 0x17
 1542 000d 11       		.uleb128 0x11
 1543 000e 01       		.uleb128 0x1
 1544 000f 10       		.uleb128 0x10
 1545 0010 17       		.uleb128 0x17
 1546 0011 00       		.byte	0
 1547 0012 00       		.byte	0
 1548 0013 02       		.uleb128 0x2
 1549 0014 24       		.uleb128 0x24
 1550 0015 00       		.byte	0
 1551 0016 0B       		.uleb128 0xb
 1552 0017 0B       		.uleb128 0xb
 1553 0018 3E       		.uleb128 0x3e
 1554 0019 0B       		.uleb128 0xb
 1555 001a 03       		.uleb128 0x3
 1556 001b 0E       		.uleb128 0xe
 1557 001c 00       		.byte	0
 1558 001d 00       		.byte	0
 1559 001e 03       		.uleb128 0x3
 1560 001f 16       		.uleb128 0x16
 1561 0020 00       		.byte	0
 1562 0021 03       		.uleb128 0x3
 1563 0022 0E       		.uleb128 0xe
ARM GAS  C:\Users\Lory\AppData\Local\Temp\ccJ9Doy4.s 			page 35


 1564 0023 3A       		.uleb128 0x3a
 1565 0024 0B       		.uleb128 0xb
 1566 0025 3B       		.uleb128 0x3b
 1567 0026 0B       		.uleb128 0xb
 1568 0027 49       		.uleb128 0x49
 1569 0028 13       		.uleb128 0x13
 1570 0029 00       		.byte	0
 1571 002a 00       		.byte	0
 1572 002b 04       		.uleb128 0x4
 1573 002c 24       		.uleb128 0x24
 1574 002d 00       		.byte	0
 1575 002e 0B       		.uleb128 0xb
 1576 002f 0B       		.uleb128 0xb
 1577 0030 3E       		.uleb128 0x3e
 1578 0031 0B       		.uleb128 0xb
 1579 0032 03       		.uleb128 0x3
 1580 0033 08       		.uleb128 0x8
 1581 0034 00       		.byte	0
 1582 0035 00       		.byte	0
 1583 0036 05       		.uleb128 0x5
 1584 0037 16       		.uleb128 0x16
 1585 0038 00       		.byte	0
 1586 0039 03       		.uleb128 0x3
 1587 003a 0E       		.uleb128 0xe
 1588 003b 3A       		.uleb128 0x3a
 1589 003c 0B       		.uleb128 0xb
 1590 003d 3B       		.uleb128 0x3b
 1591 003e 05       		.uleb128 0x5
 1592 003f 49       		.uleb128 0x49
 1593 0040 13       		.uleb128 0x13
 1594 0041 00       		.byte	0
 1595 0042 00       		.byte	0
 1596 0043 06       		.uleb128 0x6
 1597 0044 04       		.uleb128 0x4
 1598 0045 01       		.byte	0x1
 1599 0046 0B       		.uleb128 0xb
 1600 0047 0B       		.uleb128 0xb
 1601 0048 49       		.uleb128 0x49
 1602 0049 13       		.uleb128 0x13
 1603 004a 3A       		.uleb128 0x3a
 1604 004b 0B       		.uleb128 0xb
 1605 004c 3B       		.uleb128 0x3b
 1606 004d 0B       		.uleb128 0xb
 1607 004e 01       		.uleb128 0x1
 1608 004f 13       		.uleb128 0x13
 1609 0050 00       		.byte	0
 1610 0051 00       		.byte	0
 1611 0052 07       		.uleb128 0x7
 1612 0053 28       		.uleb128 0x28
 1613 0054 00       		.byte	0
 1614 0055 03       		.uleb128 0x3
 1615 0056 0E       		.uleb128 0xe
 1616 0057 1C       		.uleb128 0x1c
 1617 0058 0B       		.uleb128 0xb
 1618 0059 00       		.byte	0
 1619 005a 00       		.byte	0
 1620 005b 08       		.uleb128 0x8
ARM GAS  C:\Users\Lory\AppData\Local\Temp\ccJ9Doy4.s 			page 36


 1621 005c 2E       		.uleb128 0x2e
 1622 005d 01       		.byte	0x1
 1623 005e 3F       		.uleb128 0x3f
 1624 005f 19       		.uleb128 0x19
 1625 0060 03       		.uleb128 0x3
 1626 0061 0E       		.uleb128 0xe
 1627 0062 3A       		.uleb128 0x3a
 1628 0063 0B       		.uleb128 0xb
 1629 0064 3B       		.uleb128 0x3b
 1630 0065 0B       		.uleb128 0xb
 1631 0066 27       		.uleb128 0x27
 1632 0067 19       		.uleb128 0x19
 1633 0068 49       		.uleb128 0x49
 1634 0069 13       		.uleb128 0x13
 1635 006a 8701     		.uleb128 0x87
 1636 006c 19       		.uleb128 0x19
 1637 006d 11       		.uleb128 0x11
 1638 006e 01       		.uleb128 0x1
 1639 006f 12       		.uleb128 0x12
 1640 0070 06       		.uleb128 0x6
 1641 0071 40       		.uleb128 0x40
 1642 0072 18       		.uleb128 0x18
 1643 0073 9742     		.uleb128 0x2117
 1644 0075 19       		.uleb128 0x19
 1645 0076 01       		.uleb128 0x1
 1646 0077 13       		.uleb128 0x13
 1647 0078 00       		.byte	0
 1648 0079 00       		.byte	0
 1649 007a 09       		.uleb128 0x9
 1650 007b 34       		.uleb128 0x34
 1651 007c 00       		.byte	0
 1652 007d 03       		.uleb128 0x3
 1653 007e 0E       		.uleb128 0xe
 1654 007f 3A       		.uleb128 0x3a
 1655 0080 0B       		.uleb128 0xb
 1656 0081 3B       		.uleb128 0x3b
 1657 0082 0B       		.uleb128 0xb
 1658 0083 49       		.uleb128 0x49
 1659 0084 13       		.uleb128 0x13
 1660 0085 02       		.uleb128 0x2
 1661 0086 18       		.uleb128 0x18
 1662 0087 00       		.byte	0
 1663 0088 00       		.byte	0
 1664 0089 0A       		.uleb128 0xa
 1665 008a 34       		.uleb128 0x34
 1666 008b 00       		.byte	0
 1667 008c 03       		.uleb128 0x3
 1668 008d 0E       		.uleb128 0xe
 1669 008e 3A       		.uleb128 0x3a
 1670 008f 0B       		.uleb128 0xb
 1671 0090 3B       		.uleb128 0x3b
 1672 0091 0B       		.uleb128 0xb
 1673 0092 49       		.uleb128 0x49
 1674 0093 13       		.uleb128 0x13
 1675 0094 02       		.uleb128 0x2
 1676 0095 17       		.uleb128 0x17
 1677 0096 00       		.byte	0
ARM GAS  C:\Users\Lory\AppData\Local\Temp\ccJ9Doy4.s 			page 37


 1678 0097 00       		.byte	0
 1679 0098 0B       		.uleb128 0xb
 1680 0099 34       		.uleb128 0x34
 1681 009a 00       		.byte	0
 1682 009b 03       		.uleb128 0x3
 1683 009c 0E       		.uleb128 0xe
 1684 009d 3A       		.uleb128 0x3a
 1685 009e 0B       		.uleb128 0xb
 1686 009f 3B       		.uleb128 0x3b
 1687 00a0 05       		.uleb128 0x5
 1688 00a1 49       		.uleb128 0x49
 1689 00a2 13       		.uleb128 0x13
 1690 00a3 02       		.uleb128 0x2
 1691 00a4 17       		.uleb128 0x17
 1692 00a5 00       		.byte	0
 1693 00a6 00       		.byte	0
 1694 00a7 0C       		.uleb128 0xc
 1695 00a8 34       		.uleb128 0x34
 1696 00a9 00       		.byte	0
 1697 00aa 03       		.uleb128 0x3
 1698 00ab 0E       		.uleb128 0xe
 1699 00ac 3A       		.uleb128 0x3a
 1700 00ad 0B       		.uleb128 0xb
 1701 00ae 3B       		.uleb128 0x3b
 1702 00af 05       		.uleb128 0x5
 1703 00b0 49       		.uleb128 0x49
 1704 00b1 13       		.uleb128 0x13
 1705 00b2 1C       		.uleb128 0x1c
 1706 00b3 0D       		.uleb128 0xd
 1707 00b4 00       		.byte	0
 1708 00b5 00       		.byte	0
 1709 00b6 0D       		.uleb128 0xd
 1710 00b7 34       		.uleb128 0x34
 1711 00b8 00       		.byte	0
 1712 00b9 03       		.uleb128 0x3
 1713 00ba 0E       		.uleb128 0xe
 1714 00bb 3A       		.uleb128 0x3a
 1715 00bc 0B       		.uleb128 0xb
 1716 00bd 3B       		.uleb128 0x3b
 1717 00be 05       		.uleb128 0x5
 1718 00bf 49       		.uleb128 0x49
 1719 00c0 13       		.uleb128 0x13
 1720 00c1 02       		.uleb128 0x2
 1721 00c2 18       		.uleb128 0x18
 1722 00c3 00       		.byte	0
 1723 00c4 00       		.byte	0
 1724 00c5 0E       		.uleb128 0xe
 1725 00c6 0B       		.uleb128 0xb
 1726 00c7 01       		.byte	0x1
 1727 00c8 11       		.uleb128 0x11
 1728 00c9 01       		.uleb128 0x1
 1729 00ca 12       		.uleb128 0x12
 1730 00cb 06       		.uleb128 0x6
 1731 00cc 01       		.uleb128 0x1
 1732 00cd 13       		.uleb128 0x13
 1733 00ce 00       		.byte	0
 1734 00cf 00       		.byte	0
ARM GAS  C:\Users\Lory\AppData\Local\Temp\ccJ9Doy4.s 			page 38


 1735 00d0 0F       		.uleb128 0xf
 1736 00d1 34       		.uleb128 0x34
 1737 00d2 00       		.byte	0
 1738 00d3 03       		.uleb128 0x3
 1739 00d4 08       		.uleb128 0x8
 1740 00d5 3A       		.uleb128 0x3a
 1741 00d6 0B       		.uleb128 0xb
 1742 00d7 3B       		.uleb128 0x3b
 1743 00d8 0B       		.uleb128 0xb
 1744 00d9 49       		.uleb128 0x49
 1745 00da 13       		.uleb128 0x13
 1746 00db 02       		.uleb128 0x2
 1747 00dc 17       		.uleb128 0x17
 1748 00dd 00       		.byte	0
 1749 00de 00       		.byte	0
 1750 00df 10       		.uleb128 0x10
 1751 00e0 898201   		.uleb128 0x4109
 1752 00e3 01       		.byte	0x1
 1753 00e4 11       		.uleb128 0x11
 1754 00e5 01       		.uleb128 0x1
 1755 00e6 31       		.uleb128 0x31
 1756 00e7 13       		.uleb128 0x13
 1757 00e8 01       		.uleb128 0x1
 1758 00e9 13       		.uleb128 0x13
 1759 00ea 00       		.byte	0
 1760 00eb 00       		.byte	0
 1761 00ec 11       		.uleb128 0x11
 1762 00ed 8A8201   		.uleb128 0x410a
 1763 00f0 00       		.byte	0
 1764 00f1 02       		.uleb128 0x2
 1765 00f2 18       		.uleb128 0x18
 1766 00f3 9142     		.uleb128 0x2111
 1767 00f5 18       		.uleb128 0x18
 1768 00f6 00       		.byte	0
 1769 00f7 00       		.byte	0
 1770 00f8 12       		.uleb128 0x12
 1771 00f9 898201   		.uleb128 0x4109
 1772 00fc 01       		.byte	0x1
 1773 00fd 11       		.uleb128 0x11
 1774 00fe 01       		.uleb128 0x1
 1775 00ff 31       		.uleb128 0x31
 1776 0100 13       		.uleb128 0x13
 1777 0101 00       		.byte	0
 1778 0102 00       		.byte	0
 1779 0103 13       		.uleb128 0x13
 1780 0104 898201   		.uleb128 0x4109
 1781 0107 00       		.byte	0
 1782 0108 11       		.uleb128 0x11
 1783 0109 01       		.uleb128 0x1
 1784 010a 31       		.uleb128 0x31
 1785 010b 13       		.uleb128 0x13
 1786 010c 00       		.byte	0
 1787 010d 00       		.byte	0
 1788 010e 14       		.uleb128 0x14
 1789 010f 01       		.uleb128 0x1
 1790 0110 01       		.byte	0x1
 1791 0111 49       		.uleb128 0x49
ARM GAS  C:\Users\Lory\AppData\Local\Temp\ccJ9Doy4.s 			page 39


 1792 0112 13       		.uleb128 0x13
 1793 0113 01       		.uleb128 0x1
 1794 0114 13       		.uleb128 0x13
 1795 0115 00       		.byte	0
 1796 0116 00       		.byte	0
 1797 0117 15       		.uleb128 0x15
 1798 0118 21       		.uleb128 0x21
 1799 0119 00       		.byte	0
 1800 011a 49       		.uleb128 0x49
 1801 011b 13       		.uleb128 0x13
 1802 011c 2F       		.uleb128 0x2f
 1803 011d 0B       		.uleb128 0xb
 1804 011e 00       		.byte	0
 1805 011f 00       		.byte	0
 1806 0120 16       		.uleb128 0x16
 1807 0121 34       		.uleb128 0x34
 1808 0122 00       		.byte	0
 1809 0123 03       		.uleb128 0x3
 1810 0124 0E       		.uleb128 0xe
 1811 0125 3A       		.uleb128 0x3a
 1812 0126 0B       		.uleb128 0xb
 1813 0127 3B       		.uleb128 0x3b
 1814 0128 05       		.uleb128 0x5
 1815 0129 49       		.uleb128 0x49
 1816 012a 13       		.uleb128 0x13
 1817 012b 3F       		.uleb128 0x3f
 1818 012c 19       		.uleb128 0x19
 1819 012d 3C       		.uleb128 0x3c
 1820 012e 19       		.uleb128 0x19
 1821 012f 00       		.byte	0
 1822 0130 00       		.byte	0
 1823 0131 17       		.uleb128 0x17
 1824 0132 35       		.uleb128 0x35
 1825 0133 00       		.byte	0
 1826 0134 49       		.uleb128 0x49
 1827 0135 13       		.uleb128 0x13
 1828 0136 00       		.byte	0
 1829 0137 00       		.byte	0
 1830 0138 18       		.uleb128 0x18
 1831 0139 2E       		.uleb128 0x2e
 1832 013a 00       		.byte	0
 1833 013b 3F       		.uleb128 0x3f
 1834 013c 19       		.uleb128 0x19
 1835 013d 3C       		.uleb128 0x3c
 1836 013e 19       		.uleb128 0x19
 1837 013f 6E       		.uleb128 0x6e
 1838 0140 0E       		.uleb128 0xe
 1839 0141 03       		.uleb128 0x3
 1840 0142 0E       		.uleb128 0xe
 1841 0143 3A       		.uleb128 0x3a
 1842 0144 0B       		.uleb128 0xb
 1843 0145 3B       		.uleb128 0x3b
 1844 0146 0B       		.uleb128 0xb
 1845 0147 00       		.byte	0
 1846 0148 00       		.byte	0
 1847 0149 00       		.byte	0
 1848              		.section	.debug_loc,"",%progbits
ARM GAS  C:\Users\Lory\AppData\Local\Temp\ccJ9Doy4.s 			page 40


 1849              	.Ldebug_loc0:
 1850              	.LLST0:
 1851 0000 42000000 		.4byte	.LVL8
 1852 0004 4C000000 		.4byte	.LVL9
 1853 0008 0100     		.2byte	0x1
 1854 000a 50       		.byte	0x50
 1855 000b 58000000 		.4byte	.LVL12
 1856 000f 5A000000 		.4byte	.LVL13
 1857 0013 0100     		.2byte	0x1
 1858 0015 50       		.byte	0x50
 1859 0016 6A000000 		.4byte	.LVL15
 1860 001a 74000000 		.4byte	.LVL16
 1861 001e 0100     		.2byte	0x1
 1862 0020 50       		.byte	0x50
 1863 0021 80000000 		.4byte	.LVL19
 1864 0025 82000000 		.4byte	.LVL20
 1865 0029 0100     		.2byte	0x1
 1866 002b 50       		.byte	0x50
 1867 002c 92000000 		.4byte	.LVL22
 1868 0030 9C000000 		.4byte	.LVL23
 1869 0034 0100     		.2byte	0x1
 1870 0036 50       		.byte	0x50
 1871 0037 A8000000 		.4byte	.LVL26
 1872 003b AA000000 		.4byte	.LVL27
 1873 003f 0100     		.2byte	0x1
 1874 0041 50       		.byte	0x50
 1875 0042 CA000000 		.4byte	.LVL30
 1876 0046 D4000000 		.4byte	.LVL31
 1877 004a 0100     		.2byte	0x1
 1878 004c 50       		.byte	0x50
 1879 004d E0000000 		.4byte	.LVL34
 1880 0051 E2000000 		.4byte	.LVL35
 1881 0055 0100     		.2byte	0x1
 1882 0057 50       		.byte	0x50
 1883 0058 F2000000 		.4byte	.LVL37
 1884 005c FC000000 		.4byte	.LVL38
 1885 0060 0100     		.2byte	0x1
 1886 0062 50       		.byte	0x50
 1887 0063 08010000 		.4byte	.LVL41
 1888 0067 0A010000 		.4byte	.LVL42
 1889 006b 0100     		.2byte	0x1
 1890 006d 50       		.byte	0x50
 1891 006e 18010000 		.4byte	.LVL44
 1892 0072 22010000 		.4byte	.LVL45
 1893 0076 0100     		.2byte	0x1
 1894 0078 50       		.byte	0x50
 1895 0079 2E010000 		.4byte	.LVL48
 1896 007d 30010000 		.4byte	.LVL49
 1897 0081 0100     		.2byte	0x1
 1898 0083 50       		.byte	0x50
 1899 0084 4E010000 		.4byte	.LVL53
 1900 0088 58010000 		.4byte	.LVL54
 1901 008c 0100     		.2byte	0x1
 1902 008e 50       		.byte	0x50
 1903 008f 64010000 		.4byte	.LVL57
 1904 0093 66010000 		.4byte	.LVL58
 1905 0097 0100     		.2byte	0x1
ARM GAS  C:\Users\Lory\AppData\Local\Temp\ccJ9Doy4.s 			page 41


 1906 0099 50       		.byte	0x50
 1907 009a 76010000 		.4byte	.LVL60
 1908 009e 80010000 		.4byte	.LVL61
 1909 00a2 0100     		.2byte	0x1
 1910 00a4 50       		.byte	0x50
 1911 00a5 8C010000 		.4byte	.LVL64
 1912 00a9 8E010000 		.4byte	.LVL65
 1913 00ad 0100     		.2byte	0x1
 1914 00af 50       		.byte	0x50
 1915 00b0 AC010000 		.4byte	.LVL68
 1916 00b4 B6010000 		.4byte	.LVL69
 1917 00b8 0100     		.2byte	0x1
 1918 00ba 50       		.byte	0x50
 1919 00bb C2010000 		.4byte	.LVL72
 1920 00bf C4010000 		.4byte	.LVL73
 1921 00c3 0100     		.2byte	0x1
 1922 00c5 50       		.byte	0x50
 1923 00c6 E6010000 		.4byte	.LVL76
 1924 00ca 0A020000 		.4byte	.LVL79
 1925 00ce 0100     		.2byte	0x1
 1926 00d0 50       		.byte	0x50
 1927 00d1 00000000 		.4byte	0
 1928 00d5 00000000 		.4byte	0
 1929              	.LLST1:
 1930 00d9 FA010000 		.4byte	.LVL77
 1931 00dd 02020000 		.4byte	.LVL78
 1932 00e1 0100     		.2byte	0x1
 1933 00e3 53       		.byte	0x53
 1934 00e4 02020000 		.4byte	.LVL78
 1935 00e8 0D020000 		.4byte	.LVL80-1
 1936 00ec 1400     		.2byte	0x14
 1937 00ee 72       		.byte	0x72
 1938 00ef 00       		.sleb128 0
 1939 00f0 38       		.byte	0x38
 1940 00f1 24       		.byte	0x24
 1941 00f2 91       		.byte	0x91
 1942 00f3 B47F     		.sleb128 -76
 1943 00f5 94       		.byte	0x94
 1944 00f6 01       		.byte	0x1
 1945 00f7 08       		.byte	0x8
 1946 00f8 FF       		.byte	0xff
 1947 00f9 1A       		.byte	0x1a
 1948 00fa 21       		.byte	0x21
 1949 00fb 09       		.byte	0x9
 1950 00fc F4       		.byte	0xf4
 1951 00fd 24       		.byte	0x24
 1952 00fe 09       		.byte	0x9
 1953 00ff FA       		.byte	0xfa
 1954 0100 26       		.byte	0x26
 1955 0101 9F       		.byte	0x9f
 1956 0102 00000000 		.4byte	0
 1957 0106 00000000 		.4byte	0
 1958              	.LLST2:
 1959 010a 14000000 		.4byte	.LVL2
 1960 010e 18000000 		.4byte	.LVL3
 1961 0112 0200     		.2byte	0x2
 1962 0114 30       		.byte	0x30
ARM GAS  C:\Users\Lory\AppData\Local\Temp\ccJ9Doy4.s 			page 42


 1963 0115 9F       		.byte	0x9f
 1964 0116 18000000 		.4byte	.LVL3
 1965 011a 38010000 		.4byte	.LVL51
 1966 011e 0100     		.2byte	0x1
 1967 0120 54       		.byte	0x54
 1968 0121 00000000 		.4byte	0
 1969 0125 00000000 		.4byte	0
 1970              		.section	.debug_aranges,"",%progbits
 1971 0000 1C000000 		.4byte	0x1c
 1972 0004 0200     		.2byte	0x2
 1973 0006 00000000 		.4byte	.Ldebug_info0
 1974 000a 04       		.byte	0x4
 1975 000b 00       		.byte	0
 1976 000c 0000     		.2byte	0
 1977 000e 0000     		.2byte	0
 1978 0010 00000000 		.4byte	.LFB64
 1979 0014 54020000 		.4byte	.LFE64-.LFB64
 1980 0018 00000000 		.4byte	0
 1981 001c 00000000 		.4byte	0
 1982              		.section	.debug_ranges,"",%progbits
 1983              	.Ldebug_ranges0:
 1984 0000 00000000 		.4byte	.LFB64
 1985 0004 54020000 		.4byte	.LFE64
 1986 0008 00000000 		.4byte	0
 1987 000c 00000000 		.4byte	0
 1988              		.section	.debug_line,"",%progbits
 1989              	.Ldebug_line0:
 1990 0000 6C020000 		.section	.debug_str,"MS",%progbits,1
 1990      0200FD01 
 1990      00000201 
 1990      FB0E0D00 
 1990      01010101 
 1991              	.LASF24:
 1992 0000 6D657373 		.ascii	"message\000"
 1992      61676500 
 1993              	.LASF32:
 1994 0008 68656164 		.ascii	"header\000"
 1994      657200
 1995              	.LASF2:
 1996 000f 5F5F7569 		.ascii	"__uint8_t\000"
 1996      6E74385F 
 1996      7400
 1997              	.LASF38:
 1998 0019 55415254 		.ascii	"UART_Debug_PutString\000"
 1998      5F446562 
 1998      75675F50 
 1998      75745374 
 1998      72696E67 
 1999              	.LASF36:
 2000 002e 4932435F 		.ascii	"I2C_Peripheral_IsDeviceConnected\000"
 2000      50657269 
 2000      70686572 
 2000      616C5F49 
 2000      73446576 
 2001              	.LASF6:
 2002 004f 5F5F696E 		.ascii	"__int32_t\000"
 2002      7433325F 
ARM GAS  C:\Users\Lory\AppData\Local\Temp\ccJ9Doy4.s 			page 43


 2002      7400
 2003              	.LASF7:
 2004 0059 6C6F6E67 		.ascii	"long int\000"
 2004      20696E74 
 2004      00
 2005              	.LASF45:
 2006 0062 55415254 		.ascii	"UART_Debug_PutArray\000"
 2006      5F446562 
 2006      75675F50 
 2006      75744172 
 2006      72617900 
 2007              	.LASF21:
 2008 0076 4572726F 		.ascii	"ErrorCode\000"
 2008      72436F64 
 2008      6500
 2009              	.LASF35:
 2010 0080 54656D70 		.ascii	"TemperatureData\000"
 2010      65726174 
 2010      75726544 
 2010      61746100 
 2011              	.LASF16:
 2012 0090 666C6F61 		.ascii	"float\000"
 2012      7400
 2013              	.LASF34:
 2014 0096 4F757441 		.ascii	"OutArray\000"
 2014      72726179 
 2014      00
 2015              	.LASF1:
 2016 009f 756E7369 		.ascii	"unsigned char\000"
 2016      676E6564 
 2016      20636861 
 2016      7200
 2017              	.LASF46:
 2018 00ad 474E5520 		.ascii	"GNU C11 5.4.1 20160609 (release) [ARM/embedded-5-br"
 2018      43313120 
 2018      352E342E 
 2018      31203230 
 2018      31363036 
 2019 00e0 616E6368 		.ascii	"anch revision 237715] -mcpu=cortex-m3 -mthumb -g -O"
 2019      20726576 
 2019      6973696F 
 2019      6E203233 
 2019      37373135 
 2020 0113 67202D66 		.ascii	"g -ffunction-sections -ffat-lto-objects\000"
 2020      66756E63 
 2020      74696F6E 
 2020      2D736563 
 2020      74696F6E 
 2021              	.LASF15:
 2022 013b 696E7431 		.ascii	"int16\000"
 2022      3600
 2023              	.LASF8:
 2024 0141 6C6F6E67 		.ascii	"long unsigned int\000"
 2024      20756E73 
 2024      69676E65 
 2024      6420696E 
 2024      7400
ARM GAS  C:\Users\Lory\AppData\Local\Temp\ccJ9Doy4.s 			page 44


 2025              	.LASF5:
 2026 0153 73686F72 		.ascii	"short unsigned int\000"
 2026      7420756E 
 2026      7369676E 
 2026      65642069 
 2026      6E7400
 2027              	.LASF33:
 2028 0166 666F6F74 		.ascii	"footer\000"
 2028      657200
 2029              	.LASF17:
 2030 016d 646F7562 		.ascii	"double\000"
 2030      6C6500
 2031              	.LASF44:
 2032 0174 4932435F 		.ascii	"I2C_Peripheral_ReadRegisterMulti\000"
 2032      50657269 
 2032      70686572 
 2032      616C5F52 
 2032      65616452 
 2033              	.LASF43:
 2034 0195 4932435F 		.ascii	"I2C_Peripheral_WriteRegister\000"
 2034      50657269 
 2034      70686572 
 2034      616C5F57 
 2034      72697465 
 2035              	.LASF49:
 2036 01b2 6D61696E 		.ascii	"main\000"
 2036      00
 2037              	.LASF3:
 2038 01b7 5F5F696E 		.ascii	"__int16_t\000"
 2038      7431365F 
 2038      7400
 2039              	.LASF28:
 2040 01c1 6374726C 		.ascii	"ctrl_reg1\000"
 2040      5F726567 
 2040      3100
 2041              	.LASF30:
 2042 01cb 6374726C 		.ascii	"ctrl_reg4\000"
 2042      5F726567 
 2042      3400
 2043              	.LASF11:
 2044 01d5 756E7369 		.ascii	"unsigned int\000"
 2044      676E6564 
 2044      20696E74 
 2044      00
 2045              	.LASF10:
 2046 01e2 6C6F6E67 		.ascii	"long long unsigned int\000"
 2046      206C6F6E 
 2046      6720756E 
 2046      7369676E 
 2046      65642069 
 2047              	.LASF12:
 2048 01f9 75696E74 		.ascii	"uint8_t\000"
 2048      385F7400 
 2049              	.LASF31:
 2050 0201 4F757454 		.ascii	"OutTemp\000"
 2050      656D7000 
 2051              	.LASF13:
ARM GAS  C:\Users\Lory\AppData\Local\Temp\ccJ9Doy4.s 			page 45


 2052 0209 696E7431 		.ascii	"int16_t\000"
 2052      365F7400 
 2053              	.LASF50:
 2054 0211 49544D5F 		.ascii	"ITM_RxBuffer\000"
 2054      52784275 
 2054      66666572 
 2054      00
 2055              	.LASF29:
 2056 021e 746D705F 		.ascii	"tmp_cfg_reg\000"
 2056      6366675F 
 2056      72656700 
 2057              	.LASF27:
 2058 022a 73746174 		.ascii	"status_register\000"
 2058      75735F72 
 2058      65676973 
 2058      74657200 
 2059              	.LASF14:
 2060 023a 696E7433 		.ascii	"int32_t\000"
 2060      325F7400 
 2061              	.LASF23:
 2062 0242 73697A65 		.ascii	"sizetype\000"
 2062      74797065 
 2062      00
 2063              	.LASF26:
 2064 024b 6572726F 		.ascii	"error\000"
 2064      7200
 2065              	.LASF9:
 2066 0251 6C6F6E67 		.ascii	"long long int\000"
 2066      206C6F6E 
 2066      6720696E 
 2066      7400
 2067              	.LASF40:
 2068 025f 55415254 		.ascii	"UART_Debug_Start\000"
 2068      5F446562 
 2068      75675F53 
 2068      74617274 
 2068      00
 2069              	.LASF47:
 2070 0270 6D61696E 		.ascii	"main.c\000"
 2070      2E6300
 2071              	.LASF18:
 2072 0277 63686172 		.ascii	"char\000"
 2072      00
 2073              	.LASF42:
 2074 027c 4932435F 		.ascii	"I2C_Peripheral_ReadRegister\000"
 2074      50657269 
 2074      70686572 
 2074      616C5F52 
 2074      65616452 
 2075              	.LASF48:
 2076 0298 433A5C55 		.ascii	"C:\\Users\\Lory\\Desktop\\Laboratorio di Tecnologie"
 2076      73657273 
 2076      5C4C6F72 
 2076      795C4465 
 2076      736B746F 
 2077 02c7 20456C65 		.ascii	" Elettroniche e Biosensori\\II_SEMESTRE\\PRACTICE\\"
 2077      7474726F 
ARM GAS  C:\Users\Lory\AppData\Local\Temp\ccJ9Doy4.s 			page 46


 2077      6E696368 
 2077      65206520 
 2077      42696F73 
 2078 02f7 50536F43 		.ascii	"PSoC_03_Complete\\PSoC_03\\03-I2C_Master_Advanced_C"
 2078      5F30335F 
 2078      436F6D70 
 2078      6C657465 
 2078      5C50536F 
 2079 0328 6F6D706C 		.ascii	"omplete.cydsn\000"
 2079      6574652E 
 2079      63796473 
 2079      6E00
 2080              	.LASF4:
 2081 0336 73686F72 		.ascii	"short int\000"
 2081      7420696E 
 2081      7400
 2082              	.LASF19:
 2083 0340 4E4F5F45 		.ascii	"NO_ERROR\000"
 2083      52524F52 
 2083      00
 2084              	.LASF20:
 2085 0349 4552524F 		.ascii	"ERROR\000"
 2085      5200
 2086              	.LASF22:
 2087 034f 6C6F6E67 		.ascii	"long double\000"
 2087      20646F75 
 2087      626C6500 
 2088              	.LASF0:
 2089 035b 7369676E 		.ascii	"signed char\000"
 2089      65642063 
 2089      68617200 
 2090              	.LASF25:
 2091 0367 77686F5F 		.ascii	"who_am_i_reg\000"
 2091      616D5F69 
 2091      5F726567 
 2091      00
 2092              	.LASF37:
 2093 0374 73707269 		.ascii	"sprintf\000"
 2093      6E746600 
 2094              	.LASF41:
 2095 037c 43794465 		.ascii	"CyDelay\000"
 2095      6C617900 
 2096              	.LASF39:
 2097 0384 4932435F 		.ascii	"I2C_Peripheral_Start\000"
 2097      50657269 
 2097      70686572 
 2097      616C5F53 
 2097      74617274 
 2098              		.ident	"GCC: (GNU Tools for ARM Embedded Processors) 5.4.1 20160609 (release) [ARM/embedded-5-bran
