ARM GAS  C:\Users\Lory\AppData\Local\Temp\ccWsrIlr.s 			page 1


   1              		.syntax unified
   2              		.cpu cortex-m3
   3              		.fpu softvfp
   4              		.eabi_attribute 20, 1
   5              		.eabi_attribute 21, 1
   6              		.eabi_attribute 23, 3
   7              		.eabi_attribute 24, 1
   8              		.eabi_attribute 25, 1
   9              		.eabi_attribute 26, 1
  10              		.eabi_attribute 30, 1
  11              		.eabi_attribute 34, 1
  12              		.eabi_attribute 18, 4
  13              		.thumb
  14              		.syntax unified
  15              		.file	"InterruptRoutines.c"
  16              		.text
  17              	.Ltext0:
  18              		.cfi_sections	.debug_frame
  19              		.global	__aeabi_i2f
  20              		.global	__aeabi_f2iz
  21              		.section	.text.ISR_ACC_CUSTOM,"ax",%progbits
  22              		.align	2
  23              		.global	ISR_ACC_CUSTOM
  24              		.thumb
  25              		.thumb_func
  26              		.type	ISR_ACC_CUSTOM, %function
  27              	ISR_ACC_CUSTOM:
  28              	.LFB63:
  29              		.file 1 "InterruptRoutines.c"
   1:InterruptRoutines.c **** /* ========================================
   2:InterruptRoutines.c ****  *
   3:InterruptRoutines.c ****  * In this file a custom interrupt is defined.
   4:InterruptRoutines.c ****  * The purpose of this ISR is to handle LIS3DH
   5:InterruptRoutines.c ****  * data retrieval, processing and packing.
   6:InterruptRoutines.c ****  * The ISR is syncronized with the data rate
   7:InterruptRoutines.c ****  * of the accelerometer and is triggered by a
   8:InterruptRoutines.c ****  * timer every 10ms (100Hz).
   9:InterruptRoutines.c ****  *
  10:InterruptRoutines.c ****  * -> Data retrieval (I2C): 
  11:InterruptRoutines.c ****  * Readings of inertial measurements is archived 
  12:InterruptRoutines.c ****  * using I2C communication. First the status 
  13:InterruptRoutines.c ****  * register is read to check for new available data,
  14:InterruptRoutines.c ****  * then low and high registers of the axis are
  15:InterruptRoutines.c ****  * retrieved and stored in a temporary uint8 buffer.
  16:InterruptRoutines.c ****  *
  17:InterruptRoutines.c ****  * -> Data processing:
  18:InterruptRoutines.c ****  * Low and high registers are merged together, then right
  19:InterruptRoutines.c ****  * adjusted and stored in a signed 16-bit integer variable.
  20:InterruptRoutines.c ****  * Being the measurement a signed 12-bit value, it ranges
  21:InterruptRoutines.c ****  * from -2048 to 2047, representing an FSR of +-4g units. 
  22:InterruptRoutines.c ****  * The value is then converted in um/s^2 units 
  23:InterruptRoutines.c ****  * (10^-6 * m/s^2) without losing data precision.
  24:InterruptRoutines.c ****  *
  25:InterruptRoutines.c ****  * -> Data packing:
  26:InterruptRoutines.c ****  * All 3 axes processed measurements are divided in 4 chunks
  27:InterruptRoutines.c ****  * of 8-bit data each and placed in a buffer as follows:
  28:InterruptRoutines.c ****  * 
ARM GAS  C:\Users\Lory\AppData\Local\Temp\ccWsrIlr.s 			page 2


  29:InterruptRoutines.c ****  * DATA = [         HEADER        |  8-bit
  30:InterruptRoutines.c ****  *        | X_1 | X_2 | X_3 | X_4 | 32-bit
  31:InterruptRoutines.c ****  *        | Y_1 | Y_2 | Y_3 | Y_4 | 32-bit
  32:InterruptRoutines.c ****  *        | Z_1 | Z_2 | Z_3 | Z_4 | 32-bit
  33:InterruptRoutines.c ****  *        |          TAIL         ]  8-bit 
  34:InterruptRoutines.c ****  *
  35:InterruptRoutines.c ****  * for a total length of 112 bit of new data available 
  36:InterruptRoutines.c ****  * for UART transmission every 10ms.
  37:InterruptRoutines.c ****  *
  38:InterruptRoutines.c ****  * ========================================
  39:InterruptRoutines.c **** */
  40:InterruptRoutines.c **** 
  41:InterruptRoutines.c **** 
  42:InterruptRoutines.c **** /* Include project dependencies. */
  43:InterruptRoutines.c **** #include "InterruptRoutines.h"
  44:InterruptRoutines.c **** 
  45:InterruptRoutines.c **** 
  46:InterruptRoutines.c **** /* Custom ISR function to read, process and pack LIS3DH inertial measurements data. */
  47:InterruptRoutines.c **** CY_ISR(ISR_ACC_CUSTOM)
  48:InterruptRoutines.c **** {
  30              		.loc 1 48 0
  31              		.cfi_startproc
  32              		@ args = 0, pretend = 0, frame = 0
  33              		@ frame_needed = 0, uses_anonymous_args = 0
  34 0000 70B5     		push	{r4, r5, r6, lr}
  35              		.cfi_def_cfa_offset 16
  36              		.cfi_offset 4, -16
  37              		.cfi_offset 5, -12
  38              		.cfi_offset 6, -8
  39              		.cfi_offset 14, -4
  40 0002 82B0     		sub	sp, sp, #8
  41              		.cfi_def_cfa_offset 24
  49:InterruptRoutines.c ****     /* Bring interrupt line low. */
  50:InterruptRoutines.c ****     ISR_Timer_ReadStatusRegister();
  42              		.loc 1 50 0
  43 0004 FFF7FEFF 		bl	ISR_Timer_ReadStatusRegister
  44              	.LVL0:
  51:InterruptRoutines.c **** 
  52:InterruptRoutines.c ****     /* Read accelerometer status register. */
  53:InterruptRoutines.c ****     error = I2C_Peripheral_ReadRegister(LIS3DH_DEVICE_ADDRESS, LIS3DH_STATUS_REG, &statusReg);
  45              		.loc 1 53 0
  46 0008 394A     		ldr	r2, .L4
  47 000a 2721     		movs	r1, #39
  48 000c 1820     		movs	r0, #24
  49 000e FFF7FEFF 		bl	I2C_Peripheral_ReadRegister
  50              	.LVL1:
  51 0012 384B     		ldr	r3, .L4+4
  52 0014 1870     		strb	r0, [r3]
  54:InterruptRoutines.c ****     if (error == ERROR) return; // If error occurs return from the function
  53              		.loc 1 54 0
  54 0016 0128     		cmp	r0, #1
  55 0018 68D0     		beq	.L1
  55:InterruptRoutines.c ****     
  56:InterruptRoutines.c ****     /* If 3-axes accelerometer data is ready for reading. */
  57:InterruptRoutines.c ****     if ((statusReg & LIS3DH_DATA_READY_MASK) == LIS3DH_DATA_READY_MASK)
  56              		.loc 1 57 0
  57 001a 354B     		ldr	r3, .L4
ARM GAS  C:\Users\Lory\AppData\Local\Temp\ccWsrIlr.s 			page 3


  58 001c 1B78     		ldrb	r3, [r3]	@ zero_extendqisi2
  59 001e 13F0080F 		tst	r3, #8
  60 0022 63D0     		beq	.L1
  61              	.LBB2:
  58:InterruptRoutines.c ****     {
  59:InterruptRoutines.c ****         /* 
  60:InterruptRoutines.c ****          * Read X axis values over I2C communication and process the data. 
  61:InterruptRoutines.c ****          */ 
  62:InterruptRoutines.c ****         error = I2C_Peripheral_ReadRegisterMulti(LIS3DH_DEVICE_ADDRESS, LIS3DH_OUT_X_L, 2, &tempBuf
  62              		.loc 1 62 0
  63 0024 344B     		ldr	r3, .L4+8
  64 0026 0222     		movs	r2, #2
  65 0028 2821     		movs	r1, #40
  66 002a 1820     		movs	r0, #24
  67 002c FFF7FEFF 		bl	I2C_Peripheral_ReadRegisterMulti
  68              	.LVL2:
  69 0030 304B     		ldr	r3, .L4+4
  70 0032 1870     		strb	r0, [r3]
  63:InterruptRoutines.c ****         if (error == ERROR) return; // If error occurs return from the function
  71              		.loc 1 63 0
  72 0034 0128     		cmp	r0, #1
  73 0036 59D0     		beq	.L1
  64:InterruptRoutines.c ****         int32_t xAxis = RightAdjustVal(tempBuffer, true, 4); // Merge X axis low and high registers
  74              		.loc 1 64 0
  75 0038 2F4C     		ldr	r4, .L4+8
  76 003a 0422     		movs	r2, #4
  77 003c 0121     		movs	r1, #1
  78 003e 2046     		mov	r0, r4
  79 0040 FFF7FEFF 		bl	RightAdjustVal
  80              	.LVL3:
  65:InterruptRoutines.c ****         xAxis = MinMaxScaler(xAxis, -ACC_RAW_SCALE, ACC_RAW_SCALE, -ACC_UMS2_SCALE, ACC_UMS2_SCALE)
  81              		.loc 1 65 0
  82 0044 FFF7FEFF 		bl	__aeabi_i2f
  83              	.LVL4:
  84 0048 2C4B     		ldr	r3, .L4+12
  85 004a 0093     		str	r3, [sp]	@ float
  86 004c 2C4B     		ldr	r3, .L4+16
  87 004e 4FF08A42 		mov	r2, #1157627904
  88 0052 4FF04541 		mov	r1, #-989855744
  89 0056 FFF7FEFF 		bl	MinMaxScaler
  90              	.LVL5:
  91 005a FFF7FEFF 		bl	__aeabi_f2iz
  92              	.LVL6:
  93 005e 0546     		mov	r5, r0
  94              	.LVL7:
  66:InterruptRoutines.c ****         
  67:InterruptRoutines.c ****         /* 
  68:InterruptRoutines.c ****          * Read Y axis values over I2C communication and process the data. 
  69:InterruptRoutines.c ****          */
  70:InterruptRoutines.c ****         error = I2C_Peripheral_ReadRegisterMulti(LIS3DH_DEVICE_ADDRESS, LIS3DH_OUT_Y_L, 2, &tempBuf
  95              		.loc 1 70 0
  96 0060 2346     		mov	r3, r4
  97 0062 0222     		movs	r2, #2
  98 0064 2A21     		movs	r1, #42
  99 0066 1820     		movs	r0, #24
 100              	.LVL8:
 101 0068 FFF7FEFF 		bl	I2C_Peripheral_ReadRegisterMulti
ARM GAS  C:\Users\Lory\AppData\Local\Temp\ccWsrIlr.s 			page 4


 102              	.LVL9:
 103 006c 214B     		ldr	r3, .L4+4
 104 006e 1870     		strb	r0, [r3]
  71:InterruptRoutines.c ****         if (error == ERROR) return; // If error occurs return from the function
 105              		.loc 1 71 0
 106 0070 0128     		cmp	r0, #1
 107 0072 3BD0     		beq	.L1
  72:InterruptRoutines.c ****         int32_t yAxis = RightAdjustVal(tempBuffer, true, 4); // Merge Y axis low and high registers
 108              		.loc 1 72 0
 109 0074 0422     		movs	r2, #4
 110 0076 0121     		movs	r1, #1
 111 0078 2046     		mov	r0, r4
 112 007a FFF7FEFF 		bl	RightAdjustVal
 113              	.LVL10:
  73:InterruptRoutines.c ****         yAxis = MinMaxScaler(yAxis, -ACC_RAW_SCALE, ACC_RAW_SCALE, -ACC_UMS2_SCALE, ACC_UMS2_SCALE)
 114              		.loc 1 73 0
 115 007e FFF7FEFF 		bl	__aeabi_i2f
 116              	.LVL11:
 117 0082 1E4B     		ldr	r3, .L4+12
 118 0084 0093     		str	r3, [sp]	@ float
 119 0086 1E4B     		ldr	r3, .L4+16
 120 0088 4FF08A42 		mov	r2, #1157627904
 121 008c 4FF04541 		mov	r1, #-989855744
 122 0090 FFF7FEFF 		bl	MinMaxScaler
 123              	.LVL12:
 124 0094 FFF7FEFF 		bl	__aeabi_f2iz
 125              	.LVL13:
 126 0098 0646     		mov	r6, r0
 127              	.LVL14:
  74:InterruptRoutines.c ****         
  75:InterruptRoutines.c ****         /* 
  76:InterruptRoutines.c ****          * Read Z axis values over I2C communication and process the data. 
  77:InterruptRoutines.c ****          */
  78:InterruptRoutines.c ****         error = I2C_Peripheral_ReadRegisterMulti(LIS3DH_DEVICE_ADDRESS, LIS3DH_OUT_Z_L, 2, &tempBuf
 128              		.loc 1 78 0
 129 009a 2346     		mov	r3, r4
 130 009c 0222     		movs	r2, #2
 131 009e 2C21     		movs	r1, #44
 132 00a0 1820     		movs	r0, #24
 133              	.LVL15:
 134 00a2 FFF7FEFF 		bl	I2C_Peripheral_ReadRegisterMulti
 135              	.LVL16:
 136 00a6 134B     		ldr	r3, .L4+4
 137 00a8 1870     		strb	r0, [r3]
  79:InterruptRoutines.c ****         if (error == ERROR) return; // If error occurs return from the function
 138              		.loc 1 79 0
 139 00aa 0128     		cmp	r0, #1
 140 00ac 1ED0     		beq	.L1
  80:InterruptRoutines.c ****         int32_t zAxis = RightAdjustVal(tempBuffer, true, 4); // Merge Z axis low and high registers
 141              		.loc 1 80 0
 142 00ae 0422     		movs	r2, #4
 143 00b0 0121     		movs	r1, #1
 144 00b2 2046     		mov	r0, r4
 145 00b4 FFF7FEFF 		bl	RightAdjustVal
 146              	.LVL17:
  81:InterruptRoutines.c ****         zAxis = MinMaxScaler(zAxis, -ACC_RAW_SCALE, ACC_RAW_SCALE, -ACC_UMS2_SCALE, ACC_UMS2_SCALE)
 147              		.loc 1 81 0
ARM GAS  C:\Users\Lory\AppData\Local\Temp\ccWsrIlr.s 			page 5


 148 00b8 FFF7FEFF 		bl	__aeabi_i2f
 149              	.LVL18:
 150 00bc 0F4B     		ldr	r3, .L4+12
 151 00be 0093     		str	r3, [sp]	@ float
 152 00c0 0F4B     		ldr	r3, .L4+16
 153 00c2 4FF08A42 		mov	r2, #1157627904
 154 00c6 4FF04541 		mov	r1, #-989855744
 155 00ca FFF7FEFF 		bl	MinMaxScaler
 156              	.LVL19:
 157 00ce FFF7FEFF 		bl	__aeabi_f2iz
 158              	.LVL20:
  82:InterruptRoutines.c ****         
  83:InterruptRoutines.c ****         /* 
  84:InterruptRoutines.c ****          * Load 112-bit message containing all axes data to be send in main function over UART comm
  85:InterruptRoutines.c ****          */
  86:InterruptRoutines.c ****         LoadAxesData(dataBuffer, xAxis, yAxis, zAxis, DATA_BUFFER_HEADER, DATA_BUFFER_TAIL);
 159              		.loc 1 86 0
 160 00d2 F023     		movs	r3, #240
 161 00d4 0193     		str	r3, [sp, #4]
 162 00d6 7023     		movs	r3, #112
 163 00d8 0093     		str	r3, [sp]
 164 00da 0346     		mov	r3, r0
 165 00dc 3246     		mov	r2, r6
 166 00de 2946     		mov	r1, r5
 167 00e0 0848     		ldr	r0, .L4+20
 168              	.LVL21:
 169 00e2 FFF7FEFF 		bl	LoadAxesData
 170              	.LVL22:
  87:InterruptRoutines.c ****         packetReadyFlag = true; // New data ready for transmission
 171              		.loc 1 87 0
 172 00e6 0122     		movs	r2, #1
 173 00e8 074B     		ldr	r3, .L4+24
 174 00ea 1A70     		strb	r2, [r3]
 175              	.LVL23:
 176              	.L1:
 177              	.LBE2:
  88:InterruptRoutines.c ****     }
  89:InterruptRoutines.c **** }
 178              		.loc 1 89 0
 179 00ec 02B0     		add	sp, sp, #8
 180              		.cfi_def_cfa_offset 16
 181              		@ sp needed
 182 00ee 70BD     		pop	{r4, r5, r6, pc}
 183              	.L5:
 184              		.align	2
 185              	.L4:
 186 00f0 00000000 		.word	statusReg
 187 00f4 00000000 		.word	error
 188 00f8 00000000 		.word	tempBuffer
 189 00fc 3AA3154C 		.word	1276486458
 190 0100 3AA315CC 		.word	-870997190
 191 0104 00000000 		.word	dataBuffer
 192 0108 00000000 		.word	packetReadyFlag
 193              		.cfi_endproc
 194              	.LFE63:
 195              		.size	ISR_ACC_CUSTOM, .-ISR_ACC_CUSTOM
 196              		.comm	error,1,1
ARM GAS  C:\Users\Lory\AppData\Local\Temp\ccWsrIlr.s 			page 6


 197              		.comm	statusReg,1,1
 198              		.comm	packetReadyFlag,1,1
 199              		.comm	tempBuffer,2,4
 200              		.comm	dataBuffer,14,4
 201              		.text
 202              	.Letext0:
 203              		.file 2 "c:\\program files (x86)\\cypress\\psoc creator\\4.3\\psoc creator\\import\\gnu\\arm\\5.4.
 204              		.file 3 "c:\\program files (x86)\\cypress\\psoc creator\\4.3\\psoc creator\\import\\gnu\\arm\\5.4.
 205              		.file 4 "Generated_Source\\PSoC5/cytypes.h"
 206              		.file 5 "ErrorCodes.h"
 207              		.file 6 "Generated_Source\\PSoC5/core_cm3.h"
 208              		.file 7 "InterruptRoutines.h"
 209              		.file 8 "I2C_Interface.h"
 210              		.file 9 "AccelUtils.h"
 211              		.file 10 "Generated_Source\\PSoC5/ISR_Timer.h"
 212              		.section	.debug_info,"",%progbits
 213              	.Ldebug_info0:
 214 0000 44030000 		.4byte	0x344
 215 0004 0400     		.2byte	0x4
 216 0006 00000000 		.4byte	.Ldebug_abbrev0
 217 000a 04       		.byte	0x4
 218 000b 01       		.uleb128 0x1
 219 000c F0000000 		.4byte	.LASF38
 220 0010 0C       		.byte	0xc
 221 0011 E4020000 		.4byte	.LASF39
 222 0015 67000000 		.4byte	.LASF40
 223 0019 00000000 		.4byte	.Ldebug_ranges0+0
 224 001d 00000000 		.4byte	0
 225 0021 00000000 		.4byte	.Ldebug_line0
 226 0025 02       		.uleb128 0x2
 227 0026 01       		.byte	0x1
 228 0027 06       		.byte	0x6
 229 0028 BC020000 		.4byte	.LASF0
 230 002c 03       		.uleb128 0x3
 231 002d 00000000 		.4byte	.LASF4
 232 0031 02       		.byte	0x2
 233 0032 1D       		.byte	0x1d
 234 0033 37000000 		.4byte	0x37
 235 0037 02       		.uleb128 0x2
 236 0038 01       		.byte	0x1
 237 0039 08       		.byte	0x8
 238 003a E2000000 		.4byte	.LASF1
 239 003e 02       		.uleb128 0x2
 240 003f 02       		.byte	0x2
 241 0040 05       		.byte	0x5
 242 0041 82020000 		.4byte	.LASF2
 243 0045 02       		.uleb128 0x2
 244 0046 02       		.byte	0x2
 245 0047 07       		.byte	0x7
 246 0048 9D010000 		.4byte	.LASF3
 247 004c 03       		.uleb128 0x3
 248 004d 14000000 		.4byte	.LASF5
 249 0051 02       		.byte	0x2
 250 0052 3F       		.byte	0x3f
 251 0053 57000000 		.4byte	0x57
 252 0057 02       		.uleb128 0x2
 253 0058 04       		.byte	0x4
ARM GAS  C:\Users\Lory\AppData\Local\Temp\ccWsrIlr.s 			page 7


 254 0059 05       		.byte	0x5
 255 005a 1E000000 		.4byte	.LASF6
 256 005e 02       		.uleb128 0x2
 257 005f 04       		.byte	0x4
 258 0060 07       		.byte	0x7
 259 0061 7E010000 		.4byte	.LASF7
 260 0065 02       		.uleb128 0x2
 261 0066 08       		.byte	0x8
 262 0067 05       		.byte	0x5
 263 0068 4D020000 		.4byte	.LASF8
 264 006c 02       		.uleb128 0x2
 265 006d 08       		.byte	0x8
 266 006e 07       		.byte	0x7
 267 006f 17020000 		.4byte	.LASF9
 268 0073 04       		.uleb128 0x4
 269 0074 04       		.byte	0x4
 270 0075 05       		.byte	0x5
 271 0076 696E7400 		.ascii	"int\000"
 272 007a 02       		.uleb128 0x2
 273 007b 04       		.byte	0x4
 274 007c 07       		.byte	0x7
 275 007d 0A020000 		.4byte	.LASF10
 276 0081 03       		.uleb128 0x3
 277 0082 2E020000 		.4byte	.LASF11
 278 0086 03       		.byte	0x3
 279 0087 18       		.byte	0x18
 280 0088 2C000000 		.4byte	0x2c
 281 008c 03       		.uleb128 0x3
 282 008d 36020000 		.4byte	.LASF12
 283 0091 03       		.byte	0x3
 284 0092 2C       		.byte	0x2c
 285 0093 4C000000 		.4byte	0x4c
 286 0097 05       		.uleb128 0x5
 287 0098 8C020000 		.4byte	.LASF13
 288 009c 04       		.byte	0x4
 289 009d E401     		.2byte	0x1e4
 290 009f 37000000 		.4byte	0x37
 291 00a3 02       		.uleb128 0x2
 292 00a4 04       		.byte	0x4
 293 00a5 04       		.byte	0x4
 294 00a6 61000000 		.4byte	.LASF14
 295 00aa 02       		.uleb128 0x2
 296 00ab 08       		.byte	0x8
 297 00ac 04       		.byte	0x4
 298 00ad D7010000 		.4byte	.LASF15
 299 00b1 02       		.uleb128 0x2
 300 00b2 01       		.byte	0x1
 301 00b3 08       		.byte	0x8
 302 00b4 61020000 		.4byte	.LASF16
 303 00b8 02       		.uleb128 0x2
 304 00b9 08       		.byte	0x8
 305 00ba 04       		.byte	0x4
 306 00bb B0020000 		.4byte	.LASF17
 307 00bf 02       		.uleb128 0x2
 308 00c0 04       		.byte	0x4
 309 00c1 07       		.byte	0x7
 310 00c2 3E020000 		.4byte	.LASF18
ARM GAS  C:\Users\Lory\AppData\Local\Temp\ccWsrIlr.s 			page 8


 311 00c6 06       		.uleb128 0x6
 312 00c7 01       		.byte	0x1
 313 00c8 37000000 		.4byte	0x37
 314 00cc 05       		.byte	0x5
 315 00cd 15       		.byte	0x15
 316 00ce DF000000 		.4byte	0xdf
 317 00d2 07       		.uleb128 0x7
 318 00d3 92020000 		.4byte	.LASF19
 319 00d7 00       		.byte	0
 320 00d8 07       		.uleb128 0x7
 321 00d9 9B020000 		.4byte	.LASF20
 322 00dd 01       		.byte	0x1
 323 00de 00       		.byte	0
 324 00df 03       		.uleb128 0x3
 325 00e0 34000000 		.4byte	.LASF21
 326 00e4 05       		.byte	0x5
 327 00e5 18       		.byte	0x18
 328 00e6 C6000000 		.4byte	0xc6
 329 00ea 08       		.uleb128 0x8
 330 00eb C8010000 		.4byte	.LASF41
 331 00ef 01       		.byte	0x1
 332 00f0 2F       		.byte	0x2f
 333 00f1 00000000 		.4byte	.LFB63
 334 00f5 0C010000 		.4byte	.LFE63-.LFB63
 335 00f9 01       		.uleb128 0x1
 336 00fa 9C       		.byte	0x9c
 337 00fb 73020000 		.4byte	0x273
 338 00ff 09       		.uleb128 0x9
 339 0100 24000000 		.4byte	.LBB2
 340 0104 C8000000 		.4byte	.LBE2-.LBB2
 341 0108 4B020000 		.4byte	0x24b
 342 010c 0A       		.uleb128 0xa
 343 010d 5B020000 		.4byte	.LASF22
 344 0111 01       		.byte	0x1
 345 0112 40       		.byte	0x40
 346 0113 8C000000 		.4byte	0x8c
 347 0117 00000000 		.4byte	.LLST0
 348 011b 0A       		.uleb128 0xa
 349 011c DE020000 		.4byte	.LASF23
 350 0120 01       		.byte	0x1
 351 0121 48       		.byte	0x48
 352 0122 8C000000 		.4byte	0x8c
 353 0126 2F000000 		.4byte	.LLST1
 354 012a 0A       		.uleb128 0xa
 355 012b 5B000000 		.4byte	.LASF24
 356 012f 01       		.byte	0x1
 357 0130 50       		.byte	0x50
 358 0131 8C000000 		.4byte	0x8c
 359 0135 5E000000 		.4byte	.LLST2
 360 0139 0B       		.uleb128 0xb
 361 013a 30000000 		.4byte	.LVL2
 362 013e 05030000 		.4byte	0x305
 363 0142 60010000 		.4byte	0x160
 364 0146 0C       		.uleb128 0xc
 365 0147 01       		.uleb128 0x1
 366 0148 50       		.byte	0x50
 367 0149 01       		.uleb128 0x1
ARM GAS  C:\Users\Lory\AppData\Local\Temp\ccWsrIlr.s 			page 9


 368 014a 48       		.byte	0x48
 369 014b 0C       		.uleb128 0xc
 370 014c 01       		.uleb128 0x1
 371 014d 51       		.byte	0x51
 372 014e 02       		.uleb128 0x2
 373 014f 08       		.byte	0x8
 374 0150 28       		.byte	0x28
 375 0151 0C       		.uleb128 0xc
 376 0152 01       		.uleb128 0x1
 377 0153 52       		.byte	0x52
 378 0154 01       		.uleb128 0x1
 379 0155 32       		.byte	0x32
 380 0156 0C       		.uleb128 0xc
 381 0157 01       		.uleb128 0x1
 382 0158 53       		.byte	0x53
 383 0159 05       		.uleb128 0x5
 384 015a 03       		.byte	0x3
 385 015b 00000000 		.4byte	tempBuffer
 386 015f 00       		.byte	0
 387 0160 0B       		.uleb128 0xb
 388 0161 44000000 		.4byte	.LVL3
 389 0165 10030000 		.4byte	0x310
 390 0169 7E010000 		.4byte	0x17e
 391 016d 0C       		.uleb128 0xc
 392 016e 01       		.uleb128 0x1
 393 016f 50       		.byte	0x50
 394 0170 02       		.uleb128 0x2
 395 0171 74       		.byte	0x74
 396 0172 00       		.sleb128 0
 397 0173 0C       		.uleb128 0xc
 398 0174 01       		.uleb128 0x1
 399 0175 51       		.byte	0x51
 400 0176 01       		.uleb128 0x1
 401 0177 31       		.byte	0x31
 402 0178 0C       		.uleb128 0xc
 403 0179 01       		.uleb128 0x1
 404 017a 52       		.byte	0x52
 405 017b 01       		.uleb128 0x1
 406 017c 34       		.byte	0x34
 407 017d 00       		.byte	0
 408 017e 0D       		.uleb128 0xd
 409 017f 5A000000 		.4byte	.LVL5
 410 0183 1B030000 		.4byte	0x31b
 411 0187 0B       		.uleb128 0xb
 412 0188 6C000000 		.4byte	.LVL9
 413 018c 05030000 		.4byte	0x305
 414 0190 AB010000 		.4byte	0x1ab
 415 0194 0C       		.uleb128 0xc
 416 0195 01       		.uleb128 0x1
 417 0196 50       		.byte	0x50
 418 0197 01       		.uleb128 0x1
 419 0198 48       		.byte	0x48
 420 0199 0C       		.uleb128 0xc
 421 019a 01       		.uleb128 0x1
 422 019b 51       		.byte	0x51
 423 019c 02       		.uleb128 0x2
 424 019d 08       		.byte	0x8
ARM GAS  C:\Users\Lory\AppData\Local\Temp\ccWsrIlr.s 			page 10


 425 019e 2A       		.byte	0x2a
 426 019f 0C       		.uleb128 0xc
 427 01a0 01       		.uleb128 0x1
 428 01a1 52       		.byte	0x52
 429 01a2 01       		.uleb128 0x1
 430 01a3 32       		.byte	0x32
 431 01a4 0C       		.uleb128 0xc
 432 01a5 01       		.uleb128 0x1
 433 01a6 53       		.byte	0x53
 434 01a7 02       		.uleb128 0x2
 435 01a8 74       		.byte	0x74
 436 01a9 00       		.sleb128 0
 437 01aa 00       		.byte	0
 438 01ab 0B       		.uleb128 0xb
 439 01ac 7E000000 		.4byte	.LVL10
 440 01b0 10030000 		.4byte	0x310
 441 01b4 C9010000 		.4byte	0x1c9
 442 01b8 0C       		.uleb128 0xc
 443 01b9 01       		.uleb128 0x1
 444 01ba 50       		.byte	0x50
 445 01bb 02       		.uleb128 0x2
 446 01bc 74       		.byte	0x74
 447 01bd 00       		.sleb128 0
 448 01be 0C       		.uleb128 0xc
 449 01bf 01       		.uleb128 0x1
 450 01c0 51       		.byte	0x51
 451 01c1 01       		.uleb128 0x1
 452 01c2 31       		.byte	0x31
 453 01c3 0C       		.uleb128 0xc
 454 01c4 01       		.uleb128 0x1
 455 01c5 52       		.byte	0x52
 456 01c6 01       		.uleb128 0x1
 457 01c7 34       		.byte	0x34
 458 01c8 00       		.byte	0
 459 01c9 0D       		.uleb128 0xd
 460 01ca 94000000 		.4byte	.LVL12
 461 01ce 1B030000 		.4byte	0x31b
 462 01d2 0B       		.uleb128 0xb
 463 01d3 A6000000 		.4byte	.LVL16
 464 01d7 05030000 		.4byte	0x305
 465 01db F6010000 		.4byte	0x1f6
 466 01df 0C       		.uleb128 0xc
 467 01e0 01       		.uleb128 0x1
 468 01e1 50       		.byte	0x50
 469 01e2 01       		.uleb128 0x1
 470 01e3 48       		.byte	0x48
 471 01e4 0C       		.uleb128 0xc
 472 01e5 01       		.uleb128 0x1
 473 01e6 51       		.byte	0x51
 474 01e7 02       		.uleb128 0x2
 475 01e8 08       		.byte	0x8
 476 01e9 2C       		.byte	0x2c
 477 01ea 0C       		.uleb128 0xc
 478 01eb 01       		.uleb128 0x1
 479 01ec 52       		.byte	0x52
 480 01ed 01       		.uleb128 0x1
 481 01ee 32       		.byte	0x32
ARM GAS  C:\Users\Lory\AppData\Local\Temp\ccWsrIlr.s 			page 11


 482 01ef 0C       		.uleb128 0xc
 483 01f0 01       		.uleb128 0x1
 484 01f1 53       		.byte	0x53
 485 01f2 02       		.uleb128 0x2
 486 01f3 74       		.byte	0x74
 487 01f4 00       		.sleb128 0
 488 01f5 00       		.byte	0
 489 01f6 0B       		.uleb128 0xb
 490 01f7 B8000000 		.4byte	.LVL17
 491 01fb 10030000 		.4byte	0x310
 492 01ff 14020000 		.4byte	0x214
 493 0203 0C       		.uleb128 0xc
 494 0204 01       		.uleb128 0x1
 495 0205 50       		.byte	0x50
 496 0206 02       		.uleb128 0x2
 497 0207 74       		.byte	0x74
 498 0208 00       		.sleb128 0
 499 0209 0C       		.uleb128 0xc
 500 020a 01       		.uleb128 0x1
 501 020b 51       		.byte	0x51
 502 020c 01       		.uleb128 0x1
 503 020d 31       		.byte	0x31
 504 020e 0C       		.uleb128 0xc
 505 020f 01       		.uleb128 0x1
 506 0210 52       		.byte	0x52
 507 0211 01       		.uleb128 0x1
 508 0212 34       		.byte	0x34
 509 0213 00       		.byte	0
 510 0214 0D       		.uleb128 0xd
 511 0215 CE000000 		.4byte	.LVL19
 512 0219 1B030000 		.4byte	0x31b
 513 021d 0E       		.uleb128 0xe
 514 021e E6000000 		.4byte	.LVL22
 515 0222 26030000 		.4byte	0x326
 516 0226 0C       		.uleb128 0xc
 517 0227 01       		.uleb128 0x1
 518 0228 50       		.byte	0x50
 519 0229 05       		.uleb128 0x5
 520 022a 03       		.byte	0x3
 521 022b 00000000 		.4byte	dataBuffer
 522 022f 0C       		.uleb128 0xc
 523 0230 01       		.uleb128 0x1
 524 0231 51       		.byte	0x51
 525 0232 02       		.uleb128 0x2
 526 0233 75       		.byte	0x75
 527 0234 00       		.sleb128 0
 528 0235 0C       		.uleb128 0xc
 529 0236 01       		.uleb128 0x1
 530 0237 52       		.byte	0x52
 531 0238 02       		.uleb128 0x2
 532 0239 76       		.byte	0x76
 533 023a 00       		.sleb128 0
 534 023b 0C       		.uleb128 0xc
 535 023c 02       		.uleb128 0x2
 536 023d 7D       		.byte	0x7d
 537 023e 00       		.sleb128 0
 538 023f 02       		.uleb128 0x2
ARM GAS  C:\Users\Lory\AppData\Local\Temp\ccWsrIlr.s 			page 12


 539 0240 08       		.byte	0x8
 540 0241 70       		.byte	0x70
 541 0242 0C       		.uleb128 0xc
 542 0243 02       		.uleb128 0x2
 543 0244 7D       		.byte	0x7d
 544 0245 04       		.sleb128 4
 545 0246 02       		.uleb128 0x2
 546 0247 09       		.byte	0x9
 547 0248 F0       		.byte	0xf0
 548 0249 00       		.byte	0
 549 024a 00       		.byte	0
 550 024b 0D       		.uleb128 0xd
 551 024c 08000000 		.4byte	.LVL0
 552 0250 31030000 		.4byte	0x331
 553 0254 0E       		.uleb128 0xe
 554 0255 12000000 		.4byte	.LVL1
 555 0259 3C030000 		.4byte	0x33c
 556 025d 0C       		.uleb128 0xc
 557 025e 01       		.uleb128 0x1
 558 025f 50       		.byte	0x50
 559 0260 01       		.uleb128 0x1
 560 0261 48       		.byte	0x48
 561 0262 0C       		.uleb128 0xc
 562 0263 01       		.uleb128 0x1
 563 0264 51       		.byte	0x51
 564 0265 02       		.uleb128 0x2
 565 0266 08       		.byte	0x8
 566 0267 27       		.byte	0x27
 567 0268 0C       		.uleb128 0xc
 568 0269 01       		.uleb128 0x1
 569 026a 52       		.byte	0x52
 570 026b 05       		.uleb128 0x5
 571 026c 03       		.byte	0x3
 572 026d 00000000 		.4byte	statusReg
 573 0271 00       		.byte	0
 574 0272 00       		.byte	0
 575 0273 0F       		.uleb128 0xf
 576 0274 BB010000 		.4byte	.LASF25
 577 0278 06       		.byte	0x6
 578 0279 1207     		.2byte	0x712
 579 027b 7F020000 		.4byte	0x27f
 580 027f 10       		.uleb128 0x10
 581 0280 8C000000 		.4byte	0x8c
 582 0284 11       		.uleb128 0x11
 583 0285 81000000 		.4byte	0x81
 584 0289 94020000 		.4byte	0x294
 585 028d 12       		.uleb128 0x12
 586 028e BF000000 		.4byte	0xbf
 587 0292 0D       		.byte	0xd
 588 0293 00       		.byte	0
 589 0294 13       		.uleb128 0x13
 590 0295 FF010000 		.4byte	.LASF26
 591 0299 07       		.byte	0x7
 592 029a 20       		.byte	0x20
 593 029b 84020000 		.4byte	0x284
 594 029f 05       		.uleb128 0x5
 595 02a0 03       		.byte	0x3
ARM GAS  C:\Users\Lory\AppData\Local\Temp\ccWsrIlr.s 			page 13


 596 02a1 00000000 		.4byte	dataBuffer
 597 02a5 11       		.uleb128 0x11
 598 02a6 81000000 		.4byte	0x81
 599 02aa B5020000 		.4byte	0x2b5
 600 02ae 12       		.uleb128 0x12
 601 02af BF000000 		.4byte	0xbf
 602 02b3 01       		.byte	0x1
 603 02b4 00       		.byte	0
 604 02b5 13       		.uleb128 0x13
 605 02b6 B0010000 		.4byte	.LASF27
 606 02ba 07       		.byte	0x7
 607 02bb 23       		.byte	0x23
 608 02bc A5020000 		.4byte	0x2a5
 609 02c0 05       		.uleb128 0x5
 610 02c1 03       		.byte	0x3
 611 02c2 00000000 		.4byte	tempBuffer
 612 02c6 13       		.uleb128 0x13
 613 02c7 C8020000 		.4byte	.LASF28
 614 02cb 07       		.byte	0x7
 615 02cc 28       		.byte	0x28
 616 02cd DE020000 		.4byte	0x2de
 617 02d1 05       		.uleb128 0x5
 618 02d2 03       		.byte	0x3
 619 02d3 00000000 		.4byte	packetReadyFlag
 620 02d7 02       		.uleb128 0x2
 621 02d8 01       		.byte	0x1
 622 02d9 02       		.byte	0x2
 623 02da D8020000 		.4byte	.LASF29
 624 02de 10       		.uleb128 0x10
 625 02df D7020000 		.4byte	0x2d7
 626 02e3 13       		.uleb128 0x13
 627 02e4 0A000000 		.4byte	.LASF30
 628 02e8 07       		.byte	0x7
 629 02e9 2B       		.byte	0x2b
 630 02ea 97000000 		.4byte	0x97
 631 02ee 05       		.uleb128 0x5
 632 02ef 03       		.byte	0x3
 633 02f0 00000000 		.4byte	statusReg
 634 02f4 13       		.uleb128 0x13
 635 02f5 47020000 		.4byte	.LASF31
 636 02f9 07       		.byte	0x7
 637 02fa 2E       		.byte	0x2e
 638 02fb DF000000 		.4byte	0xdf
 639 02ff 05       		.uleb128 0x5
 640 0300 03       		.byte	0x3
 641 0301 00000000 		.4byte	error
 642 0305 14       		.uleb128 0x14
 643 0306 DE010000 		.4byte	.LASF32
 644 030a DE010000 		.4byte	.LASF32
 645 030e 08       		.byte	0x8
 646 030f 4B       		.byte	0x4b
 647 0310 14       		.uleb128 0x14
 648 0311 A1020000 		.4byte	.LASF33
 649 0315 A1020000 		.4byte	.LASF33
 650 0319 09       		.byte	0x9
 651 031a 23       		.byte	0x23
 652 031b 14       		.uleb128 0x14
ARM GAS  C:\Users\Lory\AppData\Local\Temp\ccWsrIlr.s 			page 14


 653 031c 90010000 		.4byte	.LASF34
 654 0320 90010000 		.4byte	.LASF34
 655 0324 09       		.byte	0x9
 656 0325 20       		.byte	0x20
 657 0326 14       		.uleb128 0x14
 658 0327 27000000 		.4byte	.LASF35
 659 032b 27000000 		.4byte	.LASF35
 660 032f 09       		.byte	0x9
 661 0330 2D       		.byte	0x2d
 662 0331 14       		.uleb128 0x14
 663 0332 3E000000 		.4byte	.LASF36
 664 0336 3E000000 		.4byte	.LASF36
 665 033a 0A       		.byte	0xa
 666 033b 5E       		.byte	0x5e
 667 033c 14       		.uleb128 0x14
 668 033d 66020000 		.4byte	.LASF37
 669 0341 66020000 		.4byte	.LASF37
 670 0345 08       		.byte	0x8
 671 0346 41       		.byte	0x41
 672 0347 00       		.byte	0
 673              		.section	.debug_abbrev,"",%progbits
 674              	.Ldebug_abbrev0:
 675 0000 01       		.uleb128 0x1
 676 0001 11       		.uleb128 0x11
 677 0002 01       		.byte	0x1
 678 0003 25       		.uleb128 0x25
 679 0004 0E       		.uleb128 0xe
 680 0005 13       		.uleb128 0x13
 681 0006 0B       		.uleb128 0xb
 682 0007 03       		.uleb128 0x3
 683 0008 0E       		.uleb128 0xe
 684 0009 1B       		.uleb128 0x1b
 685 000a 0E       		.uleb128 0xe
 686 000b 55       		.uleb128 0x55
 687 000c 17       		.uleb128 0x17
 688 000d 11       		.uleb128 0x11
 689 000e 01       		.uleb128 0x1
 690 000f 10       		.uleb128 0x10
 691 0010 17       		.uleb128 0x17
 692 0011 00       		.byte	0
 693 0012 00       		.byte	0
 694 0013 02       		.uleb128 0x2
 695 0014 24       		.uleb128 0x24
 696 0015 00       		.byte	0
 697 0016 0B       		.uleb128 0xb
 698 0017 0B       		.uleb128 0xb
 699 0018 3E       		.uleb128 0x3e
 700 0019 0B       		.uleb128 0xb
 701 001a 03       		.uleb128 0x3
 702 001b 0E       		.uleb128 0xe
 703 001c 00       		.byte	0
 704 001d 00       		.byte	0
 705 001e 03       		.uleb128 0x3
 706 001f 16       		.uleb128 0x16
 707 0020 00       		.byte	0
 708 0021 03       		.uleb128 0x3
 709 0022 0E       		.uleb128 0xe
ARM GAS  C:\Users\Lory\AppData\Local\Temp\ccWsrIlr.s 			page 15


 710 0023 3A       		.uleb128 0x3a
 711 0024 0B       		.uleb128 0xb
 712 0025 3B       		.uleb128 0x3b
 713 0026 0B       		.uleb128 0xb
 714 0027 49       		.uleb128 0x49
 715 0028 13       		.uleb128 0x13
 716 0029 00       		.byte	0
 717 002a 00       		.byte	0
 718 002b 04       		.uleb128 0x4
 719 002c 24       		.uleb128 0x24
 720 002d 00       		.byte	0
 721 002e 0B       		.uleb128 0xb
 722 002f 0B       		.uleb128 0xb
 723 0030 3E       		.uleb128 0x3e
 724 0031 0B       		.uleb128 0xb
 725 0032 03       		.uleb128 0x3
 726 0033 08       		.uleb128 0x8
 727 0034 00       		.byte	0
 728 0035 00       		.byte	0
 729 0036 05       		.uleb128 0x5
 730 0037 16       		.uleb128 0x16
 731 0038 00       		.byte	0
 732 0039 03       		.uleb128 0x3
 733 003a 0E       		.uleb128 0xe
 734 003b 3A       		.uleb128 0x3a
 735 003c 0B       		.uleb128 0xb
 736 003d 3B       		.uleb128 0x3b
 737 003e 05       		.uleb128 0x5
 738 003f 49       		.uleb128 0x49
 739 0040 13       		.uleb128 0x13
 740 0041 00       		.byte	0
 741 0042 00       		.byte	0
 742 0043 06       		.uleb128 0x6
 743 0044 04       		.uleb128 0x4
 744 0045 01       		.byte	0x1
 745 0046 0B       		.uleb128 0xb
 746 0047 0B       		.uleb128 0xb
 747 0048 49       		.uleb128 0x49
 748 0049 13       		.uleb128 0x13
 749 004a 3A       		.uleb128 0x3a
 750 004b 0B       		.uleb128 0xb
 751 004c 3B       		.uleb128 0x3b
 752 004d 0B       		.uleb128 0xb
 753 004e 01       		.uleb128 0x1
 754 004f 13       		.uleb128 0x13
 755 0050 00       		.byte	0
 756 0051 00       		.byte	0
 757 0052 07       		.uleb128 0x7
 758 0053 28       		.uleb128 0x28
 759 0054 00       		.byte	0
 760 0055 03       		.uleb128 0x3
 761 0056 0E       		.uleb128 0xe
 762 0057 1C       		.uleb128 0x1c
 763 0058 0B       		.uleb128 0xb
 764 0059 00       		.byte	0
 765 005a 00       		.byte	0
 766 005b 08       		.uleb128 0x8
ARM GAS  C:\Users\Lory\AppData\Local\Temp\ccWsrIlr.s 			page 16


 767 005c 2E       		.uleb128 0x2e
 768 005d 01       		.byte	0x1
 769 005e 3F       		.uleb128 0x3f
 770 005f 19       		.uleb128 0x19
 771 0060 03       		.uleb128 0x3
 772 0061 0E       		.uleb128 0xe
 773 0062 3A       		.uleb128 0x3a
 774 0063 0B       		.uleb128 0xb
 775 0064 3B       		.uleb128 0x3b
 776 0065 0B       		.uleb128 0xb
 777 0066 27       		.uleb128 0x27
 778 0067 19       		.uleb128 0x19
 779 0068 11       		.uleb128 0x11
 780 0069 01       		.uleb128 0x1
 781 006a 12       		.uleb128 0x12
 782 006b 06       		.uleb128 0x6
 783 006c 40       		.uleb128 0x40
 784 006d 18       		.uleb128 0x18
 785 006e 9642     		.uleb128 0x2116
 786 0070 19       		.uleb128 0x19
 787 0071 01       		.uleb128 0x1
 788 0072 13       		.uleb128 0x13
 789 0073 00       		.byte	0
 790 0074 00       		.byte	0
 791 0075 09       		.uleb128 0x9
 792 0076 0B       		.uleb128 0xb
 793 0077 01       		.byte	0x1
 794 0078 11       		.uleb128 0x11
 795 0079 01       		.uleb128 0x1
 796 007a 12       		.uleb128 0x12
 797 007b 06       		.uleb128 0x6
 798 007c 01       		.uleb128 0x1
 799 007d 13       		.uleb128 0x13
 800 007e 00       		.byte	0
 801 007f 00       		.byte	0
 802 0080 0A       		.uleb128 0xa
 803 0081 34       		.uleb128 0x34
 804 0082 00       		.byte	0
 805 0083 03       		.uleb128 0x3
 806 0084 0E       		.uleb128 0xe
 807 0085 3A       		.uleb128 0x3a
 808 0086 0B       		.uleb128 0xb
 809 0087 3B       		.uleb128 0x3b
 810 0088 0B       		.uleb128 0xb
 811 0089 49       		.uleb128 0x49
 812 008a 13       		.uleb128 0x13
 813 008b 02       		.uleb128 0x2
 814 008c 17       		.uleb128 0x17
 815 008d 00       		.byte	0
 816 008e 00       		.byte	0
 817 008f 0B       		.uleb128 0xb
 818 0090 898201   		.uleb128 0x4109
 819 0093 01       		.byte	0x1
 820 0094 11       		.uleb128 0x11
 821 0095 01       		.uleb128 0x1
 822 0096 31       		.uleb128 0x31
 823 0097 13       		.uleb128 0x13
ARM GAS  C:\Users\Lory\AppData\Local\Temp\ccWsrIlr.s 			page 17


 824 0098 01       		.uleb128 0x1
 825 0099 13       		.uleb128 0x13
 826 009a 00       		.byte	0
 827 009b 00       		.byte	0
 828 009c 0C       		.uleb128 0xc
 829 009d 8A8201   		.uleb128 0x410a
 830 00a0 00       		.byte	0
 831 00a1 02       		.uleb128 0x2
 832 00a2 18       		.uleb128 0x18
 833 00a3 9142     		.uleb128 0x2111
 834 00a5 18       		.uleb128 0x18
 835 00a6 00       		.byte	0
 836 00a7 00       		.byte	0
 837 00a8 0D       		.uleb128 0xd
 838 00a9 898201   		.uleb128 0x4109
 839 00ac 00       		.byte	0
 840 00ad 11       		.uleb128 0x11
 841 00ae 01       		.uleb128 0x1
 842 00af 31       		.uleb128 0x31
 843 00b0 13       		.uleb128 0x13
 844 00b1 00       		.byte	0
 845 00b2 00       		.byte	0
 846 00b3 0E       		.uleb128 0xe
 847 00b4 898201   		.uleb128 0x4109
 848 00b7 01       		.byte	0x1
 849 00b8 11       		.uleb128 0x11
 850 00b9 01       		.uleb128 0x1
 851 00ba 31       		.uleb128 0x31
 852 00bb 13       		.uleb128 0x13
 853 00bc 00       		.byte	0
 854 00bd 00       		.byte	0
 855 00be 0F       		.uleb128 0xf
 856 00bf 34       		.uleb128 0x34
 857 00c0 00       		.byte	0
 858 00c1 03       		.uleb128 0x3
 859 00c2 0E       		.uleb128 0xe
 860 00c3 3A       		.uleb128 0x3a
 861 00c4 0B       		.uleb128 0xb
 862 00c5 3B       		.uleb128 0x3b
 863 00c6 05       		.uleb128 0x5
 864 00c7 49       		.uleb128 0x49
 865 00c8 13       		.uleb128 0x13
 866 00c9 3F       		.uleb128 0x3f
 867 00ca 19       		.uleb128 0x19
 868 00cb 3C       		.uleb128 0x3c
 869 00cc 19       		.uleb128 0x19
 870 00cd 00       		.byte	0
 871 00ce 00       		.byte	0
 872 00cf 10       		.uleb128 0x10
 873 00d0 35       		.uleb128 0x35
 874 00d1 00       		.byte	0
 875 00d2 49       		.uleb128 0x49
 876 00d3 13       		.uleb128 0x13
 877 00d4 00       		.byte	0
 878 00d5 00       		.byte	0
 879 00d6 11       		.uleb128 0x11
 880 00d7 01       		.uleb128 0x1
ARM GAS  C:\Users\Lory\AppData\Local\Temp\ccWsrIlr.s 			page 18


 881 00d8 01       		.byte	0x1
 882 00d9 49       		.uleb128 0x49
 883 00da 13       		.uleb128 0x13
 884 00db 01       		.uleb128 0x1
 885 00dc 13       		.uleb128 0x13
 886 00dd 00       		.byte	0
 887 00de 00       		.byte	0
 888 00df 12       		.uleb128 0x12
 889 00e0 21       		.uleb128 0x21
 890 00e1 00       		.byte	0
 891 00e2 49       		.uleb128 0x49
 892 00e3 13       		.uleb128 0x13
 893 00e4 2F       		.uleb128 0x2f
 894 00e5 0B       		.uleb128 0xb
 895 00e6 00       		.byte	0
 896 00e7 00       		.byte	0
 897 00e8 13       		.uleb128 0x13
 898 00e9 34       		.uleb128 0x34
 899 00ea 00       		.byte	0
 900 00eb 03       		.uleb128 0x3
 901 00ec 0E       		.uleb128 0xe
 902 00ed 3A       		.uleb128 0x3a
 903 00ee 0B       		.uleb128 0xb
 904 00ef 3B       		.uleb128 0x3b
 905 00f0 0B       		.uleb128 0xb
 906 00f1 49       		.uleb128 0x49
 907 00f2 13       		.uleb128 0x13
 908 00f3 3F       		.uleb128 0x3f
 909 00f4 19       		.uleb128 0x19
 910 00f5 02       		.uleb128 0x2
 911 00f6 18       		.uleb128 0x18
 912 00f7 00       		.byte	0
 913 00f8 00       		.byte	0
 914 00f9 14       		.uleb128 0x14
 915 00fa 2E       		.uleb128 0x2e
 916 00fb 00       		.byte	0
 917 00fc 3F       		.uleb128 0x3f
 918 00fd 19       		.uleb128 0x19
 919 00fe 3C       		.uleb128 0x3c
 920 00ff 19       		.uleb128 0x19
 921 0100 6E       		.uleb128 0x6e
 922 0101 0E       		.uleb128 0xe
 923 0102 03       		.uleb128 0x3
 924 0103 0E       		.uleb128 0xe
 925 0104 3A       		.uleb128 0x3a
 926 0105 0B       		.uleb128 0xb
 927 0106 3B       		.uleb128 0x3b
 928 0107 0B       		.uleb128 0xb
 929 0108 00       		.byte	0
 930 0109 00       		.byte	0
 931 010a 00       		.byte	0
 932              		.section	.debug_loc,"",%progbits
 933              	.Ldebug_loc0:
 934              	.LLST0:
 935 0000 44000000 		.4byte	.LVL3
 936 0004 47000000 		.4byte	.LVL4-1
 937 0008 0700     		.2byte	0x7
ARM GAS  C:\Users\Lory\AppData\Local\Temp\ccWsrIlr.s 			page 19


 938 000a 70       		.byte	0x70
 939 000b 00       		.sleb128 0
 940 000c 40       		.byte	0x40
 941 000d 24       		.byte	0x24
 942 000e 40       		.byte	0x40
 943 000f 26       		.byte	0x26
 944 0010 9F       		.byte	0x9f
 945 0011 60000000 		.4byte	.LVL7
 946 0015 68000000 		.4byte	.LVL8
 947 0019 0100     		.2byte	0x1
 948 001b 50       		.byte	0x50
 949 001c 68000000 		.4byte	.LVL8
 950 0020 EC000000 		.4byte	.LVL23
 951 0024 0100     		.2byte	0x1
 952 0026 55       		.byte	0x55
 953 0027 00000000 		.4byte	0
 954 002b 00000000 		.4byte	0
 955              	.LLST1:
 956 002f 7E000000 		.4byte	.LVL10
 957 0033 81000000 		.4byte	.LVL11-1
 958 0037 0700     		.2byte	0x7
 959 0039 70       		.byte	0x70
 960 003a 00       		.sleb128 0
 961 003b 40       		.byte	0x40
 962 003c 24       		.byte	0x24
 963 003d 40       		.byte	0x40
 964 003e 26       		.byte	0x26
 965 003f 9F       		.byte	0x9f
 966 0040 9A000000 		.4byte	.LVL14
 967 0044 A2000000 		.4byte	.LVL15
 968 0048 0100     		.2byte	0x1
 969 004a 50       		.byte	0x50
 970 004b A2000000 		.4byte	.LVL15
 971 004f EC000000 		.4byte	.LVL23
 972 0053 0100     		.2byte	0x1
 973 0055 56       		.byte	0x56
 974 0056 00000000 		.4byte	0
 975 005a 00000000 		.4byte	0
 976              	.LLST2:
 977 005e B8000000 		.4byte	.LVL17
 978 0062 BB000000 		.4byte	.LVL18-1
 979 0066 0700     		.2byte	0x7
 980 0068 70       		.byte	0x70
 981 0069 00       		.sleb128 0
 982 006a 40       		.byte	0x40
 983 006b 24       		.byte	0x24
 984 006c 40       		.byte	0x40
 985 006d 26       		.byte	0x26
 986 006e 9F       		.byte	0x9f
 987 006f D2000000 		.4byte	.LVL20
 988 0073 E2000000 		.4byte	.LVL21
 989 0077 0100     		.2byte	0x1
 990 0079 50       		.byte	0x50
 991 007a E2000000 		.4byte	.LVL21
 992 007e E5000000 		.4byte	.LVL22-1
 993 0082 0100     		.2byte	0x1
 994 0084 53       		.byte	0x53
ARM GAS  C:\Users\Lory\AppData\Local\Temp\ccWsrIlr.s 			page 20


 995 0085 00000000 		.4byte	0
 996 0089 00000000 		.4byte	0
 997              		.section	.debug_aranges,"",%progbits
 998 0000 1C000000 		.4byte	0x1c
 999 0004 0200     		.2byte	0x2
 1000 0006 00000000 		.4byte	.Ldebug_info0
 1001 000a 04       		.byte	0x4
 1002 000b 00       		.byte	0
 1003 000c 0000     		.2byte	0
 1004 000e 0000     		.2byte	0
 1005 0010 00000000 		.4byte	.LFB63
 1006 0014 0C010000 		.4byte	.LFE63-.LFB63
 1007 0018 00000000 		.4byte	0
 1008 001c 00000000 		.4byte	0
 1009              		.section	.debug_ranges,"",%progbits
 1010              	.Ldebug_ranges0:
 1011 0000 00000000 		.4byte	.LFB63
 1012 0004 0C010000 		.4byte	.LFE63
 1013 0008 00000000 		.4byte	0
 1014 000c 00000000 		.4byte	0
 1015              		.section	.debug_line,"",%progbits
 1016              	.Ldebug_line0:
 1017 0000 DA010000 		.section	.debug_str,"MS",%progbits,1
 1017      0200B201 
 1017      00000201 
 1017      FB0E0D00 
 1017      01010101 
 1018              	.LASF4:
 1019 0000 5F5F7569 		.ascii	"__uint8_t\000"
 1019      6E74385F 
 1019      7400
 1020              	.LASF30:
 1021 000a 73746174 		.ascii	"statusReg\000"
 1021      75735265 
 1021      6700
 1022              	.LASF5:
 1023 0014 5F5F696E 		.ascii	"__int32_t\000"
 1023      7433325F 
 1023      7400
 1024              	.LASF6:
 1025 001e 6C6F6E67 		.ascii	"long int\000"
 1025      20696E74 
 1025      00
 1026              	.LASF35:
 1027 0027 4C6F6164 		.ascii	"LoadAxesData\000"
 1027      41786573 
 1027      44617461 
 1027      00
 1028              	.LASF21:
 1029 0034 4572726F 		.ascii	"ErrorCode\000"
 1029      72436F64 
 1029      6500
 1030              	.LASF36:
 1031 003e 4953525F 		.ascii	"ISR_Timer_ReadStatusRegister\000"
 1031      54696D65 
 1031      725F5265 
 1031      61645374 
ARM GAS  C:\Users\Lory\AppData\Local\Temp\ccWsrIlr.s 			page 21


 1031      61747573 
 1032              	.LASF24:
 1033 005b 7A417869 		.ascii	"zAxis\000"
 1033      7300
 1034              	.LASF14:
 1035 0061 666C6F61 		.ascii	"float\000"
 1035      7400
 1036              	.LASF40:
 1037 0067 433A5C55 		.ascii	"C:\\Users\\Lory\\Desktop\\psoc_assignment_git\\PSoC"
 1037      73657273 
 1037      5C4C6F72 
 1037      795C4465 
 1037      736B746F 
 1038 0095 5F355F41 		.ascii	"_5_Assignment\\AY1920_II_HW_05_GUALNIERA_LORENZO\\A"
 1038      73736967 
 1038      6E6D656E 
 1038      745C4159 
 1038      31393230 
 1039 00c6 59313932 		.ascii	"Y1920_II_HW_05_PROJ_3.cydsn\000"
 1039      305F4949 
 1039      5F48575F 
 1039      30355F50 
 1039      524F4A5F 
 1040              	.LASF1:
 1041 00e2 756E7369 		.ascii	"unsigned char\000"
 1041      676E6564 
 1041      20636861 
 1041      7200
 1042              	.LASF38:
 1043 00f0 474E5520 		.ascii	"GNU C11 5.4.1 20160609 (release) [ARM/embedded-5-br"
 1043      43313120 
 1043      352E342E 
 1043      31203230 
 1043      31363036 
 1044 0123 616E6368 		.ascii	"anch revision 237715] -mcpu=cortex-m3 -mthumb -g -O"
 1044      20726576 
 1044      6973696F 
 1044      6E203233 
 1044      37373135 
 1045 0156 67202D66 		.ascii	"g -ffunction-sections -ffat-lto-objects\000"
 1045      66756E63 
 1045      74696F6E 
 1045      2D736563 
 1045      74696F6E 
 1046              	.LASF7:
 1047 017e 6C6F6E67 		.ascii	"long unsigned int\000"
 1047      20756E73 
 1047      69676E65 
 1047      6420696E 
 1047      7400
 1048              	.LASF34:
 1049 0190 4D696E4D 		.ascii	"MinMaxScaler\000"
 1049      61785363 
 1049      616C6572 
 1049      00
 1050              	.LASF3:
 1051 019d 73686F72 		.ascii	"short unsigned int\000"
ARM GAS  C:\Users\Lory\AppData\Local\Temp\ccWsrIlr.s 			page 22


 1051      7420756E 
 1051      7369676E 
 1051      65642069 
 1051      6E7400
 1052              	.LASF27:
 1053 01b0 74656D70 		.ascii	"tempBuffer\000"
 1053      42756666 
 1053      657200
 1054              	.LASF25:
 1055 01bb 49544D5F 		.ascii	"ITM_RxBuffer\000"
 1055      52784275 
 1055      66666572 
 1055      00
 1056              	.LASF41:
 1057 01c8 4953525F 		.ascii	"ISR_ACC_CUSTOM\000"
 1057      4143435F 
 1057      43555354 
 1057      4F4D00
 1058              	.LASF15:
 1059 01d7 646F7562 		.ascii	"double\000"
 1059      6C6500
 1060              	.LASF32:
 1061 01de 4932435F 		.ascii	"I2C_Peripheral_ReadRegisterMulti\000"
 1061      50657269 
 1061      70686572 
 1061      616C5F52 
 1061      65616452 
 1062              	.LASF26:
 1063 01ff 64617461 		.ascii	"dataBuffer\000"
 1063      42756666 
 1063      657200
 1064              	.LASF10:
 1065 020a 756E7369 		.ascii	"unsigned int\000"
 1065      676E6564 
 1065      20696E74 
 1065      00
 1066              	.LASF9:
 1067 0217 6C6F6E67 		.ascii	"long long unsigned int\000"
 1067      206C6F6E 
 1067      6720756E 
 1067      7369676E 
 1067      65642069 
 1068              	.LASF11:
 1069 022e 75696E74 		.ascii	"uint8_t\000"
 1069      385F7400 
 1070              	.LASF12:
 1071 0236 696E7433 		.ascii	"int32_t\000"
 1071      325F7400 
 1072              	.LASF18:
 1073 023e 73697A65 		.ascii	"sizetype\000"
 1073      74797065 
 1073      00
 1074              	.LASF31:
 1075 0247 6572726F 		.ascii	"error\000"
 1075      7200
 1076              	.LASF8:
 1077 024d 6C6F6E67 		.ascii	"long long int\000"
ARM GAS  C:\Users\Lory\AppData\Local\Temp\ccWsrIlr.s 			page 23


 1077      206C6F6E 
 1077      6720696E 
 1077      7400
 1078              	.LASF22:
 1079 025b 78417869 		.ascii	"xAxis\000"
 1079      7300
 1080              	.LASF16:
 1081 0261 63686172 		.ascii	"char\000"
 1081      00
 1082              	.LASF37:
 1083 0266 4932435F 		.ascii	"I2C_Peripheral_ReadRegister\000"
 1083      50657269 
 1083      70686572 
 1083      616C5F52 
 1083      65616452 
 1084              	.LASF2:
 1085 0282 73686F72 		.ascii	"short int\000"
 1085      7420696E 
 1085      7400
 1086              	.LASF13:
 1087 028c 75696E74 		.ascii	"uint8\000"
 1087      3800
 1088              	.LASF19:
 1089 0292 4E4F5F45 		.ascii	"NO_ERROR\000"
 1089      52524F52 
 1089      00
 1090              	.LASF20:
 1091 029b 4552524F 		.ascii	"ERROR\000"
 1091      5200
 1092              	.LASF33:
 1093 02a1 52696768 		.ascii	"RightAdjustVal\000"
 1093      7441646A 
 1093      75737456 
 1093      616C00
 1094              	.LASF17:
 1095 02b0 6C6F6E67 		.ascii	"long double\000"
 1095      20646F75 
 1095      626C6500 
 1096              	.LASF0:
 1097 02bc 7369676E 		.ascii	"signed char\000"
 1097      65642063 
 1097      68617200 
 1098              	.LASF28:
 1099 02c8 7061636B 		.ascii	"packetReadyFlag\000"
 1099      65745265 
 1099      61647946 
 1099      6C616700 
 1100              	.LASF29:
 1101 02d8 5F426F6F 		.ascii	"_Bool\000"
 1101      6C00
 1102              	.LASF23:
 1103 02de 79417869 		.ascii	"yAxis\000"
 1103      7300
 1104              	.LASF39:
 1105 02e4 496E7465 		.ascii	"InterruptRoutines.c\000"
 1105      72727570 
 1105      74526F75 
ARM GAS  C:\Users\Lory\AppData\Local\Temp\ccWsrIlr.s 			page 24


 1105      74696E65 
 1105      732E6300 
 1106              		.ident	"GCC: (GNU Tools for ARM Embedded Processors) 5.4.1 20160609 (release) [ARM/embedded-5-bran
