--------------- Rebuild Started: 04/26/2020 18:17:19 Project: AY1920_II_HW_05_PROJ_3, Configuration: ARM GCC 5.4-2016-q2-update Debug ---------------
Deleting file ".\CortexM3\ARM_GCC_541\Debug\main.o"
Deleting file ".\CortexM3\ARM_GCC_541\Debug\I2C_Interface.o"
Deleting file ".\CortexM3\ARM_GCC_541\Debug\InterruptRoutines.o"
Deleting file ".\CortexM3\ARM_GCC_541\Debug\AccelUtils.o"
Deleting file ".\CortexM3\ARM_GCC_541\Debug\cyfitter_cfg.o"
Deleting file ".\CortexM3\ARM_GCC_541\Debug\cymetadata.o"
Deleting file ".\CortexM3\ARM_GCC_541\Debug\UART_Debug.o"
Deleting file ".\CortexM3\ARM_GCC_541\Debug\UART_Debug_PM.o"
Deleting file ".\CortexM3\ARM_GCC_541\Debug\UART_Debug_INT.o"
Deleting file ".\CortexM3\ARM_GCC_541\Debug\UART_Debug_BOOT.o"
Deleting file ".\CortexM3\ARM_GCC_541\Debug\SDA_1.o"
Deleting file ".\CortexM3\ARM_GCC_541\Debug\SCL_1.o"
Deleting file ".\CortexM3\ARM_GCC_541\Debug\I2C_Master.o"
Deleting file ".\CortexM3\ARM_GCC_541\Debug\I2C_Master_BOOT.o"
Deleting file ".\CortexM3\ARM_GCC_541\Debug\I2C_Master_INT.o"
Deleting file ".\CortexM3\ARM_GCC_541\Debug\I2C_Master_PM.o"
Deleting file ".\CortexM3\ARM_GCC_541\Debug\I2C_Master_SLAVE.o"
Deleting file ".\CortexM3\ARM_GCC_541\Debug\I2C_Master_MASTER.o"
Deleting file ".\CortexM3\ARM_GCC_541\Debug\UART_Debug_IntClock.o"
Deleting file ".\CortexM3\ARM_GCC_541\Debug\cy_em_eeprom.o"
Deleting file ".\CortexM3\ARM_GCC_541\Debug\Cm3Start.o"
Deleting file ".\CortexM3\ARM_GCC_541\Debug\CyBootAsmGnu.o"
Deleting file ".\CortexM3\ARM_GCC_541\Debug\CyDmac.o"
Deleting file ".\CortexM3\ARM_GCC_541\Debug\CyFlash.o"
Deleting file ".\CortexM3\ARM_GCC_541\Debug\CyLib.o"
Deleting file ".\CortexM3\ARM_GCC_541\Debug\cyPm.o"
Deleting file ".\CortexM3\ARM_GCC_541\Debug\CySpc.o"
Deleting file ".\CortexM3\ARM_GCC_541\Debug\cyutils.o"
Deleting file ".\CortexM3\ARM_GCC_541\Debug\CLOCK_TIMER.o"
Deleting file ".\CortexM3\ARM_GCC_541\Debug\ISR_Timer.o"
Deleting file ".\CortexM3\ARM_GCC_541\Debug\ISR_Timer_PM.o"
Deleting file ".\CortexM3\ARM_GCC_541\Debug\ISR_Acc.o"
Deleting file ".\CortexM3\ARM_GCC_541\Debug\AY1920_II_HW_05_PROJ_3.hex"
Deleting file ".\CortexM3\ARM_GCC_541\Debug\AY1920_II_HW_05_PROJ_3.elf"
Deleting file ".\CortexM3\ARM_GCC_541\Debug\AY1920_II_HW_05_PROJ_3.map"
Deleting file ".\AY1920_II_HW_05_PROJ_3.cycdx"
Deleting file ".\AY1920_II_HW_05_PROJ_3.svd"
Deleting file ".\AY1920_II_HW_05_PROJ_3.rpt"
Deleting file ".\AY1920_II_HW_05_PROJ_3_timing.html"
Deleting file ".\CortexM3\ARM_GCC_541\Debug\.deps\SOURCE_C__ARM_GCC_GENERIC.P"
Deleting file ".\CortexM3\ARM_GCC_541\Debug\.deps\SOURCE_ASM__ARM_GCC_GENERIC.P"
cydsfit.exe -.appdatapath "C:\Users\Lory\AppData\Local\Cypress Semiconductor\PSoC Creator\4.3" -.fdsnotice -.fdswarpdepfile=warp_dependencies.txt -.fdselabdepfile=elab_dependencies.txt -.fdsbldfile=generated_files.txt -.fdsreffile=referenced_files.txt -p C:\Users\Lory\Desktop\psoc_assignment_git\PSoC_5_Assignment\AY1920_II_HW_05_GUALNIERA_LORENZO\AY1920_II_HW_05_PROJ_3.cydsn\AY1920_II_HW_05_PROJ_3.cyprj -d CY8C5888LTI-LP097 -s C:\Users\Lory\Desktop\psoc_assignment_git\PSoC_5_Assignment\AY1920_II_HW_05_GUALNIERA_LORENZO\AY1920_II_HW_05_PROJ_3.cydsn\Generated_Source\PSoC5 -- -yv2 -q10 -ygs -o2 -v3 -.fftcfgtype=LE
Elaborating Design...
HDL Generation...
Synthesis...
Tech Mapping...
Analog Placement...
Analog Routing...
Analog Code Generation...
Digital Placement...
Digital Routing...
Bitstream Generation...
Bitstream Verification...
Static timing analysis...
API Generation...
Dependency Generation...
Cleanup...
arm-none-eabi-gcc.exe -mcpu=cortex-m3 -mthumb -I. -IGenerated_Source\PSoC5 -Wa,-alh=.\CortexM3\ARM_GCC_541\Debug/main.lst -g -D DEBUG -D CY_CORE_ID=0 -Wall -ffunction-sections -ffat-lto-objects -Og -c main.c -o .\CortexM3\ARM_GCC_541\Debug\main.o
arm-none-eabi-gcc.exe -mcpu=cortex-m3 -mthumb -I. -IGenerated_Source\PSoC5 -Wa,-alh=.\CortexM3\ARM_GCC_541\Debug/I2C_Interface.lst -g -D DEBUG -D CY_CORE_ID=0 -Wall -ffunction-sections -ffat-lto-objects -Og -c I2C_Interface.c -o .\CortexM3\ARM_GCC_541\Debug\I2C_Interface.o
arm-none-eabi-gcc.exe -mcpu=cortex-m3 -mthumb -I. -IGenerated_Source\PSoC5 -Wa,-alh=.\CortexM3\ARM_GCC_541\Debug/InterruptRoutines.lst -g -D DEBUG -D CY_CORE_ID=0 -Wall -ffunction-sections -ffat-lto-objects -Og -c InterruptRoutines.c -o .\CortexM3\ARM_GCC_541\Debug\InterruptRoutines.o
arm-none-eabi-gcc.exe -mcpu=cortex-m3 -mthumb -I. -IGenerated_Source\PSoC5 -Wa,-alh=.\CortexM3\ARM_GCC_541\Debug/AccelUtils.lst -g -D DEBUG -D CY_CORE_ID=0 -Wall -ffunction-sections -ffat-lto-objects -Og -c AccelUtils.c -o .\CortexM3\ARM_GCC_541\Debug\AccelUtils.o
arm-none-eabi-gcc.exe -mcpu=cortex-m3 -mthumb -I. -IGenerated_Source\PSoC5 -Wa,-alh=.\CortexM3\ARM_GCC_541\Debug/cyfitter_cfg.lst -g -D DEBUG -D CY_CORE_ID=0 -Wall -ffunction-sections -ffat-lto-objects -Og -c Generated_Source\PSoC5\cyfitter_cfg.c -o .\CortexM3\ARM_GCC_541\Debug\cyfitter_cfg.o
arm-none-eabi-gcc.exe -mcpu=cortex-m3 -mthumb -I. -IGenerated_Source\PSoC5 -Wa,-alh=.\CortexM3\ARM_GCC_541\Debug/cymetadata.lst -g -D DEBUG -D CY_CORE_ID=0 -Wall -ffunction-sections -ffat-lto-objects -Og -c Generated_Source\PSoC5\cymetadata.c -o .\CortexM3\ARM_GCC_541\Debug\cymetadata.o
arm-none-eabi-gcc.exe -mcpu=cortex-m3 -mthumb -I. -IGenerated_Source\PSoC5 -Wa,-alh=.\CortexM3\ARM_GCC_541\Debug/UART_Debug.lst -g -D DEBUG -D CY_CORE_ID=0 -Wall -ffunction-sections -ffat-lto-objects -Og -c Generated_Source\PSoC5\UART_Debug.c -o .\CortexM3\ARM_GCC_541\Debug\UART_Debug.o
arm-none-eabi-gcc.exe -mcpu=cortex-m3 -mthumb -I. -IGenerated_Source\PSoC5 -Wa,-alh=.\CortexM3\ARM_GCC_541\Debug/UART_Debug_PM.lst -g -D DEBUG -D CY_CORE_ID=0 -Wall -ffunction-sections -ffat-lto-objects -Og -c Generated_Source\PSoC5\UART_Debug_PM.c -o .\CortexM3\ARM_GCC_541\Debug\UART_Debug_PM.o
arm-none-eabi-gcc.exe -mcpu=cortex-m3 -mthumb -I. -IGenerated_Source\PSoC5 -Wa,-alh=.\CortexM3\ARM_GCC_541\Debug/UART_Debug_INT.lst -g -D DEBUG -D CY_CORE_ID=0 -Wall -ffunction-sections -ffat-lto-objects -Og -c Generated_Source\PSoC5\UART_Debug_INT.c -o .\CortexM3\ARM_GCC_541\Debug\UART_Debug_INT.o
arm-none-eabi-gcc.exe -mcpu=cortex-m3 -mthumb -I. -IGenerated_Source\PSoC5 -Wa,-alh=.\CortexM3\ARM_GCC_541\Debug/UART_Debug_BOOT.lst -g -D DEBUG -D CY_CORE_ID=0 -Wall -ffunction-sections -ffat-lto-objects -Og -c Generated_Source\PSoC5\UART_Debug_BOOT.c -o .\CortexM3\ARM_GCC_541\Debug\UART_Debug_BOOT.o
arm-none-eabi-gcc.exe -mcpu=cortex-m3 -mthumb -I. -IGenerated_Source\PSoC5 -Wa,-alh=.\CortexM3\ARM_GCC_541\Debug/SDA_1.lst -g -D DEBUG -D CY_CORE_ID=0 -Wall -ffunction-sections -ffat-lto-objects -Og -c Generated_Source\PSoC5\SDA_1.c -o .\CortexM3\ARM_GCC_541\Debug\SDA_1.o
arm-none-eabi-gcc.exe -mcpu=cortex-m3 -mthumb -I. -IGenerated_Source\PSoC5 -Wa,-alh=.\CortexM3\ARM_GCC_541\Debug/SCL_1.lst -g -D DEBUG -D CY_CORE_ID=0 -Wall -ffunction-sections -ffat-lto-objects -Og -c Generated_Source\PSoC5\SCL_1.c -o .\CortexM3\ARM_GCC_541\Debug\SCL_1.o
arm-none-eabi-gcc.exe -mcpu=cortex-m3 -mthumb -I. -IGenerated_Source\PSoC5 -Wa,-alh=.\CortexM3\ARM_GCC_541\Debug/I2C_Master.lst -g -D DEBUG -D CY_CORE_ID=0 -Wall -ffunction-sections -ffat-lto-objects -Og -c Generated_Source\PSoC5\I2C_Master.c -o .\CortexM3\ARM_GCC_541\Debug\I2C_Master.o
arm-none-eabi-gcc.exe -mcpu=cortex-m3 -mthumb -I. -IGenerated_Source\PSoC5 -Wa,-alh=.\CortexM3\ARM_GCC_541\Debug/I2C_Master_BOOT.lst -g -D DEBUG -D CY_CORE_ID=0 -Wall -ffunction-sections -ffat-lto-objects -Og -c Generated_Source\PSoC5\I2C_Master_BOOT.c -o .\CortexM3\ARM_GCC_541\Debug\I2C_Master_BOOT.o
arm-none-eabi-gcc.exe -mcpu=cortex-m3 -mthumb -I. -IGenerated_Source\PSoC5 -Wa,-alh=.\CortexM3\ARM_GCC_541\Debug/I2C_Master_INT.lst -g -D DEBUG -D CY_CORE_ID=0 -Wall -ffunction-sections -ffat-lto-objects -Og -c Generated_Source\PSoC5\I2C_Master_INT.c -o .\CortexM3\ARM_GCC_541\Debug\I2C_Master_INT.o
arm-none-eabi-gcc.exe -mcpu=cortex-m3 -mthumb -I. -IGenerated_Source\PSoC5 -Wa,-alh=.\CortexM3\ARM_GCC_541\Debug/I2C_Master_PM.lst -g -D DEBUG -D CY_CORE_ID=0 -Wall -ffunction-sections -ffat-lto-objects -Og -c Generated_Source\PSoC5\I2C_Master_PM.c -o .\CortexM3\ARM_GCC_541\Debug\I2C_Master_PM.o
arm-none-eabi-gcc.exe -mcpu=cortex-m3 -mthumb -I. -IGenerated_Source\PSoC5 -Wa,-alh=.\CortexM3\ARM_GCC_541\Debug/I2C_Master_SLAVE.lst -g -D DEBUG -D CY_CORE_ID=0 -Wall -ffunction-sections -ffat-lto-objects -Og -c Generated_Source\PSoC5\I2C_Master_SLAVE.c -o .\CortexM3\ARM_GCC_541\Debug\I2C_Master_SLAVE.o
arm-none-eabi-gcc.exe -mcpu=cortex-m3 -mthumb -I. -IGenerated_Source\PSoC5 -Wa,-alh=.\CortexM3\ARM_GCC_541\Debug/I2C_Master_MASTER.lst -g -D DEBUG -D CY_CORE_ID=0 -Wall -ffunction-sections -ffat-lto-objects -Og -c Generated_Source\PSoC5\I2C_Master_MASTER.c -o .\CortexM3\ARM_GCC_541\Debug\I2C_Master_MASTER.o
arm-none-eabi-gcc.exe -mcpu=cortex-m3 -mthumb -I. -IGenerated_Source\PSoC5 -Wa,-alh=.\CortexM3\ARM_GCC_541\Debug/UART_Debug_IntClock.lst -g -D DEBUG -D CY_CORE_ID=0 -Wall -ffunction-sections -ffat-lto-objects -Og -c Generated_Source\PSoC5\UART_Debug_IntClock.c -o .\CortexM3\ARM_GCC_541\Debug\UART_Debug_IntClock.o
arm-none-eabi-gcc.exe -mcpu=cortex-m3 -mthumb -I. -IGenerated_Source\PSoC5 -Wa,-alh=.\CortexM3\ARM_GCC_541\Debug/cy_em_eeprom.lst -g -D DEBUG -D CY_CORE_ID=0 -Wall -ffunction-sections -ffat-lto-objects -Og -c Generated_Source\PSoC5\cy_em_eeprom.c -o .\CortexM3\ARM_GCC_541\Debug\cy_em_eeprom.o
arm-none-eabi-gcc.exe -mcpu=cortex-m3 -mthumb -I. -IGenerated_Source\PSoC5 -Wa,-alh=.\CortexM3\ARM_GCC_541\Debug/Cm3Start.lst -g -D DEBUG -D CY_CORE_ID=0 -Wall -ffunction-sections -ffat-lto-objects -Og -c Generated_Source\PSoC5\Cm3Start.c -o .\CortexM3\ARM_GCC_541\Debug\Cm3Start.o
arm-none-eabi-gcc.exe -mcpu=cortex-m3 -mthumb -I. -IGenerated_Source\PSoC5 -Wa,-alh=.\CortexM3\ARM_GCC_541\Debug/CyDmac.lst -g -D DEBUG -D CY_CORE_ID=0 -Wall -ffunction-sections -ffat-lto-objects -Og -c Generated_Source\PSoC5\CyDmac.c -o .\CortexM3\ARM_GCC_541\Debug\CyDmac.o
arm-none-eabi-gcc.exe -mcpu=cortex-m3 -mthumb -I. -IGenerated_Source\PSoC5 -Wa,-alh=.\CortexM3\ARM_GCC_541\Debug/CyFlash.lst -g -D DEBUG -D CY_CORE_ID=0 -Wall -ffunction-sections -ffat-lto-objects -Og -c Generated_Source\PSoC5\CyFlash.c -o .\CortexM3\ARM_GCC_541\Debug\CyFlash.o
arm-none-eabi-gcc.exe -mcpu=cortex-m3 -mthumb -I. -IGenerated_Source\PSoC5 -Wa,-alh=.\CortexM3\ARM_GCC_541\Debug/CyLib.lst -g -D DEBUG -D CY_CORE_ID=0 -Wall -ffunction-sections -ffat-lto-objects -Og -c Generated_Source\PSoC5\CyLib.c -o .\CortexM3\ARM_GCC_541\Debug\CyLib.o
arm-none-eabi-gcc.exe -mcpu=cortex-m3 -mthumb -I. -IGenerated_Source\PSoC5 -Wa,-alh=.\CortexM3\ARM_GCC_541\Debug/cyPm.lst -g -D DEBUG -D CY_CORE_ID=0 -Wall -ffunction-sections -ffat-lto-objects -Og -c Generated_Source\PSoC5\cyPm.c -o .\CortexM3\ARM_GCC_541\Debug\cyPm.o
arm-none-eabi-gcc.exe -mcpu=cortex-m3 -mthumb -I. -IGenerated_Source\PSoC5 -Wa,-alh=.\CortexM3\ARM_GCC_541\Debug/CySpc.lst -g -D DEBUG -D CY_CORE_ID=0 -Wall -ffunction-sections -ffat-lto-objects -Og -c Generated_Source\PSoC5\CySpc.c -o .\CortexM3\ARM_GCC_541\Debug\CySpc.o
arm-none-eabi-gcc.exe -mcpu=cortex-m3 -mthumb -I. -IGenerated_Source\PSoC5 -Wa,-alh=.\CortexM3\ARM_GCC_541\Debug/cyutils.lst -g -D DEBUG -D CY_CORE_ID=0 -Wall -ffunction-sections -ffat-lto-objects -Og -c Generated_Source\PSoC5\cyutils.c -o .\CortexM3\ARM_GCC_541\Debug\cyutils.o
arm-none-eabi-gcc.exe -mcpu=cortex-m3 -mthumb -I. -IGenerated_Source\PSoC5 -Wa,-alh=.\CortexM3\ARM_GCC_541\Debug/CLOCK_TIMER.lst -g -D DEBUG -D CY_CORE_ID=0 -Wall -ffunction-sections -ffat-lto-objects -Og -c Generated_Source\PSoC5\CLOCK_TIMER.c -o .\CortexM3\ARM_GCC_541\Debug\CLOCK_TIMER.o
arm-none-eabi-gcc.exe -mcpu=cortex-m3 -mthumb -I. -IGenerated_Source\PSoC5 -Wa,-alh=.\CortexM3\ARM_GCC_541\Debug/ISR_Timer.lst -g -D DEBUG -D CY_CORE_ID=0 -Wall -ffunction-sections -ffat-lto-objects -Og -c Generated_Source\PSoC5\ISR_Timer.c -o .\CortexM3\ARM_GCC_541\Debug\ISR_Timer.o
arm-none-eabi-gcc.exe -mcpu=cortex-m3 -mthumb -I. -IGenerated_Source\PSoC5 -Wa,-alh=.\CortexM3\ARM_GCC_541\Debug/ISR_Timer_PM.lst -g -D DEBUG -D CY_CORE_ID=0 -Wall -ffunction-sections -ffat-lto-objects -Og -c Generated_Source\PSoC5\ISR_Timer_PM.c -o .\CortexM3\ARM_GCC_541\Debug\ISR_Timer_PM.o
arm-none-eabi-gcc.exe -mcpu=cortex-m3 -mthumb -I. -IGenerated_Source\PSoC5 -Wa,-alh=.\CortexM3\ARM_GCC_541\Debug/ISR_Acc.lst -g -D DEBUG -D CY_CORE_ID=0 -Wall -ffunction-sections -ffat-lto-objects -Og -c Generated_Source\PSoC5\ISR_Acc.c -o .\CortexM3\ARM_GCC_541\Debug\ISR_Acc.o
arm-none-eabi-as.exe -mcpu=cortex-m3 -mthumb -I. -IGenerated_Source\PSoC5 -alh=.\CortexM3\ARM_GCC_541\Debug/CyBootAsmGnu.lst -g -W -o .\CortexM3\ARM_GCC_541\Debug\CyBootAsmGnu.o Generated_Source\PSoC5\CyBootAsmGnu.s
arm-none-eabi-ar.exe -rs .\CortexM3\ARM_GCC_541\Debug\AY1920_II_HW_05_PROJ_3.a .\CortexM3\ARM_GCC_541\Debug\UART_Debug.o .\CortexM3\ARM_GCC_541\Debug\UART_Debug_PM.o .\CortexM3\ARM_GCC_541\Debug\UART_Debug_INT.o .\CortexM3\ARM_GCC_541\Debug\UART_Debug_BOOT.o .\CortexM3\ARM_GCC_541\Debug\SDA_1.o .\CortexM3\ARM_GCC_541\Debug\SCL_1.o .\CortexM3\ARM_GCC_541\Debug\I2C_Master.o .\CortexM3\ARM_GCC_541\Debug\I2C_Master_BOOT.o .\CortexM3\ARM_GCC_541\Debug\I2C_Master_INT.o .\CortexM3\ARM_GCC_541\Debug\I2C_Master_PM.o .\CortexM3\ARM_GCC_541\Debug\I2C_Master_SLAVE.o .\CortexM3\ARM_GCC_541\Debug\I2C_Master_MASTER.o .\CortexM3\ARM_GCC_541\Debug\UART_Debug_IntClock.o .\CortexM3\ARM_GCC_541\Debug\cy_em_eeprom.o .\CortexM3\ARM_GCC_541\Debug\CyDmac.o .\CortexM3\ARM_GCC_541\Debug\CyFlash.o .\CortexM3\ARM_GCC_541\Debug\CyLib.o .\CortexM3\ARM_GCC_541\Debug\cyPm.o .\CortexM3\ARM_GCC_541\Debug\CySpc.o .\CortexM3\ARM_GCC_541\Debug\cyutils.o .\CortexM3\ARM_GCC_541\Debug\CLOCK_TIMER.o .\CortexM3\ARM_GCC_541\Debug\ISR_Timer.o .\CortexM3\ARM_GCC_541\Debug\ISR_Timer_PM.o .\CortexM3\ARM_GCC_541\Debug\ISR_Acc.o .\CortexM3\ARM_GCC_541\Debug\CyBootAsmGnu.o
arm-none-eabi-ar.exe: creating .\CortexM3\ARM_GCC_541\Debug\AY1920_II_HW_05_PROJ_3.a
arm-none-eabi-gcc.exe -Wl,--start-group -o C:\Users\Lory\Desktop\psoc_assignment_git\PSoC_5_Assignment\AY1920_II_HW_05_GUALNIERA_LORENZO\AY1920_II_HW_05_PROJ_3.cydsn\CortexM3\ARM_GCC_541\Debug\AY1920_II_HW_05_PROJ_3.elf .\CortexM3\ARM_GCC_541\Debug\main.o .\CortexM3\ARM_GCC_541\Debug\I2C_Interface.o .\CortexM3\ARM_GCC_541\Debug\InterruptRoutines.o .\CortexM3\ARM_GCC_541\Debug\AccelUtils.o .\CortexM3\ARM_GCC_541\Debug\cyfitter_cfg.o .\CortexM3\ARM_GCC_541\Debug\cymetadata.o .\CortexM3\ARM_GCC_541\Debug\Cm3Start.o .\CortexM3\ARM_GCC_541\Debug\AY1920_II_HW_05_PROJ_3.a "C:\Program Files (x86)\Cypress\PSoC Creator\4.3\PSoC Creator\psoc\content\cycomponentlibrary\CyComponentLibrary.cylib\CortexM3\ARM_GCC_541\Debug\CyComponentLibrary.a" -mcpu=cortex-m3 -mthumb -L Generated_Source\PSoC5 -Wl,-Map,.\CortexM3\ARM_GCC_541\Debug/AY1920_II_HW_05_PROJ_3.map -T Generated_Source\PSoC5\cm3gcc.ld -specs=nano.specs -Wl,--gc-sections -g -ffunction-sections -Og -ffat-lto-objects -Wl,--end-group
cyelftool.exe -C C:\Users\Lory\Desktop\psoc_assignment_git\PSoC_5_Assignment\AY1920_II_HW_05_GUALNIERA_LORENZO\AY1920_II_HW_05_PROJ_3.cydsn\CortexM3\ARM_GCC_541\Debug\AY1920_II_HW_05_PROJ_3.elf --flash_row_size 256 --flash_size 262144 --flash_offset 0x00000000
No ELF section .cychecksum found, creating one
Application checksum calculated and stored in ELF section .cychecksum
Checksum calculated and stored in ELF section .cymeta
cyelftool.exe -S C:\Users\Lory\Desktop\psoc_assignment_git\PSoC_5_Assignment\AY1920_II_HW_05_GUALNIERA_LORENZO\AY1920_II_HW_05_PROJ_3.cydsn\CortexM3\ARM_GCC_541\Debug\AY1920_II_HW_05_PROJ_3.elf
Flash used: 8336 of 262144 bytes (3,2%).
SRAM used: 2577 of 65536 bytes (3,9%). Stack: 2048 bytes. Heap: 128 bytes.
--------------- Rebuild Succeeded: 04/26/2020 18:17:37 ---------------
