ARM GAS  C:\Users\Lory\AppData\Local\Temp\ccYz5fYC.s 			page 1


   1              		.syntax unified
   2              		.cpu cortex-m3
   3              		.fpu softvfp
   4              		.eabi_attribute 20, 1
   5              		.eabi_attribute 21, 1
   6              		.eabi_attribute 23, 3
   7              		.eabi_attribute 24, 1
   8              		.eabi_attribute 25, 1
   9              		.eabi_attribute 26, 1
  10              		.eabi_attribute 30, 1
  11              		.eabi_attribute 34, 1
  12              		.eabi_attribute 18, 4
  13              		.thumb
  14              		.syntax unified
  15              		.file	"AccelUtils.c"
  16              		.text
  17              	.Ltext0:
  18              		.cfi_sections	.debug_frame
  19              		.global	__aeabi_fsub
  20              		.global	__aeabi_fdiv
  21              		.global	__aeabi_fmul
  22              		.global	__aeabi_fadd
  23              		.section	.text.MinMaxScaler,"ax",%progbits
  24              		.align	2
  25              		.global	MinMaxScaler
  26              		.thumb
  27              		.thumb_func
  28              		.type	MinMaxScaler, %function
  29              	MinMaxScaler:
  30              	.LFB63:
  31              		.file 1 "AccelUtils.c"
   1:AccelUtils.c  **** /* ========================================
   2:AccelUtils.c  ****  *
   3:AccelUtils.c  ****  * This file contains utility functions to
   4:AccelUtils.c  ****  * process and convert raw LIS3DH inertial
   5:AccelUtils.c  ****  * measurements data.
   6:AccelUtils.c  ****  *
   7:AccelUtils.c  ****  * MinMaxScaler:
   8:AccelUtils.c  ****  * Convert accelerometer axis value to a new scale
   9:AccelUtils.c  ****  * defined by its minimum and maximum values.
  10:AccelUtils.c  ****  * 
  11:AccelUtils.c  ****  * RightAdjustVal:
  12:AccelUtils.c  ****  * Merge 2-bit lower and 8-bit higher registers into 
  13:AccelUtils.c  ****  * a single signed 16-bit right adjusted integer.
  14:AccelUtils.c  ****  * 
  15:AccelUtils.c  ****  * LoadAxesData:
  16:AccelUtils.c  ****  * Given 3-axes measurements data, header and tail,
  17:AccelUtils.c  ****  * pack the data in a 112-bit data buffer divided
  18:AccelUtils.c  ****  * in 8-bit chunks of data.
  19:AccelUtils.c  ****  *
  20:AccelUtils.c  ****  * UnpackAxisData:
  21:AccelUtils.c  ****  * Given a 32-bit axis value, unpack the data into
  22:AccelUtils.c  ****  * four 8-bit values and place them in four consecutive
  23:AccelUtils.c  ****  * addresses pointed by dataPtr.
  24:AccelUtils.c  ****  *
  25:AccelUtils.c  ****  * ========================================
  26:AccelUtils.c  **** */
ARM GAS  C:\Users\Lory\AppData\Local\Temp\ccYz5fYC.s 			page 2


  27:AccelUtils.c  **** 
  28:AccelUtils.c  **** 
  29:AccelUtils.c  **** /* Include project dependencies. */
  30:AccelUtils.c  **** #include "AccelUtils.h"
  31:AccelUtils.c  **** 
  32:AccelUtils.c  **** 
  33:AccelUtils.c  **** /* Return a 16-bit integer converted into a new scale defined by a min and max values. */
  34:AccelUtils.c  **** float MinMaxScaler(float num, float oldMin, float oldMax, float newMin, float newMax)
  35:AccelUtils.c  **** {
  32              		.loc 1 35 0
  33              		.cfi_startproc
  34              		@ args = 4, pretend = 0, frame = 0
  35              		@ frame_needed = 0, uses_anonymous_args = 0
  36              	.LVL0:
  37 0000 F8B5     		push	{r3, r4, r5, r6, r7, lr}
  38              		.cfi_def_cfa_offset 24
  39              		.cfi_offset 3, -24
  40              		.cfi_offset 4, -20
  41              		.cfi_offset 5, -16
  42              		.cfi_offset 6, -12
  43              		.cfi_offset 7, -8
  44              		.cfi_offset 14, -4
  45 0002 0F46     		mov	r7, r1
  46 0004 1646     		mov	r6, r2
  47 0006 1C46     		mov	r4, r3
  36:AccelUtils.c  ****     /* Offset num to be positive. */
  37:AccelUtils.c  ****     float posNum = num - oldMin; 
  48              		.loc 1 37 0
  49 0008 FFF7FEFF 		bl	__aeabi_fsub
  50              	.LVL1:
  51 000c 0546     		mov	r5, r0
  52              	.LVL2:
  38:AccelUtils.c  ****     
  39:AccelUtils.c  ****     /* Current full scale range. */
  40:AccelUtils.c  ****     float oldScale = oldMax - oldMin;
  53              		.loc 1 40 0
  54 000e 3946     		mov	r1, r7
  55 0010 3046     		mov	r0, r6
  56              	.LVL3:
  57 0012 FFF7FEFF 		bl	__aeabi_fsub
  58              	.LVL4:
  59 0016 0646     		mov	r6, r0
  60              	.LVL5:
  41:AccelUtils.c  ****     
  42:AccelUtils.c  ****     /* Target full scale range. */
  43:AccelUtils.c  ****     float newScale = newMax - newMin;
  61              		.loc 1 43 0
  62 0018 2146     		mov	r1, r4
  63 001a 0698     		ldr	r0, [sp, #24]	@ float
  64              	.LVL6:
  65 001c FFF7FEFF 		bl	__aeabi_fsub
  66              	.LVL7:
  44:AccelUtils.c  ****     
  45:AccelUtils.c  ****     /* Return number converted into the new scale. */
  46:AccelUtils.c  ****     return (float)(posNum * (newScale/oldScale) + newMin);
  67              		.loc 1 46 0
  68 0020 3146     		mov	r1, r6
ARM GAS  C:\Users\Lory\AppData\Local\Temp\ccYz5fYC.s 			page 3


  69 0022 FFF7FEFF 		bl	__aeabi_fdiv
  70              	.LVL8:
  71 0026 0146     		mov	r1, r0
  72 0028 2846     		mov	r0, r5
  73 002a FFF7FEFF 		bl	__aeabi_fmul
  74              	.LVL9:
  75 002e 0146     		mov	r1, r0
  76 0030 2046     		mov	r0, r4
  77 0032 FFF7FEFF 		bl	__aeabi_fadd
  78              	.LVL10:
  47:AccelUtils.c  **** }
  79              		.loc 1 47 0
  80 0036 F8BD     		pop	{r3, r4, r5, r6, r7, pc}
  81              		.cfi_endproc
  82              	.LFE63:
  83              		.size	MinMaxScaler, .-MinMaxScaler
  84              		.section	.text.RightAdjustVal,"ax",%progbits
  85              		.align	2
  86              		.global	RightAdjustVal
  87              		.thumb
  88              		.thumb_func
  89              		.type	RightAdjustVal, %function
  90              	RightAdjustVal:
  91              	.LFB64:
  48:AccelUtils.c  **** 
  49:AccelUtils.c  **** 
  50:AccelUtils.c  **** /* Merge lower and higher registers into a 16-bit right adjusted integer. */
  51:AccelUtils.c  **** int16_t RightAdjustVal(uint8_t *data, bool lowerFirst, uint8_t adjustShift)
  52:AccelUtils.c  **** {
  92              		.loc 1 52 0
  93              		.cfi_startproc
  94              		@ args = 0, pretend = 0, frame = 0
  95              		@ frame_needed = 0, uses_anonymous_args = 0
  96              		@ link register save eliminated.
  97              	.LVL11:
  53:AccelUtils.c  ****     /* If data is ordered with lower address data first. */
  54:AccelUtils.c  ****     if (lowerFirst == true)
  98              		.loc 1 54 0
  99 0000 31B1     		cbz	r1, .L4
  55:AccelUtils.c  ****     {
  56:AccelUtils.c  ****         return (int16_t)((data[0] | (data[1] << 8))) >> adjustShift;
 100              		.loc 1 56 0
 101 0002 0378     		ldrb	r3, [r0]	@ zero_extendqisi2
 102 0004 4078     		ldrb	r0, [r0, #1]	@ zero_extendqisi2
 103              	.LVL12:
 104 0006 43EA0020 		orr	r0, r3, r0, lsl #8
 105 000a 00B2     		sxth	r0, r0
 106 000c 1041     		asrs	r0, r0, r2
 107 000e 7047     		bx	lr
 108              	.LVL13:
 109              	.L4:
  57:AccelUtils.c  ****     }
  58:AccelUtils.c  ****     /* If data is ordered with higher address data first. */
  59:AccelUtils.c  ****     else
  60:AccelUtils.c  ****     {
  61:AccelUtils.c  ****         return (int16_t)(((data[0] << 8) | data[1])) >> adjustShift;
 110              		.loc 1 61 0
ARM GAS  C:\Users\Lory\AppData\Local\Temp\ccYz5fYC.s 			page 4


 111 0010 0178     		ldrb	r1, [r0]	@ zero_extendqisi2
 112              	.LVL14:
 113 0012 4378     		ldrb	r3, [r0, #1]	@ zero_extendqisi2
 114 0014 43EA0120 		orr	r0, r3, r1, lsl #8
 115              	.LVL15:
 116 0018 00B2     		sxth	r0, r0
 117 001a 1041     		asrs	r0, r0, r2
  62:AccelUtils.c  ****     }
  63:AccelUtils.c  **** }
 118              		.loc 1 63 0
 119 001c 7047     		bx	lr
 120              		.cfi_endproc
 121              	.LFE64:
 122              		.size	RightAdjustVal, .-RightAdjustVal
 123 001e 00BF     		.section	.text.UnpackAxisData,"ax",%progbits
 124              		.align	2
 125              		.global	UnpackAxisData
 126              		.thumb
 127              		.thumb_func
 128              		.type	UnpackAxisData, %function
 129              	UnpackAxisData:
 130              	.LFB66:
  64:AccelUtils.c  **** 
  65:AccelUtils.c  **** 
  66:AccelUtils.c  **** /* Load axes data into a 112-bit data buffer organized as follows: 
  67:AccelUtils.c  ****  *
  68:AccelUtils.c  ****  * DATA = [         HEADER        |  8-bit
  69:AccelUtils.c  ****           | X_1 | X_2 | X_3 | X_4 | 32-bit
  70:AccelUtils.c  ****           | Y_1 | Y_2 | Y_3 | Y_4 | 32-bit
  71:AccelUtils.c  ****           | Z_1 | Z_2 | Z_3 | Z_4 | 32-bit
  72:AccelUtils.c  ****           |          TAIL         ]  8-bit 
  73:AccelUtils.c  ****  */
  74:AccelUtils.c  **** void LoadAxesData(uint8_t *data, int32_t x, int32_t y, int32_t z, uint8_t header, uint8_t tail)
  75:AccelUtils.c  **** {
  76:AccelUtils.c  ****     /* Define axis vector to loop over. */
  77:AccelUtils.c  ****     int32_t axisVect[3] = {x, y, z};
  78:AccelUtils.c  ****     
  79:AccelUtils.c  ****     /* Load header and tail values into the buffer. */
  80:AccelUtils.c  ****     data[0] = header;
  81:AccelUtils.c  ****     data[13] = tail;
  82:AccelUtils.c  ****     
  83:AccelUtils.c  ****     /* Load axes values in the corresponding addresses in the buffer. */
  84:AccelUtils.c  ****     for (uint8_t i=0; i<3; i++)
  85:AccelUtils.c  ****     {
  86:AccelUtils.c  ****         /* Unpack 32-bit data into 4 separate 8-bit unsigned variables. */
  87:AccelUtils.c  ****         UnpackAxisData(axisVect[i], &data[1+i*4]);
  88:AccelUtils.c  ****     }
  89:AccelUtils.c  **** }
  90:AccelUtils.c  **** 
  91:AccelUtils.c  **** 
  92:AccelUtils.c  **** /* Unpack 32-bit val into 4 successive 8-bit addresses pointed by dataPtr. */
  93:AccelUtils.c  ****  void UnpackAxisData(int32_t val, uint8_t *dataPtr)
  94:AccelUtils.c  **** {
 131              		.loc 1 94 0
 132              		.cfi_startproc
 133              		@ args = 0, pretend = 0, frame = 0
 134              		@ frame_needed = 0, uses_anonymous_args = 0
ARM GAS  C:\Users\Lory\AppData\Local\Temp\ccYz5fYC.s 			page 5


 135              		@ link register save eliminated.
 136              	.LVL16:
 137              	.LBB2:
  95:AccelUtils.c  ****     /* Shift and mask byte depending on position. */
  96:AccelUtils.c  ****     for (uint8_t i=0; i<4; i++)
 138              		.loc 1 96 0
 139 0000 0023     		movs	r3, #0
 140 0002 05E0     		b	.L7
 141              	.LVL17:
 142              	.L8:
  97:AccelUtils.c  ****     {
  98:AccelUtils.c  ****         /* Increment data pointer and assign new value. */
  99:AccelUtils.c  ****         *(dataPtr+i) = (uint8_t)((val >> 8*i) & 0xFF);
 143              		.loc 1 99 0 discriminator 3
 144 0004 DA00     		lsls	r2, r3, #3
 145 0006 40FA02F2 		asr	r2, r0, r2
 146 000a CA54     		strb	r2, [r1, r3]
  96:AccelUtils.c  ****     {
 147              		.loc 1 96 0 discriminator 3
 148 000c 0133     		adds	r3, r3, #1
 149              	.LVL18:
 150 000e DBB2     		uxtb	r3, r3
 151              	.LVL19:
 152              	.L7:
  96:AccelUtils.c  ****     {
 153              		.loc 1 96 0 is_stmt 0 discriminator 1
 154 0010 032B     		cmp	r3, #3
 155 0012 F7D9     		bls	.L8
 156              	.LBE2:
 100:AccelUtils.c  ****     }
 101:AccelUtils.c  **** }
 157              		.loc 1 101 0 is_stmt 1
 158 0014 7047     		bx	lr
 159              		.cfi_endproc
 160              	.LFE66:
 161              		.size	UnpackAxisData, .-UnpackAxisData
 162 0016 00BF     		.section	.text.LoadAxesData,"ax",%progbits
 163              		.align	2
 164              		.global	LoadAxesData
 165              		.thumb
 166              		.thumb_func
 167              		.type	LoadAxesData, %function
 168              	LoadAxesData:
 169              	.LFB65:
  75:AccelUtils.c  ****     /* Define axis vector to loop over. */
 170              		.loc 1 75 0
 171              		.cfi_startproc
 172              		@ args = 8, pretend = 0, frame = 16
 173              		@ frame_needed = 0, uses_anonymous_args = 0
 174              	.LVL20:
 175 0000 30B5     		push	{r4, r5, lr}
 176              		.cfi_def_cfa_offset 12
 177              		.cfi_offset 4, -12
 178              		.cfi_offset 5, -8
 179              		.cfi_offset 14, -4
 180 0002 85B0     		sub	sp, sp, #20
 181              		.cfi_def_cfa_offset 32
ARM GAS  C:\Users\Lory\AppData\Local\Temp\ccYz5fYC.s 			page 6


 182 0004 0546     		mov	r5, r0
  77:AccelUtils.c  ****     
 183              		.loc 1 77 0
 184 0006 0191     		str	r1, [sp, #4]
 185 0008 0292     		str	r2, [sp, #8]
 186 000a 0393     		str	r3, [sp, #12]
  80:AccelUtils.c  ****     data[13] = tail;
 187              		.loc 1 80 0
 188 000c 9DF82030 		ldrb	r3, [sp, #32]	@ zero_extendqisi2
 189              	.LVL21:
 190 0010 0370     		strb	r3, [r0]
  81:AccelUtils.c  ****     
 191              		.loc 1 81 0
 192 0012 9DF82430 		ldrb	r3, [sp, #36]	@ zero_extendqisi2
 193 0016 4373     		strb	r3, [r0, #13]
 194              	.LVL22:
 195              	.LBB3:
  84:AccelUtils.c  ****     {
 196              		.loc 1 84 0
 197 0018 0024     		movs	r4, #0
 198 001a 0AE0     		b	.L10
 199              	.LVL23:
 200              	.L11:
  87:AccelUtils.c  ****     }
 201              		.loc 1 87 0 discriminator 3
 202 001c A300     		lsls	r3, r4, #2
 203 001e 591C     		adds	r1, r3, #1
 204 0020 04AA     		add	r2, sp, #16
 205 0022 1344     		add	r3, r3, r2
 206 0024 2944     		add	r1, r1, r5
 207 0026 53F80C0C 		ldr	r0, [r3, #-12]
 208 002a FFF7FEFF 		bl	UnpackAxisData
 209              	.LVL24:
  84:AccelUtils.c  ****     {
 210              		.loc 1 84 0 discriminator 3
 211 002e 0134     		adds	r4, r4, #1
 212              	.LVL25:
 213 0030 E4B2     		uxtb	r4, r4
 214              	.LVL26:
 215              	.L10:
  84:AccelUtils.c  ****     {
 216              		.loc 1 84 0 is_stmt 0 discriminator 1
 217 0032 022C     		cmp	r4, #2
 218 0034 F2D9     		bls	.L11
 219              	.LBE3:
  89:AccelUtils.c  **** 
 220              		.loc 1 89 0 is_stmt 1
 221 0036 05B0     		add	sp, sp, #20
 222              		.cfi_def_cfa_offset 12
 223              		@ sp needed
 224 0038 30BD     		pop	{r4, r5, pc}
 225              		.cfi_endproc
 226              	.LFE65:
 227              		.size	LoadAxesData, .-LoadAxesData
 228 003a 00BF     		.text
 229              	.Letext0:
 230              		.file 2 "c:\\program files (x86)\\cypress\\psoc creator\\4.3\\psoc creator\\import\\gnu\\arm\\5.4.
ARM GAS  C:\Users\Lory\AppData\Local\Temp\ccYz5fYC.s 			page 7


 231              		.file 3 "c:\\program files (x86)\\cypress\\psoc creator\\4.3\\psoc creator\\import\\gnu\\arm\\5.4.
 232              		.file 4 "Generated_Source\\PSoC5/core_cm3.h"
 233              		.section	.debug_info,"",%progbits
 234              	.Ldebug_info0:
 235 0000 CA020000 		.4byte	0x2ca
 236 0004 0400     		.2byte	0x4
 237 0006 00000000 		.4byte	.Ldebug_abbrev0
 238 000a 04       		.byte	0x4
 239 000b 01       		.uleb128 0x1
 240 000c EC000000 		.4byte	.LASF39
 241 0010 0C       		.byte	0xc
 242 0011 40020000 		.4byte	.LASF40
 243 0015 63000000 		.4byte	.LASF41
 244 0019 00000000 		.4byte	.Ldebug_ranges0+0
 245 001d 00000000 		.4byte	0
 246 0021 00000000 		.4byte	.Ldebug_line0
 247 0025 02       		.uleb128 0x2
 248 0026 04       		.byte	0x4
 249 0027 04       		.byte	0x4
 250 0028 4A000000 		.4byte	.LASF0
 251 002c 02       		.uleb128 0x2
 252 002d 01       		.byte	0x1
 253 002e 06       		.byte	0x6
 254 002f 95020000 		.4byte	.LASF1
 255 0033 03       		.uleb128 0x3
 256 0034 16000000 		.4byte	.LASF3
 257 0038 02       		.byte	0x2
 258 0039 1D       		.byte	0x1d
 259 003a 3E000000 		.4byte	0x3e
 260 003e 02       		.uleb128 0x2
 261 003f 01       		.byte	0x1
 262 0040 08       		.byte	0x8
 263 0041 DE000000 		.4byte	.LASF2
 264 0045 03       		.uleb128 0x3
 265 0046 D2010000 		.4byte	.LASF4
 266 004a 02       		.byte	0x2
 267 004b 29       		.byte	0x29
 268 004c 50000000 		.4byte	0x50
 269 0050 02       		.uleb128 0x2
 270 0051 02       		.byte	0x2
 271 0052 05       		.byte	0x5
 272 0053 71020000 		.4byte	.LASF5
 273 0057 02       		.uleb128 0x2
 274 0058 02       		.byte	0x2
 275 0059 07       		.byte	0x7
 276 005a 2A000000 		.4byte	.LASF6
 277 005e 03       		.uleb128 0x3
 278 005f 20000000 		.4byte	.LASF7
 279 0063 02       		.byte	0x2
 280 0064 3F       		.byte	0x3f
 281 0065 69000000 		.4byte	0x69
 282 0069 02       		.uleb128 0x2
 283 006a 04       		.byte	0x4
 284 006b 05       		.byte	0x5
 285 006c 80020000 		.4byte	.LASF8
 286 0070 02       		.uleb128 0x2
 287 0071 04       		.byte	0x4
ARM GAS  C:\Users\Lory\AppData\Local\Temp\ccYz5fYC.s 			page 8


 288 0072 07       		.byte	0x7
 289 0073 94010000 		.4byte	.LASF9
 290 0077 02       		.uleb128 0x2
 291 0078 08       		.byte	0x8
 292 0079 05       		.byte	0x5
 293 007a 55000000 		.4byte	.LASF10
 294 007e 02       		.uleb128 0x2
 295 007f 08       		.byte	0x8
 296 0080 07       		.byte	0x7
 297 0081 F7010000 		.4byte	.LASF11
 298 0085 04       		.uleb128 0x4
 299 0086 04       		.byte	0x4
 300 0087 05       		.byte	0x5
 301 0088 696E7400 		.ascii	"int\000"
 302 008c 02       		.uleb128 0x2
 303 008d 04       		.byte	0x4
 304 008e 07       		.byte	0x7
 305 008f E3010000 		.4byte	.LASF12
 306 0093 03       		.uleb128 0x3
 307 0094 0E020000 		.4byte	.LASF13
 308 0098 03       		.byte	0x3
 309 0099 18       		.byte	0x18
 310 009a 33000000 		.4byte	0x33
 311 009e 03       		.uleb128 0x3
 312 009f 16020000 		.4byte	.LASF14
 313 00a3 03       		.byte	0x3
 314 00a4 20       		.byte	0x20
 315 00a5 45000000 		.4byte	0x45
 316 00a9 03       		.uleb128 0x3
 317 00aa 31020000 		.4byte	.LASF15
 318 00ae 03       		.byte	0x3
 319 00af 2C       		.byte	0x2c
 320 00b0 5E000000 		.4byte	0x5e
 321 00b4 02       		.uleb128 0x2
 322 00b5 08       		.byte	0x8
 323 00b6 04       		.byte	0x4
 324 00b7 CB010000 		.4byte	.LASF16
 325 00bb 02       		.uleb128 0x2
 326 00bc 01       		.byte	0x1
 327 00bd 08       		.byte	0x8
 328 00be 5D020000 		.4byte	.LASF17
 329 00c2 02       		.uleb128 0x2
 330 00c3 08       		.byte	0x8
 331 00c4 04       		.byte	0x4
 332 00c5 89020000 		.4byte	.LASF18
 333 00c9 02       		.uleb128 0x2
 334 00ca 04       		.byte	0x4
 335 00cb 07       		.byte	0x7
 336 00cc 54020000 		.4byte	.LASF19
 337 00d0 05       		.uleb128 0x5
 338 00d1 A6010000 		.4byte	.LASF27
 339 00d5 01       		.byte	0x1
 340 00d6 22       		.byte	0x22
 341 00d7 25000000 		.4byte	0x25
 342 00db 00000000 		.4byte	.LFB63
 343 00df 38000000 		.4byte	.LFE63-.LFB63
 344 00e3 01       		.uleb128 0x1
ARM GAS  C:\Users\Lory\AppData\Local\Temp\ccYz5fYC.s 			page 9


 345 00e4 9C       		.byte	0x9c
 346 00e5 61010000 		.4byte	0x161
 347 00e9 06       		.uleb128 0x6
 348 00ea 6E756D00 		.ascii	"num\000"
 349 00ee 01       		.byte	0x1
 350 00ef 22       		.byte	0x22
 351 00f0 25000000 		.4byte	0x25
 352 00f4 00000000 		.4byte	.LLST0
 353 00f8 07       		.uleb128 0x7
 354 00f9 4D020000 		.4byte	.LASF20
 355 00fd 01       		.byte	0x1
 356 00fe 22       		.byte	0x22
 357 00ff 25000000 		.4byte	0x25
 358 0103 23000000 		.4byte	.LLST1
 359 0107 07       		.uleb128 0x7
 360 0108 F0010000 		.4byte	.LASF21
 361 010c 01       		.byte	0x1
 362 010d 22       		.byte	0x22
 363 010e 25000000 		.4byte	0x25
 364 0112 41000000 		.4byte	.LLST2
 365 0116 07       		.uleb128 0x7
 366 0117 39020000 		.4byte	.LASF22
 367 011b 01       		.byte	0x1
 368 011c 22       		.byte	0x22
 369 011d 25000000 		.4byte	0x25
 370 0121 6F000000 		.4byte	.LLST3
 371 0125 08       		.uleb128 0x8
 372 0126 DC010000 		.4byte	.LASF23
 373 012a 01       		.byte	0x1
 374 012b 22       		.byte	0x22
 375 012c 25000000 		.4byte	0x25
 376 0130 02       		.uleb128 0x2
 377 0131 91       		.byte	0x91
 378 0132 00       		.sleb128 0
 379 0133 09       		.uleb128 0x9
 380 0134 1E020000 		.4byte	.LASF24
 381 0138 01       		.byte	0x1
 382 0139 25       		.byte	0x25
 383 013a 25000000 		.4byte	0x25
 384 013e 8D000000 		.4byte	.LLST4
 385 0142 09       		.uleb128 0x9
 386 0143 7A010000 		.4byte	.LASF25
 387 0147 01       		.byte	0x1
 388 0148 28       		.byte	0x28
 389 0149 25000000 		.4byte	0x25
 390 014d AB000000 		.4byte	.LLST5
 391 0151 09       		.uleb128 0x9
 392 0152 A1020000 		.4byte	.LASF26
 393 0156 01       		.byte	0x1
 394 0157 2B       		.byte	0x2b
 395 0158 25000000 		.4byte	0x25
 396 015c C9000000 		.4byte	.LLST6
 397 0160 00       		.byte	0
 398 0161 0A       		.uleb128 0xa
 399 0162 62020000 		.4byte	.LASF28
 400 0166 01       		.byte	0x1
 401 0167 33       		.byte	0x33
ARM GAS  C:\Users\Lory\AppData\Local\Temp\ccYz5fYC.s 			page 10


 402 0168 9E000000 		.4byte	0x9e
 403 016c 00000000 		.4byte	.LFB64
 404 0170 1E000000 		.4byte	.LFE64-.LFB64
 405 0174 01       		.uleb128 0x1
 406 0175 9C       		.byte	0x9c
 407 0176 A6010000 		.4byte	0x1a6
 408 017a 07       		.uleb128 0x7
 409 017b 50000000 		.4byte	.LASF29
 410 017f 01       		.byte	0x1
 411 0180 33       		.byte	0x33
 412 0181 A6010000 		.4byte	0x1a6
 413 0185 DC000000 		.4byte	.LLST7
 414 0189 07       		.uleb128 0x7
 415 018a B3010000 		.4byte	.LASF30
 416 018e 01       		.byte	0x1
 417 018f 33       		.byte	0x33
 418 0190 AC010000 		.4byte	0x1ac
 419 0194 16010000 		.4byte	.LLST8
 420 0198 08       		.uleb128 0x8
 421 0199 25020000 		.4byte	.LASF31
 422 019d 01       		.byte	0x1
 423 019e 33       		.byte	0x33
 424 019f 93000000 		.4byte	0x93
 425 01a3 01       		.uleb128 0x1
 426 01a4 52       		.byte	0x52
 427 01a5 00       		.byte	0
 428 01a6 0B       		.uleb128 0xb
 429 01a7 04       		.byte	0x4
 430 01a8 93000000 		.4byte	0x93
 431 01ac 02       		.uleb128 0x2
 432 01ad 01       		.byte	0x1
 433 01ae 02       		.byte	0x2
 434 01af AA020000 		.4byte	.LASF32
 435 01b3 0C       		.uleb128 0xc
 436 01b4 00000000 		.4byte	.LASF34
 437 01b8 01       		.byte	0x1
 438 01b9 5D       		.byte	0x5d
 439 01ba 00000000 		.4byte	.LFB66
 440 01be 16000000 		.4byte	.LFE66-.LFB66
 441 01c2 01       		.uleb128 0x1
 442 01c3 9C       		.byte	0x9c
 443 01c4 FA010000 		.4byte	0x1fa
 444 01c8 0D       		.uleb128 0xd
 445 01c9 76616C00 		.ascii	"val\000"
 446 01cd 01       		.byte	0x1
 447 01ce 5D       		.byte	0x5d
 448 01cf A9000000 		.4byte	0xa9
 449 01d3 01       		.uleb128 0x1
 450 01d4 50       		.byte	0x50
 451 01d5 08       		.uleb128 0x8
 452 01d6 8C010000 		.4byte	.LASF33
 453 01da 01       		.byte	0x1
 454 01db 5D       		.byte	0x5d
 455 01dc A6010000 		.4byte	0x1a6
 456 01e0 01       		.uleb128 0x1
 457 01e1 51       		.byte	0x51
 458 01e2 0E       		.uleb128 0xe
ARM GAS  C:\Users\Lory\AppData\Local\Temp\ccYz5fYC.s 			page 11


 459 01e3 00000000 		.4byte	.LBB2
 460 01e7 14000000 		.4byte	.LBE2-.LBB2
 461 01eb 0F       		.uleb128 0xf
 462 01ec 6900     		.ascii	"i\000"
 463 01ee 01       		.byte	0x1
 464 01ef 60       		.byte	0x60
 465 01f0 93000000 		.4byte	0x93
 466 01f4 37010000 		.4byte	.LLST9
 467 01f8 00       		.byte	0
 468 01f9 00       		.byte	0
 469 01fa 0C       		.uleb128 0xc
 470 01fb 3D000000 		.4byte	.LASF35
 471 01ff 01       		.byte	0x1
 472 0200 4A       		.byte	0x4a
 473 0201 00000000 		.4byte	.LFB65
 474 0205 3A000000 		.4byte	.LFE65-.LFB65
 475 0209 01       		.uleb128 0x1
 476 020a 9C       		.byte	0x9c
 477 020b AC020000 		.4byte	0x2ac
 478 020f 07       		.uleb128 0x7
 479 0210 50000000 		.4byte	.LASF29
 480 0214 01       		.byte	0x1
 481 0215 4A       		.byte	0x4a
 482 0216 A6010000 		.4byte	0x1a6
 483 021a 61010000 		.4byte	.LLST10
 484 021e 06       		.uleb128 0x6
 485 021f 7800     		.ascii	"x\000"
 486 0221 01       		.byte	0x1
 487 0222 4A       		.byte	0x4a
 488 0223 A9000000 		.4byte	0xa9
 489 0227 7F010000 		.4byte	.LLST11
 490 022b 06       		.uleb128 0x6
 491 022c 7900     		.ascii	"y\000"
 492 022e 01       		.byte	0x1
 493 022f 4A       		.byte	0x4a
 494 0230 A9000000 		.4byte	0xa9
 495 0234 9E010000 		.4byte	.LLST12
 496 0238 06       		.uleb128 0x6
 497 0239 7A00     		.ascii	"z\000"
 498 023b 01       		.byte	0x1
 499 023c 4A       		.byte	0x4a
 500 023d A9000000 		.4byte	0xa9
 501 0241 BD010000 		.4byte	.LLST13
 502 0245 08       		.uleb128 0x8
 503 0246 0F000000 		.4byte	.LASF36
 504 024a 01       		.byte	0x1
 505 024b 4A       		.byte	0x4a
 506 024c 93000000 		.4byte	0x93
 507 0250 02       		.uleb128 0x2
 508 0251 91       		.byte	0x91
 509 0252 00       		.sleb128 0
 510 0253 08       		.uleb128 0x8
 511 0254 7B020000 		.4byte	.LASF37
 512 0258 01       		.byte	0x1
 513 0259 4A       		.byte	0x4a
 514 025a 93000000 		.4byte	0x93
 515 025e 02       		.uleb128 0x2
ARM GAS  C:\Users\Lory\AppData\Local\Temp\ccYz5fYC.s 			page 12


 516 025f 91       		.byte	0x91
 517 0260 04       		.sleb128 4
 518 0261 10       		.uleb128 0x10
 519 0262 83010000 		.4byte	.LASF38
 520 0266 01       		.byte	0x1
 521 0267 4D       		.byte	0x4d
 522 0268 AC020000 		.4byte	0x2ac
 523 026c 02       		.uleb128 0x2
 524 026d 91       		.byte	0x91
 525 026e 64       		.sleb128 -28
 526 026f 0E       		.uleb128 0xe
 527 0270 18000000 		.4byte	.LBB3
 528 0274 1E000000 		.4byte	.LBE3-.LBB3
 529 0278 0F       		.uleb128 0xf
 530 0279 6900     		.ascii	"i\000"
 531 027b 01       		.byte	0x1
 532 027c 54       		.byte	0x54
 533 027d 93000000 		.4byte	0x93
 534 0281 DC010000 		.4byte	.LLST14
 535 0285 11       		.uleb128 0x11
 536 0286 2E000000 		.4byte	.LVL24
 537 028a B3010000 		.4byte	0x1b3
 538 028e 12       		.uleb128 0x12
 539 028f 01       		.uleb128 0x1
 540 0290 50       		.byte	0x50
 541 0291 0A       		.uleb128 0xa
 542 0292 74       		.byte	0x74
 543 0293 00       		.sleb128 0
 544 0294 32       		.byte	0x32
 545 0295 24       		.byte	0x24
 546 0296 91       		.byte	0x91
 547 0297 00       		.sleb128 0
 548 0298 22       		.byte	0x22
 549 0299 4C       		.byte	0x4c
 550 029a 1C       		.byte	0x1c
 551 029b 06       		.byte	0x6
 552 029c 12       		.uleb128 0x12
 553 029d 01       		.uleb128 0x1
 554 029e 51       		.byte	0x51
 555 029f 09       		.uleb128 0x9
 556 02a0 74       		.byte	0x74
 557 02a1 00       		.sleb128 0
 558 02a2 32       		.byte	0x32
 559 02a3 24       		.byte	0x24
 560 02a4 75       		.byte	0x75
 561 02a5 00       		.sleb128 0
 562 02a6 22       		.byte	0x22
 563 02a7 23       		.byte	0x23
 564 02a8 01       		.uleb128 0x1
 565 02a9 00       		.byte	0
 566 02aa 00       		.byte	0
 567 02ab 00       		.byte	0
 568 02ac 13       		.uleb128 0x13
 569 02ad A9000000 		.4byte	0xa9
 570 02b1 BC020000 		.4byte	0x2bc
 571 02b5 14       		.uleb128 0x14
 572 02b6 C9000000 		.4byte	0xc9
ARM GAS  C:\Users\Lory\AppData\Local\Temp\ccYz5fYC.s 			page 13


 573 02ba 02       		.byte	0x2
 574 02bb 00       		.byte	0
 575 02bc 15       		.uleb128 0x15
 576 02bd BE010000 		.4byte	.LASF42
 577 02c1 04       		.byte	0x4
 578 02c2 1207     		.2byte	0x712
 579 02c4 C8020000 		.4byte	0x2c8
 580 02c8 16       		.uleb128 0x16
 581 02c9 A9000000 		.4byte	0xa9
 582 02cd 00       		.byte	0
 583              		.section	.debug_abbrev,"",%progbits
 584              	.Ldebug_abbrev0:
 585 0000 01       		.uleb128 0x1
 586 0001 11       		.uleb128 0x11
 587 0002 01       		.byte	0x1
 588 0003 25       		.uleb128 0x25
 589 0004 0E       		.uleb128 0xe
 590 0005 13       		.uleb128 0x13
 591 0006 0B       		.uleb128 0xb
 592 0007 03       		.uleb128 0x3
 593 0008 0E       		.uleb128 0xe
 594 0009 1B       		.uleb128 0x1b
 595 000a 0E       		.uleb128 0xe
 596 000b 55       		.uleb128 0x55
 597 000c 17       		.uleb128 0x17
 598 000d 11       		.uleb128 0x11
 599 000e 01       		.uleb128 0x1
 600 000f 10       		.uleb128 0x10
 601 0010 17       		.uleb128 0x17
 602 0011 00       		.byte	0
 603 0012 00       		.byte	0
 604 0013 02       		.uleb128 0x2
 605 0014 24       		.uleb128 0x24
 606 0015 00       		.byte	0
 607 0016 0B       		.uleb128 0xb
 608 0017 0B       		.uleb128 0xb
 609 0018 3E       		.uleb128 0x3e
 610 0019 0B       		.uleb128 0xb
 611 001a 03       		.uleb128 0x3
 612 001b 0E       		.uleb128 0xe
 613 001c 00       		.byte	0
 614 001d 00       		.byte	0
 615 001e 03       		.uleb128 0x3
 616 001f 16       		.uleb128 0x16
 617 0020 00       		.byte	0
 618 0021 03       		.uleb128 0x3
 619 0022 0E       		.uleb128 0xe
 620 0023 3A       		.uleb128 0x3a
 621 0024 0B       		.uleb128 0xb
 622 0025 3B       		.uleb128 0x3b
 623 0026 0B       		.uleb128 0xb
 624 0027 49       		.uleb128 0x49
 625 0028 13       		.uleb128 0x13
 626 0029 00       		.byte	0
 627 002a 00       		.byte	0
 628 002b 04       		.uleb128 0x4
 629 002c 24       		.uleb128 0x24
ARM GAS  C:\Users\Lory\AppData\Local\Temp\ccYz5fYC.s 			page 14


 630 002d 00       		.byte	0
 631 002e 0B       		.uleb128 0xb
 632 002f 0B       		.uleb128 0xb
 633 0030 3E       		.uleb128 0x3e
 634 0031 0B       		.uleb128 0xb
 635 0032 03       		.uleb128 0x3
 636 0033 08       		.uleb128 0x8
 637 0034 00       		.byte	0
 638 0035 00       		.byte	0
 639 0036 05       		.uleb128 0x5
 640 0037 2E       		.uleb128 0x2e
 641 0038 01       		.byte	0x1
 642 0039 3F       		.uleb128 0x3f
 643 003a 19       		.uleb128 0x19
 644 003b 03       		.uleb128 0x3
 645 003c 0E       		.uleb128 0xe
 646 003d 3A       		.uleb128 0x3a
 647 003e 0B       		.uleb128 0xb
 648 003f 3B       		.uleb128 0x3b
 649 0040 0B       		.uleb128 0xb
 650 0041 27       		.uleb128 0x27
 651 0042 19       		.uleb128 0x19
 652 0043 49       		.uleb128 0x49
 653 0044 13       		.uleb128 0x13
 654 0045 11       		.uleb128 0x11
 655 0046 01       		.uleb128 0x1
 656 0047 12       		.uleb128 0x12
 657 0048 06       		.uleb128 0x6
 658 0049 40       		.uleb128 0x40
 659 004a 18       		.uleb128 0x18
 660 004b 9642     		.uleb128 0x2116
 661 004d 19       		.uleb128 0x19
 662 004e 01       		.uleb128 0x1
 663 004f 13       		.uleb128 0x13
 664 0050 00       		.byte	0
 665 0051 00       		.byte	0
 666 0052 06       		.uleb128 0x6
 667 0053 05       		.uleb128 0x5
 668 0054 00       		.byte	0
 669 0055 03       		.uleb128 0x3
 670 0056 08       		.uleb128 0x8
 671 0057 3A       		.uleb128 0x3a
 672 0058 0B       		.uleb128 0xb
 673 0059 3B       		.uleb128 0x3b
 674 005a 0B       		.uleb128 0xb
 675 005b 49       		.uleb128 0x49
 676 005c 13       		.uleb128 0x13
 677 005d 02       		.uleb128 0x2
 678 005e 17       		.uleb128 0x17
 679 005f 00       		.byte	0
 680 0060 00       		.byte	0
 681 0061 07       		.uleb128 0x7
 682 0062 05       		.uleb128 0x5
 683 0063 00       		.byte	0
 684 0064 03       		.uleb128 0x3
 685 0065 0E       		.uleb128 0xe
 686 0066 3A       		.uleb128 0x3a
ARM GAS  C:\Users\Lory\AppData\Local\Temp\ccYz5fYC.s 			page 15


 687 0067 0B       		.uleb128 0xb
 688 0068 3B       		.uleb128 0x3b
 689 0069 0B       		.uleb128 0xb
 690 006a 49       		.uleb128 0x49
 691 006b 13       		.uleb128 0x13
 692 006c 02       		.uleb128 0x2
 693 006d 17       		.uleb128 0x17
 694 006e 00       		.byte	0
 695 006f 00       		.byte	0
 696 0070 08       		.uleb128 0x8
 697 0071 05       		.uleb128 0x5
 698 0072 00       		.byte	0
 699 0073 03       		.uleb128 0x3
 700 0074 0E       		.uleb128 0xe
 701 0075 3A       		.uleb128 0x3a
 702 0076 0B       		.uleb128 0xb
 703 0077 3B       		.uleb128 0x3b
 704 0078 0B       		.uleb128 0xb
 705 0079 49       		.uleb128 0x49
 706 007a 13       		.uleb128 0x13
 707 007b 02       		.uleb128 0x2
 708 007c 18       		.uleb128 0x18
 709 007d 00       		.byte	0
 710 007e 00       		.byte	0
 711 007f 09       		.uleb128 0x9
 712 0080 34       		.uleb128 0x34
 713 0081 00       		.byte	0
 714 0082 03       		.uleb128 0x3
 715 0083 0E       		.uleb128 0xe
 716 0084 3A       		.uleb128 0x3a
 717 0085 0B       		.uleb128 0xb
 718 0086 3B       		.uleb128 0x3b
 719 0087 0B       		.uleb128 0xb
 720 0088 49       		.uleb128 0x49
 721 0089 13       		.uleb128 0x13
 722 008a 02       		.uleb128 0x2
 723 008b 17       		.uleb128 0x17
 724 008c 00       		.byte	0
 725 008d 00       		.byte	0
 726 008e 0A       		.uleb128 0xa
 727 008f 2E       		.uleb128 0x2e
 728 0090 01       		.byte	0x1
 729 0091 3F       		.uleb128 0x3f
 730 0092 19       		.uleb128 0x19
 731 0093 03       		.uleb128 0x3
 732 0094 0E       		.uleb128 0xe
 733 0095 3A       		.uleb128 0x3a
 734 0096 0B       		.uleb128 0xb
 735 0097 3B       		.uleb128 0x3b
 736 0098 0B       		.uleb128 0xb
 737 0099 27       		.uleb128 0x27
 738 009a 19       		.uleb128 0x19
 739 009b 49       		.uleb128 0x49
 740 009c 13       		.uleb128 0x13
 741 009d 11       		.uleb128 0x11
 742 009e 01       		.uleb128 0x1
 743 009f 12       		.uleb128 0x12
ARM GAS  C:\Users\Lory\AppData\Local\Temp\ccYz5fYC.s 			page 16


 744 00a0 06       		.uleb128 0x6
 745 00a1 40       		.uleb128 0x40
 746 00a2 18       		.uleb128 0x18
 747 00a3 9742     		.uleb128 0x2117
 748 00a5 19       		.uleb128 0x19
 749 00a6 01       		.uleb128 0x1
 750 00a7 13       		.uleb128 0x13
 751 00a8 00       		.byte	0
 752 00a9 00       		.byte	0
 753 00aa 0B       		.uleb128 0xb
 754 00ab 0F       		.uleb128 0xf
 755 00ac 00       		.byte	0
 756 00ad 0B       		.uleb128 0xb
 757 00ae 0B       		.uleb128 0xb
 758 00af 49       		.uleb128 0x49
 759 00b0 13       		.uleb128 0x13
 760 00b1 00       		.byte	0
 761 00b2 00       		.byte	0
 762 00b3 0C       		.uleb128 0xc
 763 00b4 2E       		.uleb128 0x2e
 764 00b5 01       		.byte	0x1
 765 00b6 3F       		.uleb128 0x3f
 766 00b7 19       		.uleb128 0x19
 767 00b8 03       		.uleb128 0x3
 768 00b9 0E       		.uleb128 0xe
 769 00ba 3A       		.uleb128 0x3a
 770 00bb 0B       		.uleb128 0xb
 771 00bc 3B       		.uleb128 0x3b
 772 00bd 0B       		.uleb128 0xb
 773 00be 27       		.uleb128 0x27
 774 00bf 19       		.uleb128 0x19
 775 00c0 11       		.uleb128 0x11
 776 00c1 01       		.uleb128 0x1
 777 00c2 12       		.uleb128 0x12
 778 00c3 06       		.uleb128 0x6
 779 00c4 40       		.uleb128 0x40
 780 00c5 18       		.uleb128 0x18
 781 00c6 9742     		.uleb128 0x2117
 782 00c8 19       		.uleb128 0x19
 783 00c9 01       		.uleb128 0x1
 784 00ca 13       		.uleb128 0x13
 785 00cb 00       		.byte	0
 786 00cc 00       		.byte	0
 787 00cd 0D       		.uleb128 0xd
 788 00ce 05       		.uleb128 0x5
 789 00cf 00       		.byte	0
 790 00d0 03       		.uleb128 0x3
 791 00d1 08       		.uleb128 0x8
 792 00d2 3A       		.uleb128 0x3a
 793 00d3 0B       		.uleb128 0xb
 794 00d4 3B       		.uleb128 0x3b
 795 00d5 0B       		.uleb128 0xb
 796 00d6 49       		.uleb128 0x49
 797 00d7 13       		.uleb128 0x13
 798 00d8 02       		.uleb128 0x2
 799 00d9 18       		.uleb128 0x18
 800 00da 00       		.byte	0
ARM GAS  C:\Users\Lory\AppData\Local\Temp\ccYz5fYC.s 			page 17


 801 00db 00       		.byte	0
 802 00dc 0E       		.uleb128 0xe
 803 00dd 0B       		.uleb128 0xb
 804 00de 01       		.byte	0x1
 805 00df 11       		.uleb128 0x11
 806 00e0 01       		.uleb128 0x1
 807 00e1 12       		.uleb128 0x12
 808 00e2 06       		.uleb128 0x6
 809 00e3 00       		.byte	0
 810 00e4 00       		.byte	0
 811 00e5 0F       		.uleb128 0xf
 812 00e6 34       		.uleb128 0x34
 813 00e7 00       		.byte	0
 814 00e8 03       		.uleb128 0x3
 815 00e9 08       		.uleb128 0x8
 816 00ea 3A       		.uleb128 0x3a
 817 00eb 0B       		.uleb128 0xb
 818 00ec 3B       		.uleb128 0x3b
 819 00ed 0B       		.uleb128 0xb
 820 00ee 49       		.uleb128 0x49
 821 00ef 13       		.uleb128 0x13
 822 00f0 02       		.uleb128 0x2
 823 00f1 17       		.uleb128 0x17
 824 00f2 00       		.byte	0
 825 00f3 00       		.byte	0
 826 00f4 10       		.uleb128 0x10
 827 00f5 34       		.uleb128 0x34
 828 00f6 00       		.byte	0
 829 00f7 03       		.uleb128 0x3
 830 00f8 0E       		.uleb128 0xe
 831 00f9 3A       		.uleb128 0x3a
 832 00fa 0B       		.uleb128 0xb
 833 00fb 3B       		.uleb128 0x3b
 834 00fc 0B       		.uleb128 0xb
 835 00fd 49       		.uleb128 0x49
 836 00fe 13       		.uleb128 0x13
 837 00ff 02       		.uleb128 0x2
 838 0100 18       		.uleb128 0x18
 839 0101 00       		.byte	0
 840 0102 00       		.byte	0
 841 0103 11       		.uleb128 0x11
 842 0104 898201   		.uleb128 0x4109
 843 0107 01       		.byte	0x1
 844 0108 11       		.uleb128 0x11
 845 0109 01       		.uleb128 0x1
 846 010a 31       		.uleb128 0x31
 847 010b 13       		.uleb128 0x13
 848 010c 00       		.byte	0
 849 010d 00       		.byte	0
 850 010e 12       		.uleb128 0x12
 851 010f 8A8201   		.uleb128 0x410a
 852 0112 00       		.byte	0
 853 0113 02       		.uleb128 0x2
 854 0114 18       		.uleb128 0x18
 855 0115 9142     		.uleb128 0x2111
 856 0117 18       		.uleb128 0x18
 857 0118 00       		.byte	0
ARM GAS  C:\Users\Lory\AppData\Local\Temp\ccYz5fYC.s 			page 18


 858 0119 00       		.byte	0
 859 011a 13       		.uleb128 0x13
 860 011b 01       		.uleb128 0x1
 861 011c 01       		.byte	0x1
 862 011d 49       		.uleb128 0x49
 863 011e 13       		.uleb128 0x13
 864 011f 01       		.uleb128 0x1
 865 0120 13       		.uleb128 0x13
 866 0121 00       		.byte	0
 867 0122 00       		.byte	0
 868 0123 14       		.uleb128 0x14
 869 0124 21       		.uleb128 0x21
 870 0125 00       		.byte	0
 871 0126 49       		.uleb128 0x49
 872 0127 13       		.uleb128 0x13
 873 0128 2F       		.uleb128 0x2f
 874 0129 0B       		.uleb128 0xb
 875 012a 00       		.byte	0
 876 012b 00       		.byte	0
 877 012c 15       		.uleb128 0x15
 878 012d 34       		.uleb128 0x34
 879 012e 00       		.byte	0
 880 012f 03       		.uleb128 0x3
 881 0130 0E       		.uleb128 0xe
 882 0131 3A       		.uleb128 0x3a
 883 0132 0B       		.uleb128 0xb
 884 0133 3B       		.uleb128 0x3b
 885 0134 05       		.uleb128 0x5
 886 0135 49       		.uleb128 0x49
 887 0136 13       		.uleb128 0x13
 888 0137 3F       		.uleb128 0x3f
 889 0138 19       		.uleb128 0x19
 890 0139 3C       		.uleb128 0x3c
 891 013a 19       		.uleb128 0x19
 892 013b 00       		.byte	0
 893 013c 00       		.byte	0
 894 013d 16       		.uleb128 0x16
 895 013e 35       		.uleb128 0x35
 896 013f 00       		.byte	0
 897 0140 49       		.uleb128 0x49
 898 0141 13       		.uleb128 0x13
 899 0142 00       		.byte	0
 900 0143 00       		.byte	0
 901 0144 00       		.byte	0
 902              		.section	.debug_loc,"",%progbits
 903              	.Ldebug_loc0:
 904              	.LLST0:
 905 0000 00000000 		.4byte	.LVL0
 906 0004 0B000000 		.4byte	.LVL1-1
 907 0008 0100     		.2byte	0x1
 908 000a 50       		.byte	0x50
 909 000b 0B000000 		.4byte	.LVL1-1
 910 000f 38000000 		.4byte	.LFE63
 911 0013 0600     		.2byte	0x6
 912 0015 F3       		.byte	0xf3
 913 0016 03       		.uleb128 0x3
 914 0017 F5       		.byte	0xf5
ARM GAS  C:\Users\Lory\AppData\Local\Temp\ccYz5fYC.s 			page 19


 915 0018 00       		.uleb128 0
 916 0019 25       		.uleb128 0x25
 917 001a 9F       		.byte	0x9f
 918 001b 00000000 		.4byte	0
 919 001f 00000000 		.4byte	0
 920              	.LLST1:
 921 0023 00000000 		.4byte	.LVL0
 922 0027 0B000000 		.4byte	.LVL1-1
 923 002b 0100     		.2byte	0x1
 924 002d 51       		.byte	0x51
 925 002e 0B000000 		.4byte	.LVL1-1
 926 0032 38000000 		.4byte	.LFE63
 927 0036 0100     		.2byte	0x1
 928 0038 57       		.byte	0x57
 929 0039 00000000 		.4byte	0
 930 003d 00000000 		.4byte	0
 931              	.LLST2:
 932 0041 00000000 		.4byte	.LVL0
 933 0045 0B000000 		.4byte	.LVL1-1
 934 0049 0100     		.2byte	0x1
 935 004b 52       		.byte	0x52
 936 004c 0B000000 		.4byte	.LVL1-1
 937 0050 18000000 		.4byte	.LVL5
 938 0054 0100     		.2byte	0x1
 939 0056 56       		.byte	0x56
 940 0057 18000000 		.4byte	.LVL5
 941 005b 38000000 		.4byte	.LFE63
 942 005f 0600     		.2byte	0x6
 943 0061 F3       		.byte	0xf3
 944 0062 03       		.uleb128 0x3
 945 0063 F5       		.byte	0xf5
 946 0064 02       		.uleb128 0x2
 947 0065 25       		.uleb128 0x25
 948 0066 9F       		.byte	0x9f
 949 0067 00000000 		.4byte	0
 950 006b 00000000 		.4byte	0
 951              	.LLST3:
 952 006f 00000000 		.4byte	.LVL0
 953 0073 0B000000 		.4byte	.LVL1-1
 954 0077 0100     		.2byte	0x1
 955 0079 53       		.byte	0x53
 956 007a 0B000000 		.4byte	.LVL1-1
 957 007e 38000000 		.4byte	.LFE63
 958 0082 0100     		.2byte	0x1
 959 0084 54       		.byte	0x54
 960 0085 00000000 		.4byte	0
 961 0089 00000000 		.4byte	0
 962              	.LLST4:
 963 008d 0E000000 		.4byte	.LVL2
 964 0091 12000000 		.4byte	.LVL3
 965 0095 0100     		.2byte	0x1
 966 0097 50       		.byte	0x50
 967 0098 12000000 		.4byte	.LVL3
 968 009c 38000000 		.4byte	.LFE63
 969 00a0 0100     		.2byte	0x1
 970 00a2 55       		.byte	0x55
 971 00a3 00000000 		.4byte	0
ARM GAS  C:\Users\Lory\AppData\Local\Temp\ccYz5fYC.s 			page 20


 972 00a7 00000000 		.4byte	0
 973              	.LLST5:
 974 00ab 18000000 		.4byte	.LVL5
 975 00af 1C000000 		.4byte	.LVL6
 976 00b3 0100     		.2byte	0x1
 977 00b5 50       		.byte	0x50
 978 00b6 1C000000 		.4byte	.LVL6
 979 00ba 38000000 		.4byte	.LFE63
 980 00be 0100     		.2byte	0x1
 981 00c0 56       		.byte	0x56
 982 00c1 00000000 		.4byte	0
 983 00c5 00000000 		.4byte	0
 984              	.LLST6:
 985 00c9 20000000 		.4byte	.LVL7
 986 00cd 25000000 		.4byte	.LVL8-1
 987 00d1 0100     		.2byte	0x1
 988 00d3 50       		.byte	0x50
 989 00d4 00000000 		.4byte	0
 990 00d8 00000000 		.4byte	0
 991              	.LLST7:
 992 00dc 00000000 		.4byte	.LVL11
 993 00e0 06000000 		.4byte	.LVL12
 994 00e4 0100     		.2byte	0x1
 995 00e6 50       		.byte	0x50
 996 00e7 06000000 		.4byte	.LVL12
 997 00eb 10000000 		.4byte	.LVL13
 998 00ef 0400     		.2byte	0x4
 999 00f1 F3       		.byte	0xf3
 1000 00f2 01       		.uleb128 0x1
 1001 00f3 50       		.byte	0x50
 1002 00f4 9F       		.byte	0x9f
 1003 00f5 10000000 		.4byte	.LVL13
 1004 00f9 18000000 		.4byte	.LVL15
 1005 00fd 0100     		.2byte	0x1
 1006 00ff 50       		.byte	0x50
 1007 0100 18000000 		.4byte	.LVL15
 1008 0104 1E000000 		.4byte	.LFE64
 1009 0108 0400     		.2byte	0x4
 1010 010a F3       		.byte	0xf3
 1011 010b 01       		.uleb128 0x1
 1012 010c 50       		.byte	0x50
 1013 010d 9F       		.byte	0x9f
 1014 010e 00000000 		.4byte	0
 1015 0112 00000000 		.4byte	0
 1016              	.LLST8:
 1017 0116 00000000 		.4byte	.LVL11
 1018 011a 12000000 		.4byte	.LVL14
 1019 011e 0100     		.2byte	0x1
 1020 0120 51       		.byte	0x51
 1021 0121 12000000 		.4byte	.LVL14
 1022 0125 1E000000 		.4byte	.LFE64
 1023 0129 0400     		.2byte	0x4
 1024 012b F3       		.byte	0xf3
 1025 012c 01       		.uleb128 0x1
 1026 012d 51       		.byte	0x51
 1027 012e 9F       		.byte	0x9f
 1028 012f 00000000 		.4byte	0
ARM GAS  C:\Users\Lory\AppData\Local\Temp\ccYz5fYC.s 			page 21


 1029 0133 00000000 		.4byte	0
 1030              	.LLST9:
 1031 0137 00000000 		.4byte	.LVL16
 1032 013b 04000000 		.4byte	.LVL17
 1033 013f 0200     		.2byte	0x2
 1034 0141 30       		.byte	0x30
 1035 0142 9F       		.byte	0x9f
 1036 0143 04000000 		.4byte	.LVL17
 1037 0147 0E000000 		.4byte	.LVL18
 1038 014b 0100     		.2byte	0x1
 1039 014d 53       		.byte	0x53
 1040 014e 10000000 		.4byte	.LVL19
 1041 0152 16000000 		.4byte	.LFE66
 1042 0156 0100     		.2byte	0x1
 1043 0158 53       		.byte	0x53
 1044 0159 00000000 		.4byte	0
 1045 015d 00000000 		.4byte	0
 1046              	.LLST10:
 1047 0161 00000000 		.4byte	.LVL20
 1048 0165 1C000000 		.4byte	.LVL23
 1049 0169 0100     		.2byte	0x1
 1050 016b 50       		.byte	0x50
 1051 016c 1C000000 		.4byte	.LVL23
 1052 0170 3A000000 		.4byte	.LFE65
 1053 0174 0100     		.2byte	0x1
 1054 0176 55       		.byte	0x55
 1055 0177 00000000 		.4byte	0
 1056 017b 00000000 		.4byte	0
 1057              	.LLST11:
 1058 017f 00000000 		.4byte	.LVL20
 1059 0183 1C000000 		.4byte	.LVL23
 1060 0187 0100     		.2byte	0x1
 1061 0189 51       		.byte	0x51
 1062 018a 1C000000 		.4byte	.LVL23
 1063 018e 3A000000 		.4byte	.LFE65
 1064 0192 0200     		.2byte	0x2
 1065 0194 91       		.byte	0x91
 1066 0195 64       		.sleb128 -28
 1067 0196 00000000 		.4byte	0
 1068 019a 00000000 		.4byte	0
 1069              	.LLST12:
 1070 019e 00000000 		.4byte	.LVL20
 1071 01a2 1C000000 		.4byte	.LVL23
 1072 01a6 0100     		.2byte	0x1
 1073 01a8 52       		.byte	0x52
 1074 01a9 1C000000 		.4byte	.LVL23
 1075 01ad 3A000000 		.4byte	.LFE65
 1076 01b1 0200     		.2byte	0x2
 1077 01b3 91       		.byte	0x91
 1078 01b4 68       		.sleb128 -24
 1079 01b5 00000000 		.4byte	0
 1080 01b9 00000000 		.4byte	0
 1081              	.LLST13:
 1082 01bd 00000000 		.4byte	.LVL20
 1083 01c1 10000000 		.4byte	.LVL21
 1084 01c5 0100     		.2byte	0x1
 1085 01c7 53       		.byte	0x53
ARM GAS  C:\Users\Lory\AppData\Local\Temp\ccYz5fYC.s 			page 22


 1086 01c8 10000000 		.4byte	.LVL21
 1087 01cc 3A000000 		.4byte	.LFE65
 1088 01d0 0200     		.2byte	0x2
 1089 01d2 91       		.byte	0x91
 1090 01d3 6C       		.sleb128 -20
 1091 01d4 00000000 		.4byte	0
 1092 01d8 00000000 		.4byte	0
 1093              	.LLST14:
 1094 01dc 18000000 		.4byte	.LVL22
 1095 01e0 1C000000 		.4byte	.LVL23
 1096 01e4 0200     		.2byte	0x2
 1097 01e6 30       		.byte	0x30
 1098 01e7 9F       		.byte	0x9f
 1099 01e8 1C000000 		.4byte	.LVL23
 1100 01ec 30000000 		.4byte	.LVL25
 1101 01f0 0100     		.2byte	0x1
 1102 01f2 54       		.byte	0x54
 1103 01f3 32000000 		.4byte	.LVL26
 1104 01f7 3A000000 		.4byte	.LFE65
 1105 01fb 0100     		.2byte	0x1
 1106 01fd 54       		.byte	0x54
 1107 01fe 00000000 		.4byte	0
 1108 0202 00000000 		.4byte	0
 1109              		.section	.debug_aranges,"",%progbits
 1110 0000 34000000 		.4byte	0x34
 1111 0004 0200     		.2byte	0x2
 1112 0006 00000000 		.4byte	.Ldebug_info0
 1113 000a 04       		.byte	0x4
 1114 000b 00       		.byte	0
 1115 000c 0000     		.2byte	0
 1116 000e 0000     		.2byte	0
 1117 0010 00000000 		.4byte	.LFB63
 1118 0014 38000000 		.4byte	.LFE63-.LFB63
 1119 0018 00000000 		.4byte	.LFB64
 1120 001c 1E000000 		.4byte	.LFE64-.LFB64
 1121 0020 00000000 		.4byte	.LFB66
 1122 0024 16000000 		.4byte	.LFE66-.LFB66
 1123 0028 00000000 		.4byte	.LFB65
 1124 002c 3A000000 		.4byte	.LFE65-.LFB65
 1125 0030 00000000 		.4byte	0
 1126 0034 00000000 		.4byte	0
 1127              		.section	.debug_ranges,"",%progbits
 1128              	.Ldebug_ranges0:
 1129 0000 00000000 		.4byte	.LFB63
 1130 0004 38000000 		.4byte	.LFE63
 1131 0008 00000000 		.4byte	.LFB64
 1132 000c 1E000000 		.4byte	.LFE64
 1133 0010 00000000 		.4byte	.LFB66
 1134 0014 16000000 		.4byte	.LFE66
 1135 0018 00000000 		.4byte	.LFB65
 1136 001c 3A000000 		.4byte	.LFE65
 1137 0020 00000000 		.4byte	0
 1138 0024 00000000 		.4byte	0
 1139              		.section	.debug_line,"",%progbits
 1140              	.Ldebug_line0:
 1141 0000 BB010000 		.section	.debug_str,"MS",%progbits,1
 1141      02004501 
ARM GAS  C:\Users\Lory\AppData\Local\Temp\ccYz5fYC.s 			page 23


 1141      00000201 
 1141      FB0E0D00 
 1141      01010101 
 1142              	.LASF34:
 1143 0000 556E7061 		.ascii	"UnpackAxisData\000"
 1143      636B4178 
 1143      69734461 
 1143      746100
 1144              	.LASF36:
 1145 000f 68656164 		.ascii	"header\000"
 1145      657200
 1146              	.LASF3:
 1147 0016 5F5F7569 		.ascii	"__uint8_t\000"
 1147      6E74385F 
 1147      7400
 1148              	.LASF7:
 1149 0020 5F5F696E 		.ascii	"__int32_t\000"
 1149      7433325F 
 1149      7400
 1150              	.LASF6:
 1151 002a 73686F72 		.ascii	"short unsigned int\000"
 1151      7420756E 
 1151      7369676E 
 1151      65642069 
 1151      6E7400
 1152              	.LASF35:
 1153 003d 4C6F6164 		.ascii	"LoadAxesData\000"
 1153      41786573 
 1153      44617461 
 1153      00
 1154              	.LASF0:
 1155 004a 666C6F61 		.ascii	"float\000"
 1155      7400
 1156              	.LASF29:
 1157 0050 64617461 		.ascii	"data\000"
 1157      00
 1158              	.LASF10:
 1159 0055 6C6F6E67 		.ascii	"long long int\000"
 1159      206C6F6E 
 1159      6720696E 
 1159      7400
 1160              	.LASF41:
 1161 0063 433A5C55 		.ascii	"C:\\Users\\Lory\\Desktop\\psoc_assignment_git\\PSoC"
 1161      73657273 
 1161      5C4C6F72 
 1161      795C4465 
 1161      736B746F 
 1162 0091 5F355F41 		.ascii	"_5_Assignment\\AY1920_II_HW_05_GUALNIERA_LORENZO\\A"
 1162      73736967 
 1162      6E6D656E 
 1162      745C4159 
 1162      31393230 
 1163 00c2 59313932 		.ascii	"Y1920_II_HW_05_PROJ_3.cydsn\000"
 1163      305F4949 
 1163      5F48575F 
 1163      30355F50 
 1163      524F4A5F 
ARM GAS  C:\Users\Lory\AppData\Local\Temp\ccYz5fYC.s 			page 24


 1164              	.LASF2:
 1165 00de 756E7369 		.ascii	"unsigned char\000"
 1165      676E6564 
 1165      20636861 
 1165      7200
 1166              	.LASF39:
 1167 00ec 474E5520 		.ascii	"GNU C11 5.4.1 20160609 (release) [ARM/embedded-5-br"
 1167      43313120 
 1167      352E342E 
 1167      31203230 
 1167      31363036 
 1168 011f 616E6368 		.ascii	"anch revision 237715] -mcpu=cortex-m3 -mthumb -g -O"
 1168      20726576 
 1168      6973696F 
 1168      6E203233 
 1168      37373135 
 1169 0152 67202D66 		.ascii	"g -ffunction-sections -ffat-lto-objects\000"
 1169      66756E63 
 1169      74696F6E 
 1169      2D736563 
 1169      74696F6E 
 1170              	.LASF25:
 1171 017a 6F6C6453 		.ascii	"oldScale\000"
 1171      63616C65 
 1171      00
 1172              	.LASF38:
 1173 0183 61786973 		.ascii	"axisVect\000"
 1173      56656374 
 1173      00
 1174              	.LASF33:
 1175 018c 64617461 		.ascii	"dataPtr\000"
 1175      50747200 
 1176              	.LASF9:
 1177 0194 6C6F6E67 		.ascii	"long unsigned int\000"
 1177      20756E73 
 1177      69676E65 
 1177      6420696E 
 1177      7400
 1178              	.LASF27:
 1179 01a6 4D696E4D 		.ascii	"MinMaxScaler\000"
 1179      61785363 
 1179      616C6572 
 1179      00
 1180              	.LASF30:
 1181 01b3 6C6F7765 		.ascii	"lowerFirst\000"
 1181      72466972 
 1181      737400
 1182              	.LASF42:
 1183 01be 49544D5F 		.ascii	"ITM_RxBuffer\000"
 1183      52784275 
 1183      66666572 
 1183      00
 1184              	.LASF16:
 1185 01cb 646F7562 		.ascii	"double\000"
 1185      6C6500
 1186              	.LASF4:
 1187 01d2 5F5F696E 		.ascii	"__int16_t\000"
ARM GAS  C:\Users\Lory\AppData\Local\Temp\ccYz5fYC.s 			page 25


 1187      7431365F 
 1187      7400
 1188              	.LASF23:
 1189 01dc 6E65774D 		.ascii	"newMax\000"
 1189      617800
 1190              	.LASF12:
 1191 01e3 756E7369 		.ascii	"unsigned int\000"
 1191      676E6564 
 1191      20696E74 
 1191      00
 1192              	.LASF21:
 1193 01f0 6F6C644D 		.ascii	"oldMax\000"
 1193      617800
 1194              	.LASF11:
 1195 01f7 6C6F6E67 		.ascii	"long long unsigned int\000"
 1195      206C6F6E 
 1195      6720756E 
 1195      7369676E 
 1195      65642069 
 1196              	.LASF13:
 1197 020e 75696E74 		.ascii	"uint8_t\000"
 1197      385F7400 
 1198              	.LASF14:
 1199 0216 696E7431 		.ascii	"int16_t\000"
 1199      365F7400 
 1200              	.LASF24:
 1201 021e 706F734E 		.ascii	"posNum\000"
 1201      756D00
 1202              	.LASF31:
 1203 0225 61646A75 		.ascii	"adjustShift\000"
 1203      73745368 
 1203      69667400 
 1204              	.LASF15:
 1205 0231 696E7433 		.ascii	"int32_t\000"
 1205      325F7400 
 1206              	.LASF22:
 1207 0239 6E65774D 		.ascii	"newMin\000"
 1207      696E00
 1208              	.LASF40:
 1209 0240 41636365 		.ascii	"AccelUtils.c\000"
 1209      6C557469 
 1209      6C732E63 
 1209      00
 1210              	.LASF20:
 1211 024d 6F6C644D 		.ascii	"oldMin\000"
 1211      696E00
 1212              	.LASF19:
 1213 0254 73697A65 		.ascii	"sizetype\000"
 1213      74797065 
 1213      00
 1214              	.LASF17:
 1215 025d 63686172 		.ascii	"char\000"
 1215      00
 1216              	.LASF28:
 1217 0262 52696768 		.ascii	"RightAdjustVal\000"
 1217      7441646A 
 1217      75737456 
ARM GAS  C:\Users\Lory\AppData\Local\Temp\ccYz5fYC.s 			page 26


 1217      616C00
 1218              	.LASF5:
 1219 0271 73686F72 		.ascii	"short int\000"
 1219      7420696E 
 1219      7400
 1220              	.LASF37:
 1221 027b 7461696C 		.ascii	"tail\000"
 1221      00
 1222              	.LASF8:
 1223 0280 6C6F6E67 		.ascii	"long int\000"
 1223      20696E74 
 1223      00
 1224              	.LASF18:
 1225 0289 6C6F6E67 		.ascii	"long double\000"
 1225      20646F75 
 1225      626C6500 
 1226              	.LASF1:
 1227 0295 7369676E 		.ascii	"signed char\000"
 1227      65642063 
 1227      68617200 
 1228              	.LASF26:
 1229 02a1 6E657753 		.ascii	"newScale\000"
 1229      63616C65 
 1229      00
 1230              	.LASF32:
 1231 02aa 5F426F6F 		.ascii	"_Bool\000"
 1231      6C00
 1232              		.ident	"GCC: (GNU Tools for ARM Embedded Processors) 5.4.1 20160609 (release) [ARM/embedded-5-bran
