ARM GAS  C:\Users\Lory\AppData\Local\Temp\ccwOZ5gU.s 			page 1


   1              		.syntax unified
   2              		.cpu cortex-m3
   3              		.fpu softvfp
   4              		.eabi_attribute 20, 1
   5              		.eabi_attribute 21, 1
   6              		.eabi_attribute 23, 3
   7              		.eabi_attribute 24, 1
   8              		.eabi_attribute 25, 1
   9              		.eabi_attribute 26, 1
  10              		.eabi_attribute 30, 1
  11              		.eabi_attribute 34, 1
  12              		.eabi_attribute 18, 4
  13              		.thumb
  14              		.syntax unified
  15              		.file	"cymetadata.c"
  16              		.text
  17              	.Ltext0:
  18              		.cfi_sections	.debug_frame
  19              		.global	cy_metadata
  20              		.global	cy_meta_flashprotect
  21              		.global	cy_meta_wonvl
  22              		.global	cy_meta_custnvl
  23              		.global	cy_meta_configecc
  24              		.section	.cyconfigecc,"a",%progbits
  25              		.align	2
  26              		.type	cy_meta_configecc, %object
  27              		.size	cy_meta_configecc, 516
  28              	cy_meta_configecc:
  29 0000 02       		.byte	2
  30 0001 4F       		.byte	79
  31 0002 00       		.byte	0
  32 0003 40       		.byte	64
  33 0004 01       		.byte	1
  34 0005 65       		.byte	101
  35 0006 00       		.byte	0
  36 0007 40       		.byte	64
  37 0008 04       		.byte	4
  38 0009 15       		.byte	21
  39 000a 01       		.byte	1
  40 000b 40       		.byte	64
  41 000c 5F       		.byte	95
  42 000d 1A       		.byte	26
  43 000e 01       		.byte	1
  44 000f 40       		.byte	64
  45 0010 3B       		.byte	59
  46 0011 1B       		.byte	27
  47 0012 01       		.byte	1
  48 0013 40       		.byte	64
  49 0014 02       		.byte	2
  50 0015 40       		.byte	64
  51 0016 01       		.byte	1
  52 0017 40       		.byte	64
  53 0018 01       		.byte	1
  54 0019 41       		.byte	65
  55 001a 01       		.byte	1
  56 001b 40       		.byte	64
  57 001c 05       		.byte	5
ARM GAS  C:\Users\Lory\AppData\Local\Temp\ccwOZ5gU.s 			page 2


  58 001d 42       		.byte	66
  59 001e 01       		.byte	1
  60 001f 40       		.byte	64
  61 0020 01       		.byte	1
  62 0021 43       		.byte	67
  63 0022 01       		.byte	1
  64 0023 40       		.byte	64
  65 0024 03       		.byte	3
  66 0025 48       		.byte	72
  67 0026 01       		.byte	1
  68 0027 40       		.byte	64
  69 0028 13       		.byte	19
  70 0029 49       		.byte	73
  71 002a 01       		.byte	1
  72 002b 40       		.byte	64
  73 002c 06       		.byte	6
  74 002d 4C       		.byte	76
  75 002e 01       		.byte	1
  76 002f 40       		.byte	64
  77 0030 0B       		.byte	11
  78 0031 4D       		.byte	77
  79 0032 01       		.byte	1
  80 0033 40       		.byte	64
  81 0034 02       		.byte	2
  82 0035 50       		.byte	80
  83 0036 01       		.byte	1
  84 0037 40       		.byte	64
  85 0038 02       		.byte	2
  86 0039 51       		.byte	81
  87 003a 01       		.byte	1
  88 003b 40       		.byte	64
  89 003c 01       		.byte	1
  90 003d 10       		.byte	16
  91 003e 0A       		.byte	10
  92 003f 36       		.byte	54
  93 0040 8A       		.byte	-118
  94 0041 0F       		.byte	15
  95 0042 E0       		.byte	-32
  96 0043 08       		.byte	8
  97 0044 E4       		.byte	-28
  98 0045 01       		.byte	1
  99 0046 E6       		.byte	-26
 100 0047 12       		.byte	18
 101 0048 EA       		.byte	-22
 102 0049 05       		.byte	5
 103 004a 00       		.byte	0
 104 004b 13       		.byte	19
 105 004c 02       		.byte	2
 106 004d 04       		.byte	4
 107 004e 05       		.byte	5
 108 004f 14       		.byte	20
 109 0050 06       		.byte	6
 110 0051 15       		.byte	21
 111 0052 0A       		.byte	10
 112 0053 08       		.byte	8
 113 0054 0C       		.byte	12
 114 0055 13       		.byte	19
ARM GAS  C:\Users\Lory\AppData\Local\Temp\ccwOZ5gU.s 			page 3


 115 0056 0E       		.byte	14
 116 0057 0C       		.byte	12
 117 0058 10       		.byte	16
 118 0059 40       		.byte	64
 119 005a 13       		.byte	19
 120 005b 03       		.byte	3
 121 005c 15       		.byte	21
 122 005d 1C       		.byte	28
 123 005e 17       		.byte	23
 124 005f 02       		.byte	2
 125 0060 19       		.byte	25
 126 0061 09       		.byte	9
 127 0062 1B       		.byte	27
 128 0063 10       		.byte	16
 129 0064 1C       		.byte	28
 130 0065 20       		.byte	32
 131 0066 21       		.byte	33
 132 0067 0C       		.byte	12
 133 0068 23       		.byte	35
 134 0069 11       		.byte	17
 135 006a 24       		.byte	36
 136 006b 03       		.byte	3
 137 006c 25       		.byte	37
 138 006d 10       		.byte	16
 139 006e 26       		.byte	38
 140 006f 14       		.byte	20
 141 0070 28       		.byte	40
 142 0071 0A       		.byte	10
 143 0072 2A       		.byte	42
 144 0073 14       		.byte	20
 145 0074 2D       		.byte	45
 146 0075 10       		.byte	16
 147 0076 2F       		.byte	47
 148 0077 0C       		.byte	12
 149 0078 30       		.byte	48
 150 0079 10       		.byte	16
 151 007a 31       		.byte	49
 152 007b 1F       		.byte	31
 153 007c 32       		.byte	50
 154 007d 20       		.byte	32
 155 007e 34       		.byte	52
 156 007f 40       		.byte	64
 157 0080 36       		.byte	54
 158 0081 0F       		.byte	15
 159 0082 3A       		.byte	58
 160 0083 80       		.byte	-128
 161 0084 3E       		.byte	62
 162 0085 15       		.byte	21
 163 0086 40       		.byte	64
 164 0087 56       		.byte	86
 165 0088 41       		.byte	65
 166 0089 01       		.byte	1
 167 008a 45       		.byte	69
 168 008b EC       		.byte	-20
 169 008c 47       		.byte	71
 170 008d 0B       		.byte	11
 171 008e 48       		.byte	72
ARM GAS  C:\Users\Lory\AppData\Local\Temp\ccwOZ5gU.s 			page 4


 172 008f 13       		.byte	19
 173 0090 49       		.byte	73
 174 0091 FF       		.byte	-1
 175 0092 4A       		.byte	74
 176 0093 FF       		.byte	-1
 177 0094 4B       		.byte	75
 178 0095 FF       		.byte	-1
 179 0096 4E       		.byte	78
 180 0097 F0       		.byte	-16
 181 0098 4F       		.byte	79
 182 0099 44       		.byte	68
 183 009a 50       		.byte	80
 184 009b 0C       		.byte	12
 185 009c 54       		.byte	84
 186 009d 01       		.byte	1
 187 009e 58       		.byte	88
 188 009f 04       		.byte	4
 189 00a0 59       		.byte	89
 190 00a1 04       		.byte	4
 191 00a2 5A       		.byte	90
 192 00a3 04       		.byte	4
 193 00a4 5B       		.byte	91
 194 00a5 04       		.byte	4
 195 00a6 5F       		.byte	95
 196 00a7 01       		.byte	1
 197 00a8 66       		.byte	102
 198 00a9 C0       		.byte	-64
 199 00aa 6A       		.byte	106
 200 00ab 40       		.byte	64
 201 00ac 6B       		.byte	107
 202 00ad 02       		.byte	2
 203 00ae 81       		.byte	-127
 204 00af 80       		.byte	-128
 205 00b0 83       		.byte	-125
 206 00b1 13       		.byte	19
 207 00b2 84       		.byte	-124
 208 00b3 06       		.byte	6
 209 00b4 86       		.byte	-122
 210 00b5 01       		.byte	1
 211 00b6 8A       		.byte	-118
 212 00b7 01       		.byte	1
 213 00b8 8B       		.byte	-117
 214 00b9 08       		.byte	8
 215 00ba 8E       		.byte	-114
 216 00bb 05       		.byte	5
 217 00bc 96       		.byte	-106
 218 00bd 02       		.byte	2
 219 00be 97       		.byte	-105
 220 00bf 0C       		.byte	12
 221 00c0 99       		.byte	-103
 222 00c1 2C       		.byte	44
 223 00c2 9B       		.byte	-101
 224 00c3 43       		.byte	67
 225 00c4 9E       		.byte	-98
 226 00c5 03       		.byte	3
 227 00c6 A1       		.byte	-95
 228 00c7 71       		.byte	113
ARM GAS  C:\Users\Lory\AppData\Local\Temp\ccwOZ5gU.s 			page 5


 229 00c8 A3       		.byte	-93
 230 00c9 0E       		.byte	14
 231 00ca A6       		.byte	-90
 232 00cb 06       		.byte	6
 233 00cc AD       		.byte	-83
 234 00cd 71       		.byte	113
 235 00ce AF       		.byte	-81
 236 00cf 06       		.byte	6
 237 00d0 B1       		.byte	-79
 238 00d1 30       		.byte	48
 239 00d2 B3       		.byte	-77
 240 00d3 0F       		.byte	15
 241 00d4 B5       		.byte	-75
 242 00d5 C0       		.byte	-64
 243 00d6 B6       		.byte	-74
 244 00d7 07       		.byte	7
 245 00d8 B8       		.byte	-72
 246 00d9 08       		.byte	8
 247 00da B9       		.byte	-71
 248 00db 22       		.byte	34
 249 00dc BA       		.byte	-70
 250 00dd 80       		.byte	-128
 251 00de BB       		.byte	-69
 252 00df 08       		.byte	8
 253 00e0 BE       		.byte	-66
 254 00e1 04       		.byte	4
 255 00e2 BF       		.byte	-65
 256 00e3 01       		.byte	1
 257 00e4 C0       		.byte	-64
 258 00e5 01       		.byte	1
 259 00e6 C6       		.byte	-58
 260 00e7 40       		.byte	64
 261 00e8 C9       		.byte	-55
 262 00e9 FF       		.byte	-1
 263 00ea CA       		.byte	-54
 264 00eb 07       		.byte	7
 265 00ec CB       		.byte	-53
 266 00ed FF       		.byte	-1
 267 00ee CC       		.byte	-52
 268 00ef 40       		.byte	64
 269 00f0 CD       		.byte	-51
 270 00f1 20       		.byte	32
 271 00f2 CE       		.byte	-50
 272 00f3 F0       		.byte	-16
 273 00f4 CF       		.byte	-49
 274 00f5 05       		.byte	5
 275 00f6 D0       		.byte	-48
 276 00f7 08       		.byte	8
 277 00f8 D8       		.byte	-40
 278 00f9 04       		.byte	4
 279 00fa D9       		.byte	-39
 280 00fb 04       		.byte	4
 281 00fc DA       		.byte	-38
 282 00fd 04       		.byte	4
 283 00fe DF       		.byte	-33
 284 00ff 01       		.byte	1
 285 0100 E0       		.byte	-32
ARM GAS  C:\Users\Lory\AppData\Local\Temp\ccwOZ5gU.s 			page 6


 286 0101 40       		.byte	64
 287 0102 E1       		.byte	-31
 288 0103 A8       		.byte	-88
 289 0104 E2       		.byte	-30
 290 0105 40       		.byte	64
 291 0106 E3       		.byte	-29
 292 0107 20       		.byte	32
 293 0108 00       		.byte	0
 294 0109 08       		.byte	8
 295 010a 01       		.byte	1
 296 010b 80       		.byte	-128
 297 010c 03       		.byte	3
 298 010d 84       		.byte	-124
 299 010e 05       		.byte	5
 300 010f 80       		.byte	-128
 301 0110 06       		.byte	6
 302 0111 08       		.byte	8
 303 0112 07       		.byte	7
 304 0113 20       		.byte	32
 305 0114 09       		.byte	9
 306 0115 02       		.byte	2
 307 0116 0B       		.byte	11
 308 0117 02       		.byte	2
 309 0118 0E       		.byte	14
 310 0119 02       		.byte	2
 311 011a 0F       		.byte	15
 312 011b 20       		.byte	32
 313 011c 10       		.byte	16
 314 011d 30       		.byte	48
 315 011e 13       		.byte	19
 316 011f 20       		.byte	32
 317 0120 17       		.byte	23
 318 0121 08       		.byte	8
 319 0122 19       		.byte	25
 320 0123 84       		.byte	-124
 321 0124 1A       		.byte	26
 322 0125 40       		.byte	64
 323 0126 1B       		.byte	27
 324 0127 20       		.byte	32
 325 0128 1E       		.byte	30
 326 0129 02       		.byte	2
 327 012a 1F       		.byte	31
 328 012b 88       		.byte	-120
 329 012c 21       		.byte	33
 330 012d 02       		.byte	2
 331 012e 25       		.byte	37
 332 012f 08       		.byte	8
 333 0130 26       		.byte	38
 334 0131 20       		.byte	32
 335 0132 27       		.byte	39
 336 0133 6C       		.byte	108
 337 0134 29       		.byte	41
 338 0135 80       		.byte	-128
 339 0136 2B       		.byte	43
 340 0137 90       		.byte	-112
 341 0138 2D       		.byte	45
 342 0139 80       		.byte	-128
ARM GAS  C:\Users\Lory\AppData\Local\Temp\ccwOZ5gU.s 			page 7


 343 013a 2F       		.byte	47
 344 013b 80       		.byte	-128
 345 013c 31       		.byte	49
 346 013d 0A       		.byte	10
 347 013e 32       		.byte	50
 348 013f 20       		.byte	32
 349 0140 37       		.byte	55
 350 0141 28       		.byte	40
 351 0142 38       		.byte	56
 352 0143 08       		.byte	8
 353 0144 3F       		.byte	63
 354 0145 22       		.byte	34
 355 0146 43       		.byte	67
 356 0147 80       		.byte	-128
 357 0148 47       		.byte	71
 358 0149 40       		.byte	64
 359 014a 48       		.byte	72
 360 014b 24       		.byte	36
 361 014c 49       		.byte	73
 362 014d 81       		.byte	-127
 363 014e 4B       		.byte	75
 364 014f 02       		.byte	2
 365 0150 4F       		.byte	79
 366 0151 02       		.byte	2
 367 0152 50       		.byte	80
 368 0153 04       		.byte	4
 369 0154 54       		.byte	84
 370 0155 04       		.byte	4
 371 0156 56       		.byte	86
 372 0157 08       		.byte	8
 373 0158 57       		.byte	87
 374 0159 10       		.byte	16
 375 015a 58       		.byte	88
 376 015b 10       		.byte	16
 377 015c 59       		.byte	89
 378 015d 05       		.byte	5
 379 015e 5A       		.byte	90
 380 015f 40       		.byte	64
 381 0160 83       		.byte	-125
 382 0161 20       		.byte	32
 383 0162 87       		.byte	-121
 384 0163 08       		.byte	8
 385 0164 C0       		.byte	-64
 386 0165 EF       		.byte	-17
 387 0166 C2       		.byte	-62
 388 0167 A9       		.byte	-87
 389 0168 C4       		.byte	-60
 390 0169 26       		.byte	38
 391 016a CA       		.byte	-54
 392 016b 9B       		.byte	-101
 393 016c CC       		.byte	-52
 394 016d 67       		.byte	103
 395 016e CE       		.byte	-50
 396 016f A2       		.byte	-94
 397 0170 D0       		.byte	-48
 398 0171 18       		.byte	24
 399 0172 D2       		.byte	-46
ARM GAS  C:\Users\Lory\AppData\Local\Temp\ccwOZ5gU.s 			page 8


 400 0173 0C       		.byte	12
 401 0174 D6       		.byte	-42
 402 0175 0F       		.byte	15
 403 0176 E0       		.byte	-32
 404 0177 08       		.byte	8
 405 0178 E4       		.byte	-28
 406 0179 05       		.byte	5
 407 017a E6       		.byte	-26
 408 017b 10       		.byte	16
 409 017c EA       		.byte	-22
 410 017d 05       		.byte	5
 411 017e 32       		.byte	50
 412 017f 80       		.byte	-128
 413 0180 CC       		.byte	-52
 414 0181 10       		.byte	16
 415 0182 A6       		.byte	-90
 416 0183 80       		.byte	-128
 417 0184 12       		.byte	18
 418 0185 80       		.byte	-128
 419 0186 3E       		.byte	62
 420 0187 10       		.byte	16
 421 0188 A6       		.byte	-90
 422 0189 80       		.byte	-128
 423 018a C4       		.byte	-60
 424 018b 10       		.byte	16
 425 018c CE       		.byte	-50
 426 018d 20       		.byte	32
 427 018e 96       		.byte	-106
 428 018f 10       		.byte	16
 429 0190 67       		.byte	103
 430 0191 40       		.byte	64
 431 0192 96       		.byte	-106
 432 0193 10       		.byte	16
 433 0194 D8       		.byte	-40
 434 0195 80       		.byte	-128
 435 0196 12       		.byte	18
 436 0197 20       		.byte	32
 437 0198 16       		.byte	22
 438 0199 40       		.byte	64
 439 019a 74       		.byte	116
 440 019b 08       		.byte	8
 441 019c 7B       		.byte	123
 442 019d 02       		.byte	2
 443 019e 82       		.byte	-126
 444 019f 20       		.byte	32
 445 01a0 86       		.byte	-122
 446 01a1 40       		.byte	64
 447 01a2 87       		.byte	-121
 448 01a3 40       		.byte	64
 449 01a4 8C       		.byte	-116
 450 01a5 08       		.byte	8
 451 01a6 97       		.byte	-105
 452 01a7 40       		.byte	64
 453 01a8 A3       		.byte	-93
 454 01a9 02       		.byte	2
 455 01aa AA       		.byte	-86
 456 01ab 10       		.byte	16
ARM GAS  C:\Users\Lory\AppData\Local\Temp\ccwOZ5gU.s 			page 9


 457 01ac AB       		.byte	-85
 458 01ad 02       		.byte	2
 459 01ae C4       		.byte	-60
 460 01af 30       		.byte	48
 461 01b0 DC       		.byte	-36
 462 01b1 80       		.byte	-128
 463 01b2 DE       		.byte	-34
 464 01b3 20       		.byte	32
 465 01b4 E0       		.byte	-32
 466 01b5 10       		.byte	16
 467 01b6 E4       		.byte	-28
 468 01b7 80       		.byte	-128
 469 01b8 E6       		.byte	-26
 470 01b9 40       		.byte	64
 471 01ba EA       		.byte	-22
 472 01bb A0       		.byte	-96
 473 01bc 13       		.byte	19
 474 01bd 28       		.byte	40
 475 01be 17       		.byte	23
 476 01bf 04       		.byte	4
 477 01c0 7B       		.byte	123
 478 01c1 10       		.byte	16
 479 01c2 7F       		.byte	127
 480 01c3 40       		.byte	64
 481 01c4 C4       		.byte	-60
 482 01c5 0E       		.byte	14
 483 01c6 DE       		.byte	-34
 484 01c7 03       		.byte	3
 485 01c8 70       		.byte	112
 486 01c9 01       		.byte	1
 487 01ca 80       		.byte	-128
 488 01cb 01       		.byte	1
 489 01cc 83       		.byte	-125
 490 01cd 10       		.byte	16
 491 01ce 87       		.byte	-121
 492 01cf 40       		.byte	64
 493 01d0 8F       		.byte	-113
 494 01d1 04       		.byte	4
 495 01d2 97       		.byte	-105
 496 01d3 80       		.byte	-128
 497 01d4 9B       		.byte	-101
 498 01d5 04       		.byte	4
 499 01d6 A7       		.byte	-89
 500 01d7 10       		.byte	16
 501 01d8 AB       		.byte	-85
 502 01d9 28       		.byte	40
 503 01da DC       		.byte	-36
 504 01db 01       		.byte	1
 505 01dc E6       		.byte	-26
 506 01dd 08       		.byte	8
 507 01de 10       		.byte	16
 508 01df 01       		.byte	1
 509 01e0 1C       		.byte	28
 510 01e1 01       		.byte	1
 511 01e2 00       		.byte	0
 512 01e3 03       		.byte	3
 513 01e4 03       		.byte	3
ARM GAS  C:\Users\Lory\AppData\Local\Temp\ccwOZ5gU.s 			page 10


 514 01e5 C0       		.byte	-64
 515 01e6 00       		.byte	0
 516 01e7 00       		.byte	0
 517 01e8 02       		.byte	2
 518 01e9 80       		.byte	-128
 519 01ea 00       		.byte	0
 520 01eb 00       		.byte	0
 521 01ec 03       		.byte	3
 522 01ed 00       		.byte	0
 523 01ee 00       		.byte	0
 524 01ef 00       		.byte	0
 525 01f0 83       		.byte	-125
 526 01f1 00       		.byte	0
 527 01f2 00       		.byte	0
 528 01f3 80       		.byte	-128
 529 01f4 83       		.byte	-125
 530 01f5 00       		.byte	0
 531 01f6 83       		.byte	-125
 532 01f7 00       		.byte	0
 533 01f8 00       		.byte	0
 534 01f9 00       		.byte	0
 535 01fa 00       		.byte	0
 536 01fb 00       		.byte	0
 537 01fc 00       		.byte	0
 538 01fd 0B       		.byte	11
 539 01fe 0B       		.byte	11
 540 01ff 00       		.byte	0
 541 0200 00       		.byte	0
 542 0201 00       		.byte	0
 543 0202 00       		.byte	0
 544 0203 00       		.byte	0
 545              		.section	.cywolatch,"a",%progbits
 546              		.align	2
 547              		.type	cy_meta_wonvl, %object
 548              		.size	cy_meta_wonvl, 4
 549              	cy_meta_wonvl:
 550 0000 BC       		.byte	-68
 551 0001 90       		.byte	-112
 552 0002 AC       		.byte	-84
 553 0003 AF       		.byte	-81
 554              		.section	.cycustnvl,"a",%progbits
 555              		.align	2
 556              		.type	cy_meta_custnvl, %object
 557              		.size	cy_meta_custnvl, 4
 558              	cy_meta_custnvl:
 559 0000 00       		.byte	0
 560 0001 00       		.byte	0
 561 0002 40       		.byte	64
 562 0003 05       		.byte	5
 563              		.section	.cymeta,"a",%progbits
 564              		.align	2
 565              		.type	cy_metadata, %object
 566              		.size	cy_metadata, 12
 567              	cy_metadata:
 568 0000 00       		.byte	0
 569 0001 01       		.byte	1
 570 0002 2E       		.byte	46
ARM GAS  C:\Users\Lory\AppData\Local\Temp\ccwOZ5gU.s 			page 11


 571 0003 16       		.byte	22
 572 0004 10       		.byte	16
 573 0005 69       		.byte	105
 574 0006 00       		.byte	0
 575 0007 01       		.byte	1
 576 0008 00       		.byte	0
 577 0009 00       		.byte	0
 578 000a 00       		.byte	0
 579 000b 00       		.byte	0
 580              		.section	.cyflashprotect,"a",%progbits
 581              		.align	2
 582              		.type	cy_meta_flashprotect, %object
 583              		.size	cy_meta_flashprotect, 256
 584              	cy_meta_flashprotect:
 585 0000 00000000 		.space	256
 585      00000000 
 585      00000000 
 585      00000000 
 585      00000000 
 586              		.text
 587              	.Letext0:
 588              		.file 1 "c:\\program files (x86)\\cypress\\psoc creator\\4.3\\psoc creator\\import\\gnu\\arm\\5.4.
 589              		.file 2 "c:\\program files (x86)\\cypress\\psoc creator\\4.3\\psoc creator\\import\\gnu\\arm\\5.4.
 590              		.file 3 "Generated_Source\\PSoC5\\cymetadata.c"
 591              		.section	.debug_info,"",%progbits
 592              	.Ldebug_info0:
 593 0000 31010000 		.4byte	0x131
 594 0004 0400     		.2byte	0x4
 595 0006 00000000 		.4byte	.Ldebug_abbrev0
 596 000a 04       		.byte	0x4
 597 000b 01       		.uleb128 0x1
 598 000c 9F000000 		.4byte	.LASF17
 599 0010 0C       		.byte	0xc
 600 0011 F9010000 		.4byte	.LASF18
 601 0015 16000000 		.4byte	.LASF19
 602 0019 00000000 		.4byte	.Ldebug_line0
 603 001d 02       		.uleb128 0x2
 604 001e 01       		.byte	0x1
 605 001f 06       		.byte	0x6
 606 0020 ED010000 		.4byte	.LASF0
 607 0024 03       		.uleb128 0x3
 608 0025 00000000 		.4byte	.LASF9
 609 0029 01       		.byte	0x1
 610 002a 1D       		.byte	0x1d
 611 002b 2F000000 		.4byte	0x2f
 612 002f 02       		.uleb128 0x2
 613 0030 01       		.byte	0x1
 614 0031 08       		.byte	0x8
 615 0032 91000000 		.4byte	.LASF1
 616 0036 02       		.uleb128 0x2
 617 0037 02       		.byte	0x2
 618 0038 05       		.byte	0x5
 619 0039 DA010000 		.4byte	.LASF2
 620 003d 02       		.uleb128 0x2
 621 003e 02       		.byte	0x2
 622 003f 07       		.byte	0x7
 623 0040 3F010000 		.4byte	.LASF3
ARM GAS  C:\Users\Lory\AppData\Local\Temp\ccwOZ5gU.s 			page 12


 624 0044 02       		.uleb128 0x2
 625 0045 04       		.byte	0x4
 626 0046 05       		.byte	0x5
 627 0047 E4010000 		.4byte	.LASF4
 628 004b 02       		.uleb128 0x2
 629 004c 04       		.byte	0x4
 630 004d 07       		.byte	0x7
 631 004e 2D010000 		.4byte	.LASF5
 632 0052 02       		.uleb128 0x2
 633 0053 08       		.byte	0x8
 634 0054 05       		.byte	0x5
 635 0055 CC010000 		.4byte	.LASF6
 636 0059 02       		.uleb128 0x2
 637 005a 08       		.byte	0x8
 638 005b 07       		.byte	0x7
 639 005c 81010000 		.4byte	.LASF7
 640 0060 04       		.uleb128 0x4
 641 0061 04       		.byte	0x4
 642 0062 05       		.byte	0x5
 643 0063 696E7400 		.ascii	"int\000"
 644 0067 02       		.uleb128 0x2
 645 0068 04       		.byte	0x4
 646 0069 07       		.byte	0x7
 647 006a 74010000 		.4byte	.LASF8
 648 006e 03       		.uleb128 0x3
 649 006f 98010000 		.4byte	.LASF10
 650 0073 02       		.byte	0x2
 651 0074 18       		.byte	0x18
 652 0075 24000000 		.4byte	0x24
 653 0079 05       		.uleb128 0x5
 654 007a 91000000 		.4byte	0x91
 655 007e 8A000000 		.4byte	0x8a
 656 0082 06       		.uleb128 0x6
 657 0083 8A000000 		.4byte	0x8a
 658 0087 0302     		.2byte	0x203
 659 0089 00       		.byte	0
 660 008a 02       		.uleb128 0x2
 661 008b 04       		.byte	0x4
 662 008c 07       		.byte	0x7
 663 008d C3010000 		.4byte	.LASF11
 664 0091 07       		.uleb128 0x7
 665 0092 6E000000 		.4byte	0x6e
 666 0096 08       		.uleb128 0x8
 667 0097 62010000 		.4byte	.LASF12
 668 009b 03       		.byte	0x3
 669 009c 1F       		.byte	0x1f
 670 009d A7000000 		.4byte	0xa7
 671 00a1 05       		.uleb128 0x5
 672 00a2 03       		.byte	0x3
 673 00a3 00000000 		.4byte	cy_meta_configecc
 674 00a7 07       		.uleb128 0x7
 675 00a8 79000000 		.4byte	0x79
 676 00ac 05       		.uleb128 0x5
 677 00ad 91000000 		.4byte	0x91
 678 00b1 BC000000 		.4byte	0xbc
 679 00b5 09       		.uleb128 0x9
 680 00b6 8A000000 		.4byte	0x8a
ARM GAS  C:\Users\Lory\AppData\Local\Temp\ccwOZ5gU.s 			page 13


 681 00ba 03       		.byte	0x3
 682 00bb 00       		.byte	0
 683 00bc 08       		.uleb128 0x8
 684 00bd 52010000 		.4byte	.LASF13
 685 00c1 03       		.byte	0x3
 686 00c2 6D       		.byte	0x6d
 687 00c3 CD000000 		.4byte	0xcd
 688 00c7 05       		.uleb128 0x5
 689 00c8 03       		.byte	0x3
 690 00c9 00000000 		.4byte	cy_meta_custnvl
 691 00cd 07       		.uleb128 0x7
 692 00ce AC000000 		.4byte	0xac
 693 00d2 08       		.uleb128 0x8
 694 00d3 B5010000 		.4byte	.LASF14
 695 00d7 03       		.byte	0x3
 696 00d8 7B       		.byte	0x7b
 697 00d9 E3000000 		.4byte	0xe3
 698 00dd 05       		.uleb128 0x5
 699 00de 03       		.byte	0x3
 700 00df 00000000 		.4byte	cy_meta_wonvl
 701 00e3 07       		.uleb128 0x7
 702 00e4 AC000000 		.4byte	0xac
 703 00e8 05       		.uleb128 0x5
 704 00e9 91000000 		.4byte	0x91
 705 00ed F8000000 		.4byte	0xf8
 706 00f1 09       		.uleb128 0x9
 707 00f2 8A000000 		.4byte	0x8a
 708 00f6 FF       		.byte	0xff
 709 00f7 00       		.byte	0
 710 00f8 08       		.uleb128 0x8
 711 00f9 A0010000 		.4byte	.LASF15
 712 00fd 03       		.byte	0x3
 713 00fe 89       		.byte	0x89
 714 00ff 09010000 		.4byte	0x109
 715 0103 05       		.uleb128 0x5
 716 0104 03       		.byte	0x3
 717 0105 00000000 		.4byte	cy_meta_flashprotect
 718 0109 07       		.uleb128 0x7
 719 010a E8000000 		.4byte	0xe8
 720 010e 05       		.uleb128 0x5
 721 010f 91000000 		.4byte	0x91
 722 0113 1E010000 		.4byte	0x11e
 723 0117 09       		.uleb128 0x9
 724 0118 8A000000 		.4byte	0x8a
 725 011c 0B       		.byte	0xb
 726 011d 00       		.byte	0
 727 011e 08       		.uleb128 0x8
 728 011f 0A000000 		.4byte	.LASF16
 729 0123 03       		.byte	0x3
 730 0124 B6       		.byte	0xb6
 731 0125 2F010000 		.4byte	0x12f
 732 0129 05       		.uleb128 0x5
 733 012a 03       		.byte	0x3
 734 012b 00000000 		.4byte	cy_metadata
 735 012f 07       		.uleb128 0x7
 736 0130 0E010000 		.4byte	0x10e
 737 0134 00       		.byte	0
ARM GAS  C:\Users\Lory\AppData\Local\Temp\ccwOZ5gU.s 			page 14


 738              		.section	.debug_abbrev,"",%progbits
 739              	.Ldebug_abbrev0:
 740 0000 01       		.uleb128 0x1
 741 0001 11       		.uleb128 0x11
 742 0002 01       		.byte	0x1
 743 0003 25       		.uleb128 0x25
 744 0004 0E       		.uleb128 0xe
 745 0005 13       		.uleb128 0x13
 746 0006 0B       		.uleb128 0xb
 747 0007 03       		.uleb128 0x3
 748 0008 0E       		.uleb128 0xe
 749 0009 1B       		.uleb128 0x1b
 750 000a 0E       		.uleb128 0xe
 751 000b 10       		.uleb128 0x10
 752 000c 17       		.uleb128 0x17
 753 000d 00       		.byte	0
 754 000e 00       		.byte	0
 755 000f 02       		.uleb128 0x2
 756 0010 24       		.uleb128 0x24
 757 0011 00       		.byte	0
 758 0012 0B       		.uleb128 0xb
 759 0013 0B       		.uleb128 0xb
 760 0014 3E       		.uleb128 0x3e
 761 0015 0B       		.uleb128 0xb
 762 0016 03       		.uleb128 0x3
 763 0017 0E       		.uleb128 0xe
 764 0018 00       		.byte	0
 765 0019 00       		.byte	0
 766 001a 03       		.uleb128 0x3
 767 001b 16       		.uleb128 0x16
 768 001c 00       		.byte	0
 769 001d 03       		.uleb128 0x3
 770 001e 0E       		.uleb128 0xe
 771 001f 3A       		.uleb128 0x3a
 772 0020 0B       		.uleb128 0xb
 773 0021 3B       		.uleb128 0x3b
 774 0022 0B       		.uleb128 0xb
 775 0023 49       		.uleb128 0x49
 776 0024 13       		.uleb128 0x13
 777 0025 00       		.byte	0
 778 0026 00       		.byte	0
 779 0027 04       		.uleb128 0x4
 780 0028 24       		.uleb128 0x24
 781 0029 00       		.byte	0
 782 002a 0B       		.uleb128 0xb
 783 002b 0B       		.uleb128 0xb
 784 002c 3E       		.uleb128 0x3e
 785 002d 0B       		.uleb128 0xb
 786 002e 03       		.uleb128 0x3
 787 002f 08       		.uleb128 0x8
 788 0030 00       		.byte	0
 789 0031 00       		.byte	0
 790 0032 05       		.uleb128 0x5
 791 0033 01       		.uleb128 0x1
 792 0034 01       		.byte	0x1
 793 0035 49       		.uleb128 0x49
 794 0036 13       		.uleb128 0x13
ARM GAS  C:\Users\Lory\AppData\Local\Temp\ccwOZ5gU.s 			page 15


 795 0037 01       		.uleb128 0x1
 796 0038 13       		.uleb128 0x13
 797 0039 00       		.byte	0
 798 003a 00       		.byte	0
 799 003b 06       		.uleb128 0x6
 800 003c 21       		.uleb128 0x21
 801 003d 00       		.byte	0
 802 003e 49       		.uleb128 0x49
 803 003f 13       		.uleb128 0x13
 804 0040 2F       		.uleb128 0x2f
 805 0041 05       		.uleb128 0x5
 806 0042 00       		.byte	0
 807 0043 00       		.byte	0
 808 0044 07       		.uleb128 0x7
 809 0045 26       		.uleb128 0x26
 810 0046 00       		.byte	0
 811 0047 49       		.uleb128 0x49
 812 0048 13       		.uleb128 0x13
 813 0049 00       		.byte	0
 814 004a 00       		.byte	0
 815 004b 08       		.uleb128 0x8
 816 004c 34       		.uleb128 0x34
 817 004d 00       		.byte	0
 818 004e 03       		.uleb128 0x3
 819 004f 0E       		.uleb128 0xe
 820 0050 3A       		.uleb128 0x3a
 821 0051 0B       		.uleb128 0xb
 822 0052 3B       		.uleb128 0x3b
 823 0053 0B       		.uleb128 0xb
 824 0054 49       		.uleb128 0x49
 825 0055 13       		.uleb128 0x13
 826 0056 3F       		.uleb128 0x3f
 827 0057 19       		.uleb128 0x19
 828 0058 02       		.uleb128 0x2
 829 0059 18       		.uleb128 0x18
 830 005a 00       		.byte	0
 831 005b 00       		.byte	0
 832 005c 09       		.uleb128 0x9
 833 005d 21       		.uleb128 0x21
 834 005e 00       		.byte	0
 835 005f 49       		.uleb128 0x49
 836 0060 13       		.uleb128 0x13
 837 0061 2F       		.uleb128 0x2f
 838 0062 0B       		.uleb128 0xb
 839 0063 00       		.byte	0
 840 0064 00       		.byte	0
 841 0065 00       		.byte	0
 842              		.section	.debug_aranges,"",%progbits
 843 0000 14000000 		.4byte	0x14
 844 0004 0200     		.2byte	0x2
 845 0006 00000000 		.4byte	.Ldebug_info0
 846 000a 04       		.byte	0x4
 847 000b 00       		.byte	0
 848 000c 0000     		.2byte	0
 849 000e 0000     		.2byte	0
 850 0010 00000000 		.4byte	0
 851 0014 00000000 		.4byte	0
ARM GAS  C:\Users\Lory\AppData\Local\Temp\ccwOZ5gU.s 			page 16


 852              		.section	.debug_line,"",%progbits
 853              	.Ldebug_line0:
 854 0000 3D010000 		.section	.debug_str,"MS",%progbits,1
 854      02003701 
 854      00000201 
 854      FB0E0D00 
 854      01010101 
 855              	.LASF9:
 856 0000 5F5F7569 		.ascii	"__uint8_t\000"
 856      6E74385F 
 856      7400
 857              	.LASF16:
 858 000a 63795F6D 		.ascii	"cy_metadata\000"
 858      65746164 
 858      61746100 
 859              	.LASF19:
 860 0016 433A5C55 		.ascii	"C:\\Users\\Lory\\Desktop\\psoc_assignment_git\\PSoC"
 860      73657273 
 860      5C4C6F72 
 860      795C4465 
 860      736B746F 
 861 0044 5F355F41 		.ascii	"_5_Assignment\\AY1920_II_HW_05_GUALNIERA_LORENZO\\A"
 861      73736967 
 861      6E6D656E 
 861      745C4159 
 861      31393230 
 862 0075 59313932 		.ascii	"Y1920_II_HW_05_PROJ_3.cydsn\000"
 862      305F4949 
 862      5F48575F 
 862      30355F50 
 862      524F4A5F 
 863              	.LASF1:
 864 0091 756E7369 		.ascii	"unsigned char\000"
 864      676E6564 
 864      20636861 
 864      7200
 865              	.LASF17:
 866 009f 474E5520 		.ascii	"GNU C11 5.4.1 20160609 (release) [ARM/embedded-5-br"
 866      43313120 
 866      352E342E 
 866      31203230 
 866      31363036 
 867 00d2 616E6368 		.ascii	"anch revision 237715] -mcpu=cortex-m3 -mthumb -g -O"
 867      20726576 
 867      6973696F 
 867      6E203233 
 867      37373135 
 868 0105 67202D66 		.ascii	"g -ffunction-sections -ffat-lto-objects\000"
 868      66756E63 
 868      74696F6E 
 868      2D736563 
 868      74696F6E 
 869              	.LASF5:
 870 012d 6C6F6E67 		.ascii	"long unsigned int\000"
 870      20756E73 
 870      69676E65 
 870      6420696E 
ARM GAS  C:\Users\Lory\AppData\Local\Temp\ccwOZ5gU.s 			page 17


 870      7400
 871              	.LASF3:
 872 013f 73686F72 		.ascii	"short unsigned int\000"
 872      7420756E 
 872      7369676E 
 872      65642069 
 872      6E7400
 873              	.LASF13:
 874 0152 63795F6D 		.ascii	"cy_meta_custnvl\000"
 874      6574615F 
 874      63757374 
 874      6E766C00 
 875              	.LASF12:
 876 0162 63795F6D 		.ascii	"cy_meta_configecc\000"
 876      6574615F 
 876      636F6E66 
 876      69676563 
 876      6300
 877              	.LASF8:
 878 0174 756E7369 		.ascii	"unsigned int\000"
 878      676E6564 
 878      20696E74 
 878      00
 879              	.LASF7:
 880 0181 6C6F6E67 		.ascii	"long long unsigned int\000"
 880      206C6F6E 
 880      6720756E 
 880      7369676E 
 880      65642069 
 881              	.LASF10:
 882 0198 75696E74 		.ascii	"uint8_t\000"
 882      385F7400 
 883              	.LASF15:
 884 01a0 63795F6D 		.ascii	"cy_meta_flashprotect\000"
 884      6574615F 
 884      666C6173 
 884      6870726F 
 884      74656374 
 885              	.LASF14:
 886 01b5 63795F6D 		.ascii	"cy_meta_wonvl\000"
 886      6574615F 
 886      776F6E76 
 886      6C00
 887              	.LASF11:
 888 01c3 73697A65 		.ascii	"sizetype\000"
 888      74797065 
 888      00
 889              	.LASF6:
 890 01cc 6C6F6E67 		.ascii	"long long int\000"
 890      206C6F6E 
 890      6720696E 
 890      7400
 891              	.LASF2:
 892 01da 73686F72 		.ascii	"short int\000"
 892      7420696E 
 892      7400
 893              	.LASF4:
ARM GAS  C:\Users\Lory\AppData\Local\Temp\ccwOZ5gU.s 			page 18


 894 01e4 6C6F6E67 		.ascii	"long int\000"
 894      20696E74 
 894      00
 895              	.LASF0:
 896 01ed 7369676E 		.ascii	"signed char\000"
 896      65642063 
 896      68617200 
 897              	.LASF18:
 898 01f9 47656E65 		.ascii	"Generated_Source\\PSoC5\\cymetadata.c\000"
 898      72617465 
 898      645F536F 
 898      75726365 
 898      5C50536F 
 899              		.ident	"GCC: (GNU Tools for ARM Embedded Processors) 5.4.1 20160609 (release) [ARM/embedded-5-bran
