ARM GAS  C:\Users\Lory\AppData\Local\Temp\ccy5Ogma.s 			page 1


   1              		.syntax unified
   2              		.cpu cortex-m3
   3              		.fpu softvfp
   4              		.eabi_attribute 20, 1
   5              		.eabi_attribute 21, 1
   6              		.eabi_attribute 23, 3
   7              		.eabi_attribute 24, 1
   8              		.eabi_attribute 25, 1
   9              		.eabi_attribute 26, 1
  10              		.eabi_attribute 30, 1
  11              		.eabi_attribute 34, 1
  12              		.eabi_attribute 18, 4
  13              		.thumb
  14              		.syntax unified
  15              		.file	"main.c"
  16              		.text
  17              	.Ltext0:
  18              		.cfi_sections	.debug_frame
  19              		.section	.text.main,"ax",%progbits
  20              		.align	2
  21              		.global	main
  22              		.thumb
  23              		.thumb_func
  24              		.type	main, %function
  25              	main:
  26              	.LFB64:
  27              		.file 1 "main.c"
   1:main.c        **** /*
   2:main.c        ****  * In this file the main function is defined.
   3:main.c        ****  * The purpose of the main is to setup peripherals
   4:main.c        ****  * to ensure the correct functioning of the accelerometer
   5:main.c        ****  * and properly retrieve/send inertial measurements data.
   6:main.c        ****  *
   7:main.c        ****  * PSoC setup:
   8:main.c        ****  * -> Enable global interrupts;
   9:main.c        ****  * -> Start I2C module;
  10:main.c        ****  * -> Start UART module;
  11:main.c        ****  * -> Start ISR timer;
  12:main.c        ****  * -> Start accelerometer ISR;
  13:main.c        ****  *
  14:main.c        ****  * LIS3DH setup:
  15:main.c        ****  * -> Scan devices connected to I2C bus;
  16:main.c        ****  * -> Read status register;
  17:main.c        ****  * -> Setup control register 1;
  18:main.c        ****  * -> Setup control register 4;
  19:main.c        ****  */
  20:main.c        **** 
  21:main.c        **** /* Include project dependencies. */
  22:main.c        **** #include "stdio.h"
  23:main.c        **** #include "I2C_Interface.h"
  24:main.c        **** #include "InterruptRoutines.h"
  25:main.c        **** 
  26:main.c        **** 
  27:main.c        **** /* Main function. */
  28:main.c        **** int main(void)
  29:main.c        **** {
  28              		.loc 1 29 0
ARM GAS  C:\Users\Lory\AppData\Local\Temp\ccy5Ogma.s 			page 2


  29              		.cfi_startproc
  30              		@ args = 0, pretend = 0, frame = 56
  31              		@ frame_needed = 0, uses_anonymous_args = 0
  32 0000 10B5     		push	{r4, lr}
  33              		.cfi_def_cfa_offset 8
  34              		.cfi_offset 4, -8
  35              		.cfi_offset 14, -4
  36 0002 8EB0     		sub	sp, sp, #56
  37              		.cfi_def_cfa_offset 64
  30:main.c        ****     /* Enable global interrupts. */
  31:main.c        ****     CyGlobalIntEnable; 
  38              		.loc 1 31 0
  39              		.syntax unified
  40              	@ 31 "main.c" 1
  41 0004 62B6     		CPSIE   i
  42              	@ 0 "" 2
  32:main.c        **** 
  33:main.c        ****     /* Start I2C module. */
  34:main.c        ****     I2C_Peripheral_Start();
  43              		.loc 1 34 0
  44              		.thumb
  45              		.syntax unified
  46 0006 FFF7FEFF 		bl	I2C_Peripheral_Start
  47              	.LVL0:
  35:main.c        ****     
  36:main.c        ****     /* Start UART module. */
  37:main.c        ****     UART_Debug_Start();
  48              		.loc 1 37 0
  49 000a FFF7FEFF 		bl	UART_Debug_Start
  50              	.LVL1:
  38:main.c        ****     
  39:main.c        ****     /* The boot procedure takes 5ms after power-up. */
  40:main.c        ****     CyDelay(5); 
  51              		.loc 1 40 0
  52 000e 0520     		movs	r0, #5
  53 0010 FFF7FEFF 		bl	CyDelay
  54              	.LVL2:
  55              	.LBB2:
  41:main.c        ****     
  42:main.c        ****     /* Check which devices are present on the I2C bus. */
  43:main.c        ****     char message[50];
  44:main.c        ****     for (int i = 0 ; i < 128; i++)
  56              		.loc 1 44 0
  57 0014 0024     		movs	r4, #0
  58 0016 0CE0     		b	.L2
  59              	.LVL3:
  60              	.L4:
  45:main.c        ****     {
  46:main.c        ****         if (I2C_Peripheral_IsDeviceConnected(i))
  61              		.loc 1 46 0
  62 0018 E0B2     		uxtb	r0, r4
  63 001a FFF7FEFF 		bl	I2C_Peripheral_IsDeviceConnected
  64              	.LVL4:
  65 001e 38B1     		cbz	r0, .L3
  47:main.c        ****         {
  48:main.c        ****             /* Print out the address in hex format. */
  49:main.c        ****             sprintf(message, "Device 0x%02X is connected\r\n", i);
ARM GAS  C:\Users\Lory\AppData\Local\Temp\ccy5Ogma.s 			page 3


  66              		.loc 1 49 0
  67 0020 2246     		mov	r2, r4
  68 0022 4B49     		ldr	r1, .L19
  69 0024 01A8     		add	r0, sp, #4
  70 0026 FFF7FEFF 		bl	sprintf
  71              	.LVL5:
  50:main.c        ****             UART_Debug_PutString(message); 
  72              		.loc 1 50 0
  73 002a 01A8     		add	r0, sp, #4
  74 002c FFF7FEFF 		bl	UART_Debug_PutString
  75              	.LVL6:
  76              	.L3:
  44:main.c        ****     {
  77              		.loc 1 44 0 discriminator 2
  78 0030 0134     		adds	r4, r4, #1
  79              	.LVL7:
  80              	.L2:
  44:main.c        ****     {
  81              		.loc 1 44 0 is_stmt 0 discriminator 1
  82 0032 7F2C     		cmp	r4, #127
  83 0034 F0DD     		ble	.L4
  84              	.LBE2:
  51:main.c        ****         }  
  52:main.c        ****     }
  53:main.c        **** 
  54:main.c        ****     /* Read WHO_AM_I register. */
  55:main.c        ****     uint8_t who_am_i_reg;
  56:main.c        ****     ErrorCode error = I2C_Peripheral_ReadRegister(LIS3DH_DEVICE_ADDRESS,
  85              		.loc 1 56 0 is_stmt 1
  86 0036 0DF10302 		add	r2, sp, #3
  87 003a 0F21     		movs	r1, #15
  88 003c 1820     		movs	r0, #24
  89 003e FFF7FEFF 		bl	I2C_Peripheral_ReadRegister
  90              	.LVL8:
  57:main.c        ****                                                   LIS3DH_WHO_AM_I_REG_ADDR, 
  58:main.c        ****                                                   &who_am_i_reg);
  59:main.c        ****     if (error == NO_ERROR)
  91              		.loc 1 59 0
  92 0042 48B9     		cbnz	r0, .L5
  60:main.c        ****     {
  61:main.c        ****         sprintf(message, "WHO_AM_I: 0x%02X [Expected: 0x33]\r\n", who_am_i_reg);
  93              		.loc 1 61 0
  94 0044 9DF80320 		ldrb	r2, [sp, #3]	@ zero_extendqisi2
  95 0048 4249     		ldr	r1, .L19+4
  96 004a 01A8     		add	r0, sp, #4
  97              	.LVL9:
  98 004c FFF7FEFF 		bl	sprintf
  99              	.LVL10:
  62:main.c        ****         UART_Debug_PutString(message); 
 100              		.loc 1 62 0
 101 0050 01A8     		add	r0, sp, #4
 102 0052 FFF7FEFF 		bl	UART_Debug_PutString
 103              	.LVL11:
 104 0056 02E0     		b	.L6
 105              	.LVL12:
 106              	.L5:
  63:main.c        ****     }
ARM GAS  C:\Users\Lory\AppData\Local\Temp\ccy5Ogma.s 			page 4


  64:main.c        ****     else
  65:main.c        ****     {
  66:main.c        ****         UART_Debug_PutString("Error occurred during I2C comm\r\n");   
 107              		.loc 1 66 0
 108 0058 3F48     		ldr	r0, .L19+8
 109              	.LVL13:
 110 005a FFF7FEFF 		bl	UART_Debug_PutString
 111              	.LVL14:
 112              	.L6:
  67:main.c        ****     }
  68:main.c        ****     
  69:main.c        ****     /* Read STATUS_REG register. */
  70:main.c        ****     uint8_t status_register; 
  71:main.c        ****     error = I2C_Peripheral_ReadRegister(LIS3DH_DEVICE_ADDRESS,
 113              		.loc 1 71 0
 114 005e 0DF10202 		add	r2, sp, #2
 115 0062 2721     		movs	r1, #39
 116 0064 1820     		movs	r0, #24
 117 0066 FFF7FEFF 		bl	I2C_Peripheral_ReadRegister
 118              	.LVL15:
  72:main.c        ****                                         LIS3DH_STATUS_REG,
  73:main.c        ****                                         &status_register);
  74:main.c        ****     if (error == NO_ERROR)
 119              		.loc 1 74 0
 120 006a 48B9     		cbnz	r0, .L7
  75:main.c        ****     {
  76:main.c        ****         sprintf(message, "STATUS_REG: 0x%02X\r\n", status_register);
 121              		.loc 1 76 0
 122 006c 9DF80220 		ldrb	r2, [sp, #2]	@ zero_extendqisi2
 123 0070 3A49     		ldr	r1, .L19+12
 124 0072 01A8     		add	r0, sp, #4
 125              	.LVL16:
 126 0074 FFF7FEFF 		bl	sprintf
 127              	.LVL17:
  77:main.c        ****         UART_Debug_PutString(message); 
 128              		.loc 1 77 0
 129 0078 01A8     		add	r0, sp, #4
 130 007a FFF7FEFF 		bl	UART_Debug_PutString
 131              	.LVL18:
 132 007e 02E0     		b	.L8
 133              	.LVL19:
 134              	.L7:
  78:main.c        ****     }
  79:main.c        ****     else
  80:main.c        ****     {
  81:main.c        ****         UART_Debug_PutString("Error occurred during I2C comm to read STATUS_REG\r\n");   
 135              		.loc 1 81 0
 136 0080 3748     		ldr	r0, .L19+16
 137              	.LVL20:
 138 0082 FFF7FEFF 		bl	UART_Debug_PutString
 139              	.LVL21:
 140              	.L8:
  82:main.c        ****     }
  83:main.c        ****     
  84:main.c        ****     /* Read CTRL_REG1 register. */
  85:main.c        ****     uint8_t ctrl_reg1; 
  86:main.c        ****     error = I2C_Peripheral_ReadRegister(LIS3DH_DEVICE_ADDRESS,
ARM GAS  C:\Users\Lory\AppData\Local\Temp\ccy5Ogma.s 			page 5


 141              		.loc 1 86 0
 142 0086 0DF10102 		add	r2, sp, #1
 143 008a 2021     		movs	r1, #32
 144 008c 1820     		movs	r0, #24
 145 008e FFF7FEFF 		bl	I2C_Peripheral_ReadRegister
 146              	.LVL22:
  87:main.c        ****                                         LIS3DH_CTRL_REG1,
  88:main.c        ****                                         &ctrl_reg1);
  89:main.c        ****     if (error == NO_ERROR)
 147              		.loc 1 89 0
 148 0092 48B9     		cbnz	r0, .L9
  90:main.c        ****     {
  91:main.c        ****         sprintf(message, "CTRL_REG1 1: 0x%02X\r\n", ctrl_reg1);
 149              		.loc 1 91 0
 150 0094 9DF80120 		ldrb	r2, [sp, #1]	@ zero_extendqisi2
 151 0098 3249     		ldr	r1, .L19+20
 152 009a 01A8     		add	r0, sp, #4
 153              	.LVL23:
 154 009c FFF7FEFF 		bl	sprintf
 155              	.LVL24:
  92:main.c        ****         UART_Debug_PutString(message); 
 156              		.loc 1 92 0
 157 00a0 01A8     		add	r0, sp, #4
 158 00a2 FFF7FEFF 		bl	UART_Debug_PutString
 159              	.LVL25:
 160 00a6 02E0     		b	.L10
 161              	.LVL26:
 162              	.L9:
  93:main.c        ****     }
  94:main.c        ****     else
  95:main.c        ****     {
  96:main.c        ****         UART_Debug_PutString("Error occurred during I2C comm to read CTRL_REG1\r\n");   
 163              		.loc 1 96 0
 164 00a8 2F48     		ldr	r0, .L19+24
 165              	.LVL27:
 166 00aa FFF7FEFF 		bl	UART_Debug_PutString
 167              	.LVL28:
 168              	.L10:
  97:main.c        ****     }
  98:main.c        ****     
  99:main.c        ****     /* 
 100:main.c        ****      * Setup CTRL_REG1 register:
 101:main.c        ****      * ODR[3:0] = 0101 -> Data rate 100Hz,
 102:main.c        ****      * LPen     = 0    -> High-resolution mode,
 103:main.c        ****      * Zen      = 1    -> Z-axis enable,
 104:main.c        ****      * Yen      = 1    -> Y-axis enable,
 105:main.c        ****      * Xen      = 1    -> X-axis enable. 
 106:main.c        ****      */ 
 107:main.c        ****     UART_Debug_PutString("\r\nWriting new values..\r\n");
 169              		.loc 1 107 0
 170 00ae 2F48     		ldr	r0, .L19+28
 171 00b0 FFF7FEFF 		bl	UART_Debug_PutString
 172              	.LVL29:
 108:main.c        ****     if (ctrl_reg1 != LIS3DH_NORMAL_MODE_CTRL_REG1)
 173              		.loc 1 108 0
 174 00b4 9DF80130 		ldrb	r3, [sp, #1]	@ zero_extendqisi2
 175 00b8 572B     		cmp	r3, #87
ARM GAS  C:\Users\Lory\AppData\Local\Temp\ccy5Ogma.s 			page 6


 176 00ba 14D0     		beq	.L11
 109:main.c        ****     {
 110:main.c        ****         ctrl_reg1 = LIS3DH_NORMAL_MODE_CTRL_REG1;
 177              		.loc 1 110 0
 178 00bc 5722     		movs	r2, #87
 179 00be 8DF80120 		strb	r2, [sp, #1]
 111:main.c        ****         error = I2C_Peripheral_WriteRegister(LIS3DH_DEVICE_ADDRESS,
 180              		.loc 1 111 0
 181 00c2 2021     		movs	r1, #32
 182 00c4 1820     		movs	r0, #24
 183 00c6 FFF7FEFF 		bl	I2C_Peripheral_WriteRegister
 184              	.LVL30:
 112:main.c        ****                                              LIS3DH_CTRL_REG1,
 113:main.c        ****                                              ctrl_reg1);   
 114:main.c        ****         if (error == NO_ERROR)
 185              		.loc 1 114 0
 186 00ca 48B9     		cbnz	r0, .L12
 115:main.c        ****         {
 116:main.c        ****             sprintf(message, "CTRL_REG1 successfully written as: 0x%02X\r\n", ctrl_reg1);
 187              		.loc 1 116 0
 188 00cc 9DF80120 		ldrb	r2, [sp, #1]	@ zero_extendqisi2
 189 00d0 2749     		ldr	r1, .L19+32
 190 00d2 01A8     		add	r0, sp, #4
 191              	.LVL31:
 192 00d4 FFF7FEFF 		bl	sprintf
 193              	.LVL32:
 117:main.c        ****             UART_Debug_PutString(message); 
 194              		.loc 1 117 0
 195 00d8 01A8     		add	r0, sp, #4
 196 00da FFF7FEFF 		bl	UART_Debug_PutString
 197              	.LVL33:
 198 00de 02E0     		b	.L11
 199              	.LVL34:
 200              	.L12:
 118:main.c        ****         }
 119:main.c        ****         else
 120:main.c        ****         {
 121:main.c        ****             UART_Debug_PutString("Error occurred during I2C comm to set CTRL_REG1\r\n");   
 201              		.loc 1 121 0
 202 00e0 2448     		ldr	r0, .L19+36
 203              	.LVL35:
 204 00e2 FFF7FEFF 		bl	UART_Debug_PutString
 205              	.LVL36:
 206              	.L11:
 122:main.c        ****         }
 123:main.c        ****     }
 124:main.c        ****     
 125:main.c        ****     /* Read CTRL_REG4 register. */
 126:main.c        ****     uint8_t ctrl_reg4;
 127:main.c        ****     error = I2C_Peripheral_ReadRegister(LIS3DH_DEVICE_ADDRESS,
 207              		.loc 1 127 0
 208 00e6 6A46     		mov	r2, sp
 209 00e8 2321     		movs	r1, #35
 210 00ea 1820     		movs	r0, #24
 211 00ec FFF7FEFF 		bl	I2C_Peripheral_ReadRegister
 212              	.LVL37:
 128:main.c        ****                                         LIS3DH_CTRL_REG4,
ARM GAS  C:\Users\Lory\AppData\Local\Temp\ccy5Ogma.s 			page 7


 129:main.c        ****                                         &ctrl_reg4);
 130:main.c        ****     if (error == NO_ERROR)
 213              		.loc 1 130 0
 214 00f0 48B9     		cbnz	r0, .L13
 131:main.c        ****     {
 132:main.c        ****         sprintf(message, "CTRL_REG4: 0x%02X\r\n", ctrl_reg4);
 215              		.loc 1 132 0
 216 00f2 9DF80020 		ldrb	r2, [sp]	@ zero_extendqisi2
 217 00f6 2049     		ldr	r1, .L19+40
 218 00f8 01A8     		add	r0, sp, #4
 219              	.LVL38:
 220 00fa FFF7FEFF 		bl	sprintf
 221              	.LVL39:
 133:main.c        ****         UART_Debug_PutString(message); 
 222              		.loc 1 133 0
 223 00fe 01A8     		add	r0, sp, #4
 224 0100 FFF7FEFF 		bl	UART_Debug_PutString
 225              	.LVL40:
 226 0104 02E0     		b	.L14
 227              	.LVL41:
 228              	.L13:
 134:main.c        ****     }
 135:main.c        ****     else
 136:main.c        ****     {
 137:main.c        ****         UART_Debug_PutString("Error occurred during I2C comm to read CTRL_REG4 4\r\n");   
 229              		.loc 1 137 0
 230 0106 1D48     		ldr	r0, .L19+44
 231              	.LVL42:
 232 0108 FFF7FEFF 		bl	UART_Debug_PutString
 233              	.LVL43:
 234              	.L14:
 138:main.c        ****     }
 139:main.c        ****     
 140:main.c        ****     /* 
 141:main.c        ****      * Setup CTRL_REG4 register:
 142:main.c        ****      * BDU     = 1  -> Block data update until MSB and LSB reading,
 143:main.c        ****      * BLE     = 0  -> Data LSB at lower address,
 144:main.c        ****      * FS[1:0] = 01 -> Full scale +-4g, 
 145:main.c        ****      * HR      = 1  -> High-resolution enabled,
 146:main.c        ****      * ST[1:0] = 00 -> Self-test disabled,
 147:main.c        ****      * SIM     = 0  -> SPI 4-wire interface.
 148:main.c        ****      */ 
 149:main.c        ****     UART_Debug_PutString("\r\nWriting new values..\r\n");
 235              		.loc 1 149 0
 236 010c 1748     		ldr	r0, .L19+28
 237 010e FFF7FEFF 		bl	UART_Debug_PutString
 238              	.LVL44:
 150:main.c        ****     if (ctrl_reg4 != LIS3DH_CTRL_REG4_BDU_ACTIVE)
 239              		.loc 1 150 0
 240 0112 9DF80020 		ldrb	r2, [sp]	@ zero_extendqisi2
 241 0116 982A     		cmp	r2, #152
 242 0118 11D0     		beq	.L15
 151:main.c        ****     {
 152:main.c        ****         error = I2C_Peripheral_WriteRegister(LIS3DH_DEVICE_ADDRESS,
 243              		.loc 1 152 0
 244 011a 2321     		movs	r1, #35
 245 011c 1820     		movs	r0, #24
ARM GAS  C:\Users\Lory\AppData\Local\Temp\ccy5Ogma.s 			page 8


 246 011e FFF7FEFF 		bl	I2C_Peripheral_WriteRegister
 247              	.LVL45:
 153:main.c        ****                                              LIS3DH_CTRL_REG4,
 154:main.c        ****                                              ctrl_reg4);
 155:main.c        ****         if (error == NO_ERROR)
 248              		.loc 1 155 0
 249 0122 48B9     		cbnz	r0, .L16
 156:main.c        ****         {
 157:main.c        ****             sprintf(message, "CTRL_REG4 successfully written as: 0x%02X\r\n", ctrl_reg4);
 250              		.loc 1 157 0
 251 0124 9DF80020 		ldrb	r2, [sp]	@ zero_extendqisi2
 252 0128 1549     		ldr	r1, .L19+48
 253 012a 01A8     		add	r0, sp, #4
 254              	.LVL46:
 255 012c FFF7FEFF 		bl	sprintf
 256              	.LVL47:
 158:main.c        ****             UART_Debug_PutString(message); 
 257              		.loc 1 158 0
 258 0130 01A8     		add	r0, sp, #4
 259 0132 FFF7FEFF 		bl	UART_Debug_PutString
 260              	.LVL48:
 261 0136 02E0     		b	.L15
 262              	.LVL49:
 263              	.L16:
 159:main.c        ****         }
 160:main.c        ****         else
 161:main.c        ****         {
 162:main.c        ****             UART_Debug_PutString("Error occurred during I2C comm to read CTRL_REG4 4\r\n");   
 264              		.loc 1 162 0
 265 0138 1048     		ldr	r0, .L19+44
 266              	.LVL50:
 267 013a FFF7FEFF 		bl	UART_Debug_PutString
 268              	.LVL51:
 269              	.L15:
 163:main.c        ****         }
 164:main.c        ****     }
 165:main.c        ****     
 166:main.c        ****     /* Wait 5ms after setup completion. */
 167:main.c        ****     CyDelay(5);
 270              		.loc 1 167 0
 271 013e 0520     		movs	r0, #5
 272 0140 FFF7FEFF 		bl	CyDelay
 273              	.LVL52:
 168:main.c        ****     
 169:main.c        ****     /* Start ISR timer, trigger interrupt every 10ms. */ 
 170:main.c        ****     ISR_Timer_Start();
 274              		.loc 1 170 0
 275 0144 FFF7FEFF 		bl	ISR_Timer_Start
 276              	.LVL53:
 171:main.c        ****     
 172:main.c        ****     /* Enable accelerometer custom interrupt. */
 173:main.c        ****     ISR_Acc_StartEx(ISR_ACC_CUSTOM);
 277              		.loc 1 173 0
 278 0148 0E48     		ldr	r0, .L19+52
 279 014a FFF7FEFF 		bl	ISR_Acc_StartEx
 280              	.LVL54:
 281              	.L17:
ARM GAS  C:\Users\Lory\AppData\Local\Temp\ccy5Ogma.s 			page 9


 282 014e FEE7     		b	.L17
 283              	.L20:
 284              		.align	2
 285              	.L19:
 286 0150 00000000 		.word	.LC0
 287 0154 20000000 		.word	.LC1
 288 0158 44000000 		.word	.LC2
 289 015c 68000000 		.word	.LC3
 290 0160 80000000 		.word	.LC4
 291 0164 B4000000 		.word	.LC5
 292 0168 CC000000 		.word	.LC6
 293 016c 00010000 		.word	.LC7
 294 0170 1C010000 		.word	.LC8
 295 0174 48010000 		.word	.LC9
 296 0178 7C010000 		.word	.LC10
 297 017c 90010000 		.word	.LC11
 298 0180 C8010000 		.word	.LC12
 299 0184 00000000 		.word	ISR_ACC_CUSTOM
 300              		.cfi_endproc
 301              	.LFE64:
 302              		.size	main, .-main
 303              		.comm	error,1,1
 304              		.comm	statusReg,1,1
 305              		.comm	tempBuffer,2,4
 306              		.comm	dataBuffer,14,4
 307              		.section	.rodata.str1.4,"aMS",%progbits,1
 308              		.align	2
 309              	.LC0:
 310 0000 44657669 		.ascii	"Device 0x%02X is connected\015\012\000"
 310      63652030 
 310      78253032 
 310      58206973 
 310      20636F6E 
 311 001d 000000   		.space	3
 312              	.LC1:
 313 0020 57484F5F 		.ascii	"WHO_AM_I: 0x%02X [Expected: 0x33]\015\012\000"
 313      414D5F49 
 313      3A203078 
 313      25303258 
 313      205B4578 
 314              	.LC2:
 315 0044 4572726F 		.ascii	"Error occurred during I2C comm\015\012\000"
 315      72206F63 
 315      63757272 
 315      65642064 
 315      7572696E 
 316 0065 000000   		.space	3
 317              	.LC3:
 318 0068 53544154 		.ascii	"STATUS_REG: 0x%02X\015\012\000"
 318      55535F52 
 318      45473A20 
 318      30782530 
 318      32580D0A 
 319 007d 000000   		.space	3
 320              	.LC4:
 321 0080 4572726F 		.ascii	"Error occurred during I2C comm to read STATUS_REG\015"
 321      72206F63 
ARM GAS  C:\Users\Lory\AppData\Local\Temp\ccy5Ogma.s 			page 10


 321      63757272 
 321      65642064 
 321      7572696E 
 322 00b2 0A00     		.ascii	"\012\000"
 323              	.LC5:
 324 00b4 4354524C 		.ascii	"CTRL_REG1 1: 0x%02X\015\012\000"
 324      5F524547 
 324      3120313A 
 324      20307825 
 324      3032580D 
 325 00ca 0000     		.space	2
 326              	.LC6:
 327 00cc 4572726F 		.ascii	"Error occurred during I2C comm to read CTRL_REG1\015"
 327      72206F63 
 327      63757272 
 327      65642064 
 327      7572696E 
 328 00fd 0A00     		.ascii	"\012\000"
 329 00ff 00       		.space	1
 330              	.LC7:
 331 0100 0D0A5772 		.ascii	"\015\012Writing new values..\015\012\000"
 331      6974696E 
 331      67206E65 
 331      77207661 
 331      6C756573 
 332 0119 000000   		.space	3
 333              	.LC8:
 334 011c 4354524C 		.ascii	"CTRL_REG1 successfully written as: 0x%02X\015\012\000"
 334      5F524547 
 334      31207375 
 334      63636573 
 334      7366756C 
 335              	.LC9:
 336 0148 4572726F 		.ascii	"Error occurred during I2C comm to set CTRL_REG1\015"
 336      72206F63 
 336      63757272 
 336      65642064 
 336      7572696E 
 337 0178 0A00     		.ascii	"\012\000"
 338 017a 0000     		.space	2
 339              	.LC10:
 340 017c 4354524C 		.ascii	"CTRL_REG4: 0x%02X\015\012\000"
 340      5F524547 
 340      343A2030 
 340      78253032 
 340      580D0A00 
 341              	.LC11:
 342 0190 4572726F 		.ascii	"Error occurred during I2C comm to read CTRL_REG4 4\015"
 342      72206F63 
 342      63757272 
 342      65642064 
 342      7572696E 
 343 01c3 0A00     		.ascii	"\012\000"
 344 01c5 000000   		.space	3
 345              	.LC12:
 346 01c8 4354524C 		.ascii	"CTRL_REG4 successfully written as: 0x%02X\015\012\000"
 346      5F524547 
ARM GAS  C:\Users\Lory\AppData\Local\Temp\ccy5Ogma.s 			page 11


 346      34207375 
 346      63636573 
 346      7366756C 
 347              		.text
 348              	.Letext0:
 349              		.file 2 "c:\\program files (x86)\\cypress\\psoc creator\\4.3\\psoc creator\\import\\gnu\\arm\\5.4.
 350              		.file 3 "c:\\program files (x86)\\cypress\\psoc creator\\4.3\\psoc creator\\import\\gnu\\arm\\5.4.
 351              		.file 4 "Generated_Source\\PSoC5/cytypes.h"
 352              		.file 5 "ErrorCodes.h"
 353              		.file 6 "Generated_Source\\PSoC5/core_cm3.h"
 354              		.file 7 "InterruptRoutines.h"
 355              		.file 8 "I2C_Interface.h"
 356              		.file 9 "c:\\program files (x86)\\cypress\\psoc creator\\4.3\\psoc creator\\import\\gnu\\arm\\5.4.
 357              		.file 10 "Generated_Source\\PSoC5/UART_Debug.h"
 358              		.file 11 "Generated_Source\\PSoC5/CyLib.h"
 359              		.file 12 "Generated_Source\\PSoC5/ISR_Timer.h"
 360              		.file 13 "Generated_Source\\PSoC5/ISR_Acc.h"
 361              		.section	.debug_info,"",%progbits
 362              	.Ldebug_info0:
 363 0000 86050000 		.4byte	0x586
 364 0004 0400     		.2byte	0x4
 365 0006 00000000 		.4byte	.Ldebug_abbrev0
 366 000a 04       		.byte	0x4
 367 000b 01       		.uleb128 0x1
 368 000c F9000000 		.4byte	.LASF42
 369 0010 0C       		.byte	0xc
 370 0011 9B020000 		.4byte	.LASF43
 371 0015 70000000 		.4byte	.LASF44
 372 0019 00000000 		.4byte	.Ldebug_ranges0+0
 373 001d 00000000 		.4byte	0
 374 0021 00000000 		.4byte	.Ldebug_line0
 375 0025 02       		.uleb128 0x2
 376 0026 01       		.byte	0x1
 377 0027 06       		.byte	0x6
 378 0028 EE020000 		.4byte	.LASF0
 379 002c 03       		.uleb128 0x3
 380 002d 08000000 		.4byte	.LASF4
 381 0031 02       		.byte	0x2
 382 0032 1D       		.byte	0x1d
 383 0033 37000000 		.4byte	0x37
 384 0037 02       		.uleb128 0x2
 385 0038 01       		.byte	0x1
 386 0039 08       		.byte	0x8
 387 003a EB000000 		.4byte	.LASF1
 388 003e 02       		.uleb128 0x2
 389 003f 02       		.byte	0x2
 390 0040 05       		.byte	0x5
 391 0041 C3020000 		.4byte	.LASF2
 392 0045 02       		.uleb128 0x2
 393 0046 02       		.byte	0x2
 394 0047 07       		.byte	0x7
 395 0048 99010000 		.4byte	.LASF3
 396 004c 03       		.uleb128 0x3
 397 004d 3D000000 		.4byte	.LASF5
 398 0051 02       		.byte	0x2
 399 0052 3F       		.byte	0x3f
 400 0053 57000000 		.4byte	0x57
ARM GAS  C:\Users\Lory\AppData\Local\Temp\ccy5Ogma.s 			page 12


 401 0057 02       		.uleb128 0x2
 402 0058 04       		.byte	0x4
 403 0059 05       		.byte	0x5
 404 005a 47000000 		.4byte	.LASF6
 405 005e 02       		.uleb128 0x2
 406 005f 04       		.byte	0x4
 407 0060 07       		.byte	0x7
 408 0061 87010000 		.4byte	.LASF7
 409 0065 02       		.uleb128 0x2
 410 0066 08       		.byte	0x8
 411 0067 05       		.byte	0x5
 412 0068 7C020000 		.4byte	.LASF8
 413 006c 02       		.uleb128 0x2
 414 006d 08       		.byte	0x8
 415 006e 07       		.byte	0x7
 416 006f 2E020000 		.4byte	.LASF9
 417 0073 04       		.uleb128 0x4
 418 0074 04       		.byte	0x4
 419 0075 05       		.byte	0x5
 420 0076 696E7400 		.ascii	"int\000"
 421 007a 02       		.uleb128 0x2
 422 007b 04       		.byte	0x4
 423 007c 07       		.byte	0x7
 424 007d 21020000 		.4byte	.LASF10
 425 0081 02       		.uleb128 0x2
 426 0082 08       		.byte	0x8
 427 0083 04       		.byte	0x4
 428 0084 E2020000 		.4byte	.LASF11
 429 0088 02       		.uleb128 0x2
 430 0089 04       		.byte	0x4
 431 008a 07       		.byte	0x7
 432 008b 6D020000 		.4byte	.LASF12
 433 008f 02       		.uleb128 0x2
 434 0090 01       		.byte	0x1
 435 0091 08       		.byte	0x8
 436 0092 A2020000 		.4byte	.LASF13
 437 0096 03       		.uleb128 0x3
 438 0097 45020000 		.4byte	.LASF14
 439 009b 03       		.byte	0x3
 440 009c 18       		.byte	0x18
 441 009d 2C000000 		.4byte	0x2c
 442 00a1 03       		.uleb128 0x3
 443 00a2 65020000 		.4byte	.LASF15
 444 00a6 03       		.byte	0x3
 445 00a7 2C       		.byte	0x2c
 446 00a8 4C000000 		.4byte	0x4c
 447 00ac 05       		.uleb128 0x5
 448 00ad CD020000 		.4byte	.LASF16
 449 00b1 04       		.byte	0x4
 450 00b2 E401     		.2byte	0x1e4
 451 00b4 37000000 		.4byte	0x37
 452 00b8 02       		.uleb128 0x2
 453 00b9 04       		.byte	0x4
 454 00ba 04       		.byte	0x4
 455 00bb 5A000000 		.4byte	.LASF17
 456 00bf 02       		.uleb128 0x2
 457 00c0 08       		.byte	0x8
ARM GAS  C:\Users\Lory\AppData\Local\Temp\ccy5Ogma.s 			page 13


 458 00c1 04       		.byte	0x4
 459 00c2 E1010000 		.4byte	.LASF18
 460 00c6 06       		.uleb128 0x6
 461 00c7 01       		.byte	0x1
 462 00c8 37000000 		.4byte	0x37
 463 00cc 05       		.byte	0x5
 464 00cd 15       		.byte	0x15
 465 00ce DF000000 		.4byte	0xdf
 466 00d2 07       		.uleb128 0x7
 467 00d3 D3020000 		.4byte	.LASF19
 468 00d7 00       		.byte	0
 469 00d8 07       		.uleb128 0x7
 470 00d9 DC020000 		.4byte	.LASF20
 471 00dd 01       		.byte	0x1
 472 00de 00       		.byte	0
 473 00df 03       		.uleb128 0x3
 474 00e0 50000000 		.4byte	.LASF21
 475 00e4 05       		.byte	0x5
 476 00e5 18       		.byte	0x18
 477 00e6 C6000000 		.4byte	0xc6
 478 00ea 08       		.uleb128 0x8
 479 00eb 08020000 		.4byte	.LASF45
 480 00ef 01       		.byte	0x1
 481 00f0 1C       		.byte	0x1c
 482 00f1 73000000 		.4byte	0x73
 483 00f5 00000000 		.4byte	.LFB64
 484 00f9 88010000 		.4byte	.LFE64-.LFB64
 485 00fd 01       		.uleb128 0x1
 486 00fe 9C       		.byte	0x9c
 487 00ff 96040000 		.4byte	0x496
 488 0103 09       		.uleb128 0x9
 489 0104 00000000 		.4byte	.LASF22
 490 0108 01       		.byte	0x1
 491 0109 2B       		.byte	0x2b
 492 010a 96040000 		.4byte	0x496
 493 010e 02       		.uleb128 0x2
 494 010f 91       		.byte	0x91
 495 0110 44       		.sleb128 -60
 496 0111 09       		.uleb128 0x9
 497 0112 FA020000 		.4byte	.LASF23
 498 0116 01       		.byte	0x1
 499 0117 37       		.byte	0x37
 500 0118 96000000 		.4byte	0x96
 501 011c 02       		.uleb128 0x2
 502 011d 91       		.byte	0x91
 503 011e 43       		.sleb128 -61
 504 011f 0A       		.uleb128 0xa
 505 0120 76020000 		.4byte	.LASF24
 506 0124 01       		.byte	0x1
 507 0125 38       		.byte	0x38
 508 0126 DF000000 		.4byte	0xdf
 509 012a 00000000 		.4byte	.LLST0
 510 012e 09       		.uleb128 0x9
 511 012f 55020000 		.4byte	.LASF25
 512 0133 01       		.byte	0x1
 513 0134 46       		.byte	0x46
 514 0135 96000000 		.4byte	0x96
ARM GAS  C:\Users\Lory\AppData\Local\Temp\ccy5Ogma.s 			page 14


 515 0139 02       		.uleb128 0x2
 516 013a 91       		.byte	0x91
 517 013b 42       		.sleb128 -62
 518 013c 09       		.uleb128 0x9
 519 013d 0D020000 		.4byte	.LASF26
 520 0141 01       		.byte	0x1
 521 0142 55       		.byte	0x55
 522 0143 96000000 		.4byte	0x96
 523 0147 02       		.uleb128 0x2
 524 0148 91       		.byte	0x91
 525 0149 41       		.sleb128 -63
 526 014a 09       		.uleb128 0x9
 527 014b 17020000 		.4byte	.LASF27
 528 014f 01       		.byte	0x1
 529 0150 7E       		.byte	0x7e
 530 0151 96000000 		.4byte	0x96
 531 0155 02       		.uleb128 0x2
 532 0156 91       		.byte	0x91
 533 0157 40       		.sleb128 -64
 534 0158 0B       		.uleb128 0xb
 535 0159 14000000 		.4byte	.LBB2
 536 015d 22000000 		.4byte	.LBE2-.LBB2
 537 0161 BA010000 		.4byte	0x1ba
 538 0165 0C       		.uleb128 0xc
 539 0166 6900     		.ascii	"i\000"
 540 0168 01       		.byte	0x1
 541 0169 2C       		.byte	0x2c
 542 016a 73000000 		.4byte	0x73
 543 016e 8C000000 		.4byte	.LLST1
 544 0172 0D       		.uleb128 0xd
 545 0173 1E000000 		.4byte	.LVL4
 546 0177 1B050000 		.4byte	0x51b
 547 017b 86010000 		.4byte	0x186
 548 017f 0E       		.uleb128 0xe
 549 0180 01       		.uleb128 0x1
 550 0181 50       		.byte	0x50
 551 0182 02       		.uleb128 0x2
 552 0183 74       		.byte	0x74
 553 0184 00       		.sleb128 0
 554 0185 00       		.byte	0
 555 0186 0D       		.uleb128 0xd
 556 0187 2A000000 		.4byte	.LVL5
 557 018b 26050000 		.4byte	0x526
 558 018f A9010000 		.4byte	0x1a9
 559 0193 0E       		.uleb128 0xe
 560 0194 01       		.uleb128 0x1
 561 0195 50       		.byte	0x50
 562 0196 02       		.uleb128 0x2
 563 0197 91       		.byte	0x91
 564 0198 44       		.sleb128 -60
 565 0199 0E       		.uleb128 0xe
 566 019a 01       		.uleb128 0x1
 567 019b 51       		.byte	0x51
 568 019c 05       		.uleb128 0x5
 569 019d 03       		.byte	0x3
 570 019e 00000000 		.4byte	.LC0
 571 01a2 0E       		.uleb128 0xe
ARM GAS  C:\Users\Lory\AppData\Local\Temp\ccy5Ogma.s 			page 15


 572 01a3 01       		.uleb128 0x1
 573 01a4 52       		.byte	0x52
 574 01a5 02       		.uleb128 0x2
 575 01a6 74       		.byte	0x74
 576 01a7 00       		.sleb128 0
 577 01a8 00       		.byte	0
 578 01a9 0F       		.uleb128 0xf
 579 01aa 30000000 		.4byte	.LVL6
 580 01ae 31050000 		.4byte	0x531
 581 01b2 0E       		.uleb128 0xe
 582 01b3 01       		.uleb128 0x1
 583 01b4 50       		.byte	0x50
 584 01b5 02       		.uleb128 0x2
 585 01b6 91       		.byte	0x91
 586 01b7 44       		.sleb128 -60
 587 01b8 00       		.byte	0
 588 01b9 00       		.byte	0
 589 01ba 10       		.uleb128 0x10
 590 01bb 0A000000 		.4byte	.LVL0
 591 01bf 3C050000 		.4byte	0x53c
 592 01c3 10       		.uleb128 0x10
 593 01c4 0E000000 		.4byte	.LVL1
 594 01c8 47050000 		.4byte	0x547
 595 01cc 0D       		.uleb128 0xd
 596 01cd 14000000 		.4byte	.LVL2
 597 01d1 52050000 		.4byte	0x552
 598 01d5 DF010000 		.4byte	0x1df
 599 01d9 0E       		.uleb128 0xe
 600 01da 01       		.uleb128 0x1
 601 01db 50       		.byte	0x50
 602 01dc 01       		.uleb128 0x1
 603 01dd 35       		.byte	0x35
 604 01de 00       		.byte	0
 605 01df 0D       		.uleb128 0xd
 606 01e0 42000000 		.4byte	.LVL8
 607 01e4 5D050000 		.4byte	0x55d
 608 01e8 FD010000 		.4byte	0x1fd
 609 01ec 0E       		.uleb128 0xe
 610 01ed 01       		.uleb128 0x1
 611 01ee 50       		.byte	0x50
 612 01ef 01       		.uleb128 0x1
 613 01f0 48       		.byte	0x48
 614 01f1 0E       		.uleb128 0xe
 615 01f2 01       		.uleb128 0x1
 616 01f3 51       		.byte	0x51
 617 01f4 01       		.uleb128 0x1
 618 01f5 3F       		.byte	0x3f
 619 01f6 0E       		.uleb128 0xe
 620 01f7 01       		.uleb128 0x1
 621 01f8 52       		.byte	0x52
 622 01f9 02       		.uleb128 0x2
 623 01fa 91       		.byte	0x91
 624 01fb 43       		.sleb128 -61
 625 01fc 00       		.byte	0
 626 01fd 0D       		.uleb128 0xd
 627 01fe 50000000 		.4byte	.LVL10
 628 0202 26050000 		.4byte	0x526
ARM GAS  C:\Users\Lory\AppData\Local\Temp\ccy5Ogma.s 			page 16


 629 0206 1A020000 		.4byte	0x21a
 630 020a 0E       		.uleb128 0xe
 631 020b 01       		.uleb128 0x1
 632 020c 50       		.byte	0x50
 633 020d 02       		.uleb128 0x2
 634 020e 91       		.byte	0x91
 635 020f 44       		.sleb128 -60
 636 0210 0E       		.uleb128 0xe
 637 0211 01       		.uleb128 0x1
 638 0212 51       		.byte	0x51
 639 0213 05       		.uleb128 0x5
 640 0214 03       		.byte	0x3
 641 0215 20000000 		.4byte	.LC1
 642 0219 00       		.byte	0
 643 021a 0D       		.uleb128 0xd
 644 021b 56000000 		.4byte	.LVL11
 645 021f 31050000 		.4byte	0x531
 646 0223 2E020000 		.4byte	0x22e
 647 0227 0E       		.uleb128 0xe
 648 0228 01       		.uleb128 0x1
 649 0229 50       		.byte	0x50
 650 022a 02       		.uleb128 0x2
 651 022b 91       		.byte	0x91
 652 022c 44       		.sleb128 -60
 653 022d 00       		.byte	0
 654 022e 0D       		.uleb128 0xd
 655 022f 5E000000 		.4byte	.LVL14
 656 0233 31050000 		.4byte	0x531
 657 0237 45020000 		.4byte	0x245
 658 023b 0E       		.uleb128 0xe
 659 023c 01       		.uleb128 0x1
 660 023d 50       		.byte	0x50
 661 023e 05       		.uleb128 0x5
 662 023f 03       		.byte	0x3
 663 0240 44000000 		.4byte	.LC2
 664 0244 00       		.byte	0
 665 0245 0D       		.uleb128 0xd
 666 0246 6A000000 		.4byte	.LVL15
 667 024a 5D050000 		.4byte	0x55d
 668 024e 64020000 		.4byte	0x264
 669 0252 0E       		.uleb128 0xe
 670 0253 01       		.uleb128 0x1
 671 0254 50       		.byte	0x50
 672 0255 01       		.uleb128 0x1
 673 0256 48       		.byte	0x48
 674 0257 0E       		.uleb128 0xe
 675 0258 01       		.uleb128 0x1
 676 0259 51       		.byte	0x51
 677 025a 02       		.uleb128 0x2
 678 025b 08       		.byte	0x8
 679 025c 27       		.byte	0x27
 680 025d 0E       		.uleb128 0xe
 681 025e 01       		.uleb128 0x1
 682 025f 52       		.byte	0x52
 683 0260 02       		.uleb128 0x2
 684 0261 91       		.byte	0x91
 685 0262 42       		.sleb128 -62
ARM GAS  C:\Users\Lory\AppData\Local\Temp\ccy5Ogma.s 			page 17


 686 0263 00       		.byte	0
 687 0264 0D       		.uleb128 0xd
 688 0265 78000000 		.4byte	.LVL17
 689 0269 26050000 		.4byte	0x526
 690 026d 81020000 		.4byte	0x281
 691 0271 0E       		.uleb128 0xe
 692 0272 01       		.uleb128 0x1
 693 0273 50       		.byte	0x50
 694 0274 02       		.uleb128 0x2
 695 0275 91       		.byte	0x91
 696 0276 44       		.sleb128 -60
 697 0277 0E       		.uleb128 0xe
 698 0278 01       		.uleb128 0x1
 699 0279 51       		.byte	0x51
 700 027a 05       		.uleb128 0x5
 701 027b 03       		.byte	0x3
 702 027c 68000000 		.4byte	.LC3
 703 0280 00       		.byte	0
 704 0281 0D       		.uleb128 0xd
 705 0282 7E000000 		.4byte	.LVL18
 706 0286 31050000 		.4byte	0x531
 707 028a 95020000 		.4byte	0x295
 708 028e 0E       		.uleb128 0xe
 709 028f 01       		.uleb128 0x1
 710 0290 50       		.byte	0x50
 711 0291 02       		.uleb128 0x2
 712 0292 91       		.byte	0x91
 713 0293 44       		.sleb128 -60
 714 0294 00       		.byte	0
 715 0295 0D       		.uleb128 0xd
 716 0296 86000000 		.4byte	.LVL21
 717 029a 31050000 		.4byte	0x531
 718 029e AC020000 		.4byte	0x2ac
 719 02a2 0E       		.uleb128 0xe
 720 02a3 01       		.uleb128 0x1
 721 02a4 50       		.byte	0x50
 722 02a5 05       		.uleb128 0x5
 723 02a6 03       		.byte	0x3
 724 02a7 80000000 		.4byte	.LC4
 725 02ab 00       		.byte	0
 726 02ac 0D       		.uleb128 0xd
 727 02ad 92000000 		.4byte	.LVL22
 728 02b1 5D050000 		.4byte	0x55d
 729 02b5 CB020000 		.4byte	0x2cb
 730 02b9 0E       		.uleb128 0xe
 731 02ba 01       		.uleb128 0x1
 732 02bb 50       		.byte	0x50
 733 02bc 01       		.uleb128 0x1
 734 02bd 48       		.byte	0x48
 735 02be 0E       		.uleb128 0xe
 736 02bf 01       		.uleb128 0x1
 737 02c0 51       		.byte	0x51
 738 02c1 02       		.uleb128 0x2
 739 02c2 08       		.byte	0x8
 740 02c3 20       		.byte	0x20
 741 02c4 0E       		.uleb128 0xe
 742 02c5 01       		.uleb128 0x1
ARM GAS  C:\Users\Lory\AppData\Local\Temp\ccy5Ogma.s 			page 18


 743 02c6 52       		.byte	0x52
 744 02c7 02       		.uleb128 0x2
 745 02c8 91       		.byte	0x91
 746 02c9 41       		.sleb128 -63
 747 02ca 00       		.byte	0
 748 02cb 0D       		.uleb128 0xd
 749 02cc A0000000 		.4byte	.LVL24
 750 02d0 26050000 		.4byte	0x526
 751 02d4 E8020000 		.4byte	0x2e8
 752 02d8 0E       		.uleb128 0xe
 753 02d9 01       		.uleb128 0x1
 754 02da 50       		.byte	0x50
 755 02db 02       		.uleb128 0x2
 756 02dc 91       		.byte	0x91
 757 02dd 44       		.sleb128 -60
 758 02de 0E       		.uleb128 0xe
 759 02df 01       		.uleb128 0x1
 760 02e0 51       		.byte	0x51
 761 02e1 05       		.uleb128 0x5
 762 02e2 03       		.byte	0x3
 763 02e3 B4000000 		.4byte	.LC5
 764 02e7 00       		.byte	0
 765 02e8 0D       		.uleb128 0xd
 766 02e9 A6000000 		.4byte	.LVL25
 767 02ed 31050000 		.4byte	0x531
 768 02f1 FC020000 		.4byte	0x2fc
 769 02f5 0E       		.uleb128 0xe
 770 02f6 01       		.uleb128 0x1
 771 02f7 50       		.byte	0x50
 772 02f8 02       		.uleb128 0x2
 773 02f9 91       		.byte	0x91
 774 02fa 44       		.sleb128 -60
 775 02fb 00       		.byte	0
 776 02fc 0D       		.uleb128 0xd
 777 02fd AE000000 		.4byte	.LVL28
 778 0301 31050000 		.4byte	0x531
 779 0305 13030000 		.4byte	0x313
 780 0309 0E       		.uleb128 0xe
 781 030a 01       		.uleb128 0x1
 782 030b 50       		.byte	0x50
 783 030c 05       		.uleb128 0x5
 784 030d 03       		.byte	0x3
 785 030e CC000000 		.4byte	.LC6
 786 0312 00       		.byte	0
 787 0313 0D       		.uleb128 0xd
 788 0314 B4000000 		.4byte	.LVL29
 789 0318 31050000 		.4byte	0x531
 790 031c 2A030000 		.4byte	0x32a
 791 0320 0E       		.uleb128 0xe
 792 0321 01       		.uleb128 0x1
 793 0322 50       		.byte	0x50
 794 0323 05       		.uleb128 0x5
 795 0324 03       		.byte	0x3
 796 0325 00010000 		.4byte	.LC7
 797 0329 00       		.byte	0
 798 032a 0D       		.uleb128 0xd
 799 032b CA000000 		.4byte	.LVL30
ARM GAS  C:\Users\Lory\AppData\Local\Temp\ccy5Ogma.s 			page 19


 800 032f 68050000 		.4byte	0x568
 801 0333 49030000 		.4byte	0x349
 802 0337 0E       		.uleb128 0xe
 803 0338 01       		.uleb128 0x1
 804 0339 50       		.byte	0x50
 805 033a 01       		.uleb128 0x1
 806 033b 48       		.byte	0x48
 807 033c 0E       		.uleb128 0xe
 808 033d 01       		.uleb128 0x1
 809 033e 51       		.byte	0x51
 810 033f 02       		.uleb128 0x2
 811 0340 08       		.byte	0x8
 812 0341 20       		.byte	0x20
 813 0342 0E       		.uleb128 0xe
 814 0343 01       		.uleb128 0x1
 815 0344 52       		.byte	0x52
 816 0345 02       		.uleb128 0x2
 817 0346 08       		.byte	0x8
 818 0347 57       		.byte	0x57
 819 0348 00       		.byte	0
 820 0349 0D       		.uleb128 0xd
 821 034a D8000000 		.4byte	.LVL32
 822 034e 26050000 		.4byte	0x526
 823 0352 66030000 		.4byte	0x366
 824 0356 0E       		.uleb128 0xe
 825 0357 01       		.uleb128 0x1
 826 0358 50       		.byte	0x50
 827 0359 02       		.uleb128 0x2
 828 035a 91       		.byte	0x91
 829 035b 44       		.sleb128 -60
 830 035c 0E       		.uleb128 0xe
 831 035d 01       		.uleb128 0x1
 832 035e 51       		.byte	0x51
 833 035f 05       		.uleb128 0x5
 834 0360 03       		.byte	0x3
 835 0361 1C010000 		.4byte	.LC8
 836 0365 00       		.byte	0
 837 0366 0D       		.uleb128 0xd
 838 0367 DE000000 		.4byte	.LVL33
 839 036b 31050000 		.4byte	0x531
 840 036f 7A030000 		.4byte	0x37a
 841 0373 0E       		.uleb128 0xe
 842 0374 01       		.uleb128 0x1
 843 0375 50       		.byte	0x50
 844 0376 02       		.uleb128 0x2
 845 0377 91       		.byte	0x91
 846 0378 44       		.sleb128 -60
 847 0379 00       		.byte	0
 848 037a 0D       		.uleb128 0xd
 849 037b E6000000 		.4byte	.LVL36
 850 037f 31050000 		.4byte	0x531
 851 0383 91030000 		.4byte	0x391
 852 0387 0E       		.uleb128 0xe
 853 0388 01       		.uleb128 0x1
 854 0389 50       		.byte	0x50
 855 038a 05       		.uleb128 0x5
 856 038b 03       		.byte	0x3
ARM GAS  C:\Users\Lory\AppData\Local\Temp\ccy5Ogma.s 			page 20


 857 038c 48010000 		.4byte	.LC9
 858 0390 00       		.byte	0
 859 0391 0D       		.uleb128 0xd
 860 0392 F0000000 		.4byte	.LVL37
 861 0396 5D050000 		.4byte	0x55d
 862 039a B0030000 		.4byte	0x3b0
 863 039e 0E       		.uleb128 0xe
 864 039f 01       		.uleb128 0x1
 865 03a0 50       		.byte	0x50
 866 03a1 01       		.uleb128 0x1
 867 03a2 48       		.byte	0x48
 868 03a3 0E       		.uleb128 0xe
 869 03a4 01       		.uleb128 0x1
 870 03a5 51       		.byte	0x51
 871 03a6 02       		.uleb128 0x2
 872 03a7 08       		.byte	0x8
 873 03a8 23       		.byte	0x23
 874 03a9 0E       		.uleb128 0xe
 875 03aa 01       		.uleb128 0x1
 876 03ab 52       		.byte	0x52
 877 03ac 02       		.uleb128 0x2
 878 03ad 7D       		.byte	0x7d
 879 03ae 00       		.sleb128 0
 880 03af 00       		.byte	0
 881 03b0 0D       		.uleb128 0xd
 882 03b1 FE000000 		.4byte	.LVL39
 883 03b5 26050000 		.4byte	0x526
 884 03b9 CD030000 		.4byte	0x3cd
 885 03bd 0E       		.uleb128 0xe
 886 03be 01       		.uleb128 0x1
 887 03bf 50       		.byte	0x50
 888 03c0 02       		.uleb128 0x2
 889 03c1 91       		.byte	0x91
 890 03c2 44       		.sleb128 -60
 891 03c3 0E       		.uleb128 0xe
 892 03c4 01       		.uleb128 0x1
 893 03c5 51       		.byte	0x51
 894 03c6 05       		.uleb128 0x5
 895 03c7 03       		.byte	0x3
 896 03c8 7C010000 		.4byte	.LC10
 897 03cc 00       		.byte	0
 898 03cd 0D       		.uleb128 0xd
 899 03ce 04010000 		.4byte	.LVL40
 900 03d2 31050000 		.4byte	0x531
 901 03d6 E1030000 		.4byte	0x3e1
 902 03da 0E       		.uleb128 0xe
 903 03db 01       		.uleb128 0x1
 904 03dc 50       		.byte	0x50
 905 03dd 02       		.uleb128 0x2
 906 03de 91       		.byte	0x91
 907 03df 44       		.sleb128 -60
 908 03e0 00       		.byte	0
 909 03e1 0D       		.uleb128 0xd
 910 03e2 0C010000 		.4byte	.LVL43
 911 03e6 31050000 		.4byte	0x531
 912 03ea F8030000 		.4byte	0x3f8
 913 03ee 0E       		.uleb128 0xe
ARM GAS  C:\Users\Lory\AppData\Local\Temp\ccy5Ogma.s 			page 21


 914 03ef 01       		.uleb128 0x1
 915 03f0 50       		.byte	0x50
 916 03f1 05       		.uleb128 0x5
 917 03f2 03       		.byte	0x3
 918 03f3 90010000 		.4byte	.LC11
 919 03f7 00       		.byte	0
 920 03f8 0D       		.uleb128 0xd
 921 03f9 12010000 		.4byte	.LVL44
 922 03fd 31050000 		.4byte	0x531
 923 0401 0F040000 		.4byte	0x40f
 924 0405 0E       		.uleb128 0xe
 925 0406 01       		.uleb128 0x1
 926 0407 50       		.byte	0x50
 927 0408 05       		.uleb128 0x5
 928 0409 03       		.byte	0x3
 929 040a 00010000 		.4byte	.LC7
 930 040e 00       		.byte	0
 931 040f 0D       		.uleb128 0xd
 932 0410 22010000 		.4byte	.LVL45
 933 0414 68050000 		.4byte	0x568
 934 0418 28040000 		.4byte	0x428
 935 041c 0E       		.uleb128 0xe
 936 041d 01       		.uleb128 0x1
 937 041e 50       		.byte	0x50
 938 041f 01       		.uleb128 0x1
 939 0420 48       		.byte	0x48
 940 0421 0E       		.uleb128 0xe
 941 0422 01       		.uleb128 0x1
 942 0423 51       		.byte	0x51
 943 0424 02       		.uleb128 0x2
 944 0425 08       		.byte	0x8
 945 0426 23       		.byte	0x23
 946 0427 00       		.byte	0
 947 0428 0D       		.uleb128 0xd
 948 0429 30010000 		.4byte	.LVL47
 949 042d 26050000 		.4byte	0x526
 950 0431 45040000 		.4byte	0x445
 951 0435 0E       		.uleb128 0xe
 952 0436 01       		.uleb128 0x1
 953 0437 50       		.byte	0x50
 954 0438 02       		.uleb128 0x2
 955 0439 91       		.byte	0x91
 956 043a 44       		.sleb128 -60
 957 043b 0E       		.uleb128 0xe
 958 043c 01       		.uleb128 0x1
 959 043d 51       		.byte	0x51
 960 043e 05       		.uleb128 0x5
 961 043f 03       		.byte	0x3
 962 0440 C8010000 		.4byte	.LC12
 963 0444 00       		.byte	0
 964 0445 0D       		.uleb128 0xd
 965 0446 36010000 		.4byte	.LVL48
 966 044a 31050000 		.4byte	0x531
 967 044e 59040000 		.4byte	0x459
 968 0452 0E       		.uleb128 0xe
 969 0453 01       		.uleb128 0x1
 970 0454 50       		.byte	0x50
ARM GAS  C:\Users\Lory\AppData\Local\Temp\ccy5Ogma.s 			page 22


 971 0455 02       		.uleb128 0x2
 972 0456 91       		.byte	0x91
 973 0457 44       		.sleb128 -60
 974 0458 00       		.byte	0
 975 0459 0D       		.uleb128 0xd
 976 045a 3E010000 		.4byte	.LVL51
 977 045e 31050000 		.4byte	0x531
 978 0462 70040000 		.4byte	0x470
 979 0466 0E       		.uleb128 0xe
 980 0467 01       		.uleb128 0x1
 981 0468 50       		.byte	0x50
 982 0469 05       		.uleb128 0x5
 983 046a 03       		.byte	0x3
 984 046b 90010000 		.4byte	.LC11
 985 046f 00       		.byte	0
 986 0470 0D       		.uleb128 0xd
 987 0471 44010000 		.4byte	.LVL52
 988 0475 52050000 		.4byte	0x552
 989 0479 83040000 		.4byte	0x483
 990 047d 0E       		.uleb128 0xe
 991 047e 01       		.uleb128 0x1
 992 047f 50       		.byte	0x50
 993 0480 01       		.uleb128 0x1
 994 0481 35       		.byte	0x35
 995 0482 00       		.byte	0
 996 0483 10       		.uleb128 0x10
 997 0484 48010000 		.4byte	.LVL53
 998 0488 73050000 		.4byte	0x573
 999 048c 10       		.uleb128 0x10
 1000 048d 4E010000 		.4byte	.LVL54
 1001 0491 7E050000 		.4byte	0x57e
 1002 0495 00       		.byte	0
 1003 0496 11       		.uleb128 0x11
 1004 0497 8F000000 		.4byte	0x8f
 1005 049b A6040000 		.4byte	0x4a6
 1006 049f 12       		.uleb128 0x12
 1007 04a0 88000000 		.4byte	0x88
 1008 04a4 31       		.byte	0x31
 1009 04a5 00       		.byte	0
 1010 04a6 13       		.uleb128 0x13
 1011 04a7 D4010000 		.4byte	.LASF28
 1012 04ab 06       		.byte	0x6
 1013 04ac 1207     		.2byte	0x712
 1014 04ae B2040000 		.4byte	0x4b2
 1015 04b2 14       		.uleb128 0x14
 1016 04b3 A1000000 		.4byte	0xa1
 1017 04b7 11       		.uleb128 0x11
 1018 04b8 96000000 		.4byte	0x96
 1019 04bc C7040000 		.4byte	0x4c7
 1020 04c0 12       		.uleb128 0x12
 1021 04c1 88000000 		.4byte	0x88
 1022 04c5 0D       		.byte	0xd
 1023 04c6 00       		.byte	0
 1024 04c7 15       		.uleb128 0x15
 1025 04c8 FD010000 		.4byte	.LASF29
 1026 04cc 07       		.byte	0x7
 1027 04cd 20       		.byte	0x20
ARM GAS  C:\Users\Lory\AppData\Local\Temp\ccy5Ogma.s 			page 23


 1028 04ce B7040000 		.4byte	0x4b7
 1029 04d2 05       		.uleb128 0x5
 1030 04d3 03       		.byte	0x3
 1031 04d4 00000000 		.4byte	dataBuffer
 1032 04d8 11       		.uleb128 0x11
 1033 04d9 96000000 		.4byte	0x96
 1034 04dd E8040000 		.4byte	0x4e8
 1035 04e1 12       		.uleb128 0x12
 1036 04e2 88000000 		.4byte	0x88
 1037 04e6 01       		.byte	0x1
 1038 04e7 00       		.byte	0
 1039 04e8 15       		.uleb128 0x15
 1040 04e9 AC010000 		.4byte	.LASF30
 1041 04ed 07       		.byte	0x7
 1042 04ee 23       		.byte	0x23
 1043 04ef D8040000 		.4byte	0x4d8
 1044 04f3 05       		.uleb128 0x5
 1045 04f4 03       		.byte	0x3
 1046 04f5 00000000 		.4byte	tempBuffer
 1047 04f9 15       		.uleb128 0x15
 1048 04fa 12000000 		.4byte	.LASF31
 1049 04fe 07       		.byte	0x7
 1050 04ff 26       		.byte	0x26
 1051 0500 AC000000 		.4byte	0xac
 1052 0504 05       		.uleb128 0x5
 1053 0505 03       		.byte	0x3
 1054 0506 00000000 		.4byte	statusReg
 1055 050a 15       		.uleb128 0x15
 1056 050b 76020000 		.4byte	.LASF24
 1057 050f 07       		.byte	0x7
 1058 0510 29       		.byte	0x29
 1059 0511 DF000000 		.4byte	0xdf
 1060 0515 05       		.uleb128 0x5
 1061 0516 03       		.byte	0x3
 1062 0517 00000000 		.4byte	error
 1063 051b 16       		.uleb128 0x16
 1064 051c 1C000000 		.4byte	.LASF32
 1065 0520 1C000000 		.4byte	.LASF32
 1066 0524 08       		.byte	0x8
 1067 0525 66       		.byte	0x66
 1068 0526 16       		.uleb128 0x16
 1069 0527 4D020000 		.4byte	.LASF33
 1070 052b 4D020000 		.4byte	.LASF33
 1071 052f 09       		.byte	0x9
 1072 0530 E7       		.byte	0xe7
 1073 0531 16       		.uleb128 0x16
 1074 0532 E8010000 		.4byte	.LASF34
 1075 0536 E8010000 		.4byte	.LASF34
 1076 053a 0A       		.byte	0xa
 1077 053b 8B       		.byte	0x8b
 1078 053c 16       		.uleb128 0x16
 1079 053d 1F030000 		.4byte	.LASF35
 1080 0541 1F030000 		.4byte	.LASF35
 1081 0545 08       		.byte	0x8
 1082 0546 35       		.byte	0x35
 1083 0547 16       		.uleb128 0x16
 1084 0548 8A020000 		.4byte	.LASF36
ARM GAS  C:\Users\Lory\AppData\Local\Temp\ccy5Ogma.s 			page 24


 1085 054c 8A020000 		.4byte	.LASF36
 1086 0550 0A       		.byte	0xa
 1087 0551 54       		.byte	0x54
 1088 0552 16       		.uleb128 0x16
 1089 0553 17030000 		.4byte	.LASF37
 1090 0557 17030000 		.4byte	.LASF37
 1091 055b 0B       		.byte	0xb
 1092 055c 76       		.byte	0x76
 1093 055d 16       		.uleb128 0x16
 1094 055e A7020000 		.4byte	.LASF38
 1095 0562 A7020000 		.4byte	.LASF38
 1096 0566 08       		.byte	0x8
 1097 0567 3F       		.byte	0x3f
 1098 0568 16       		.uleb128 0x16
 1099 0569 B7010000 		.4byte	.LASF39
 1100 056d B7010000 		.4byte	.LASF39
 1101 0571 08       		.byte	0x8
 1102 0572 53       		.byte	0x53
 1103 0573 16       		.uleb128 0x16
 1104 0574 60000000 		.4byte	.LASF40
 1105 0578 60000000 		.4byte	.LASF40
 1106 057c 0C       		.byte	0xc
 1107 057d 5A       		.byte	0x5a
 1108 057e 16       		.uleb128 0x16
 1109 057f 07030000 		.4byte	.LASF41
 1110 0583 07030000 		.4byte	.LASF41
 1111 0587 0D       		.byte	0xd
 1112 0588 18       		.byte	0x18
 1113 0589 00       		.byte	0
 1114              		.section	.debug_abbrev,"",%progbits
 1115              	.Ldebug_abbrev0:
 1116 0000 01       		.uleb128 0x1
 1117 0001 11       		.uleb128 0x11
 1118 0002 01       		.byte	0x1
 1119 0003 25       		.uleb128 0x25
 1120 0004 0E       		.uleb128 0xe
 1121 0005 13       		.uleb128 0x13
 1122 0006 0B       		.uleb128 0xb
 1123 0007 03       		.uleb128 0x3
 1124 0008 0E       		.uleb128 0xe
 1125 0009 1B       		.uleb128 0x1b
 1126 000a 0E       		.uleb128 0xe
 1127 000b 55       		.uleb128 0x55
 1128 000c 17       		.uleb128 0x17
 1129 000d 11       		.uleb128 0x11
 1130 000e 01       		.uleb128 0x1
 1131 000f 10       		.uleb128 0x10
 1132 0010 17       		.uleb128 0x17
 1133 0011 00       		.byte	0
 1134 0012 00       		.byte	0
 1135 0013 02       		.uleb128 0x2
 1136 0014 24       		.uleb128 0x24
 1137 0015 00       		.byte	0
 1138 0016 0B       		.uleb128 0xb
 1139 0017 0B       		.uleb128 0xb
 1140 0018 3E       		.uleb128 0x3e
 1141 0019 0B       		.uleb128 0xb
ARM GAS  C:\Users\Lory\AppData\Local\Temp\ccy5Ogma.s 			page 25


 1142 001a 03       		.uleb128 0x3
 1143 001b 0E       		.uleb128 0xe
 1144 001c 00       		.byte	0
 1145 001d 00       		.byte	0
 1146 001e 03       		.uleb128 0x3
 1147 001f 16       		.uleb128 0x16
 1148 0020 00       		.byte	0
 1149 0021 03       		.uleb128 0x3
 1150 0022 0E       		.uleb128 0xe
 1151 0023 3A       		.uleb128 0x3a
 1152 0024 0B       		.uleb128 0xb
 1153 0025 3B       		.uleb128 0x3b
 1154 0026 0B       		.uleb128 0xb
 1155 0027 49       		.uleb128 0x49
 1156 0028 13       		.uleb128 0x13
 1157 0029 00       		.byte	0
 1158 002a 00       		.byte	0
 1159 002b 04       		.uleb128 0x4
 1160 002c 24       		.uleb128 0x24
 1161 002d 00       		.byte	0
 1162 002e 0B       		.uleb128 0xb
 1163 002f 0B       		.uleb128 0xb
 1164 0030 3E       		.uleb128 0x3e
 1165 0031 0B       		.uleb128 0xb
 1166 0032 03       		.uleb128 0x3
 1167 0033 08       		.uleb128 0x8
 1168 0034 00       		.byte	0
 1169 0035 00       		.byte	0
 1170 0036 05       		.uleb128 0x5
 1171 0037 16       		.uleb128 0x16
 1172 0038 00       		.byte	0
 1173 0039 03       		.uleb128 0x3
 1174 003a 0E       		.uleb128 0xe
 1175 003b 3A       		.uleb128 0x3a
 1176 003c 0B       		.uleb128 0xb
 1177 003d 3B       		.uleb128 0x3b
 1178 003e 05       		.uleb128 0x5
 1179 003f 49       		.uleb128 0x49
 1180 0040 13       		.uleb128 0x13
 1181 0041 00       		.byte	0
 1182 0042 00       		.byte	0
 1183 0043 06       		.uleb128 0x6
 1184 0044 04       		.uleb128 0x4
 1185 0045 01       		.byte	0x1
 1186 0046 0B       		.uleb128 0xb
 1187 0047 0B       		.uleb128 0xb
 1188 0048 49       		.uleb128 0x49
 1189 0049 13       		.uleb128 0x13
 1190 004a 3A       		.uleb128 0x3a
 1191 004b 0B       		.uleb128 0xb
 1192 004c 3B       		.uleb128 0x3b
 1193 004d 0B       		.uleb128 0xb
 1194 004e 01       		.uleb128 0x1
 1195 004f 13       		.uleb128 0x13
 1196 0050 00       		.byte	0
 1197 0051 00       		.byte	0
 1198 0052 07       		.uleb128 0x7
ARM GAS  C:\Users\Lory\AppData\Local\Temp\ccy5Ogma.s 			page 26


 1199 0053 28       		.uleb128 0x28
 1200 0054 00       		.byte	0
 1201 0055 03       		.uleb128 0x3
 1202 0056 0E       		.uleb128 0xe
 1203 0057 1C       		.uleb128 0x1c
 1204 0058 0B       		.uleb128 0xb
 1205 0059 00       		.byte	0
 1206 005a 00       		.byte	0
 1207 005b 08       		.uleb128 0x8
 1208 005c 2E       		.uleb128 0x2e
 1209 005d 01       		.byte	0x1
 1210 005e 3F       		.uleb128 0x3f
 1211 005f 19       		.uleb128 0x19
 1212 0060 03       		.uleb128 0x3
 1213 0061 0E       		.uleb128 0xe
 1214 0062 3A       		.uleb128 0x3a
 1215 0063 0B       		.uleb128 0xb
 1216 0064 3B       		.uleb128 0x3b
 1217 0065 0B       		.uleb128 0xb
 1218 0066 27       		.uleb128 0x27
 1219 0067 19       		.uleb128 0x19
 1220 0068 49       		.uleb128 0x49
 1221 0069 13       		.uleb128 0x13
 1222 006a 8701     		.uleb128 0x87
 1223 006c 19       		.uleb128 0x19
 1224 006d 11       		.uleb128 0x11
 1225 006e 01       		.uleb128 0x1
 1226 006f 12       		.uleb128 0x12
 1227 0070 06       		.uleb128 0x6
 1228 0071 40       		.uleb128 0x40
 1229 0072 18       		.uleb128 0x18
 1230 0073 9742     		.uleb128 0x2117
 1231 0075 19       		.uleb128 0x19
 1232 0076 01       		.uleb128 0x1
 1233 0077 13       		.uleb128 0x13
 1234 0078 00       		.byte	0
 1235 0079 00       		.byte	0
 1236 007a 09       		.uleb128 0x9
 1237 007b 34       		.uleb128 0x34
 1238 007c 00       		.byte	0
 1239 007d 03       		.uleb128 0x3
 1240 007e 0E       		.uleb128 0xe
 1241 007f 3A       		.uleb128 0x3a
 1242 0080 0B       		.uleb128 0xb
 1243 0081 3B       		.uleb128 0x3b
 1244 0082 0B       		.uleb128 0xb
 1245 0083 49       		.uleb128 0x49
 1246 0084 13       		.uleb128 0x13
 1247 0085 02       		.uleb128 0x2
 1248 0086 18       		.uleb128 0x18
 1249 0087 00       		.byte	0
 1250 0088 00       		.byte	0
 1251 0089 0A       		.uleb128 0xa
 1252 008a 34       		.uleb128 0x34
 1253 008b 00       		.byte	0
 1254 008c 03       		.uleb128 0x3
 1255 008d 0E       		.uleb128 0xe
ARM GAS  C:\Users\Lory\AppData\Local\Temp\ccy5Ogma.s 			page 27


 1256 008e 3A       		.uleb128 0x3a
 1257 008f 0B       		.uleb128 0xb
 1258 0090 3B       		.uleb128 0x3b
 1259 0091 0B       		.uleb128 0xb
 1260 0092 49       		.uleb128 0x49
 1261 0093 13       		.uleb128 0x13
 1262 0094 02       		.uleb128 0x2
 1263 0095 17       		.uleb128 0x17
 1264 0096 00       		.byte	0
 1265 0097 00       		.byte	0
 1266 0098 0B       		.uleb128 0xb
 1267 0099 0B       		.uleb128 0xb
 1268 009a 01       		.byte	0x1
 1269 009b 11       		.uleb128 0x11
 1270 009c 01       		.uleb128 0x1
 1271 009d 12       		.uleb128 0x12
 1272 009e 06       		.uleb128 0x6
 1273 009f 01       		.uleb128 0x1
 1274 00a0 13       		.uleb128 0x13
 1275 00a1 00       		.byte	0
 1276 00a2 00       		.byte	0
 1277 00a3 0C       		.uleb128 0xc
 1278 00a4 34       		.uleb128 0x34
 1279 00a5 00       		.byte	0
 1280 00a6 03       		.uleb128 0x3
 1281 00a7 08       		.uleb128 0x8
 1282 00a8 3A       		.uleb128 0x3a
 1283 00a9 0B       		.uleb128 0xb
 1284 00aa 3B       		.uleb128 0x3b
 1285 00ab 0B       		.uleb128 0xb
 1286 00ac 49       		.uleb128 0x49
 1287 00ad 13       		.uleb128 0x13
 1288 00ae 02       		.uleb128 0x2
 1289 00af 17       		.uleb128 0x17
 1290 00b0 00       		.byte	0
 1291 00b1 00       		.byte	0
 1292 00b2 0D       		.uleb128 0xd
 1293 00b3 898201   		.uleb128 0x4109
 1294 00b6 01       		.byte	0x1
 1295 00b7 11       		.uleb128 0x11
 1296 00b8 01       		.uleb128 0x1
 1297 00b9 31       		.uleb128 0x31
 1298 00ba 13       		.uleb128 0x13
 1299 00bb 01       		.uleb128 0x1
 1300 00bc 13       		.uleb128 0x13
 1301 00bd 00       		.byte	0
 1302 00be 00       		.byte	0
 1303 00bf 0E       		.uleb128 0xe
 1304 00c0 8A8201   		.uleb128 0x410a
 1305 00c3 00       		.byte	0
 1306 00c4 02       		.uleb128 0x2
 1307 00c5 18       		.uleb128 0x18
 1308 00c6 9142     		.uleb128 0x2111
 1309 00c8 18       		.uleb128 0x18
 1310 00c9 00       		.byte	0
 1311 00ca 00       		.byte	0
 1312 00cb 0F       		.uleb128 0xf
ARM GAS  C:\Users\Lory\AppData\Local\Temp\ccy5Ogma.s 			page 28


 1313 00cc 898201   		.uleb128 0x4109
 1314 00cf 01       		.byte	0x1
 1315 00d0 11       		.uleb128 0x11
 1316 00d1 01       		.uleb128 0x1
 1317 00d2 31       		.uleb128 0x31
 1318 00d3 13       		.uleb128 0x13
 1319 00d4 00       		.byte	0
 1320 00d5 00       		.byte	0
 1321 00d6 10       		.uleb128 0x10
 1322 00d7 898201   		.uleb128 0x4109
 1323 00da 00       		.byte	0
 1324 00db 11       		.uleb128 0x11
 1325 00dc 01       		.uleb128 0x1
 1326 00dd 31       		.uleb128 0x31
 1327 00de 13       		.uleb128 0x13
 1328 00df 00       		.byte	0
 1329 00e0 00       		.byte	0
 1330 00e1 11       		.uleb128 0x11
 1331 00e2 01       		.uleb128 0x1
 1332 00e3 01       		.byte	0x1
 1333 00e4 49       		.uleb128 0x49
 1334 00e5 13       		.uleb128 0x13
 1335 00e6 01       		.uleb128 0x1
 1336 00e7 13       		.uleb128 0x13
 1337 00e8 00       		.byte	0
 1338 00e9 00       		.byte	0
 1339 00ea 12       		.uleb128 0x12
 1340 00eb 21       		.uleb128 0x21
 1341 00ec 00       		.byte	0
 1342 00ed 49       		.uleb128 0x49
 1343 00ee 13       		.uleb128 0x13
 1344 00ef 2F       		.uleb128 0x2f
 1345 00f0 0B       		.uleb128 0xb
 1346 00f1 00       		.byte	0
 1347 00f2 00       		.byte	0
 1348 00f3 13       		.uleb128 0x13
 1349 00f4 34       		.uleb128 0x34
 1350 00f5 00       		.byte	0
 1351 00f6 03       		.uleb128 0x3
 1352 00f7 0E       		.uleb128 0xe
 1353 00f8 3A       		.uleb128 0x3a
 1354 00f9 0B       		.uleb128 0xb
 1355 00fa 3B       		.uleb128 0x3b
 1356 00fb 05       		.uleb128 0x5
 1357 00fc 49       		.uleb128 0x49
 1358 00fd 13       		.uleb128 0x13
 1359 00fe 3F       		.uleb128 0x3f
 1360 00ff 19       		.uleb128 0x19
 1361 0100 3C       		.uleb128 0x3c
 1362 0101 19       		.uleb128 0x19
 1363 0102 00       		.byte	0
 1364 0103 00       		.byte	0
 1365 0104 14       		.uleb128 0x14
 1366 0105 35       		.uleb128 0x35
 1367 0106 00       		.byte	0
 1368 0107 49       		.uleb128 0x49
 1369 0108 13       		.uleb128 0x13
ARM GAS  C:\Users\Lory\AppData\Local\Temp\ccy5Ogma.s 			page 29


 1370 0109 00       		.byte	0
 1371 010a 00       		.byte	0
 1372 010b 15       		.uleb128 0x15
 1373 010c 34       		.uleb128 0x34
 1374 010d 00       		.byte	0
 1375 010e 03       		.uleb128 0x3
 1376 010f 0E       		.uleb128 0xe
 1377 0110 3A       		.uleb128 0x3a
 1378 0111 0B       		.uleb128 0xb
 1379 0112 3B       		.uleb128 0x3b
 1380 0113 0B       		.uleb128 0xb
 1381 0114 49       		.uleb128 0x49
 1382 0115 13       		.uleb128 0x13
 1383 0116 3F       		.uleb128 0x3f
 1384 0117 19       		.uleb128 0x19
 1385 0118 02       		.uleb128 0x2
 1386 0119 18       		.uleb128 0x18
 1387 011a 00       		.byte	0
 1388 011b 00       		.byte	0
 1389 011c 16       		.uleb128 0x16
 1390 011d 2E       		.uleb128 0x2e
 1391 011e 00       		.byte	0
 1392 011f 3F       		.uleb128 0x3f
 1393 0120 19       		.uleb128 0x19
 1394 0121 3C       		.uleb128 0x3c
 1395 0122 19       		.uleb128 0x19
 1396 0123 6E       		.uleb128 0x6e
 1397 0124 0E       		.uleb128 0xe
 1398 0125 03       		.uleb128 0x3
 1399 0126 0E       		.uleb128 0xe
 1400 0127 3A       		.uleb128 0x3a
 1401 0128 0B       		.uleb128 0xb
 1402 0129 3B       		.uleb128 0x3b
 1403 012a 0B       		.uleb128 0xb
 1404 012b 00       		.byte	0
 1405 012c 00       		.byte	0
 1406 012d 00       		.byte	0
 1407              		.section	.debug_loc,"",%progbits
 1408              	.Ldebug_loc0:
 1409              	.LLST0:
 1410 0000 42000000 		.4byte	.LVL8
 1411 0004 4C000000 		.4byte	.LVL9
 1412 0008 0100     		.2byte	0x1
 1413 000a 50       		.byte	0x50
 1414 000b 58000000 		.4byte	.LVL12
 1415 000f 5A000000 		.4byte	.LVL13
 1416 0013 0100     		.2byte	0x1
 1417 0015 50       		.byte	0x50
 1418 0016 6A000000 		.4byte	.LVL15
 1419 001a 74000000 		.4byte	.LVL16
 1420 001e 0100     		.2byte	0x1
 1421 0020 50       		.byte	0x50
 1422 0021 80000000 		.4byte	.LVL19
 1423 0025 82000000 		.4byte	.LVL20
 1424 0029 0100     		.2byte	0x1
 1425 002b 50       		.byte	0x50
 1426 002c 92000000 		.4byte	.LVL22
ARM GAS  C:\Users\Lory\AppData\Local\Temp\ccy5Ogma.s 			page 30


 1427 0030 9C000000 		.4byte	.LVL23
 1428 0034 0100     		.2byte	0x1
 1429 0036 50       		.byte	0x50
 1430 0037 A8000000 		.4byte	.LVL26
 1431 003b AA000000 		.4byte	.LVL27
 1432 003f 0100     		.2byte	0x1
 1433 0041 50       		.byte	0x50
 1434 0042 CA000000 		.4byte	.LVL30
 1435 0046 D4000000 		.4byte	.LVL31
 1436 004a 0100     		.2byte	0x1
 1437 004c 50       		.byte	0x50
 1438 004d E0000000 		.4byte	.LVL34
 1439 0051 E2000000 		.4byte	.LVL35
 1440 0055 0100     		.2byte	0x1
 1441 0057 50       		.byte	0x50
 1442 0058 F0000000 		.4byte	.LVL37
 1443 005c FA000000 		.4byte	.LVL38
 1444 0060 0100     		.2byte	0x1
 1445 0062 50       		.byte	0x50
 1446 0063 06010000 		.4byte	.LVL41
 1447 0067 08010000 		.4byte	.LVL42
 1448 006b 0100     		.2byte	0x1
 1449 006d 50       		.byte	0x50
 1450 006e 22010000 		.4byte	.LVL45
 1451 0072 2C010000 		.4byte	.LVL46
 1452 0076 0100     		.2byte	0x1
 1453 0078 50       		.byte	0x50
 1454 0079 38010000 		.4byte	.LVL49
 1455 007d 3A010000 		.4byte	.LVL50
 1456 0081 0100     		.2byte	0x1
 1457 0083 50       		.byte	0x50
 1458 0084 00000000 		.4byte	0
 1459 0088 00000000 		.4byte	0
 1460              	.LLST1:
 1461 008c 14000000 		.4byte	.LVL2
 1462 0090 18000000 		.4byte	.LVL3
 1463 0094 0200     		.2byte	0x2
 1464 0096 30       		.byte	0x30
 1465 0097 9F       		.byte	0x9f
 1466 0098 18000000 		.4byte	.LVL3
 1467 009c 88010000 		.4byte	.LFE64
 1468 00a0 0100     		.2byte	0x1
 1469 00a2 54       		.byte	0x54
 1470 00a3 00000000 		.4byte	0
 1471 00a7 00000000 		.4byte	0
 1472              		.section	.debug_aranges,"",%progbits
 1473 0000 1C000000 		.4byte	0x1c
 1474 0004 0200     		.2byte	0x2
 1475 0006 00000000 		.4byte	.Ldebug_info0
 1476 000a 04       		.byte	0x4
 1477 000b 00       		.byte	0
 1478 000c 0000     		.2byte	0
 1479 000e 0000     		.2byte	0
 1480 0010 00000000 		.4byte	.LFB64
 1481 0014 88010000 		.4byte	.LFE64-.LFB64
 1482 0018 00000000 		.4byte	0
 1483 001c 00000000 		.4byte	0
ARM GAS  C:\Users\Lory\AppData\Local\Temp\ccy5Ogma.s 			page 31


 1484              		.section	.debug_ranges,"",%progbits
 1485              	.Ldebug_ranges0:
 1486 0000 00000000 		.4byte	.LFB64
 1487 0004 88010000 		.4byte	.LFE64
 1488 0008 00000000 		.4byte	0
 1489 000c 00000000 		.4byte	0
 1490              		.section	.debug_line,"",%progbits
 1491              	.Ldebug_line0:
 1492 0000 87020000 		.section	.debug_str,"MS",%progbits,1
 1492      02003002 
 1492      00000201 
 1492      FB0E0D00 
 1492      01010101 
 1493              	.LASF22:
 1494 0000 6D657373 		.ascii	"message\000"
 1494      61676500 
 1495              	.LASF4:
 1496 0008 5F5F7569 		.ascii	"__uint8_t\000"
 1496      6E74385F 
 1496      7400
 1497              	.LASF31:
 1498 0012 73746174 		.ascii	"statusReg\000"
 1498      75735265 
 1498      6700
 1499              	.LASF32:
 1500 001c 4932435F 		.ascii	"I2C_Peripheral_IsDeviceConnected\000"
 1500      50657269 
 1500      70686572 
 1500      616C5F49 
 1500      73446576 
 1501              	.LASF5:
 1502 003d 5F5F696E 		.ascii	"__int32_t\000"
 1502      7433325F 
 1502      7400
 1503              	.LASF6:
 1504 0047 6C6F6E67 		.ascii	"long int\000"
 1504      20696E74 
 1504      00
 1505              	.LASF21:
 1506 0050 4572726F 		.ascii	"ErrorCode\000"
 1506      72436F64 
 1506      6500
 1507              	.LASF17:
 1508 005a 666C6F61 		.ascii	"float\000"
 1508      7400
 1509              	.LASF40:
 1510 0060 4953525F 		.ascii	"ISR_Timer_Start\000"
 1510      54696D65 
 1510      725F5374 
 1510      61727400 
 1511              	.LASF44:
 1512 0070 433A5C55 		.ascii	"C:\\Users\\Lory\\Desktop\\psoc_assignment_git\\PSoC"
 1512      73657273 
 1512      5C4C6F72 
 1512      795C4465 
 1512      736B746F 
 1513 009e 5F355F41 		.ascii	"_5_Assignment\\AY1920_II_HW_05_GUALNIERA_LORENZO\\A"
ARM GAS  C:\Users\Lory\AppData\Local\Temp\ccy5Ogma.s 			page 32


 1513      73736967 
 1513      6E6D656E 
 1513      745C4159 
 1513      31393230 
 1514 00cf 59313932 		.ascii	"Y1920_II_HW_05_PROJ_3.cydsn\000"
 1514      305F4949 
 1514      5F48575F 
 1514      30355F50 
 1514      524F4A5F 
 1515              	.LASF1:
 1516 00eb 756E7369 		.ascii	"unsigned char\000"
 1516      676E6564 
 1516      20636861 
 1516      7200
 1517              	.LASF42:
 1518 00f9 474E5520 		.ascii	"GNU C11 5.4.1 20160609 (release) [ARM/embedded-5-br"
 1518      43313120 
 1518      352E342E 
 1518      31203230 
 1518      31363036 
 1519 012c 616E6368 		.ascii	"anch revision 237715] -mcpu=cortex-m3 -mthumb -g -O"
 1519      20726576 
 1519      6973696F 
 1519      6E203233 
 1519      37373135 
 1520 015f 67202D66 		.ascii	"g -ffunction-sections -ffat-lto-objects\000"
 1520      66756E63 
 1520      74696F6E 
 1520      2D736563 
 1520      74696F6E 
 1521              	.LASF7:
 1522 0187 6C6F6E67 		.ascii	"long unsigned int\000"
 1522      20756E73 
 1522      69676E65 
 1522      6420696E 
 1522      7400
 1523              	.LASF3:
 1524 0199 73686F72 		.ascii	"short unsigned int\000"
 1524      7420756E 
 1524      7369676E 
 1524      65642069 
 1524      6E7400
 1525              	.LASF30:
 1526 01ac 74656D70 		.ascii	"tempBuffer\000"
 1526      42756666 
 1526      657200
 1527              	.LASF39:
 1528 01b7 4932435F 		.ascii	"I2C_Peripheral_WriteRegister\000"
 1528      50657269 
 1528      70686572 
 1528      616C5F57 
 1528      72697465 
 1529              	.LASF28:
 1530 01d4 49544D5F 		.ascii	"ITM_RxBuffer\000"
 1530      52784275 
 1530      66666572 
 1530      00
ARM GAS  C:\Users\Lory\AppData\Local\Temp\ccy5Ogma.s 			page 33


 1531              	.LASF18:
 1532 01e1 646F7562 		.ascii	"double\000"
 1532      6C6500
 1533              	.LASF34:
 1534 01e8 55415254 		.ascii	"UART_Debug_PutString\000"
 1534      5F446562 
 1534      75675F50 
 1534      75745374 
 1534      72696E67 
 1535              	.LASF29:
 1536 01fd 64617461 		.ascii	"dataBuffer\000"
 1536      42756666 
 1536      657200
 1537              	.LASF45:
 1538 0208 6D61696E 		.ascii	"main\000"
 1538      00
 1539              	.LASF26:
 1540 020d 6374726C 		.ascii	"ctrl_reg1\000"
 1540      5F726567 
 1540      3100
 1541              	.LASF27:
 1542 0217 6374726C 		.ascii	"ctrl_reg4\000"
 1542      5F726567 
 1542      3400
 1543              	.LASF10:
 1544 0221 756E7369 		.ascii	"unsigned int\000"
 1544      676E6564 
 1544      20696E74 
 1544      00
 1545              	.LASF9:
 1546 022e 6C6F6E67 		.ascii	"long long unsigned int\000"
 1546      206C6F6E 
 1546      6720756E 
 1546      7369676E 
 1546      65642069 
 1547              	.LASF14:
 1548 0245 75696E74 		.ascii	"uint8_t\000"
 1548      385F7400 
 1549              	.LASF33:
 1550 024d 73707269 		.ascii	"sprintf\000"
 1550      6E746600 
 1551              	.LASF25:
 1552 0255 73746174 		.ascii	"status_register\000"
 1552      75735F72 
 1552      65676973 
 1552      74657200 
 1553              	.LASF15:
 1554 0265 696E7433 		.ascii	"int32_t\000"
 1554      325F7400 
 1555              	.LASF12:
 1556 026d 73697A65 		.ascii	"sizetype\000"
 1556      74797065 
 1556      00
 1557              	.LASF24:
 1558 0276 6572726F 		.ascii	"error\000"
 1558      7200
 1559              	.LASF8:
ARM GAS  C:\Users\Lory\AppData\Local\Temp\ccy5Ogma.s 			page 34


 1560 027c 6C6F6E67 		.ascii	"long long int\000"
 1560      206C6F6E 
 1560      6720696E 
 1560      7400
 1561              	.LASF36:
 1562 028a 55415254 		.ascii	"UART_Debug_Start\000"
 1562      5F446562 
 1562      75675F53 
 1562      74617274 
 1562      00
 1563              	.LASF43:
 1564 029b 6D61696E 		.ascii	"main.c\000"
 1564      2E6300
 1565              	.LASF13:
 1566 02a2 63686172 		.ascii	"char\000"
 1566      00
 1567              	.LASF38:
 1568 02a7 4932435F 		.ascii	"I2C_Peripheral_ReadRegister\000"
 1568      50657269 
 1568      70686572 
 1568      616C5F52 
 1568      65616452 
 1569              	.LASF2:
 1570 02c3 73686F72 		.ascii	"short int\000"
 1570      7420696E 
 1570      7400
 1571              	.LASF16:
 1572 02cd 75696E74 		.ascii	"uint8\000"
 1572      3800
 1573              	.LASF19:
 1574 02d3 4E4F5F45 		.ascii	"NO_ERROR\000"
 1574      52524F52 
 1574      00
 1575              	.LASF20:
 1576 02dc 4552524F 		.ascii	"ERROR\000"
 1576      5200
 1577              	.LASF11:
 1578 02e2 6C6F6E67 		.ascii	"long double\000"
 1578      20646F75 
 1578      626C6500 
 1579              	.LASF0:
 1580 02ee 7369676E 		.ascii	"signed char\000"
 1580      65642063 
 1580      68617200 
 1581              	.LASF23:
 1582 02fa 77686F5F 		.ascii	"who_am_i_reg\000"
 1582      616D5F69 
 1582      5F726567 
 1582      00
 1583              	.LASF41:
 1584 0307 4953525F 		.ascii	"ISR_Acc_StartEx\000"
 1584      4163635F 
 1584      53746172 
 1584      74457800 
 1585              	.LASF37:
 1586 0317 43794465 		.ascii	"CyDelay\000"
 1586      6C617900 
ARM GAS  C:\Users\Lory\AppData\Local\Temp\ccy5Ogma.s 			page 35


 1587              	.LASF35:
 1588 031f 4932435F 		.ascii	"I2C_Peripheral_Start\000"
 1588      50657269 
 1588      70686572 
 1588      616C5F53 
 1588      74617274 
 1589              		.ident	"GCC: (GNU Tools for ARM Embedded Processors) 5.4.1 20160609 (release) [ARM/embedded-5-bran
